running egg_info
creating ../../build/weeding_robot/weeding_robot.egg-info
writing ../../build/weeding_robot/weeding_robot.egg-info/PKG-INFO
writing dependency_links to ../../build/weeding_robot/weeding_robot.egg-info/dependency_links.txt
writing entry points to ../../build/weeding_robot/weeding_robot.egg-info/entry_points.txt
writing requirements to ../../build/weeding_robot/weeding_robot.egg-info/requires.txt
writing top-level names to ../../build/weeding_robot/weeding_robot.egg-info/top_level.txt
writing manifest file '../../build/weeding_robot/weeding_robot.egg-info/SOURCES.txt'
reading manifest file '../../build/weeding_robot/weeding_robot.egg-info/SOURCES.txt'
writing manifest file '../../build/weeding_robot/weeding_robot.egg-info/SOURCES.txt'
running build
running build_py
creating /home/ubuntu/ros2_ws/build/weeding_robot/build
creating /home/ubuntu/ros2_ws/build/weeding_robot/build/lib
creating /home/ubuntu/ros2_ws/build/weeding_robot/build/lib/weeding_robot
copying weeding_robot/sensor.py -> /home/ubuntu/ros2_ws/build/weeding_robot/build/lib/weeding_robot
copying weeding_robot/__init__.py -> /home/ubuntu/ros2_ws/build/weeding_robot/build/lib/weeding_robot
running install
running install_lib
creating /home/ubuntu/ros2_ws/install/weeding_robot/lib/python3.8/site-packages/weeding_robot
copying /home/ubuntu/ros2_ws/build/weeding_robot/build/lib/weeding_robot/sensor.py -> /home/ubuntu/ros2_ws/install/weeding_robot/lib/python3.8/site-packages/weeding_robot
copying /home/ubuntu/ros2_ws/build/weeding_robot/build/lib/weeding_robot/__init__.py -> /home/ubuntu/ros2_ws/install/weeding_robot/lib/python3.8/site-packages/weeding_robot
byte-compiling /home/ubuntu/ros2_ws/install/weeding_robot/lib/python3.8/site-packages/weeding_robot/sensor.py to sensor.cpython-38.pyc
byte-compiling /home/ubuntu/ros2_ws/install/weeding_robot/lib/python3.8/site-packages/weeding_robot/__init__.py to __init__.cpython-38.pyc
running install_data
creating /home/ubuntu/ros2_ws/install/weeding_robot/share/ament_index
creating /home/ubuntu/ros2_ws/install/weeding_robot/share/ament_index/resource_index
creating /home/ubuntu/ros2_ws/install/weeding_robot/share/ament_index/resource_index/packages
copying resource/weeding_robot -> /home/ubuntu/ros2_ws/install/weeding_robot/share/ament_index/resource_index/packages
copying package.xml -> /home/ubuntu/ros2_ws/install/weeding_robot/share/weeding_robot
running install_egg_info
Copying ../../build/weeding_robot/weeding_robot.egg-info to /home/ubuntu/ros2_ws/install/weeding_robot/lib/python3.8/site-packages/weeding_robot-0.0.0-py3.8.egg-info
running install_scripts
Installing sensor script to /home/ubuntu/ros2_ws/install/weeding_robot/lib/weeding_robot
writing list of installed files to '/home/ubuntu/ros2_ws/build/weeding_robot/install.log'
