[2.943s] DEBUG:colcon:Command line arguments: ['/usr/bin/colcon', 'build', '--packages-select', 'py_pubsub']
[2.943s] DEBUG:colcon:Parsed command line arguments: Namespace(allow_overriding=[], ament_cmake_args=None, base_paths=['.'], build_base='build', catkin_cmake_args=None, catkin_skip_building_tests=False, cmake_args=None, cmake_clean_cache=False, cmake_clean_first=False, cmake_force_configure=False, cmake_target=None, cmake_target_skip_unavailable=False, continue_on_error=False, event_handlers=None, executor='parallel', ignore_user_meta=False, install_base='install', log_base=None, log_level=None, main=<bound method BuildVerb.main of <colcon_core.verb.build.BuildVerb object at 0xffff9e715700>>, merge_install=False, metas=['./colcon.meta'], packages_above=None, packages_above_and_dependencies=None, packages_above_depth=None, packages_end=None, packages_ignore=None, packages_ignore_regex=None, packages_select=['py_pubsub'], packages_select_build_failed=False, packages_select_by_dep=None, packages_select_regex=None, packages_select_test_failures=False, packages_skip=None, packages_skip_build_finished=False, packages_skip_by_dep=None, packages_skip_regex=None, packages_skip_test_passed=False, packages_skip_up_to=None, packages_start=None, packages_up_to=None, packages_up_to_regex=None, parallel_workers=4, paths=None, symlink_install=False, test_result_base=None, verb_extension=<colcon_core.verb.build.BuildVerb object at 0xffff9e715700>, verb_name='build', verb_parser=<colcon_defaults.argument_parser.defaults.DefaultArgumentsDecorator object at 0xffff9e715c70>)
[3.302s] Level 1:colcon.colcon_core.package_discovery:discover_packages(colcon_meta) check parameters
[3.302s] Level 1:colcon.colcon_core.package_discovery:discover_packages(recursive) check parameters
[3.303s] Level 1:colcon.colcon_core.package_discovery:discover_packages(ignore) check parameters
[3.303s] Level 1:colcon.colcon_core.package_discovery:discover_packages(path) check parameters
[3.303s] Level 1:colcon.colcon_core.package_discovery:discover_packages(colcon_meta) discover
[3.303s] Level 1:colcon.colcon_core.package_discovery:discover_packages(recursive) discover
[3.303s] INFO:colcon.colcon_core.package_discovery:Crawling recursively for packages in '/home/ubuntu/ros2_ws'
[3.304s] Level 1:colcon.colcon_core.package_identification:_identify(.) by extensions ['ignore', 'ignore_ament_install']
[3.304s] Level 1:colcon.colcon_core.package_identification:_identify(.) by extension 'ignore'
[3.304s] Level 1:colcon.colcon_core.package_identification:_identify(.) by extension 'ignore_ament_install'
[3.304s] Level 1:colcon.colcon_core.package_identification:_identify(.) by extensions ['colcon_pkg']
[3.305s] Level 1:colcon.colcon_core.package_identification:_identify(.) by extension 'colcon_pkg'
[3.305s] Level 1:colcon.colcon_core.package_identification:_identify(.) by extensions ['colcon_meta']
[3.305s] Level 1:colcon.colcon_core.package_identification:_identify(.) by extension 'colcon_meta'
[3.305s] Level 1:colcon.colcon_core.package_identification:_identify(.) by extensions ['ros']
[3.305s] Level 1:colcon.colcon_core.package_identification:_identify(.) by extension 'ros'
[3.385s] Level 1:colcon.colcon_core.package_identification:_identify(.) by extensions ['cmake', 'python']
[3.385s] Level 1:colcon.colcon_core.package_identification:_identify(.) by extension 'cmake'
[3.385s] Level 1:colcon.colcon_core.package_identification:_identify(.) by extension 'python'
[3.385s] Level 1:colcon.colcon_core.package_identification:_identify(.) by extensions ['python_setup_py']
[3.386s] Level 1:colcon.colcon_core.package_identification:_identify(.) by extension 'python_setup_py'
[3.386s] Level 1:colcon.colcon_core.package_identification:_identify(build) by extensions ['ignore', 'ignore_ament_install']
[3.386s] Level 1:colcon.colcon_core.package_identification:_identify(build) by extension 'ignore'
[3.387s] Level 1:colcon.colcon_core.package_identification:_identify(build) ignored
[3.387s] Level 1:colcon.colcon_core.package_identification:_identify(install) by extensions ['ignore', 'ignore_ament_install']
[3.387s] Level 1:colcon.colcon_core.package_identification:_identify(install) by extension 'ignore'
[3.388s] Level 1:colcon.colcon_core.package_identification:_identify(install) ignored
[3.388s] Level 1:colcon.colcon_core.package_identification:_identify(log) by extensions ['ignore', 'ignore_ament_install']
[3.388s] Level 1:colcon.colcon_core.package_identification:_identify(log) by extension 'ignore'
[3.388s] Level 1:colcon.colcon_core.package_identification:_identify(log) ignored
[3.390s] Level 1:colcon.colcon_core.package_identification:_identify(src) by extensions ['ignore', 'ignore_ament_install']
[3.390s] Level 1:colcon.colcon_core.package_identification:_identify(src) by extension 'ignore'
[3.390s] Level 1:colcon.colcon_core.package_identification:_identify(src) by extension 'ignore_ament_install'
[3.390s] Level 1:colcon.colcon_core.package_identification:_identify(src) by extensions ['colcon_pkg']
[3.391s] Level 1:colcon.colcon_core.package_identification:_identify(src) by extension 'colcon_pkg'
[3.391s] Level 1:colcon.colcon_core.package_identification:_identify(src) by extensions ['colcon_meta']
[3.391s] Level 1:colcon.colcon_core.package_identification:_identify(src) by extension 'colcon_meta'
[3.391s] Level 1:colcon.colcon_core.package_identification:_identify(src) by extensions ['ros']
[3.391s] Level 1:colcon.colcon_core.package_identification:_identify(src) by extension 'ros'
[3.391s] Level 1:colcon.colcon_core.package_identification:_identify(src) by extensions ['cmake', 'python']
[3.392s] Level 1:colcon.colcon_core.package_identification:_identify(src) by extension 'cmake'
[3.392s] Level 1:colcon.colcon_core.package_identification:_identify(src) by extension 'python'
[3.392s] Level 1:colcon.colcon_core.package_identification:_identify(src) by extensions ['python_setup_py']
[3.392s] Level 1:colcon.colcon_core.package_identification:_identify(src) by extension 'python_setup_py'
[3.393s] Level 1:colcon.colcon_core.package_identification:_identify(src/py_pubsub) by extensions ['ignore', 'ignore_ament_install']
[3.393s] Level 1:colcon.colcon_core.package_identification:_identify(src/py_pubsub) by extension 'ignore'
[3.394s] Level 1:colcon.colcon_core.package_identification:_identify(src/py_pubsub) by extension 'ignore_ament_install'
[3.394s] Level 1:colcon.colcon_core.package_identification:_identify(src/py_pubsub) by extensions ['colcon_pkg']
[3.394s] Level 1:colcon.colcon_core.package_identification:_identify(src/py_pubsub) by extension 'colcon_pkg'
[3.394s] Level 1:colcon.colcon_core.package_identification:_identify(src/py_pubsub) by extensions ['colcon_meta']
[3.394s] Level 1:colcon.colcon_core.package_identification:_identify(src/py_pubsub) by extension 'colcon_meta'
[3.394s] Level 1:colcon.colcon_core.package_identification:_identify(src/py_pubsub) by extensions ['ros']
[3.394s] Level 1:colcon.colcon_core.package_identification:_identify(src/py_pubsub) by extension 'ros'
[3.411s] DEBUG:colcon.colcon_core.package_identification:Package 'src/py_pubsub' with type 'ros.ament_python' and name 'py_pubsub'
[3.412s] Level 1:colcon.colcon_core.package_discovery:discover_packages(recursive) using defaults
[3.412s] Level 1:colcon.colcon_core.package_discovery:discover_packages(ignore) discover
[3.412s] Level 1:colcon.colcon_core.package_discovery:discover_packages(ignore) using defaults
[3.412s] Level 1:colcon.colcon_core.package_discovery:discover_packages(path) discover
[3.412s] Level 1:colcon.colcon_core.package_discovery:discover_packages(path) using defaults
[3.666s] Level 1:colcon.colcon_core.package_discovery:discover_packages(prefix_path) check parameters
[3.666s] Level 1:colcon.colcon_core.package_discovery:discover_packages(prefix_path) discover
[3.804s] DEBUG:colcon.colcon_installed_package_information.package_discovery:Found 311 installed packages in /home/ubuntu/ros2_foxy/install
[3.812s] Level 1:colcon.colcon_core.package_discovery:discover_packages(prefix_path) using defaults
[5.228s] Level 5:colcon.colcon_core.verb:set package 'py_pubsub' build argument 'cmake_args' from command line to 'None'
[5.228s] Level 5:colcon.colcon_core.verb:set package 'py_pubsub' build argument 'cmake_target' from command line to 'None'
[5.228s] Level 5:colcon.colcon_core.verb:set package 'py_pubsub' build argument 'cmake_target_skip_unavailable' from command line to 'False'
[5.228s] Level 5:colcon.colcon_core.verb:set package 'py_pubsub' build argument 'cmake_clean_cache' from command line to 'False'
[5.228s] Level 5:colcon.colcon_core.verb:set package 'py_pubsub' build argument 'cmake_clean_first' from command line to 'False'
[5.228s] Level 5:colcon.colcon_core.verb:set package 'py_pubsub' build argument 'cmake_force_configure' from command line to 'False'
[5.228s] Level 5:colcon.colcon_core.verb:set package 'py_pubsub' build argument 'ament_cmake_args' from command line to 'None'
[5.228s] Level 5:colcon.colcon_core.verb:set package 'py_pubsub' build argument 'catkin_cmake_args' from command line to 'None'
[5.229s] Level 5:colcon.colcon_core.verb:set package 'py_pubsub' build argument 'catkin_skip_building_tests' from command line to 'False'
[5.229s] DEBUG:colcon.colcon_core.verb:Building package 'py_pubsub' with the following arguments: {'ament_cmake_args': None, 'build_base': '/home/ubuntu/ros2_ws/build/py_pubsub', 'catkin_cmake_args': None, 'catkin_skip_building_tests': False, 'cmake_args': None, 'cmake_clean_cache': False, 'cmake_clean_first': False, 'cmake_force_configure': False, 'cmake_target': None, 'cmake_target_skip_unavailable': False, 'install_base': '/home/ubuntu/ros2_ws/install/py_pubsub', 'merge_install': False, 'path': '/home/ubuntu/ros2_ws/src/py_pubsub', 'symlink_install': False, 'test_result_base': None}
[5.236s] INFO:colcon.colcon_core.executor:Executing jobs using 'parallel' executor
[5.272s] DEBUG:colcon.colcon_parallel_executor.executor.parallel:run_until_complete
[5.273s] INFO:colcon.colcon_ros.task.ament_python.build:Building ROS package in '/home/ubuntu/ros2_ws/src/py_pubsub' with build type 'ament_python'
[5.274s] Level 1:colcon.colcon_core.shell:create_environment_hook('py_pubsub', 'ament_prefix_path')
[5.339s] INFO:colcon.colcon_core.plugin_system:Skipping extension 'colcon_core.shell.bat': Not used on non-Windows systems
[5.339s] INFO:colcon.colcon_core.shell:Creating environment hook '/home/ubuntu/ros2_ws/install/py_pubsub/share/py_pubsub/hook/ament_prefix_path.ps1'
[5.345s] INFO:colcon.colcon_core.shell:Creating environment descriptor '/home/ubuntu/ros2_ws/install/py_pubsub/share/py_pubsub/hook/ament_prefix_path.dsv'
[5.351s] INFO:colcon.colcon_core.shell:Creating environment hook '/home/ubuntu/ros2_ws/install/py_pubsub/share/py_pubsub/hook/ament_prefix_path.sh'
[5.376s] INFO:colcon.colcon_core.shell:Skip shell extension 'powershell' for command environment: Not usable outside of PowerShell
[5.376s] DEBUG:colcon.colcon_core.shell:Skip shell extension 'dsv' for command environment
[9.359s] INFO:colcon.colcon_core.task.python.build:Building Python package in '/home/ubuntu/ros2_ws/src/py_pubsub'
[9.379s] INFO:colcon.colcon_core.shell:Skip shell extension 'powershell' for command environment: Not usable outside of PowerShell
[9.380s] DEBUG:colcon.colcon_core.shell:Skip shell extension 'dsv' for command environment
[14.617s] DEBUG:colcon.colcon_core.event_handler.log_command:Invoking command in '/home/ubuntu/ros2_ws/src/py_pubsub': PYTHONPATH=/home/ubuntu/ros2_ws/build/py_pubsub/prefix_override:/home/ubuntu/ros2_ws/install/py_pubsub/lib/python3.8/site-packages:${PYTHONPATH} /usr/bin/python3 setup.py egg_info --egg-base ../../build/py_pubsub build --build-base /home/ubuntu/ros2_ws/build/py_pubsub/build install --record /home/ubuntu/ros2_ws/build/py_pubsub/install.log --install-scripts $base/lib/py_pubsub --single-version-externally-managed
[18.889s] DEBUG:colcon.colcon_core.event_handler.log_command:Invoked command in '/home/ubuntu/ros2_ws/src/py_pubsub' returned '0': PYTHONPATH=/home/ubuntu/ros2_ws/build/py_pubsub/prefix_override:/home/ubuntu/ros2_ws/install/py_pubsub/lib/python3.8/site-packages:${PYTHONPATH} /usr/bin/python3 setup.py egg_info --egg-base ../../build/py_pubsub build --build-base /home/ubuntu/ros2_ws/build/py_pubsub/build install --record /home/ubuntu/ros2_ws/build/py_pubsub/install.log --install-scripts $base/lib/py_pubsub --single-version-externally-managed
[18.972s] Level 1:colcon.colcon_core.environment:checking '/home/ubuntu/ros2_ws/install/py_pubsub' for CMake module files
[18.975s] Level 1:colcon.colcon_core.environment:checking '/home/ubuntu/ros2_ws/install/py_pubsub' for CMake config files
[18.980s] Level 1:colcon.colcon_core.environment:checking '/home/ubuntu/ros2_ws/install/py_pubsub/lib'
[18.981s] Level 1:colcon.colcon_core.environment:checking '/home/ubuntu/ros2_ws/install/py_pubsub/bin'
[18.981s] Level 1:colcon.colcon_core.environment:checking '/home/ubuntu/ros2_ws/install/py_pubsub/lib/pkgconfig/py_pubsub.pc'
[18.982s] Level 1:colcon.colcon_core.environment:checking '/home/ubuntu/ros2_ws/install/py_pubsub/lib/python3.8/site-packages'
[18.982s] Level 1:colcon.colcon_core.shell:create_environment_hook('py_pubsub', 'pythonpath')
[18.999s] INFO:colcon.colcon_core.shell:Creating environment hook '/home/ubuntu/ros2_ws/install/py_pubsub/share/py_pubsub/hook/pythonpath.ps1'
[19.001s] INFO:colcon.colcon_core.shell:Creating environment descriptor '/home/ubuntu/ros2_ws/install/py_pubsub/share/py_pubsub/hook/pythonpath.dsv'
[19.003s] INFO:colcon.colcon_core.shell:Creating environment hook '/home/ubuntu/ros2_ws/install/py_pubsub/share/py_pubsub/hook/pythonpath.sh'
[19.005s] Level 1:colcon.colcon_core.environment:checking '/home/ubuntu/ros2_ws/install/py_pubsub/bin'
[19.005s] Level 1:colcon.colcon_core.environment:create_environment_scripts_only(py_pubsub)
[19.022s] INFO:colcon.colcon_core.shell:Creating package script '/home/ubuntu/ros2_ws/install/py_pubsub/share/py_pubsub/package.ps1'
[19.026s] INFO:colcon.colcon_core.shell:Creating package descriptor '/home/ubuntu/ros2_ws/install/py_pubsub/share/py_pubsub/package.dsv'
[19.030s] INFO:colcon.colcon_core.shell:Creating package script '/home/ubuntu/ros2_ws/install/py_pubsub/share/py_pubsub/package.sh'
[19.035s] INFO:colcon.colcon_core.shell:Creating package script '/home/ubuntu/ros2_ws/install/py_pubsub/share/py_pubsub/package.bash'
[19.041s] INFO:colcon.colcon_core.shell:Creating package script '/home/ubuntu/ros2_ws/install/py_pubsub/share/py_pubsub/package.zsh'
[19.046s] Level 1:colcon.colcon_core.environment:create_file_with_runtime_dependencies(/home/ubuntu/ros2_ws/install/py_pubsub/share/colcon-core/packages/py_pubsub)
[19.048s] DEBUG:colcon.colcon_parallel_executor.executor.parallel:closing loop
[19.049s] DEBUG:colcon.colcon_parallel_executor.executor.parallel:loop closed
[19.049s] DEBUG:colcon.colcon_parallel_executor.executor.parallel:run_until_complete finished with '0'
[19.049s] DEBUG:colcon.colcon_core.event_reactor:joining thread
[19.117s] INFO:colcon.colcon_core.plugin_system:Skipping extension 'colcon_notification.desktop_notification.notify_send': Could not find 'notify-send'
[19.117s] INFO:colcon.colcon_core.plugin_system:Skipping extension 'colcon_notification.desktop_notification.terminal_notifier': Not used on non-Darwin systems
[19.118s] INFO:colcon.colcon_core.plugin_system:Skipping extension 'colcon_notification.desktop_notification.win32': Not used on non-Windows systems
[19.118s] INFO:colcon.colcon_notification.desktop_notification:Sending desktop notification using 'notify2'
[19.147s] DEBUG:colcon.colcon_notification.desktop_notification.notify2:Failed to initialize notify2: org.freedesktop.DBus.Error.ServiceUnknown: The name org.freedesktop.Notifications was not provided by any .service files
[19.148s] DEBUG:colcon.colcon_core.event_reactor:joined thread
[19.170s] INFO:colcon.colcon_core.shell:Creating prefix script '/home/ubuntu/ros2_ws/install/local_setup.ps1'
[19.175s] INFO:colcon.colcon_core.shell:Creating prefix util module '/home/ubuntu/ros2_ws/install/_local_setup_util_ps1.py'
[19.182s] INFO:colcon.colcon_core.shell:Creating prefix chain script '/home/ubuntu/ros2_ws/install/setup.ps1'
[19.258s] INFO:colcon.colcon_core.shell:Creating prefix script '/home/ubuntu/ros2_ws/install/local_setup.sh'
[19.262s] INFO:colcon.colcon_core.shell:Creating prefix util module '/home/ubuntu/ros2_ws/install/_local_setup_util_sh.py'
[19.264s] INFO:colcon.colcon_core.shell:Creating prefix chain script '/home/ubuntu/ros2_ws/install/setup.sh'
[19.339s] INFO:colcon.colcon_core.shell:Creating prefix script '/home/ubuntu/ros2_ws/install/local_setup.bash'
[19.342s] INFO:colcon.colcon_core.shell:Creating prefix chain script '/home/ubuntu/ros2_ws/install/setup.bash'
[19.418s] INFO:colcon.colcon_core.shell:Creating prefix script '/home/ubuntu/ros2_ws/install/local_setup.zsh'
[19.422s] INFO:colcon.colcon_core.shell:Creating prefix chain script '/home/ubuntu/ros2_ws/install/setup.zsh'
