-- The C compiler identification is GNU 9.4.0
-- The CXX compiler identification is GNU 9.4.0
-- Check for working C compiler: /usr/bin/cc
-- Check for working C compiler: /usr/bin/cc -- works
-- Detecting C compiler ABI info
-- Detecting C compiler ABI info - done
-- Detecting C compile features
-- Detecting C compile features - done
-- Check for working CXX compiler: /usr/bin/c++
-- Check for working CXX compiler: /usr/bin/c++ -- works
-- Detecting CXX compiler ABI info
-- Detecting CXX compiler ABI info - done
-- Detecting CXX compile features
-- Detecting CXX compile features - done
-- Found ament_cmake: 0.9.12 (/home/ubuntu/ros2_foxy/install/ament_cmake/share/ament_cmake/cmake)
-- Found PythonInterp: /usr/bin/python3 (found suitable version "3.8.10", minimum required is "3") 
-- Using PYTHON_EXECUTABLE: /usr/bin/python3
-- Found rclcpp: 2.4.3 (/home/ubuntu/ros2_foxy/install/rclcpp/share/rclcpp/cmake)
-- Using all available rosidl_typesupport_c: rosidl_typesupport_introspection_c;rosidl_typesupport_fastrtps_c
-- Found rosidl_adapter: 1.3.1 (/home/ubuntu/ros2_foxy/install/rosidl_adapter/share/rosidl_adapter/cmake)
-- Found OpenSSL: /usr/lib/aarch64-linux-gnu/libcrypto.so (found version "1.1.1f")  
-- Found FastRTPS: /home/ubuntu/ros2_foxy/install/fastrtps/include  
-- Using all available rosidl_typesupport_cpp: rosidl_typesupport_introspection_cpp;rosidl_typesupport_fastrtps_cpp
-- Found rmw_implementation_cmake: 1.0.4 (/home/ubuntu/ros2_foxy/install/rmw_implementation_cmake/share/rmw_implementation_cmake/cmake)
-- Using RMW implementation 'rmw_fastrtps_cpp' as default
-- Looking for pthread.h
-- Looking for pthread.h - found
-- Performing Test CMAKE_HAVE_LIBC_PTHREAD
-- Performing Test CMAKE_HAVE_LIBC_PTHREAD - Failed
-- Looking for pthread_create in pthreads
-- Looking for pthread_create in pthreads - not found
-- Looking for pthread_create in pthread
-- Looking for pthread_create in pthread - found
-- Found Threads: TRUE  
-- Found my_robot_interfaces: 0.0.0 (/home/ubuntu/ros2_ws/install/my_robot_interfaces/share/my_robot_interfaces/cmake)
-- Found turtlesim: 1.2.6 (/home/ubuntu/ros2_foxy/install/turtlesim/share/turtlesim/cmake)
-- Found geometry_msgs: 2.0.5 (/home/ubuntu/ros2_foxy/install/geometry_msgs/share/geometry_msgs/cmake)
-- Configuring done
-- Generating done
-- Build files have been written to: /home/ubuntu/ros2_ws/build/turtlesim_project_cpp
[35m[1mScanning dependencies of target turtle_spawner[0m
[35m[1mScanning dependencies of target turtle_controller[0m
[ 25%] [32mBuilding CXX object CMakeFiles/turtle_spawner.dir/src/turtle_spawner.cpp.o[0m
[ 50%] [32mBuilding CXX object CMakeFiles/turtle_controller.dir/src/turtle_controller.cpp.o[0m
[ 75%] [32m[1mLinking CXX executable turtle_spawner[0m
[ 75%] Built target turtle_spawner
[100%] [32m[1mLinking CXX executable turtle_controller[0m
[100%] Built target turtle_controller
-- Install configuration: ""
-- Installing: /home/ubuntu/ros2_ws/install/turtlesim_project_cpp/lib/turtlesim_project_cpp/turtle_controller
-- Set runtime path of "/home/ubuntu/ros2_ws/install/turtlesim_project_cpp/lib/turtlesim_project_cpp/turtle_controller" to ""
-- Installing: /home/ubuntu/ros2_ws/install/turtlesim_project_cpp/lib/turtlesim_project_cpp/turtle_spawner
-- Set runtime path of "/home/ubuntu/ros2_ws/install/turtlesim_project_cpp/lib/turtlesim_project_cpp/turtle_spawner" to ""
-- Installing: /home/ubuntu/ros2_ws/install/turtlesim_project_cpp/share/ament_index/resource_index/package_run_dependencies/turtlesim_project_cpp
-- Installing: /home/ubuntu/ros2_ws/install/turtlesim_project_cpp/share/ament_index/resource_index/parent_prefix_path/turtlesim_project_cpp
-- Installing: /home/ubuntu/ros2_ws/install/turtlesim_project_cpp/share/turtlesim_project_cpp/environment/ament_prefix_path.sh
-- Installing: /home/ubuntu/ros2_ws/install/turtlesim_project_cpp/share/turtlesim_project_cpp/environment/ament_prefix_path.dsv
-- Installing: /home/ubuntu/ros2_ws/install/turtlesim_project_cpp/share/turtlesim_project_cpp/environment/path.sh
-- Installing: /home/ubuntu/ros2_ws/install/turtlesim_project_cpp/share/turtlesim_project_cpp/environment/path.dsv
-- Installing: /home/ubuntu/ros2_ws/install/turtlesim_project_cpp/share/turtlesim_project_cpp/local_setup.bash
-- Installing: /home/ubuntu/ros2_ws/install/turtlesim_project_cpp/share/turtlesim_project_cpp/local_setup.sh
-- Installing: /home/ubuntu/ros2_ws/install/turtlesim_project_cpp/share/turtlesim_project_cpp/local_setup.zsh
-- Installing: /home/ubuntu/ros2_ws/install/turtlesim_project_cpp/share/turtlesim_project_cpp/local_setup.dsv
-- Installing: /home/ubuntu/ros2_ws/install/turtlesim_project_cpp/share/turtlesim_project_cpp/package.dsv
-- Installing: /home/ubuntu/ros2_ws/install/turtlesim_project_cpp/share/ament_index/resource_index/packages/turtlesim_project_cpp
-- Installing: /home/ubuntu/ros2_ws/install/turtlesim_project_cpp/share/turtlesim_project_cpp/cmake/turtlesim_project_cppConfig.cmake
-- Installing: /home/ubuntu/ros2_ws/install/turtlesim_project_cpp/share/turtlesim_project_cpp/cmake/turtlesim_project_cppConfig-version.cmake
-- Installing: /home/ubuntu/ros2_ws/install/turtlesim_project_cpp/share/turtlesim_project_cpp/package.xml
