[16.923s] Invoking command in '/home/ubuntu/ros2_ws/src/py_pubsub': PYTHONPATH=/home/ubuntu/ros2_ws/build/py_pubsub/prefix_override:/home/ubuntu/ros2_ws/install/py_pubsub/lib/python3.8/site-packages:${PYTHONPATH} /usr/bin/python3 setup.py egg_info --egg-base ../../build/py_pubsub build --build-base /home/ubuntu/ros2_ws/build/py_pubsub/build install --record /home/ubuntu/ros2_ws/build/py_pubsub/install.log --install-scripts $base/lib/py_pubsub --single-version-externally-managed
[22.509s] running egg_info
[22.512s] writing ../../build/py_pubsub/py_pubsub.egg-info/PKG-INFO
[22.522s] writing dependency_links to ../../build/py_pubsub/py_pubsub.egg-info/dependency_links.txt
[22.522s] writing entry points to ../../build/py_pubsub/py_pubsub.egg-info/entry_points.txt
[22.523s] writing requirements to ../../build/py_pubsub/py_pubsub.egg-info/requires.txt
[22.524s] writing top-level names to ../../build/py_pubsub/py_pubsub.egg-info/top_level.txt
[22.801s] reading manifest file '../../build/py_pubsub/py_pubsub.egg-info/SOURCES.txt'
[22.811s] writing manifest file '../../build/py_pubsub/py_pubsub.egg-info/SOURCES.txt'
[22.815s] running build
[22.816s] running build_py
[22.816s] running install
[22.830s] running install_lib
[22.858s] running install_data
[22.861s] running install_egg_info
[22.886s] removing '/home/ubuntu/ros2_ws/install/py_pubsub/lib/python3.8/site-packages/py_pubsub-0.0.0-py3.8.egg-info' (and everything under it)
[22.891s] Copying ../../build/py_pubsub/py_pubsub.egg-info to /home/ubuntu/ros2_ws/install/py_pubsub/lib/python3.8/site-packages/py_pubsub-0.0.0-py3.8.egg-info
[22.899s] running install_scripts
[23.089s] Installing listener script to /home/ubuntu/ros2_ws/install/py_pubsub/lib/py_pubsub
[23.094s] writing list of installed files to '/home/ubuntu/ros2_ws/build/py_pubsub/install.log'
[24.606s] Invoked command in '/home/ubuntu/ros2_ws/src/py_pubsub' returned '0': PYTHONPATH=/home/ubuntu/ros2_ws/build/py_pubsub/prefix_override:/home/ubuntu/ros2_ws/install/py_pubsub/lib/python3.8/site-packages:${PYTHONPATH} /usr/bin/python3 setup.py egg_info --egg-base ../../build/py_pubsub build --build-base /home/ubuntu/ros2_ws/build/py_pubsub/build install --record /home/ubuntu/ros2_ws/build/py_pubsub/install.log --install-scripts $base/lib/py_pubsub --single-version-externally-managed
