[16.373s] DEBUG:colcon:Command line arguments: ['/usr/bin/colcon', 'build', '--packages-select', 'weeding_robot', '--symlink-install']
[16.373s] DEBUG:colcon:Parsed command line arguments: Namespace(allow_overriding=[], ament_cmake_args=None, base_paths=['.'], build_base='build', catkin_cmake_args=None, catkin_skip_building_tests=False, cmake_args=None, cmake_clean_cache=False, cmake_clean_first=False, cmake_force_configure=False, cmake_target=None, cmake_target_skip_unavailable=False, continue_on_error=False, event_handlers=None, executor='parallel', ignore_user_meta=False, install_base='install', log_base=None, log_level=None, main=<bound method BuildVerb.main of <colcon_core.verb.build.BuildVerb object at 0xffff8189a910>>, merge_install=False, metas=['./colcon.meta'], packages_above=None, packages_above_and_dependencies=None, packages_above_depth=None, packages_end=None, packages_ignore=None, packages_ignore_regex=None, packages_select=['weeding_robot'], packages_select_build_failed=False, packages_select_by_dep=None, packages_select_regex=None, packages_select_test_failures=False, packages_skip=None, packages_skip_build_finished=False, packages_skip_by_dep=None, packages_skip_regex=None, packages_skip_test_passed=False, packages_skip_up_to=None, packages_start=None, packages_up_to=None, packages_up_to_regex=None, parallel_workers=4, paths=None, symlink_install=True, test_result_base=None, verb_extension=<colcon_core.verb.build.BuildVerb object at 0xffff8189a910>, verb_name='build', verb_parser=<colcon_defaults.argument_parser.defaults.DefaultArgumentsDecorator object at 0xffff814c0d60>)
[17.108s] Level 1:colcon.colcon_core.package_discovery:discover_packages(colcon_meta) check parameters
[17.109s] Level 1:colcon.colcon_core.package_discovery:discover_packages(recursive) check parameters
[17.109s] Level 1:colcon.colcon_core.package_discovery:discover_packages(ignore) check parameters
[17.109s] Level 1:colcon.colcon_core.package_discovery:discover_packages(path) check parameters
[17.110s] Level 1:colcon.colcon_core.package_discovery:discover_packages(colcon_meta) discover
[17.110s] Level 1:colcon.colcon_core.package_discovery:discover_packages(recursive) discover
[17.110s] INFO:colcon.colcon_core.package_discovery:Crawling recursively for packages in '/home/ubuntu/ros2_ws'
[17.111s] Level 1:colcon.colcon_core.package_identification:_identify(.) by extensions ['ignore', 'ignore_ament_install']
[17.111s] Level 1:colcon.colcon_core.package_identification:_identify(.) by extension 'ignore'
[17.112s] Level 1:colcon.colcon_core.package_identification:_identify(.) by extension 'ignore_ament_install'
[17.112s] Level 1:colcon.colcon_core.package_identification:_identify(.) by extensions ['colcon_pkg']
[17.112s] Level 1:colcon.colcon_core.package_identification:_identify(.) by extension 'colcon_pkg'
[17.112s] Level 1:colcon.colcon_core.package_identification:_identify(.) by extensions ['colcon_meta']
[17.113s] Level 1:colcon.colcon_core.package_identification:_identify(.) by extension 'colcon_meta'
[17.113s] Level 1:colcon.colcon_core.package_identification:_identify(.) by extensions ['ros']
[17.113s] Level 1:colcon.colcon_core.package_identification:_identify(.) by extension 'ros'
[17.185s] Level 1:colcon.colcon_core.package_identification:_identify(.) by extensions ['cmake', 'python']
[17.186s] Level 1:colcon.colcon_core.package_identification:_identify(.) by extension 'cmake'
[17.186s] Level 1:colcon.colcon_core.package_identification:_identify(.) by extension 'python'
[17.187s] Level 1:colcon.colcon_core.package_identification:_identify(.) by extensions ['python_setup_py']
[17.187s] Level 1:colcon.colcon_core.package_identification:_identify(.) by extension 'python_setup_py'
[17.188s] Level 1:colcon.colcon_core.package_identification:_identify(__pycache__) by extensions ['ignore', 'ignore_ament_install']
[17.189s] Level 1:colcon.colcon_core.package_identification:_identify(__pycache__) by extension 'ignore'
[17.189s] Level 1:colcon.colcon_core.package_identification:_identify(__pycache__) by extension 'ignore_ament_install'
[17.189s] Level 1:colcon.colcon_core.package_identification:_identify(__pycache__) by extensions ['colcon_pkg']
[17.190s] Level 1:colcon.colcon_core.package_identification:_identify(__pycache__) by extension 'colcon_pkg'
[17.190s] Level 1:colcon.colcon_core.package_identification:_identify(__pycache__) by extensions ['colcon_meta']
[17.190s] Level 1:colcon.colcon_core.package_identification:_identify(__pycache__) by extension 'colcon_meta'
[17.190s] Level 1:colcon.colcon_core.package_identification:_identify(__pycache__) by extensions ['ros']
[17.190s] Level 1:colcon.colcon_core.package_identification:_identify(__pycache__) by extension 'ros'
[17.191s] Level 1:colcon.colcon_core.package_identification:_identify(__pycache__) by extensions ['cmake', 'python']
[17.191s] Level 1:colcon.colcon_core.package_identification:_identify(__pycache__) by extension 'cmake'
[17.191s] Level 1:colcon.colcon_core.package_identification:_identify(__pycache__) by extension 'python'
[17.192s] Level 1:colcon.colcon_core.package_identification:_identify(__pycache__) by extensions ['python_setup_py']
[17.192s] Level 1:colcon.colcon_core.package_identification:_identify(__pycache__) by extension 'python_setup_py'
[17.192s] Level 1:colcon.colcon_core.package_identification:_identify(build) by extensions ['ignore', 'ignore_ament_install']
[17.193s] Level 1:colcon.colcon_core.package_identification:_identify(build) by extension 'ignore'
[17.193s] Level 1:colcon.colcon_core.package_identification:_identify(build) ignored
[17.194s] Level 1:colcon.colcon_core.package_identification:_identify(install) by extensions ['ignore', 'ignore_ament_install']
[17.195s] Level 1:colcon.colcon_core.package_identification:_identify(install) by extension 'ignore'
[17.195s] Level 1:colcon.colcon_core.package_identification:_identify(install) ignored
[17.196s] Level 1:colcon.colcon_core.package_identification:_identify(log) by extensions ['ignore', 'ignore_ament_install']
[17.197s] Level 1:colcon.colcon_core.package_identification:_identify(log) by extension 'ignore'
[17.197s] Level 1:colcon.colcon_core.package_identification:_identify(log) ignored
[17.198s] Level 1:colcon.colcon_core.package_identification:_identify(pigpio-master) by extensions ['ignore', 'ignore_ament_install']
[17.199s] Level 1:colcon.colcon_core.package_identification:_identify(pigpio-master) by extension 'ignore'
[17.199s] Level 1:colcon.colcon_core.package_identification:_identify(pigpio-master) by extension 'ignore_ament_install'
[17.200s] Level 1:colcon.colcon_core.package_identification:_identify(pigpio-master) by extensions ['colcon_pkg']
[17.200s] Level 1:colcon.colcon_core.package_identification:_identify(pigpio-master) by extension 'colcon_pkg'
[17.200s] Level 1:colcon.colcon_core.package_identification:_identify(pigpio-master) by extensions ['colcon_meta']
[17.200s] Level 1:colcon.colcon_core.package_identification:_identify(pigpio-master) by extension 'colcon_meta'
[17.201s] Level 1:colcon.colcon_core.package_identification:_identify(pigpio-master) by extensions ['ros']
[17.201s] Level 1:colcon.colcon_core.package_identification:_identify(pigpio-master) by extension 'ros'
[17.201s] Level 1:colcon.colcon_core.package_identification:_identify(pigpio-master) by extensions ['cmake', 'python']
[17.202s] Level 1:colcon.colcon_core.package_identification:_identify(pigpio-master) by extension 'cmake'
[17.219s] Level 1:colcon.colcon_core.package_identification:_identify(pigpio-master) by extension 'python'
[17.219s] DEBUG:colcon.colcon_core.package_identification:Package 'pigpio-master' with type 'cmake' and name 'pigpio'
[17.220s] Level 1:colcon.colcon_core.package_identification:_identify(src) by extensions ['ignore', 'ignore_ament_install']
[17.220s] Level 1:colcon.colcon_core.package_identification:_identify(src) by extension 'ignore'
[17.221s] Level 1:colcon.colcon_core.package_identification:_identify(src) by extension 'ignore_ament_install'
[17.221s] Level 1:colcon.colcon_core.package_identification:_identify(src) by extensions ['colcon_pkg']
[17.221s] Level 1:colcon.colcon_core.package_identification:_identify(src) by extension 'colcon_pkg'
[17.221s] Level 1:colcon.colcon_core.package_identification:_identify(src) by extensions ['colcon_meta']
[17.222s] Level 1:colcon.colcon_core.package_identification:_identify(src) by extension 'colcon_meta'
[17.222s] Level 1:colcon.colcon_core.package_identification:_identify(src) by extensions ['ros']
[17.222s] Level 1:colcon.colcon_core.package_identification:_identify(src) by extension 'ros'
[17.222s] Level 1:colcon.colcon_core.package_identification:_identify(src) by extensions ['cmake', 'python']
[17.223s] Level 1:colcon.colcon_core.package_identification:_identify(src) by extension 'cmake'
[17.223s] Level 1:colcon.colcon_core.package_identification:_identify(src) by extension 'python'
[17.223s] Level 1:colcon.colcon_core.package_identification:_identify(src) by extensions ['python_setup_py']
[17.223s] Level 1:colcon.colcon_core.package_identification:_identify(src) by extension 'python_setup_py'
[17.224s] Level 1:colcon.colcon_core.package_identification:_identify(src/my_cpp_pkg) by extensions ['ignore', 'ignore_ament_install']
[17.224s] Level 1:colcon.colcon_core.package_identification:_identify(src/my_cpp_pkg) by extension 'ignore'
[17.224s] Level 1:colcon.colcon_core.package_identification:_identify(src/my_cpp_pkg) by extension 'ignore_ament_install'
[17.225s] Level 1:colcon.colcon_core.package_identification:_identify(src/my_cpp_pkg) by extensions ['colcon_pkg']
[17.225s] Level 1:colcon.colcon_core.package_identification:_identify(src/my_cpp_pkg) by extension 'colcon_pkg'
[17.225s] Level 1:colcon.colcon_core.package_identification:_identify(src/my_cpp_pkg) by extensions ['colcon_meta']
[17.225s] Level 1:colcon.colcon_core.package_identification:_identify(src/my_cpp_pkg) by extension 'colcon_meta'
[17.225s] Level 1:colcon.colcon_core.package_identification:_identify(src/my_cpp_pkg) by extensions ['ros']
[17.226s] Level 1:colcon.colcon_core.package_identification:_identify(src/my_cpp_pkg) by extension 'ros'
[17.239s] DEBUG:colcon.colcon_core.package_identification:Package 'src/my_cpp_pkg' with type 'ros.ament_cmake' and name 'my_cpp_pkg'
[17.240s] Level 1:colcon.colcon_core.package_identification:_identify(src/my_py_pkg) by extensions ['ignore', 'ignore_ament_install']
[17.240s] Level 1:colcon.colcon_core.package_identification:_identify(src/my_py_pkg) by extension 'ignore'
[17.240s] Level 1:colcon.colcon_core.package_identification:_identify(src/my_py_pkg) by extension 'ignore_ament_install'
[17.241s] Level 1:colcon.colcon_core.package_identification:_identify(src/my_py_pkg) by extensions ['colcon_pkg']
[17.241s] Level 1:colcon.colcon_core.package_identification:_identify(src/my_py_pkg) by extension 'colcon_pkg'
[17.241s] Level 1:colcon.colcon_core.package_identification:_identify(src/my_py_pkg) by extensions ['colcon_meta']
[17.241s] Level 1:colcon.colcon_core.package_identification:_identify(src/my_py_pkg) by extension 'colcon_meta'
[17.242s] Level 1:colcon.colcon_core.package_identification:_identify(src/my_py_pkg) by extensions ['ros']
[17.242s] Level 1:colcon.colcon_core.package_identification:_identify(src/my_py_pkg) by extension 'ros'
[17.246s] DEBUG:colcon.colcon_core.package_identification:Package 'src/my_py_pkg' with type 'ros.ament_python' and name 'my_py_pkg'
[17.246s] Level 1:colcon.colcon_core.package_identification:_identify(src/my_robot_bringup) by extensions ['ignore', 'ignore_ament_install']
[17.247s] Level 1:colcon.colcon_core.package_identification:_identify(src/my_robot_bringup) by extension 'ignore'
[17.247s] Level 1:colcon.colcon_core.package_identification:_identify(src/my_robot_bringup) by extension 'ignore_ament_install'
[17.248s] Level 1:colcon.colcon_core.package_identification:_identify(src/my_robot_bringup) by extensions ['colcon_pkg']
[17.248s] Level 1:colcon.colcon_core.package_identification:_identify(src/my_robot_bringup) by extension 'colcon_pkg'
[17.248s] Level 1:colcon.colcon_core.package_identification:_identify(src/my_robot_bringup) by extensions ['colcon_meta']
[17.248s] Level 1:colcon.colcon_core.package_identification:_identify(src/my_robot_bringup) by extension 'colcon_meta'
[17.248s] Level 1:colcon.colcon_core.package_identification:_identify(src/my_robot_bringup) by extensions ['ros']
[17.249s] Level 1:colcon.colcon_core.package_identification:_identify(src/my_robot_bringup) by extension 'ros'
[17.252s] DEBUG:colcon.colcon_core.package_identification:Package 'src/my_robot_bringup' with type 'ros.ament_cmake' and name 'my_robot_bringup'
[17.253s] Level 1:colcon.colcon_core.package_identification:_identify(src/my_robot_interfaces) by extensions ['ignore', 'ignore_ament_install']
[17.253s] Level 1:colcon.colcon_core.package_identification:_identify(src/my_robot_interfaces) by extension 'ignore'
[17.254s] Level 1:colcon.colcon_core.package_identification:_identify(src/my_robot_interfaces) by extension 'ignore_ament_install'
[17.254s] Level 1:colcon.colcon_core.package_identification:_identify(src/my_robot_interfaces) by extensions ['colcon_pkg']
[17.254s] Level 1:colcon.colcon_core.package_identification:_identify(src/my_robot_interfaces) by extension 'colcon_pkg'
[17.254s] Level 1:colcon.colcon_core.package_identification:_identify(src/my_robot_interfaces) by extensions ['colcon_meta']
[17.254s] Level 1:colcon.colcon_core.package_identification:_identify(src/my_robot_interfaces) by extension 'colcon_meta'
[17.255s] Level 1:colcon.colcon_core.package_identification:_identify(src/my_robot_interfaces) by extensions ['ros']
[17.255s] Level 1:colcon.colcon_core.package_identification:_identify(src/my_robot_interfaces) by extension 'ros'
[17.258s] DEBUG:colcon.colcon_core.package_identification:Package 'src/my_robot_interfaces' with type 'ros.ament_cmake' and name 'my_robot_interfaces'
[17.259s] Level 1:colcon.colcon_core.package_identification:_identify(src/py_pubsub) by extensions ['ignore', 'ignore_ament_install']
[17.259s] Level 1:colcon.colcon_core.package_identification:_identify(src/py_pubsub) by extension 'ignore'
[17.260s] Level 1:colcon.colcon_core.package_identification:_identify(src/py_pubsub) by extension 'ignore_ament_install'
[17.260s] Level 1:colcon.colcon_core.package_identification:_identify(src/py_pubsub) by extensions ['colcon_pkg']
[17.260s] Level 1:colcon.colcon_core.package_identification:_identify(src/py_pubsub) by extension 'colcon_pkg'
[17.260s] Level 1:colcon.colcon_core.package_identification:_identify(src/py_pubsub) by extensions ['colcon_meta']
[17.260s] Level 1:colcon.colcon_core.package_identification:_identify(src/py_pubsub) by extension 'colcon_meta'
[17.261s] Level 1:colcon.colcon_core.package_identification:_identify(src/py_pubsub) by extensions ['ros']
[17.261s] Level 1:colcon.colcon_core.package_identification:_identify(src/py_pubsub) by extension 'ros'
[17.264s] DEBUG:colcon.colcon_core.package_identification:Package 'src/py_pubsub' with type 'ros.ament_python' and name 'py_pubsub'
[17.265s] Level 1:colcon.colcon_core.package_identification:_identify(src/turtlesim_catch_them_all) by extensions ['ignore', 'ignore_ament_install']
[17.265s] Level 1:colcon.colcon_core.package_identification:_identify(src/turtlesim_catch_them_all) by extension 'ignore'
[17.265s] Level 1:colcon.colcon_core.package_identification:_identify(src/turtlesim_catch_them_all) by extension 'ignore_ament_install'
[17.266s] Level 1:colcon.colcon_core.package_identification:_identify(src/turtlesim_catch_them_all) by extensions ['colcon_pkg']
[17.266s] Level 1:colcon.colcon_core.package_identification:_identify(src/turtlesim_catch_them_all) by extension 'colcon_pkg'
[17.266s] Level 1:colcon.colcon_core.package_identification:_identify(src/turtlesim_catch_them_all) by extensions ['colcon_meta']
[17.266s] Level 1:colcon.colcon_core.package_identification:_identify(src/turtlesim_catch_them_all) by extension 'colcon_meta'
[17.267s] Level 1:colcon.colcon_core.package_identification:_identify(src/turtlesim_catch_them_all) by extensions ['ros']
[17.267s] Level 1:colcon.colcon_core.package_identification:_identify(src/turtlesim_catch_them_all) by extension 'ros'
[17.271s] DEBUG:colcon.colcon_core.package_identification:Package 'src/turtlesim_catch_them_all' with type 'ros.ament_python' and name 'turtlesim_catch_them_all'
[17.272s] Level 1:colcon.colcon_core.package_identification:_identify(src/turtlesim_project_cpp) by extensions ['ignore', 'ignore_ament_install']
[17.272s] Level 1:colcon.colcon_core.package_identification:_identify(src/turtlesim_project_cpp) by extension 'ignore'
[17.273s] Level 1:colcon.colcon_core.package_identification:_identify(src/turtlesim_project_cpp) by extension 'ignore_ament_install'
[17.273s] Level 1:colcon.colcon_core.package_identification:_identify(src/turtlesim_project_cpp) by extensions ['colcon_pkg']
[17.273s] Level 1:colcon.colcon_core.package_identification:_identify(src/turtlesim_project_cpp) by extension 'colcon_pkg'
[17.273s] Level 1:colcon.colcon_core.package_identification:_identify(src/turtlesim_project_cpp) by extensions ['colcon_meta']
[17.274s] Level 1:colcon.colcon_core.package_identification:_identify(src/turtlesim_project_cpp) by extension 'colcon_meta'
[17.274s] Level 1:colcon.colcon_core.package_identification:_identify(src/turtlesim_project_cpp) by extensions ['ros']
[17.274s] Level 1:colcon.colcon_core.package_identification:_identify(src/turtlesim_project_cpp) by extension 'ros'
[17.278s] DEBUG:colcon.colcon_core.package_identification:Package 'src/turtlesim_project_cpp' with type 'ros.ament_cmake' and name 'turtlesim_project_cpp'
[17.279s] Level 1:colcon.colcon_core.package_identification:_identify(src/weeding_robot) by extensions ['ignore', 'ignore_ament_install']
[17.280s] Level 1:colcon.colcon_core.package_identification:_identify(src/weeding_robot) by extension 'ignore'
[17.280s] Level 1:colcon.colcon_core.package_identification:_identify(src/weeding_robot) by extension 'ignore_ament_install'
[17.280s] Level 1:colcon.colcon_core.package_identification:_identify(src/weeding_robot) by extensions ['colcon_pkg']
[17.280s] Level 1:colcon.colcon_core.package_identification:_identify(src/weeding_robot) by extension 'colcon_pkg'
[17.281s] Level 1:colcon.colcon_core.package_identification:_identify(src/weeding_robot) by extensions ['colcon_meta']
[17.281s] Level 1:colcon.colcon_core.package_identification:_identify(src/weeding_robot) by extension 'colcon_meta'
[17.281s] Level 1:colcon.colcon_core.package_identification:_identify(src/weeding_robot) by extensions ['ros']
[17.281s] Level 1:colcon.colcon_core.package_identification:_identify(src/weeding_robot) by extension 'ros'
[17.285s] DEBUG:colcon.colcon_core.package_identification:Package 'src/weeding_robot' with type 'ros.ament_python' and name 'weeding_robot'
[17.285s] Level 1:colcon.colcon_core.package_discovery:discover_packages(recursive) using defaults
[17.285s] Level 1:colcon.colcon_core.package_discovery:discover_packages(ignore) discover
[17.285s] Level 1:colcon.colcon_core.package_discovery:discover_packages(ignore) using defaults
[17.285s] Level 1:colcon.colcon_core.package_discovery:discover_packages(path) discover
[17.286s] Level 1:colcon.colcon_core.package_discovery:discover_packages(path) using defaults
[18.189s] INFO:colcon.colcon_core.package_selection:Skipping not selected package 'my_robot_interfaces' in 'src/my_robot_interfaces'
[18.189s] INFO:colcon.colcon_core.package_selection:Skipping not selected package 'pigpio' in 'pigpio-master'
[18.189s] INFO:colcon.colcon_core.package_selection:Skipping not selected package 'py_pubsub' in 'src/py_pubsub'
[18.189s] INFO:colcon.colcon_core.package_selection:Skipping not selected package 'my_cpp_pkg' in 'src/my_cpp_pkg'
[18.189s] INFO:colcon.colcon_core.package_selection:Skipping not selected package 'my_py_pkg' in 'src/my_py_pkg'
[18.189s] INFO:colcon.colcon_core.package_selection:Skipping not selected package 'turtlesim_catch_them_all' in 'src/turtlesim_catch_them_all'
[18.190s] INFO:colcon.colcon_core.package_selection:Skipping not selected package 'turtlesim_project_cpp' in 'src/turtlesim_project_cpp'
[18.190s] INFO:colcon.colcon_core.package_selection:Skipping not selected package 'my_robot_bringup' in 'src/my_robot_bringup'
[18.607s] Level 1:colcon.colcon_core.package_discovery:discover_packages(prefix_path) check parameters
[18.608s] Level 1:colcon.colcon_core.package_discovery:discover_packages(prefix_path) discover
[19.184s] DEBUG:colcon.colcon_installed_package_information.package_discovery:Found 9 installed packages in /home/ubuntu/ros2_ws/install
[19.438s] DEBUG:colcon.colcon_installed_package_information.package_discovery:Found 311 installed packages in /home/ubuntu/ros2_foxy/install
[19.446s] Level 1:colcon.colcon_core.package_discovery:discover_packages(prefix_path) using defaults
[20.962s] Level 5:colcon.colcon_core.verb:set package 'weeding_robot' build argument 'cmake_args' from command line to 'None'
[20.963s] Level 5:colcon.colcon_core.verb:set package 'weeding_robot' build argument 'cmake_target' from command line to 'None'
[20.963s] Level 5:colcon.colcon_core.verb:set package 'weeding_robot' build argument 'cmake_target_skip_unavailable' from command line to 'False'
[20.963s] Level 5:colcon.colcon_core.verb:set package 'weeding_robot' build argument 'cmake_clean_cache' from command line to 'False'
[20.963s] Level 5:colcon.colcon_core.verb:set package 'weeding_robot' build argument 'cmake_clean_first' from command line to 'False'
[20.963s] Level 5:colcon.colcon_core.verb:set package 'weeding_robot' build argument 'cmake_force_configure' from command line to 'False'
[20.963s] Level 5:colcon.colcon_core.verb:set package 'weeding_robot' build argument 'ament_cmake_args' from command line to 'None'
[20.963s] Level 5:colcon.colcon_core.verb:set package 'weeding_robot' build argument 'catkin_cmake_args' from command line to 'None'
[20.963s] Level 5:colcon.colcon_core.verb:set package 'weeding_robot' build argument 'catkin_skip_building_tests' from command line to 'False'
[20.964s] DEBUG:colcon.colcon_core.verb:Building package 'weeding_robot' with the following arguments: {'ament_cmake_args': None, 'build_base': '/home/ubuntu/ros2_ws/build/weeding_robot', 'catkin_cmake_args': None, 'catkin_skip_building_tests': False, 'cmake_args': None, 'cmake_clean_cache': False, 'cmake_clean_first': False, 'cmake_force_configure': False, 'cmake_target': None, 'cmake_target_skip_unavailable': False, 'install_base': '/home/ubuntu/ros2_ws/install/weeding_robot', 'merge_install': False, 'path': '/home/ubuntu/ros2_ws/src/weeding_robot', 'symlink_install': True, 'test_result_base': None}
[21.174s] INFO:colcon.colcon_core.executor:Executing jobs using 'parallel' executor
[21.392s] DEBUG:colcon.colcon_parallel_executor.executor.parallel:run_until_complete
[21.393s] INFO:colcon.colcon_ros.task.ament_python.build:Building ROS package in '/home/ubuntu/ros2_ws/src/weeding_robot' with build type 'ament_python'
[21.394s] Level 1:colcon.colcon_core.shell:create_environment_hook('weeding_robot', 'ament_prefix_path')
[21.655s] INFO:colcon.colcon_core.plugin_system:Skipping extension 'colcon_core.shell.bat': Not used on non-Windows systems
[21.656s] INFO:colcon.colcon_core.shell:Creating environment hook '/home/ubuntu/ros2_ws/install/weeding_robot/share/weeding_robot/hook/ament_prefix_path.ps1'
[21.660s] INFO:colcon.colcon_core.shell:Creating environment descriptor '/home/ubuntu/ros2_ws/install/weeding_robot/share/weeding_robot/hook/ament_prefix_path.dsv'
[21.760s] INFO:colcon.colcon_core.shell:Creating environment hook '/home/ubuntu/ros2_ws/install/weeding_robot/share/weeding_robot/hook/ament_prefix_path.sh'
[22.096s] INFO:colcon.colcon_core.shell:Skip shell extension 'powershell' for command environment: Not usable outside of PowerShell
[22.096s] DEBUG:colcon.colcon_core.shell:Skip shell extension 'dsv' for command environment
[27.390s] INFO:colcon.colcon_core.task.python.build:Building Python package in '/home/ubuntu/ros2_ws/src/weeding_robot'
[27.643s] INFO:colcon.colcon_core.shell:Skip shell extension 'powershell' for command environment: Not usable outside of PowerShell
[27.644s] DEBUG:colcon.colcon_core.shell:Skip shell extension 'dsv' for command environment
[34.241s] DEBUG:colcon.colcon_core.event_handler.log_command:Invoking command in '/home/ubuntu/ros2_ws/build/weeding_robot': CMAKE_PREFIX_PATH=/home/ubuntu/ros2_ws/install/pigpio:/home/ubuntu/ros2_ws/install/my_robot_bringup:/home/ubuntu/ros2_ws/install/turtlesim_project_cpp:/home/ubuntu/ros2_ws/install/my_cpp_pkg:/home/ubuntu/ros2_ws/install/my_robot_interfaces:/home/ubuntu/ros2_foxy/install/rosbag2:/home/ubuntu/ros2_foxy/install/rosbag2_transport:/home/ubuntu/ros2_foxy/install/rosbag2_compression:/home/ubuntu/ros2_foxy/install/zstd_vendor:/home/ubuntu/ros2_foxy/install/rviz_visual_testing_framework:/home/ubuntu/ros2_foxy/install/rviz2:/home/ubuntu/ros2_foxy/install/rviz_default_plugins:/home/ubuntu/ros2_foxy/install/rviz_common:/home/ubuntu/ros2_foxy/install/rosbag2_storage_default_plugins:/home/ubuntu/ros2_foxy/install/rosbag2_converter_default_plugins:/home/ubuntu/ros2_foxy/install/bag_recorder_nodes:/home/ubuntu/ros2_foxy/install/rosbag2_cpp:/home/ubuntu/ros2_foxy/install/rosbag2_storage:/home/ubuntu/ros2_foxy/install/yaml_cpp_vendor:/home/ubuntu/ros2_foxy/install/ros1_bridge:/home/ubuntu/ros2_foxy/install/interactive_markers:/home/ubuntu/ros2_foxy/install/common_interfaces:/home/ubuntu/ros2_foxy/install/visualization_msgs:/home/ubuntu/ros2_foxy/install/dummy_robot_bringup:/home/ubuntu/ros2_foxy/install/robot_state_publisher:/home/ubuntu/ros2_foxy/install/kdl_parser:/home/ubuntu/ros2_foxy/install/urdf:/home/ubuntu/ros2_foxy/install/urdfdom:/home/ubuntu/ros2_foxy/install/urdfdom_headers:/home/ubuntu/ros2_foxy/install/turtlesim:/home/ubuntu/ros2_foxy/install/geometry2:/home/ubuntu/ros2_foxy/install/tf2_tools:/home/ubuntu/ros2_foxy/install/tf2_sensor_msgs:/home/ubuntu/ros2_foxy/install/test_tf2:/home/ubuntu/ros2_foxy/install/tf2_kdl:/home/ubuntu/ros2_foxy/install/tf2_geometry_msgs:/home/ubuntu/ros2_foxy/install/tf2_eigen:/home/ubuntu/ros2_foxy/install/tf2_bullet:/home/ubuntu/ros2_foxy/install/tf2_ros:/home/ubuntu/ros2_foxy/install/tf2_py:/home/ubuntu/ros2_foxy/install/tf2_msgs:/home/ubuntu/ros2_foxy/install/test_msgs:/home/ubuntu/ros2_foxy/install/sros2_cmake:/home/ubuntu/ros2_foxy/install/ros2cli_common_extensions:/home/ubuntu/ros2_foxy/install/rqt_py_common:/home/ubuntu/ros2_foxy/install/ros_testing:/home/ubuntu/ros2_foxy/install/quality_of_service_demo_cpp:/home/ubuntu/ros2_foxy/install/demo_nodes_cpp:/home/ubuntu/ros2_foxy/install/composition:/home/ubuntu/ros2_foxy/install/rclpy:/home/ubuntu/ros2_foxy/install/examples_rclcpp_minimal_action_server:/home/ubuntu/ros2_foxy/install/examples_rclcpp_minimal_action_client:/home/ubuntu/ros2_foxy/install/action_tutorials_cpp:/home/ubuntu/ros2_foxy/install/rclcpp_action:/home/ubuntu/ros2_foxy/install/rcl_action:/home/ubuntu/ros2_foxy/install/move_base_msgs:/home/ubuntu/ros2_foxy/install/examples_rclcpp_minimal_service:/home/ubuntu/ros2_foxy/install/examples_rclcpp_minimal_client:/home/ubuntu/ros2_foxy/install/example_interfaces:/home/ubuntu/ros2_foxy/install/action_tutorials_interfaces:/home/ubuntu/ros2_foxy/install/action_msgs:/home/ubuntu/ros2_foxy/install/unique_identifier_msgs:/home/ubuntu/ros2_foxy/install/ament_lint_common:/home/ubuntu/ros2_foxy/install/ament_cmake_uncrustify:/home/ubuntu/ros2_foxy/install/uncrustify_vendor:/home/ubuntu/ros2_foxy/install/trajectory_msgs:/home/ubuntu/ros2_foxy/install/tracetools_test:/home/ubuntu/ros2_foxy/install/pendulum_control:/home/ubuntu/ros2_foxy/install/tlsf_cpp:/home/ubuntu/ros2_foxy/install/rqt_gui_cpp:/home/ubuntu/ros2_foxy/install/rosbag2_test_common:/home/ubuntu/ros2_foxy/install/ros2lifecycle_test_fixtures:/home/ubuntu/ros2_foxy/install/lifecycle:/home/ubuntu/ros2_foxy/install/rclcpp_lifecycle:/home/ubuntu/ros2_foxy/install/logging_demo:/home/ubuntu/ros2_foxy/install/image_tools:/home/ubuntu/ros2_foxy/install/examples_rclcpp_minimal_composition:/home/ubuntu/ros2_foxy/install/demo_nodes_cpp_native:/home/ubuntu/ros2_foxy/install/rclcpp_components:/home/ubuntu/ros2_foxy/install/laser_geometry:/home/ubuntu/ros2_foxy/install/intra_process_demo:/home/ubuntu/ros2_foxy/install/examples_rclcpp_multithreaded_executor:/home/ubuntu/ros2_foxy/install/examples_rclcpp_minimal_timer:/home/ubuntu/ros2_foxy/install/examples_rclcpp_minimal_subscriber:/home/ubuntu/ros2_foxy/install/examples_rclcpp_minimal_publisher:/home/ubuntu/ros2_foxy/install/dummy_sensors:/home/ubuntu/ros2_foxy/install/dummy_map_server:/home/ubuntu/ros2_foxy/install/rclcpp:/home/ubuntu/ros2_foxy/install/rcl_lifecycle:/home/ubuntu/ros2_foxy/install/libstatistics_collector:/home/ubuntu/ros2_foxy/install/rcl:/home/ubuntu/ros2_foxy/install/tracetools:/home/ubuntu/ros2_foxy/install/tlsf:/home/ubuntu/ros2_foxy/install/tinyxml_vendor:/home/ubuntu/ros2_foxy/install/qt_gui_core:/home/ubuntu/ros2_foxy/install/qt_gui_cpp:/home/ubuntu/ros2_foxy/install/pluginlib:/home/ubuntu/ros2_foxy/install/tinyxml2_vendor:/home/ubuntu/ros2_foxy/install/tf2_eigen_kdl:/home/ubuntu/ros2_foxy/install/tf2:/home/ubuntu/ros2_foxy/install/test_security:/home/ubuntu/ros2_foxy/install/test_rmw_implementation:/home/ubuntu/ros2_foxy/install/test_rclcpp:/home/ubuntu/ros2_foxy/install/test_quality_of_service:/home/ubuntu/ros2_foxy/install/test_launch_testing:/home/ubuntu/ros2_foxy/install/test_interface_files:/home/ubuntu/ros2_foxy/install/test_communication:/home/ubuntu/ros2_foxy/install/test_cli_remapping:/home/ubuntu/ros2_foxy/install/test_cli:/home/ubuntu/ros2_foxy/install/qt_gui_app:/home/ubuntu/ros2_foxy/install/qt_gui:/home/ubuntu/ros2_foxy/install/tango_icons_vendor:/home/ubuntu/ros2_foxy/install/stereo_msgs:/home/ubuntu/ros2_foxy/install/std_srvs:/home/ubuntu/ros2_foxy/install/shape_msgs:/home/ubuntu/ros2_foxy/install/map_msgs:/home/ubuntu/ros2_foxy/install/sensor_msgs:/home/ubuntu/ros2_foxy/install/nav_msgs:/home/ubuntu/ros2_foxy/install/diagnostic_msgs:/home/ubuntu/ros2_foxy/install/geometry_msgs:/home/ubuntu/ros2_foxy/install/actionlib_msgs:/home/ubuntu/ros2_foxy/install/std_msgs:/home/ubuntu/ros2_foxy/install/statistics_msgs:/home/ubuntu/ros2_foxy/install/sqlite3_vendor:/home/ubuntu/ros2_foxy/install/rcl_logging_spdlog:/home/ubuntu/ros2_foxy/install/spdlog_vendor:/home/ubuntu/ros2_foxy/install/shared_queues_vendor:/home/ubuntu/ros2_foxy/install/rviz_rendering_tests:/home/ubuntu/ros2_foxy/install/rviz_rendering:/home/ubuntu/ros2_foxy/install/rviz_ogre_vendor:/home/ubuntu/ros2_foxy/install/rviz_assimp_vendor:/home/ubuntu/ros2_foxy/install/rttest:/home/ubuntu/ros2_foxy/install/rosgraph_msgs:/home/ubuntu/ros2_foxy/install/rmw_implementation:/home/ubuntu/ros2_foxy/install/rmw_fastrtps_dynamic_cpp:/home/ubuntu/ros2_foxy/install/rmw_fastrtps_cpp:/home/ubuntu/ros2_foxy/install/rmw_fastrtps_shared_cpp:/home/ubuntu/ros2_foxy/install/rmw_cyclonedds_cpp:/home/ubuntu/ros2_foxy/install/rmw_dds_common:/home/ubuntu/ros2_foxy/install/composition_interfaces:/home/ubuntu/ros2_foxy/install/rcl_interfaces:/home/ubuntu/ros2_foxy/install/pendulum_msgs:/home/ubuntu/ros2_foxy/install/lifecycle_msgs:/home/ubuntu/ros2_foxy/install/builtin_interfaces:/home/ubuntu/ros2_foxy/install/rosidl_default_runtime:/home/ubuntu/ros2_foxy/install/rosidl_default_generators:/home/ubuntu/ros2_foxy/install/rosidl_generator_py:/home/ubuntu/ros2_foxy/install/rosidl_typesupport_cpp:/home/ubuntu/ros2_foxy/install/rosidl_typesupport_introspection_cpp:/home/ubuntu/ros2_foxy/install/rosidl_typesupport_c:/home/ubuntu/ros2_foxy/install/rosidl_typesupport_introspection_c:/home/ubuntu/ros2_foxy/install/rosidl_typesupport_fastrtps_c:/home/ubuntu/ros2_foxy/install/rosidl_typesupport_fastrtps_cpp:/home/ubuntu/ros2_foxy/install/rmw_connext_cpp:/home/ubuntu/ros2_foxy/install/rosidl_typesupport_connext_c:/home/ubuntu/ros2_foxy/install/rosidl_typesupport_connext_cpp:/home/ubuntu/ros2_foxy/install/rmw:/home/ubuntu/ros2_foxy/install/rosidl_runtime_c:/home/ubuntu/ros2_foxy/install/rosidl_generator_cpp:/home/ubuntu/ros2_foxy/install/rosidl_generator_c:/home/ubuntu/ros2_foxy/install/rosidl_typesupport_interface:/home/ubuntu/ros2_foxy/install/rosidl_runtime_cpp:/home/ubuntu/ros2_foxy/install/rosidl_generator_dds_idl:/home/ubuntu/ros2_foxy/install/rosidl_cmake:/home/ubuntu/ros2_foxy/install/rosidl_parser:/home/ubuntu/ros2_foxy/install/rosidl_adapter:/home/ubuntu/ros2_foxy/install/rosbag2_tests:/home/ubuntu/ros2_foxy/install/ros_environment:/home/ubuntu/ros2_foxy/install/rmw_implementation_cmake:/home/ubuntu/ros2_foxy/install/rmw_connext_shared_cpp:/home/ubuntu/ros2_foxy/install/resource_retriever:/home/ubuntu/ros2_foxy/install/class_loader:/home/ubuntu/ros2_foxy/install/rcpputils:/home/ubuntu/ros2_foxy/install/rcl_logging_noop:/home/ubuntu/ros2_foxy/install/rcl_logging_log4cxx:/home/ubuntu/ros2_foxy/install/rcutils:/home/ubuntu/ros2_foxy/install/rcl_yaml_param_parser:/home/ubuntu/ros2_foxy/install/qt_gui_py_common:/home/ubuntu/ros2_foxy/install/qt_dotgraph:/home/ubuntu/ros2_foxy/install/python_qt_binding:/home/ubuntu/ros2_foxy/install/launch_testing_ament_cmake:/home/ubuntu/ros2_foxy/install/python_cmake_module:/home/ubuntu/ros2_foxy/install/performance_test_fixture:/home/ubuntu/ros2_foxy/install/osrf_testing_tools_cpp:/home/ubuntu/ros2_foxy/install/orocos_kdl:/home/ubuntu/ros2_foxy/install/mimick_vendor:/home/ubuntu/ros2_foxy/install/message_filters:/home/ubuntu/ros2_foxy/install/libyaml_vendor:/home/ubuntu/ros2_foxy/install/libcurl_vendor:/home/ubuntu/ros2_foxy/install/ament_cmake_ros:/home/ubuntu/ros2_foxy/install/ament_cmake_gmock:/home/ubuntu/ros2_foxy/install/gmock_vendor:/home/ubuntu/ros2_foxy/install/ament_cmake_gtest:/home/ubuntu/ros2_foxy/install/gtest_vendor:/home/ubuntu/ros2_foxy/install/ament_cmake_google_benchmark:/home/ubuntu/ros2_foxy/install/google_benchmark_vendor:/home/ubuntu/ros2_foxy/install/fastrtps:/home/ubuntu/ros2_foxy/install/foonathan_memory_vendor:/home/ubuntu/ros2_foxy/install/fastrtps_cmake_module:/home/ubuntu/ros2_foxy/install/fastcdr:/home/ubuntu/ros2_foxy/install/eigen3_cmake_module:/home/ubuntu/ros2_foxy/install/cyclonedds:/home/ubuntu/ros2_foxy/install/console_bridge_vendor:/home/ubuntu/ros2_foxy/install/connext_cmake_module:/home/ubuntu/ros2_foxy/install/ament_cmake_xmllint:/home/ubuntu/ros2_foxy/install/ament_cmake_pyflakes:/home/ubuntu/ros2_foxy/install/ament_cmake_pycodestyle:/home/ubuntu/ros2_foxy/install/ament_cmake_pep257:/home/ubuntu/ros2_foxy/install/ament_cmake_pclint:/home/ubuntu/ros2_foxy/install/ament_lint_auto:/home/ubuntu/ros2_foxy/install/ament_cmake_auto:/home/ubuntu/ros2_foxy/install/ament_cmake:/home/ubuntu/ros2_foxy/install/ament_cmake_version:/home/ubuntu/ros2_foxy/install/ament_cmake_pytest:/home/ubuntu/ros2_foxy/install/ament_cmake_nose:/home/ubuntu/ros2_foxy/install/ament_cmake_mypy:/home/ubuntu/ros2_foxy/install/ament_cmake_lint_cmake:/home/ubuntu/ros2_foxy/install/ament_cmake_flake8:/home/ubuntu/ros2_foxy/install/ament_cmake_cpplint:/home/ubuntu/ros2_foxy/install/ament_cmake_cppcheck:/home/ubuntu/ros2_foxy/install/ament_cmake_copyright:/home/ubuntu/ros2_foxy/install/ament_cmake_clang_tidy:/home/ubuntu/ros2_foxy/install/ament_cmake_clang_format:/home/ubuntu/ros2_foxy/install/ament_cmake_test:/home/ubuntu/ros2_foxy/install/ament_cmake_target_dependencies:/home/ubuntu/ros2_foxy/install/ament_cmake_python:/home/ubuntu/ros2_foxy/install/ament_cmake_export_dependencies:/home/ubuntu/ros2_foxy/install/ament_cmake_libraries:/home/ubuntu/ros2_foxy/install/ament_cmake_include_directories:/home/ubuntu/ros2_foxy/install/ament_cmake_export_targets:/home/ubuntu/ros2_foxy/install/ament_cmake_export_link_flags:/home/ubuntu/ros2_foxy/install/ament_cmake_export_interfaces:/home/ubuntu/ros2_foxy/install/ament_cmake_export_libraries:/home/ubuntu/ros2_foxy/install/ament_cmake_export_include_directories:/home/ubuntu/ros2_foxy/install/ament_cmake_export_definitions:/home/ubuntu/ros2_foxy/install/ament_cmake_core:/home/ubuntu/ros2_foxy/install/ament_index_cpp PYTHONPATH=/home/ubuntu/ros2_ws/build/weeding_robot/prefix_override:/home/ubuntu/ros2_ws/install/weeding_robot/lib/python3.8/site-packages:${PYTHONPATH} /usr/bin/python3 setup.py develop --editable --build-directory /home/ubuntu/ros2_ws/build/weeding_robot/build --no-deps install_data
[40.146s] Level 1:colcon.colcon_core.shell:create_environment_hook('weeding_robot', 'pythonpath_develop')
[40.148s] DEBUG:colcon.colcon_core.event_handler.log_command:Invoked command in '/home/ubuntu/ros2_ws/build/weeding_robot' returned '0': CMAKE_PREFIX_PATH=/home/ubuntu/ros2_ws/install/pigpio:/home/ubuntu/ros2_ws/install/my_robot_bringup:/home/ubuntu/ros2_ws/install/turtlesim_project_cpp:/home/ubuntu/ros2_ws/install/my_cpp_pkg:/home/ubuntu/ros2_ws/install/my_robot_interfaces:/home/ubuntu/ros2_foxy/install/rosbag2:/home/ubuntu/ros2_foxy/install/rosbag2_transport:/home/ubuntu/ros2_foxy/install/rosbag2_compression:/home/ubuntu/ros2_foxy/install/zstd_vendor:/home/ubuntu/ros2_foxy/install/rviz_visual_testing_framework:/home/ubuntu/ros2_foxy/install/rviz2:/home/ubuntu/ros2_foxy/install/rviz_default_plugins:/home/ubuntu/ros2_foxy/install/rviz_common:/home/ubuntu/ros2_foxy/install/rosbag2_storage_default_plugins:/home/ubuntu/ros2_foxy/install/rosbag2_converter_default_plugins:/home/ubuntu/ros2_foxy/install/bag_recorder_nodes:/home/ubuntu/ros2_foxy/install/rosbag2_cpp:/home/ubuntu/ros2_foxy/install/rosbag2_storage:/home/ubuntu/ros2_foxy/install/yaml_cpp_vendor:/home/ubuntu/ros2_foxy/install/ros1_bridge:/home/ubuntu/ros2_foxy/install/interactive_markers:/home/ubuntu/ros2_foxy/install/common_interfaces:/home/ubuntu/ros2_foxy/install/visualization_msgs:/home/ubuntu/ros2_foxy/install/dummy_robot_bringup:/home/ubuntu/ros2_foxy/install/robot_state_publisher:/home/ubuntu/ros2_foxy/install/kdl_parser:/home/ubuntu/ros2_foxy/install/urdf:/home/ubuntu/ros2_foxy/install/urdfdom:/home/ubuntu/ros2_foxy/install/urdfdom_headers:/home/ubuntu/ros2_foxy/install/turtlesim:/home/ubuntu/ros2_foxy/install/geometry2:/home/ubuntu/ros2_foxy/install/tf2_tools:/home/ubuntu/ros2_foxy/install/tf2_sensor_msgs:/home/ubuntu/ros2_foxy/install/test_tf2:/home/ubuntu/ros2_foxy/install/tf2_kdl:/home/ubuntu/ros2_foxy/install/tf2_geometry_msgs:/home/ubuntu/ros2_foxy/install/tf2_eigen:/home/ubuntu/ros2_foxy/install/tf2_bullet:/home/ubuntu/ros2_foxy/install/tf2_ros:/home/ubuntu/ros2_foxy/install/tf2_py:/home/ubuntu/ros2_foxy/install/tf2_msgs:/home/ubuntu/ros2_foxy/install/test_msgs:/home/ubuntu/ros2_foxy/install/sros2_cmake:/home/ubuntu/ros2_foxy/install/ros2cli_common_extensions:/home/ubuntu/ros2_foxy/install/rqt_py_common:/home/ubuntu/ros2_foxy/install/ros_testing:/home/ubuntu/ros2_foxy/install/quality_of_service_demo_cpp:/home/ubuntu/ros2_foxy/install/demo_nodes_cpp:/home/ubuntu/ros2_foxy/install/composition:/home/ubuntu/ros2_foxy/install/rclpy:/home/ubuntu/ros2_foxy/install/examples_rclcpp_minimal_action_server:/home/ubuntu/ros2_foxy/install/examples_rclcpp_minimal_action_client:/home/ubuntu/ros2_foxy/install/action_tutorials_cpp:/home/ubuntu/ros2_foxy/install/rclcpp_action:/home/ubuntu/ros2_foxy/install/rcl_action:/home/ubuntu/ros2_foxy/install/move_base_msgs:/home/ubuntu/ros2_foxy/install/examples_rclcpp_minimal_service:/home/ubuntu/ros2_foxy/install/examples_rclcpp_minimal_client:/home/ubuntu/ros2_foxy/install/example_interfaces:/home/ubuntu/ros2_foxy/install/action_tutorials_interfaces:/home/ubuntu/ros2_foxy/install/action_msgs:/home/ubuntu/ros2_foxy/install/unique_identifier_msgs:/home/ubuntu/ros2_foxy/install/ament_lint_common:/home/ubuntu/ros2_foxy/install/ament_cmake_uncrustify:/home/ubuntu/ros2_foxy/install/uncrustify_vendor:/home/ubuntu/ros2_foxy/install/trajectory_msgs:/home/ubuntu/ros2_foxy/install/tracetools_test:/home/ubuntu/ros2_foxy/install/pendulum_control:/home/ubuntu/ros2_foxy/install/tlsf_cpp:/home/ubuntu/ros2_foxy/install/rqt_gui_cpp:/home/ubuntu/ros2_foxy/install/rosbag2_test_common:/home/ubuntu/ros2_foxy/install/ros2lifecycle_test_fixtures:/home/ubuntu/ros2_foxy/install/lifecycle:/home/ubuntu/ros2_foxy/install/rclcpp_lifecycle:/home/ubuntu/ros2_foxy/install/logging_demo:/home/ubuntu/ros2_foxy/install/image_tools:/home/ubuntu/ros2_foxy/install/examples_rclcpp_minimal_composition:/home/ubuntu/ros2_foxy/install/demo_nodes_cpp_native:/home/ubuntu/ros2_foxy/install/rclcpp_components:/home/ubuntu/ros2_foxy/install/laser_geometry:/home/ubuntu/ros2_foxy/install/intra_process_demo:/home/ubuntu/ros2_foxy/install/examples_rclcpp_multithreaded_executor:/home/ubuntu/ros2_foxy/install/examples_rclcpp_minimal_timer:/home/ubuntu/ros2_foxy/install/examples_rclcpp_minimal_subscriber:/home/ubuntu/ros2_foxy/install/examples_rclcpp_minimal_publisher:/home/ubuntu/ros2_foxy/install/dummy_sensors:/home/ubuntu/ros2_foxy/install/dummy_map_server:/home/ubuntu/ros2_foxy/install/rclcpp:/home/ubuntu/ros2_foxy/install/rcl_lifecycle:/home/ubuntu/ros2_foxy/install/libstatistics_collector:/home/ubuntu/ros2_foxy/install/rcl:/home/ubuntu/ros2_foxy/install/tracetools:/home/ubuntu/ros2_foxy/install/tlsf:/home/ubuntu/ros2_foxy/install/tinyxml_vendor:/home/ubuntu/ros2_foxy/install/qt_gui_core:/home/ubuntu/ros2_foxy/install/qt_gui_cpp:/home/ubuntu/ros2_foxy/install/pluginlib:/home/ubuntu/ros2_foxy/install/tinyxml2_vendor:/home/ubuntu/ros2_foxy/install/tf2_eigen_kdl:/home/ubuntu/ros2_foxy/install/tf2:/home/ubuntu/ros2_foxy/install/test_security:/home/ubuntu/ros2_foxy/install/test_rmw_implementation:/home/ubuntu/ros2_foxy/install/test_rclcpp:/home/ubuntu/ros2_foxy/install/test_quality_of_service:/home/ubuntu/ros2_foxy/install/test_launch_testing:/home/ubuntu/ros2_foxy/install/test_interface_files:/home/ubuntu/ros2_foxy/install/test_communication:/home/ubuntu/ros2_foxy/install/test_cli_remapping:/home/ubuntu/ros2_foxy/install/test_cli:/home/ubuntu/ros2_foxy/install/qt_gui_app:/home/ubuntu/ros2_foxy/install/qt_gui:/home/ubuntu/ros2_foxy/install/tango_icons_vendor:/home/ubuntu/ros2_foxy/install/stereo_msgs:/home/ubuntu/ros2_foxy/install/std_srvs:/home/ubuntu/ros2_foxy/install/shape_msgs:/home/ubuntu/ros2_foxy/install/map_msgs:/home/ubuntu/ros2_foxy/install/sensor_msgs:/home/ubuntu/ros2_foxy/install/nav_msgs:/home/ubuntu/ros2_foxy/install/diagnostic_msgs:/home/ubuntu/ros2_foxy/install/geometry_msgs:/home/ubuntu/ros2_foxy/install/actionlib_msgs:/home/ubuntu/ros2_foxy/install/std_msgs:/home/ubuntu/ros2_foxy/install/statistics_msgs:/home/ubuntu/ros2_foxy/install/sqlite3_vendor:/home/ubuntu/ros2_foxy/install/rcl_logging_spdlog:/home/ubuntu/ros2_foxy/install/spdlog_vendor:/home/ubuntu/ros2_foxy/install/shared_queues_vendor:/home/ubuntu/ros2_foxy/install/rviz_rendering_tests:/home/ubuntu/ros2_foxy/install/rviz_rendering:/home/ubuntu/ros2_foxy/install/rviz_ogre_vendor:/home/ubuntu/ros2_foxy/install/rviz_assimp_vendor:/home/ubuntu/ros2_foxy/install/rttest:/home/ubuntu/ros2_foxy/install/rosgraph_msgs:/home/ubuntu/ros2_foxy/install/rmw_implementation:/home/ubuntu/ros2_foxy/install/rmw_fastrtps_dynamic_cpp:/home/ubuntu/ros2_foxy/install/rmw_fastrtps_cpp:/home/ubuntu/ros2_foxy/install/rmw_fastrtps_shared_cpp:/home/ubuntu/ros2_foxy/install/rmw_cyclonedds_cpp:/home/ubuntu/ros2_foxy/install/rmw_dds_common:/home/ubuntu/ros2_foxy/install/composition_interfaces:/home/ubuntu/ros2_foxy/install/rcl_interfaces:/home/ubuntu/ros2_foxy/install/pendulum_msgs:/home/ubuntu/ros2_foxy/install/lifecycle_msgs:/home/ubuntu/ros2_foxy/install/builtin_interfaces:/home/ubuntu/ros2_foxy/install/rosidl_default_runtime:/home/ubuntu/ros2_foxy/install/rosidl_default_generators:/home/ubuntu/ros2_foxy/install/rosidl_generator_py:/home/ubuntu/ros2_foxy/install/rosidl_typesupport_cpp:/home/ubuntu/ros2_foxy/install/rosidl_typesupport_introspection_cpp:/home/ubuntu/ros2_foxy/install/rosidl_typesupport_c:/home/ubuntu/ros2_foxy/install/rosidl_typesupport_introspection_c:/home/ubuntu/ros2_foxy/install/rosidl_typesupport_fastrtps_c:/home/ubuntu/ros2_foxy/install/rosidl_typesupport_fastrtps_cpp:/home/ubuntu/ros2_foxy/install/rmw_connext_cpp:/home/ubuntu/ros2_foxy/install/rosidl_typesupport_connext_c:/home/ubuntu/ros2_foxy/install/rosidl_typesupport_connext_cpp:/home/ubuntu/ros2_foxy/install/rmw:/home/ubuntu/ros2_foxy/install/rosidl_runtime_c:/home/ubuntu/ros2_foxy/install/rosidl_generator_cpp:/home/ubuntu/ros2_foxy/install/rosidl_generator_c:/home/ubuntu/ros2_foxy/install/rosidl_typesupport_interface:/home/ubuntu/ros2_foxy/install/rosidl_runtime_cpp:/home/ubuntu/ros2_foxy/install/rosidl_generator_dds_idl:/home/ubuntu/ros2_foxy/install/rosidl_cmake:/home/ubuntu/ros2_foxy/install/rosidl_parser:/home/ubuntu/ros2_foxy/install/rosidl_adapter:/home/ubuntu/ros2_foxy/install/rosbag2_tests:/home/ubuntu/ros2_foxy/install/ros_environment:/home/ubuntu/ros2_foxy/install/rmw_implementation_cmake:/home/ubuntu/ros2_foxy/install/rmw_connext_shared_cpp:/home/ubuntu/ros2_foxy/install/resource_retriever:/home/ubuntu/ros2_foxy/install/class_loader:/home/ubuntu/ros2_foxy/install/rcpputils:/home/ubuntu/ros2_foxy/install/rcl_logging_noop:/home/ubuntu/ros2_foxy/install/rcl_logging_log4cxx:/home/ubuntu/ros2_foxy/install/rcutils:/home/ubuntu/ros2_foxy/install/rcl_yaml_param_parser:/home/ubuntu/ros2_foxy/install/qt_gui_py_common:/home/ubuntu/ros2_foxy/install/qt_dotgraph:/home/ubuntu/ros2_foxy/install/python_qt_binding:/home/ubuntu/ros2_foxy/install/launch_testing_ament_cmake:/home/ubuntu/ros2_foxy/install/python_cmake_module:/home/ubuntu/ros2_foxy/install/performance_test_fixture:/home/ubuntu/ros2_foxy/install/osrf_testing_tools_cpp:/home/ubuntu/ros2_foxy/install/orocos_kdl:/home/ubuntu/ros2_foxy/install/mimick_vendor:/home/ubuntu/ros2_foxy/install/message_filters:/home/ubuntu/ros2_foxy/install/libyaml_vendor:/home/ubuntu/ros2_foxy/install/libcurl_vendor:/home/ubuntu/ros2_foxy/install/ament_cmake_ros:/home/ubuntu/ros2_foxy/install/ament_cmake_gmock:/home/ubuntu/ros2_foxy/install/gmock_vendor:/home/ubuntu/ros2_foxy/install/ament_cmake_gtest:/home/ubuntu/ros2_foxy/install/gtest_vendor:/home/ubuntu/ros2_foxy/install/ament_cmake_google_benchmark:/home/ubuntu/ros2_foxy/install/google_benchmark_vendor:/home/ubuntu/ros2_foxy/install/fastrtps:/home/ubuntu/ros2_foxy/install/foonathan_memory_vendor:/home/ubuntu/ros2_foxy/install/fastrtps_cmake_module:/home/ubuntu/ros2_foxy/install/fastcdr:/home/ubuntu/ros2_foxy/install/eigen3_cmake_module:/home/ubuntu/ros2_foxy/install/cyclonedds:/home/ubuntu/ros2_foxy/install/console_bridge_vendor:/home/ubuntu/ros2_foxy/install/connext_cmake_module:/home/ubuntu/ros2_foxy/install/ament_cmake_xmllint:/home/ubuntu/ros2_foxy/install/ament_cmake_pyflakes:/home/ubuntu/ros2_foxy/install/ament_cmake_pycodestyle:/home/ubuntu/ros2_foxy/install/ament_cmake_pep257:/home/ubuntu/ros2_foxy/install/ament_cmake_pclint:/home/ubuntu/ros2_foxy/install/ament_lint_auto:/home/ubuntu/ros2_foxy/install/ament_cmake_auto:/home/ubuntu/ros2_foxy/install/ament_cmake:/home/ubuntu/ros2_foxy/install/ament_cmake_version:/home/ubuntu/ros2_foxy/install/ament_cmake_pytest:/home/ubuntu/ros2_foxy/install/ament_cmake_nose:/home/ubuntu/ros2_foxy/install/ament_cmake_mypy:/home/ubuntu/ros2_foxy/install/ament_cmake_lint_cmake:/home/ubuntu/ros2_foxy/install/ament_cmake_flake8:/home/ubuntu/ros2_foxy/install/ament_cmake_cpplint:/home/ubuntu/ros2_foxy/install/ament_cmake_cppcheck:/home/ubuntu/ros2_foxy/install/ament_cmake_copyright:/home/ubuntu/ros2_foxy/install/ament_cmake_clang_tidy:/home/ubuntu/ros2_foxy/install/ament_cmake_clang_format:/home/ubuntu/ros2_foxy/install/ament_cmake_test:/home/ubuntu/ros2_foxy/install/ament_cmake_target_dependencies:/home/ubuntu/ros2_foxy/install/ament_cmake_python:/home/ubuntu/ros2_foxy/install/ament_cmake_export_dependencies:/home/ubuntu/ros2_foxy/install/ament_cmake_libraries:/home/ubuntu/ros2_foxy/install/ament_cmake_include_directories:/home/ubuntu/ros2_foxy/install/ament_cmake_export_targets:/home/ubuntu/ros2_foxy/install/ament_cmake_export_link_flags:/home/ubuntu/ros2_foxy/install/ament_cmake_export_interfaces:/home/ubuntu/ros2_foxy/install/ament_cmake_export_libraries:/home/ubuntu/ros2_foxy/install/ament_cmake_export_include_directories:/home/ubuntu/ros2_foxy/install/ament_cmake_export_definitions:/home/ubuntu/ros2_foxy/install/ament_cmake_core:/home/ubuntu/ros2_foxy/install/ament_index_cpp PYTHONPATH=/home/ubuntu/ros2_ws/build/weeding_robot/prefix_override:/home/ubuntu/ros2_ws/install/weeding_robot/lib/python3.8/site-packages:${PYTHONPATH} /usr/bin/python3 setup.py develop --editable --build-directory /home/ubuntu/ros2_ws/build/weeding_robot/build --no-deps install_data
[40.374s] INFO:colcon.colcon_core.shell:Creating environment hook '/home/ubuntu/ros2_ws/build/weeding_robot/share/weeding_robot/hook/pythonpath_develop.ps1'
[40.376s] INFO:colcon.colcon_core.shell:Creating environment descriptor '/home/ubuntu/ros2_ws/build/weeding_robot/share/weeding_robot/hook/pythonpath_develop.dsv'
[40.378s] INFO:colcon.colcon_core.shell:Creating environment hook '/home/ubuntu/ros2_ws/build/weeding_robot/share/weeding_robot/hook/pythonpath_develop.sh'
[40.646s] Level 1:colcon.colcon_core.environment:checking '/home/ubuntu/ros2_ws/install/weeding_robot' for CMake module files
[40.648s] Level 1:colcon.colcon_core.environment:checking '/home/ubuntu/ros2_ws/install/weeding_robot' for CMake config files
[40.652s] Level 1:colcon.colcon_core.environment:checking '/home/ubuntu/ros2_ws/install/weeding_robot/lib'
[40.653s] Level 1:colcon.colcon_core.environment:checking '/home/ubuntu/ros2_ws/install/weeding_robot/bin'
[40.653s] Level 1:colcon.colcon_core.environment:checking '/home/ubuntu/ros2_ws/install/weeding_robot/lib/pkgconfig/weeding_robot.pc'
[40.654s] Level 1:colcon.colcon_core.environment:checking '/home/ubuntu/ros2_ws/install/weeding_robot/lib/python3.8/site-packages'
[40.654s] Level 1:colcon.colcon_core.shell:create_environment_hook('weeding_robot', 'pythonpath')
[40.923s] INFO:colcon.colcon_core.shell:Creating environment hook '/home/ubuntu/ros2_ws/install/weeding_robot/share/weeding_robot/hook/pythonpath.ps1'
[40.925s] INFO:colcon.colcon_core.shell:Creating environment descriptor '/home/ubuntu/ros2_ws/install/weeding_robot/share/weeding_robot/hook/pythonpath.dsv'
[40.927s] INFO:colcon.colcon_core.shell:Creating environment hook '/home/ubuntu/ros2_ws/install/weeding_robot/share/weeding_robot/hook/pythonpath.sh'
[40.929s] Level 1:colcon.colcon_core.environment:checking '/home/ubuntu/ros2_ws/install/weeding_robot/bin'
[40.930s] Level 1:colcon.colcon_core.environment:create_environment_scripts_only(weeding_robot)
[41.152s] INFO:colcon.colcon_core.shell:Creating package script '/home/ubuntu/ros2_ws/install/weeding_robot/share/weeding_robot/package.ps1'
[41.157s] INFO:colcon.colcon_core.shell:Creating package descriptor '/home/ubuntu/ros2_ws/install/weeding_robot/share/weeding_robot/package.dsv'
[41.160s] INFO:colcon.colcon_core.shell:Creating package script '/home/ubuntu/ros2_ws/install/weeding_robot/share/weeding_robot/package.sh'
[41.164s] INFO:colcon.colcon_core.shell:Creating package script '/home/ubuntu/ros2_ws/install/weeding_robot/share/weeding_robot/package.bash'
[41.168s] INFO:colcon.colcon_core.shell:Creating package script '/home/ubuntu/ros2_ws/install/weeding_robot/share/weeding_robot/package.zsh'
[41.171s] Level 1:colcon.colcon_core.environment:create_file_with_runtime_dependencies(/home/ubuntu/ros2_ws/install/weeding_robot/share/colcon-core/packages/weeding_robot)
[41.173s] DEBUG:colcon.colcon_parallel_executor.executor.parallel:closing loop
[41.174s] DEBUG:colcon.colcon_parallel_executor.executor.parallel:loop closed
[41.174s] DEBUG:colcon.colcon_parallel_executor.executor.parallel:run_until_complete finished with '0'
[41.175s] DEBUG:colcon.colcon_core.event_reactor:joining thread
[41.466s] INFO:colcon.colcon_core.plugin_system:Skipping extension 'colcon_notification.desktop_notification.terminal_notifier': Not used on non-Darwin systems
[41.466s] INFO:colcon.colcon_core.plugin_system:Skipping extension 'colcon_notification.desktop_notification.win32': Not used on non-Windows systems
[41.466s] INFO:colcon.colcon_notification.desktop_notification:Sending desktop notification using 'notify2'
[41.541s] DEBUG:colcon.colcon_core.event_reactor:joined thread
[41.820s] INFO:colcon.colcon_core.shell:Creating prefix script '/home/ubuntu/ros2_ws/install/local_setup.ps1'
[41.824s] INFO:colcon.colcon_core.shell:Creating prefix util module '/home/ubuntu/ros2_ws/install/_local_setup_util_ps1.py'
[41.830s] INFO:colcon.colcon_core.shell:Creating prefix chain script '/home/ubuntu/ros2_ws/install/setup.ps1'
[42.117s] INFO:colcon.colcon_core.shell:Creating prefix script '/home/ubuntu/ros2_ws/install/local_setup.sh'
[42.120s] INFO:colcon.colcon_core.shell:Creating prefix util module '/home/ubuntu/ros2_ws/install/_local_setup_util_sh.py'
[42.122s] INFO:colcon.colcon_core.shell:Creating prefix chain script '/home/ubuntu/ros2_ws/install/setup.sh'
[42.458s] INFO:colcon.colcon_core.shell:Creating prefix script '/home/ubuntu/ros2_ws/install/local_setup.bash'
[42.462s] INFO:colcon.colcon_core.shell:Creating prefix chain script '/home/ubuntu/ros2_ws/install/setup.bash'
[42.773s] INFO:colcon.colcon_core.shell:Creating prefix script '/home/ubuntu/ros2_ws/install/local_setup.zsh'
[42.776s] INFO:colcon.colcon_core.shell:Creating prefix chain script '/home/ubuntu/ros2_ws/install/setup.zsh'
