[15.229s] DEBUG:colcon:Command line arguments: ['/usr/bin/colcon', 'build', '--packages-select', 'weeding_robot', '--symlink-install']
[15.230s] DEBUG:colcon:Parsed command line arguments: Namespace(allow_overriding=[], ament_cmake_args=None, base_paths=['.'], build_base='build', catkin_cmake_args=None, catkin_skip_building_tests=False, cmake_args=None, cmake_clean_cache=False, cmake_clean_first=False, cmake_force_configure=False, cmake_target=None, cmake_target_skip_unavailable=False, continue_on_error=False, event_handlers=None, executor='parallel', ignore_user_meta=False, install_base='install', log_base=None, log_level=None, main=<bound method BuildVerb.main of <colcon_core.verb.build.BuildVerb object at 0xffffbad14610>>, merge_install=False, metas=['./colcon.meta'], packages_above=None, packages_above_and_dependencies=None, packages_above_depth=None, packages_end=None, packages_ignore=None, packages_ignore_regex=None, packages_select=['weeding_robot'], packages_select_build_failed=False, packages_select_by_dep=None, packages_select_regex=None, packages_select_test_failures=False, packages_skip=None, packages_skip_build_finished=False, packages_skip_by_dep=None, packages_skip_regex=None, packages_skip_test_passed=False, packages_skip_up_to=None, packages_start=None, packages_up_to=None, packages_up_to_regex=None, parallel_workers=4, paths=None, symlink_install=True, test_result_base=None, verb_extension=<colcon_core.verb.build.BuildVerb object at 0xffffbad14610>, verb_name='build', verb_parser=<colcon_defaults.argument_parser.defaults.DefaultArgumentsDecorator object at 0xffffbad16e20>)
[15.964s] Level 1:colcon.colcon_core.package_discovery:discover_packages(colcon_meta) check parameters
[15.965s] Level 1:colcon.colcon_core.package_discovery:discover_packages(recursive) check parameters
[15.965s] Level 1:colcon.colcon_core.package_discovery:discover_packages(ignore) check parameters
[15.965s] Level 1:colcon.colcon_core.package_discovery:discover_packages(path) check parameters
[15.966s] Level 1:colcon.colcon_core.package_discovery:discover_packages(colcon_meta) discover
[15.966s] Level 1:colcon.colcon_core.package_discovery:discover_packages(recursive) discover
[15.966s] INFO:colcon.colcon_core.package_discovery:Crawling recursively for packages in '/home/ubuntu/ros2_ws'
[15.967s] Level 1:colcon.colcon_core.package_identification:_identify(.) by extensions ['ignore', 'ignore_ament_install']
[15.967s] Level 1:colcon.colcon_core.package_identification:_identify(.) by extension 'ignore'
[15.967s] Level 1:colcon.colcon_core.package_identification:_identify(.) by extension 'ignore_ament_install'
[15.968s] Level 1:colcon.colcon_core.package_identification:_identify(.) by extensions ['colcon_pkg']
[15.968s] Level 1:colcon.colcon_core.package_identification:_identify(.) by extension 'colcon_pkg'
[15.968s] Level 1:colcon.colcon_core.package_identification:_identify(.) by extensions ['colcon_meta']
[15.968s] Level 1:colcon.colcon_core.package_identification:_identify(.) by extension 'colcon_meta'
[15.968s] Level 1:colcon.colcon_core.package_identification:_identify(.) by extensions ['ros']
[15.968s] Level 1:colcon.colcon_core.package_identification:_identify(.) by extension 'ros'
[16.048s] Level 1:colcon.colcon_core.package_identification:_identify(.) by extensions ['cmake', 'python']
[16.049s] Level 1:colcon.colcon_core.package_identification:_identify(.) by extension 'cmake'
[16.049s] Level 1:colcon.colcon_core.package_identification:_identify(.) by extension 'python'
[16.049s] Level 1:colcon.colcon_core.package_identification:_identify(.) by extensions ['python_setup_py']
[16.049s] Level 1:colcon.colcon_core.package_identification:_identify(.) by extension 'python_setup_py'
[16.050s] Level 1:colcon.colcon_core.package_identification:_identify(__pycache__) by extensions ['ignore', 'ignore_ament_install']
[16.050s] Level 1:colcon.colcon_core.package_identification:_identify(__pycache__) by extension 'ignore'
[16.050s] Level 1:colcon.colcon_core.package_identification:_identify(__pycache__) by extension 'ignore_ament_install'
[16.051s] Level 1:colcon.colcon_core.package_identification:_identify(__pycache__) by extensions ['colcon_pkg']
[16.051s] Level 1:colcon.colcon_core.package_identification:_identify(__pycache__) by extension 'colcon_pkg'
[16.051s] Level 1:colcon.colcon_core.package_identification:_identify(__pycache__) by extensions ['colcon_meta']
[16.051s] Level 1:colcon.colcon_core.package_identification:_identify(__pycache__) by extension 'colcon_meta'
[16.052s] Level 1:colcon.colcon_core.package_identification:_identify(__pycache__) by extensions ['ros']
[16.052s] Level 1:colcon.colcon_core.package_identification:_identify(__pycache__) by extension 'ros'
[16.053s] Level 1:colcon.colcon_core.package_identification:_identify(__pycache__) by extensions ['cmake', 'python']
[16.053s] Level 1:colcon.colcon_core.package_identification:_identify(__pycache__) by extension 'cmake'
[16.053s] Level 1:colcon.colcon_core.package_identification:_identify(__pycache__) by extension 'python'
[16.054s] Level 1:colcon.colcon_core.package_identification:_identify(__pycache__) by extensions ['python_setup_py']
[16.054s] Level 1:colcon.colcon_core.package_identification:_identify(__pycache__) by extension 'python_setup_py'
[16.054s] Level 1:colcon.colcon_core.package_identification:_identify(build) by extensions ['ignore', 'ignore_ament_install']
[16.055s] Level 1:colcon.colcon_core.package_identification:_identify(build) by extension 'ignore'
[16.055s] Level 1:colcon.colcon_core.package_identification:_identify(build) ignored
[16.056s] Level 1:colcon.colcon_core.package_identification:_identify(install) by extensions ['ignore', 'ignore_ament_install']
[16.057s] Level 1:colcon.colcon_core.package_identification:_identify(install) by extension 'ignore'
[16.057s] Level 1:colcon.colcon_core.package_identification:_identify(install) ignored
[16.057s] Level 1:colcon.colcon_core.package_identification:_identify(log) by extensions ['ignore', 'ignore_ament_install']
[16.058s] Level 1:colcon.colcon_core.package_identification:_identify(log) by extension 'ignore'
[16.058s] Level 1:colcon.colcon_core.package_identification:_identify(log) ignored
[16.059s] Level 1:colcon.colcon_core.package_identification:_identify(pigpio-master) by extensions ['ignore', 'ignore_ament_install']
[16.059s] Level 1:colcon.colcon_core.package_identification:_identify(pigpio-master) by extension 'ignore'
[16.059s] Level 1:colcon.colcon_core.package_identification:_identify(pigpio-master) by extension 'ignore_ament_install'
[16.060s] Level 1:colcon.colcon_core.package_identification:_identify(pigpio-master) by extensions ['colcon_pkg']
[16.060s] Level 1:colcon.colcon_core.package_identification:_identify(pigpio-master) by extension 'colcon_pkg'
[16.060s] Level 1:colcon.colcon_core.package_identification:_identify(pigpio-master) by extensions ['colcon_meta']
[16.060s] Level 1:colcon.colcon_core.package_identification:_identify(pigpio-master) by extension 'colcon_meta'
[16.060s] Level 1:colcon.colcon_core.package_identification:_identify(pigpio-master) by extensions ['ros']
[16.061s] Level 1:colcon.colcon_core.package_identification:_identify(pigpio-master) by extension 'ros'
[16.061s] Level 1:colcon.colcon_core.package_identification:_identify(pigpio-master) by extensions ['cmake', 'python']
[16.061s] Level 1:colcon.colcon_core.package_identification:_identify(pigpio-master) by extension 'cmake'
[16.078s] Level 1:colcon.colcon_core.package_identification:_identify(pigpio-master) by extension 'python'
[16.079s] DEBUG:colcon.colcon_core.package_identification:Package 'pigpio-master' with type 'cmake' and name 'pigpio'
[16.079s] Level 1:colcon.colcon_core.package_identification:_identify(src) by extensions ['ignore', 'ignore_ament_install']
[16.080s] Level 1:colcon.colcon_core.package_identification:_identify(src) by extension 'ignore'
[16.080s] Level 1:colcon.colcon_core.package_identification:_identify(src) by extension 'ignore_ament_install'
[16.080s] Level 1:colcon.colcon_core.package_identification:_identify(src) by extensions ['colcon_pkg']
[16.080s] Level 1:colcon.colcon_core.package_identification:_identify(src) by extension 'colcon_pkg'
[16.081s] Level 1:colcon.colcon_core.package_identification:_identify(src) by extensions ['colcon_meta']
[16.081s] Level 1:colcon.colcon_core.package_identification:_identify(src) by extension 'colcon_meta'
[16.081s] Level 1:colcon.colcon_core.package_identification:_identify(src) by extensions ['ros']
[16.081s] Level 1:colcon.colcon_core.package_identification:_identify(src) by extension 'ros'
[16.082s] Level 1:colcon.colcon_core.package_identification:_identify(src) by extensions ['cmake', 'python']
[16.082s] Level 1:colcon.colcon_core.package_identification:_identify(src) by extension 'cmake'
[16.082s] Level 1:colcon.colcon_core.package_identification:_identify(src) by extension 'python'
[16.082s] Level 1:colcon.colcon_core.package_identification:_identify(src) by extensions ['python_setup_py']
[16.082s] Level 1:colcon.colcon_core.package_identification:_identify(src) by extension 'python_setup_py'
[16.083s] Level 1:colcon.colcon_core.package_identification:_identify(src/my_cpp_pkg) by extensions ['ignore', 'ignore_ament_install']
[16.083s] Level 1:colcon.colcon_core.package_identification:_identify(src/my_cpp_pkg) by extension 'ignore'
[16.083s] Level 1:colcon.colcon_core.package_identification:_identify(src/my_cpp_pkg) by extension 'ignore_ament_install'
[16.084s] Level 1:colcon.colcon_core.package_identification:_identify(src/my_cpp_pkg) by extensions ['colcon_pkg']
[16.084s] Level 1:colcon.colcon_core.package_identification:_identify(src/my_cpp_pkg) by extension 'colcon_pkg'
[16.084s] Level 1:colcon.colcon_core.package_identification:_identify(src/my_cpp_pkg) by extensions ['colcon_meta']
[16.084s] Level 1:colcon.colcon_core.package_identification:_identify(src/my_cpp_pkg) by extension 'colcon_meta'
[16.084s] Level 1:colcon.colcon_core.package_identification:_identify(src/my_cpp_pkg) by extensions ['ros']
[16.085s] Level 1:colcon.colcon_core.package_identification:_identify(src/my_cpp_pkg) by extension 'ros'
[16.100s] DEBUG:colcon.colcon_core.package_identification:Package 'src/my_cpp_pkg' with type 'ros.ament_cmake' and name 'my_cpp_pkg'
[16.101s] Level 1:colcon.colcon_core.package_identification:_identify(src/my_py_pkg) by extensions ['ignore', 'ignore_ament_install']
[16.101s] Level 1:colcon.colcon_core.package_identification:_identify(src/my_py_pkg) by extension 'ignore'
[16.101s] Level 1:colcon.colcon_core.package_identification:_identify(src/my_py_pkg) by extension 'ignore_ament_install'
[16.102s] Level 1:colcon.colcon_core.package_identification:_identify(src/my_py_pkg) by extensions ['colcon_pkg']
[16.102s] Level 1:colcon.colcon_core.package_identification:_identify(src/my_py_pkg) by extension 'colcon_pkg'
[16.102s] Level 1:colcon.colcon_core.package_identification:_identify(src/my_py_pkg) by extensions ['colcon_meta']
[16.102s] Level 1:colcon.colcon_core.package_identification:_identify(src/my_py_pkg) by extension 'colcon_meta'
[16.102s] Level 1:colcon.colcon_core.package_identification:_identify(src/my_py_pkg) by extensions ['ros']
[16.103s] Level 1:colcon.colcon_core.package_identification:_identify(src/my_py_pkg) by extension 'ros'
[16.107s] DEBUG:colcon.colcon_core.package_identification:Package 'src/my_py_pkg' with type 'ros.ament_python' and name 'my_py_pkg'
[16.107s] Level 1:colcon.colcon_core.package_identification:_identify(src/my_robot_bringup) by extensions ['ignore', 'ignore_ament_install']
[16.108s] Level 1:colcon.colcon_core.package_identification:_identify(src/my_robot_bringup) by extension 'ignore'
[16.108s] Level 1:colcon.colcon_core.package_identification:_identify(src/my_robot_bringup) by extension 'ignore_ament_install'
[16.108s] Level 1:colcon.colcon_core.package_identification:_identify(src/my_robot_bringup) by extensions ['colcon_pkg']
[16.108s] Level 1:colcon.colcon_core.package_identification:_identify(src/my_robot_bringup) by extension 'colcon_pkg'
[16.109s] Level 1:colcon.colcon_core.package_identification:_identify(src/my_robot_bringup) by extensions ['colcon_meta']
[16.109s] Level 1:colcon.colcon_core.package_identification:_identify(src/my_robot_bringup) by extension 'colcon_meta'
[16.109s] Level 1:colcon.colcon_core.package_identification:_identify(src/my_robot_bringup) by extensions ['ros']
[16.109s] Level 1:colcon.colcon_core.package_identification:_identify(src/my_robot_bringup) by extension 'ros'
[16.113s] DEBUG:colcon.colcon_core.package_identification:Package 'src/my_robot_bringup' with type 'ros.ament_cmake' and name 'my_robot_bringup'
[16.113s] Level 1:colcon.colcon_core.package_identification:_identify(src/my_robot_interfaces) by extensions ['ignore', 'ignore_ament_install']
[16.114s] Level 1:colcon.colcon_core.package_identification:_identify(src/my_robot_interfaces) by extension 'ignore'
[16.114s] Level 1:colcon.colcon_core.package_identification:_identify(src/my_robot_interfaces) by extension 'ignore_ament_install'
[16.114s] Level 1:colcon.colcon_core.package_identification:_identify(src/my_robot_interfaces) by extensions ['colcon_pkg']
[16.115s] Level 1:colcon.colcon_core.package_identification:_identify(src/my_robot_interfaces) by extension 'colcon_pkg'
[16.115s] Level 1:colcon.colcon_core.package_identification:_identify(src/my_robot_interfaces) by extensions ['colcon_meta']
[16.115s] Level 1:colcon.colcon_core.package_identification:_identify(src/my_robot_interfaces) by extension 'colcon_meta'
[16.115s] Level 1:colcon.colcon_core.package_identification:_identify(src/my_robot_interfaces) by extensions ['ros']
[16.115s] Level 1:colcon.colcon_core.package_identification:_identify(src/my_robot_interfaces) by extension 'ros'
[16.118s] DEBUG:colcon.colcon_core.package_identification:Package 'src/my_robot_interfaces' with type 'ros.ament_cmake' and name 'my_robot_interfaces'
[16.119s] Level 1:colcon.colcon_core.package_identification:_identify(src/py_pubsub) by extensions ['ignore', 'ignore_ament_install']
[16.119s] Level 1:colcon.colcon_core.package_identification:_identify(src/py_pubsub) by extension 'ignore'
[16.120s] Level 1:colcon.colcon_core.package_identification:_identify(src/py_pubsub) by extension 'ignore_ament_install'
[16.120s] Level 1:colcon.colcon_core.package_identification:_identify(src/py_pubsub) by extensions ['colcon_pkg']
[16.120s] Level 1:colcon.colcon_core.package_identification:_identify(src/py_pubsub) by extension 'colcon_pkg'
[16.120s] Level 1:colcon.colcon_core.package_identification:_identify(src/py_pubsub) by extensions ['colcon_meta']
[16.121s] Level 1:colcon.colcon_core.package_identification:_identify(src/py_pubsub) by extension 'colcon_meta'
[16.121s] Level 1:colcon.colcon_core.package_identification:_identify(src/py_pubsub) by extensions ['ros']
[16.121s] Level 1:colcon.colcon_core.package_identification:_identify(src/py_pubsub) by extension 'ros'
[16.123s] DEBUG:colcon.colcon_core.package_identification:Package 'src/py_pubsub' with type 'ros.ament_python' and name 'py_pubsub'
[16.124s] Level 1:colcon.colcon_core.package_identification:_identify(src/turtlesim_catch_them_all) by extensions ['ignore', 'ignore_ament_install']
[16.125s] Level 1:colcon.colcon_core.package_identification:_identify(src/turtlesim_catch_them_all) by extension 'ignore'
[16.125s] Level 1:colcon.colcon_core.package_identification:_identify(src/turtlesim_catch_them_all) by extension 'ignore_ament_install'
[16.125s] Level 1:colcon.colcon_core.package_identification:_identify(src/turtlesim_catch_them_all) by extensions ['colcon_pkg']
[16.125s] Level 1:colcon.colcon_core.package_identification:_identify(src/turtlesim_catch_them_all) by extension 'colcon_pkg'
[16.126s] Level 1:colcon.colcon_core.package_identification:_identify(src/turtlesim_catch_them_all) by extensions ['colcon_meta']
[16.126s] Level 1:colcon.colcon_core.package_identification:_identify(src/turtlesim_catch_them_all) by extension 'colcon_meta'
[16.126s] Level 1:colcon.colcon_core.package_identification:_identify(src/turtlesim_catch_them_all) by extensions ['ros']
[16.126s] Level 1:colcon.colcon_core.package_identification:_identify(src/turtlesim_catch_them_all) by extension 'ros'
[16.130s] DEBUG:colcon.colcon_core.package_identification:Package 'src/turtlesim_catch_them_all' with type 'ros.ament_python' and name 'turtlesim_catch_them_all'
[16.130s] Level 1:colcon.colcon_core.package_identification:_identify(src/turtlesim_project_cpp) by extensions ['ignore', 'ignore_ament_install']
[16.131s] Level 1:colcon.colcon_core.package_identification:_identify(src/turtlesim_project_cpp) by extension 'ignore'
[16.131s] Level 1:colcon.colcon_core.package_identification:_identify(src/turtlesim_project_cpp) by extension 'ignore_ament_install'
[16.131s] Level 1:colcon.colcon_core.package_identification:_identify(src/turtlesim_project_cpp) by extensions ['colcon_pkg']
[16.132s] Level 1:colcon.colcon_core.package_identification:_identify(src/turtlesim_project_cpp) by extension 'colcon_pkg'
[16.132s] Level 1:colcon.colcon_core.package_identification:_identify(src/turtlesim_project_cpp) by extensions ['colcon_meta']
[16.132s] Level 1:colcon.colcon_core.package_identification:_identify(src/turtlesim_project_cpp) by extension 'colcon_meta'
[16.132s] Level 1:colcon.colcon_core.package_identification:_identify(src/turtlesim_project_cpp) by extensions ['ros']
[16.132s] Level 1:colcon.colcon_core.package_identification:_identify(src/turtlesim_project_cpp) by extension 'ros'
[16.137s] DEBUG:colcon.colcon_core.package_identification:Package 'src/turtlesim_project_cpp' with type 'ros.ament_cmake' and name 'turtlesim_project_cpp'
[16.138s] Level 1:colcon.colcon_core.package_identification:_identify(src/weeding_robot) by extensions ['ignore', 'ignore_ament_install']
[16.138s] Level 1:colcon.colcon_core.package_identification:_identify(src/weeding_robot) by extension 'ignore'
[16.138s] Level 1:colcon.colcon_core.package_identification:_identify(src/weeding_robot) by extension 'ignore_ament_install'
[16.138s] Level 1:colcon.colcon_core.package_identification:_identify(src/weeding_robot) by extensions ['colcon_pkg']
[16.139s] Level 1:colcon.colcon_core.package_identification:_identify(src/weeding_robot) by extension 'colcon_pkg'
[16.139s] Level 1:colcon.colcon_core.package_identification:_identify(src/weeding_robot) by extensions ['colcon_meta']
[16.139s] Level 1:colcon.colcon_core.package_identification:_identify(src/weeding_robot) by extension 'colcon_meta'
[16.139s] Level 1:colcon.colcon_core.package_identification:_identify(src/weeding_robot) by extensions ['ros']
[16.139s] Level 1:colcon.colcon_core.package_identification:_identify(src/weeding_robot) by extension 'ros'
[16.142s] DEBUG:colcon.colcon_core.package_identification:Package 'src/weeding_robot' with type 'ros.ament_python' and name 'weeding_robot'
[16.143s] Level 1:colcon.colcon_core.package_discovery:discover_packages(recursive) using defaults
[16.143s] Level 1:colcon.colcon_core.package_discovery:discover_packages(ignore) discover
[16.143s] Level 1:colcon.colcon_core.package_discovery:discover_packages(ignore) using defaults
[16.143s] Level 1:colcon.colcon_core.package_discovery:discover_packages(path) discover
[16.143s] Level 1:colcon.colcon_core.package_discovery:discover_packages(path) using defaults
[17.031s] INFO:colcon.colcon_core.package_selection:Skipping not selected package 'my_robot_interfaces' in 'src/my_robot_interfaces'
[17.032s] INFO:colcon.colcon_core.package_selection:Skipping not selected package 'pigpio' in 'pigpio-master'
[17.032s] INFO:colcon.colcon_core.package_selection:Skipping not selected package 'py_pubsub' in 'src/py_pubsub'
[17.032s] INFO:colcon.colcon_core.package_selection:Skipping not selected package 'my_cpp_pkg' in 'src/my_cpp_pkg'
[17.032s] INFO:colcon.colcon_core.package_selection:Skipping not selected package 'my_py_pkg' in 'src/my_py_pkg'
[17.032s] INFO:colcon.colcon_core.package_selection:Skipping not selected package 'turtlesim_catch_them_all' in 'src/turtlesim_catch_them_all'
[17.032s] INFO:colcon.colcon_core.package_selection:Skipping not selected package 'turtlesim_project_cpp' in 'src/turtlesim_project_cpp'
[17.032s] INFO:colcon.colcon_core.package_selection:Skipping not selected package 'my_robot_bringup' in 'src/my_robot_bringup'
[17.453s] Level 1:colcon.colcon_core.package_discovery:discover_packages(prefix_path) check parameters
[17.454s] Level 1:colcon.colcon_core.package_discovery:discover_packages(prefix_path) discover
[17.963s] DEBUG:colcon.colcon_installed_package_information.package_discovery:Found 9 installed packages in /home/ubuntu/ros2_ws/install
[18.255s] DEBUG:colcon.colcon_installed_package_information.package_discovery:Found 311 installed packages in /home/ubuntu/ros2_foxy/install
[18.265s] Level 1:colcon.colcon_core.package_discovery:discover_packages(prefix_path) using defaults
[19.792s] Level 5:colcon.colcon_core.verb:set package 'weeding_robot' build argument 'cmake_args' from command line to 'None'
[19.792s] Level 5:colcon.colcon_core.verb:set package 'weeding_robot' build argument 'cmake_target' from command line to 'None'
[19.792s] Level 5:colcon.colcon_core.verb:set package 'weeding_robot' build argument 'cmake_target_skip_unavailable' from command line to 'False'
[19.792s] Level 5:colcon.colcon_core.verb:set package 'weeding_robot' build argument 'cmake_clean_cache' from command line to 'False'
[19.793s] Level 5:colcon.colcon_core.verb:set package 'weeding_robot' build argument 'cmake_clean_first' from command line to 'False'
[19.793s] Level 5:colcon.colcon_core.verb:set package 'weeding_robot' build argument 'cmake_force_configure' from command line to 'False'
[19.793s] Level 5:colcon.colcon_core.verb:set package 'weeding_robot' build argument 'ament_cmake_args' from command line to 'None'
[19.793s] Level 5:colcon.colcon_core.verb:set package 'weeding_robot' build argument 'catkin_cmake_args' from command line to 'None'
[19.793s] Level 5:colcon.colcon_core.verb:set package 'weeding_robot' build argument 'catkin_skip_building_tests' from command line to 'False'
[19.793s] DEBUG:colcon.colcon_core.verb:Building package 'weeding_robot' with the following arguments: {'ament_cmake_args': None, 'build_base': '/home/ubuntu/ros2_ws/build/weeding_robot', 'catkin_cmake_args': None, 'catkin_skip_building_tests': False, 'cmake_args': None, 'cmake_clean_cache': False, 'cmake_clean_first': False, 'cmake_force_configure': False, 'cmake_target': None, 'cmake_target_skip_unavailable': False, 'install_base': '/home/ubuntu/ros2_ws/install/weeding_robot', 'merge_install': False, 'path': '/home/ubuntu/ros2_ws/src/weeding_robot', 'symlink_install': True, 'test_result_base': None}
[20.002s] INFO:colcon.colcon_core.executor:Executing jobs using 'parallel' executor
[20.227s] DEBUG:colcon.colcon_parallel_executor.executor.parallel:run_until_complete
[20.228s] INFO:colcon.colcon_ros.task.ament_python.build:Building ROS package in '/home/ubuntu/ros2_ws/src/weeding_robot' with build type 'ament_python'
[20.229s] Level 1:colcon.colcon_core.shell:create_environment_hook('weeding_robot', 'ament_prefix_path')
[20.509s] INFO:colcon.colcon_core.plugin_system:Skipping extension 'colcon_core.shell.bat': Not used on non-Windows systems
[20.510s] INFO:colcon.colcon_core.shell:Creating environment hook '/home/ubuntu/ros2_ws/install/weeding_robot/share/weeding_robot/hook/ament_prefix_path.ps1'
[20.514s] INFO:colcon.colcon_core.shell:Creating environment descriptor '/home/ubuntu/ros2_ws/install/weeding_robot/share/weeding_robot/hook/ament_prefix_path.dsv'
[20.517s] INFO:colcon.colcon_core.shell:Creating environment hook '/home/ubuntu/ros2_ws/install/weeding_robot/share/weeding_robot/hook/ament_prefix_path.sh'
[20.760s] INFO:colcon.colcon_core.shell:Skip shell extension 'powershell' for command environment: Not usable outside of PowerShell
[20.761s] DEBUG:colcon.colcon_core.shell:Skip shell extension 'dsv' for command environment
[25.854s] INFO:colcon.colcon_core.task.python.build:Building Python package in '/home/ubuntu/ros2_ws/src/weeding_robot'
[26.087s] INFO:colcon.colcon_core.shell:Skip shell extension 'powershell' for command environment: Not usable outside of PowerShell
[26.088s] DEBUG:colcon.colcon_core.shell:Skip shell extension 'dsv' for command environment
[32.788s] DEBUG:colcon.colcon_core.event_handler.log_command:Invoking command in '/home/ubuntu/ros2_ws/build/weeding_robot': CMAKE_PREFIX_PATH=/home/ubuntu/ros2_ws/install/pigpio:/home/ubuntu/ros2_ws/install/my_robot_bringup:/home/ubuntu/ros2_ws/install/turtlesim_project_cpp:/home/ubuntu/ros2_ws/install/my_cpp_pkg:/home/ubuntu/ros2_ws/install/my_robot_interfaces:/home/ubuntu/ros2_foxy/install/rosbag2:/home/ubuntu/ros2_foxy/install/rosbag2_transport:/home/ubuntu/ros2_foxy/install/rosbag2_compression:/home/ubuntu/ros2_foxy/install/zstd_vendor:/home/ubuntu/ros2_foxy/install/rviz_visual_testing_framework:/home/ubuntu/ros2_foxy/install/rviz2:/home/ubuntu/ros2_foxy/install/rviz_default_plugins:/home/ubuntu/ros2_foxy/install/rviz_common:/home/ubuntu/ros2_foxy/install/rosbag2_storage_default_plugins:/home/ubuntu/ros2_foxy/install/rosbag2_converter_default_plugins:/home/ubuntu/ros2_foxy/install/bag_recorder_nodes:/home/ubuntu/ros2_foxy/install/rosbag2_cpp:/home/ubuntu/ros2_foxy/install/rosbag2_storage:/home/ubuntu/ros2_foxy/install/yaml_cpp_vendor:/home/ubuntu/ros2_foxy/install/ros1_bridge:/home/ubuntu/ros2_foxy/install/interactive_markers:/home/ubuntu/ros2_foxy/install/common_interfaces:/home/ubuntu/ros2_foxy/install/visualization_msgs:/home/ubuntu/ros2_foxy/install/dummy_robot_bringup:/home/ubuntu/ros2_foxy/install/robot_state_publisher:/home/ubuntu/ros2_foxy/install/kdl_parser:/home/ubuntu/ros2_foxy/install/urdf:/home/ubuntu/ros2_foxy/install/urdfdom:/home/ubuntu/ros2_foxy/install/urdfdom_headers:/home/ubuntu/ros2_foxy/install/turtlesim:/home/ubuntu/ros2_foxy/install/geometry2:/home/ubuntu/ros2_foxy/install/tf2_tools:/home/ubuntu/ros2_foxy/install/tf2_sensor_msgs:/home/ubuntu/ros2_foxy/install/test_tf2:/home/ubuntu/ros2_foxy/install/tf2_kdl:/home/ubuntu/ros2_foxy/install/tf2_geometry_msgs:/home/ubuntu/ros2_foxy/install/tf2_eigen:/home/ubuntu/ros2_foxy/install/tf2_bullet:/home/ubuntu/ros2_foxy/install/tf2_ros:/home/ubuntu/ros2_foxy/install/tf2_py:/home/ubuntu/ros2_foxy/install/tf2_msgs:/home/ubuntu/ros2_foxy/install/test_msgs:/home/ubuntu/ros2_foxy/install/sros2_cmake:/home/ubuntu/ros2_foxy/install/ros2cli_common_extensions:/home/ubuntu/ros2_foxy/install/rqt_py_common:/home/ubuntu/ros2_foxy/install/ros_testing:/home/ubuntu/ros2_foxy/install/quality_of_service_demo_cpp:/home/ubuntu/ros2_foxy/install/demo_nodes_cpp:/home/ubuntu/ros2_foxy/install/composition:/home/ubuntu/ros2_foxy/install/rclpy:/home/ubuntu/ros2_foxy/install/examples_rclcpp_minimal_action_server:/home/ubuntu/ros2_foxy/install/examples_rclcpp_minimal_action_client:/home/ubuntu/ros2_foxy/install/action_tutorials_cpp:/home/ubuntu/ros2_foxy/install/rclcpp_action:/home/ubuntu/ros2_foxy/install/rcl_action:/home/ubuntu/ros2_foxy/install/move_base_msgs:/home/ubuntu/ros2_foxy/install/examples_rclcpp_minimal_service:/home/ubuntu/ros2_foxy/install/examples_rclcpp_minimal_client:/home/ubuntu/ros2_foxy/install/example_interfaces:/home/ubuntu/ros2_foxy/install/action_tutorials_interfaces:/home/ubuntu/ros2_foxy/install/action_msgs:/home/ubuntu/ros2_foxy/install/unique_identifier_msgs:/home/ubuntu/ros2_foxy/install/ament_lint_common:/home/ubuntu/ros2_foxy/install/ament_cmake_uncrustify:/home/ubuntu/ros2_foxy/install/uncrustify_vendor:/home/ubuntu/ros2_foxy/install/trajectory_msgs:/home/ubuntu/ros2_foxy/install/tracetools_test:/home/ubuntu/ros2_foxy/install/pendulum_control:/home/ubuntu/ros2_foxy/install/tlsf_cpp:/home/ubuntu/ros2_foxy/install/rqt_gui_cpp:/home/ubuntu/ros2_foxy/install/rosbag2_test_common:/home/ubuntu/ros2_foxy/install/ros2lifecycle_test_fixtures:/home/ubuntu/ros2_foxy/install/lifecycle:/home/ubuntu/ros2_foxy/install/rclcpp_lifecycle:/home/ubuntu/ros2_foxy/install/logging_demo:/home/ubuntu/ros2_foxy/install/image_tools:/home/ubuntu/ros2_foxy/install/examples_rclcpp_minimal_composition:/home/ubuntu/ros2_foxy/install/demo_nodes_cpp_native:/home/ubuntu/ros2_foxy/install/rclcpp_components:/home/ubuntu/ros2_foxy/install/laser_geometry:/home/ubuntu/ros2_foxy/install/intra_process_demo:/home/ubuntu/ros2_foxy/install/examples_rclcpp_multithreaded_executor:/home/ubuntu/ros2_foxy/install/examples_rclcpp_minimal_timer:/home/ubuntu/ros2_foxy/install/examples_rclcpp_minimal_subscriber:/home/ubuntu/ros2_foxy/install/examples_rclcpp_minimal_publisher:/home/ubuntu/ros2_foxy/install/dummy_sensors:/home/ubuntu/ros2_foxy/install/dummy_map_server:/home/ubuntu/ros2_foxy/install/rclcpp:/home/ubuntu/ros2_foxy/install/rcl_lifecycle:/home/ubuntu/ros2_foxy/install/libstatistics_collector:/home/ubuntu/ros2_foxy/install/rcl:/home/ubuntu/ros2_foxy/install/tracetools:/home/ubuntu/ros2_foxy/install/tlsf:/home/ubuntu/ros2_foxy/install/tinyxml_vendor:/home/ubuntu/ros2_foxy/install/qt_gui_core:/home/ubuntu/ros2_foxy/install/qt_gui_cpp:/home/ubuntu/ros2_foxy/install/pluginlib:/home/ubuntu/ros2_foxy/install/tinyxml2_vendor:/home/ubuntu/ros2_foxy/install/tf2_eigen_kdl:/home/ubuntu/ros2_foxy/install/tf2:/home/ubuntu/ros2_foxy/install/test_security:/home/ubuntu/ros2_foxy/install/test_rmw_implementation:/home/ubuntu/ros2_foxy/install/test_rclcpp:/home/ubuntu/ros2_foxy/install/test_quality_of_service:/home/ubuntu/ros2_foxy/install/test_launch_testing:/home/ubuntu/ros2_foxy/install/test_interface_files:/home/ubuntu/ros2_foxy/install/test_communication:/home/ubuntu/ros2_foxy/install/test_cli_remapping:/home/ubuntu/ros2_foxy/install/test_cli:/home/ubuntu/ros2_foxy/install/qt_gui_app:/home/ubuntu/ros2_foxy/install/qt_gui:/home/ubuntu/ros2_foxy/install/tango_icons_vendor:/home/ubuntu/ros2_foxy/install/stereo_msgs:/home/ubuntu/ros2_foxy/install/std_srvs:/home/ubuntu/ros2_foxy/install/shape_msgs:/home/ubuntu/ros2_foxy/install/map_msgs:/home/ubuntu/ros2_foxy/install/sensor_msgs:/home/ubuntu/ros2_foxy/install/nav_msgs:/home/ubuntu/ros2_foxy/install/diagnostic_msgs:/home/ubuntu/ros2_foxy/install/geometry_msgs:/home/ubuntu/ros2_foxy/install/actionlib_msgs:/home/ubuntu/ros2_foxy/install/std_msgs:/home/ubuntu/ros2_foxy/install/statistics_msgs:/home/ubuntu/ros2_foxy/install/sqlite3_vendor:/home/ubuntu/ros2_foxy/install/rcl_logging_spdlog:/home/ubuntu/ros2_foxy/install/spdlog_vendor:/home/ubuntu/ros2_foxy/install/shared_queues_vendor:/home/ubuntu/ros2_foxy/install/rviz_rendering_tests:/home/ubuntu/ros2_foxy/install/rviz_rendering:/home/ubuntu/ros2_foxy/install/rviz_ogre_vendor:/home/ubuntu/ros2_foxy/install/rviz_assimp_vendor:/home/ubuntu/ros2_foxy/install/rttest:/home/ubuntu/ros2_foxy/install/rosgraph_msgs:/home/ubuntu/ros2_foxy/install/rmw_implementation:/home/ubuntu/ros2_foxy/install/rmw_fastrtps_dynamic_cpp:/home/ubuntu/ros2_foxy/install/rmw_fastrtps_cpp:/home/ubuntu/ros2_foxy/install/rmw_fastrtps_shared_cpp:/home/ubuntu/ros2_foxy/install/rmw_cyclonedds_cpp:/home/ubuntu/ros2_foxy/install/rmw_dds_common:/home/ubuntu/ros2_foxy/install/composition_interfaces:/home/ubuntu/ros2_foxy/install/rcl_interfaces:/home/ubuntu/ros2_foxy/install/pendulum_msgs:/home/ubuntu/ros2_foxy/install/lifecycle_msgs:/home/ubuntu/ros2_foxy/install/builtin_interfaces:/home/ubuntu/ros2_foxy/install/rosidl_default_runtime:/home/ubuntu/ros2_foxy/install/rosidl_default_generators:/home/ubuntu/ros2_foxy/install/rosidl_generator_py:/home/ubuntu/ros2_foxy/install/rosidl_typesupport_cpp:/home/ubuntu/ros2_foxy/install/rosidl_typesupport_introspection_cpp:/home/ubuntu/ros2_foxy/install/rosidl_typesupport_c:/home/ubuntu/ros2_foxy/install/rosidl_typesupport_introspection_c:/home/ubuntu/ros2_foxy/install/rosidl_typesupport_fastrtps_c:/home/ubuntu/ros2_foxy/install/rosidl_typesupport_fastrtps_cpp:/home/ubuntu/ros2_foxy/install/rmw_connext_cpp:/home/ubuntu/ros2_foxy/install/rosidl_typesupport_connext_c:/home/ubuntu/ros2_foxy/install/rosidl_typesupport_connext_cpp:/home/ubuntu/ros2_foxy/install/rmw:/home/ubuntu/ros2_foxy/install/rosidl_runtime_c:/home/ubuntu/ros2_foxy/install/rosidl_generator_cpp:/home/ubuntu/ros2_foxy/install/rosidl_generator_c:/home/ubuntu/ros2_foxy/install/rosidl_typesupport_interface:/home/ubuntu/ros2_foxy/install/rosidl_runtime_cpp:/home/ubuntu/ros2_foxy/install/rosidl_generator_dds_idl:/home/ubuntu/ros2_foxy/install/rosidl_cmake:/home/ubuntu/ros2_foxy/install/rosidl_parser:/home/ubuntu/ros2_foxy/install/rosidl_adapter:/home/ubuntu/ros2_foxy/install/rosbag2_tests:/home/ubuntu/ros2_foxy/install/ros_environment:/home/ubuntu/ros2_foxy/install/rmw_implementation_cmake:/home/ubuntu/ros2_foxy/install/rmw_connext_shared_cpp:/home/ubuntu/ros2_foxy/install/resource_retriever:/home/ubuntu/ros2_foxy/install/class_loader:/home/ubuntu/ros2_foxy/install/rcpputils:/home/ubuntu/ros2_foxy/install/rcl_logging_noop:/home/ubuntu/ros2_foxy/install/rcl_logging_log4cxx:/home/ubuntu/ros2_foxy/install/rcutils:/home/ubuntu/ros2_foxy/install/rcl_yaml_param_parser:/home/ubuntu/ros2_foxy/install/qt_gui_py_common:/home/ubuntu/ros2_foxy/install/qt_dotgraph:/home/ubuntu/ros2_foxy/install/python_qt_binding:/home/ubuntu/ros2_foxy/install/launch_testing_ament_cmake:/home/ubuntu/ros2_foxy/install/python_cmake_module:/home/ubuntu/ros2_foxy/install/performance_test_fixture:/home/ubuntu/ros2_foxy/install/osrf_testing_tools_cpp:/home/ubuntu/ros2_foxy/install/orocos_kdl:/home/ubuntu/ros2_foxy/install/mimick_vendor:/home/ubuntu/ros2_foxy/install/message_filters:/home/ubuntu/ros2_foxy/install/libyaml_vendor:/home/ubuntu/ros2_foxy/install/libcurl_vendor:/home/ubuntu/ros2_foxy/install/ament_cmake_ros:/home/ubuntu/ros2_foxy/install/ament_cmake_gmock:/home/ubuntu/ros2_foxy/install/gmock_vendor:/home/ubuntu/ros2_foxy/install/ament_cmake_gtest:/home/ubuntu/ros2_foxy/install/gtest_vendor:/home/ubuntu/ros2_foxy/install/ament_cmake_google_benchmark:/home/ubuntu/ros2_foxy/install/google_benchmark_vendor:/home/ubuntu/ros2_foxy/install/fastrtps:/home/ubuntu/ros2_foxy/install/foonathan_memory_vendor:/home/ubuntu/ros2_foxy/install/fastrtps_cmake_module:/home/ubuntu/ros2_foxy/install/fastcdr:/home/ubuntu/ros2_foxy/install/eigen3_cmake_module:/home/ubuntu/ros2_foxy/install/cyclonedds:/home/ubuntu/ros2_foxy/install/console_bridge_vendor:/home/ubuntu/ros2_foxy/install/connext_cmake_module:/home/ubuntu/ros2_foxy/install/ament_cmake_xmllint:/home/ubuntu/ros2_foxy/install/ament_cmake_pyflakes:/home/ubuntu/ros2_foxy/install/ament_cmake_pycodestyle:/home/ubuntu/ros2_foxy/install/ament_cmake_pep257:/home/ubuntu/ros2_foxy/install/ament_cmake_pclint:/home/ubuntu/ros2_foxy/install/ament_lint_auto:/home/ubuntu/ros2_foxy/install/ament_cmake_auto:/home/ubuntu/ros2_foxy/install/ament_cmake:/home/ubuntu/ros2_foxy/install/ament_cmake_version:/home/ubuntu/ros2_foxy/install/ament_cmake_pytest:/home/ubuntu/ros2_foxy/install/ament_cmake_nose:/home/ubuntu/ros2_foxy/install/ament_cmake_mypy:/home/ubuntu/ros2_foxy/install/ament_cmake_lint_cmake:/home/ubuntu/ros2_foxy/install/ament_cmake_flake8:/home/ubuntu/ros2_foxy/install/ament_cmake_cpplint:/home/ubuntu/ros2_foxy/install/ament_cmake_cppcheck:/home/ubuntu/ros2_foxy/install/ament_cmake_copyright:/home/ubuntu/ros2_foxy/install/ament_cmake_clang_tidy:/home/ubuntu/ros2_foxy/install/ament_cmake_clang_format:/home/ubuntu/ros2_foxy/install/ament_cmake_test:/home/ubuntu/ros2_foxy/install/ament_cmake_target_dependencies:/home/ubuntu/ros2_foxy/install/ament_cmake_python:/home/ubuntu/ros2_foxy/install/ament_cmake_export_dependencies:/home/ubuntu/ros2_foxy/install/ament_cmake_libraries:/home/ubuntu/ros2_foxy/install/ament_cmake_include_directories:/home/ubuntu/ros2_foxy/install/ament_cmake_export_targets:/home/ubuntu/ros2_foxy/install/ament_cmake_export_link_flags:/home/ubuntu/ros2_foxy/install/ament_cmake_export_interfaces:/home/ubuntu/ros2_foxy/install/ament_cmake_export_libraries:/home/ubuntu/ros2_foxy/install/ament_cmake_export_include_directories:/home/ubuntu/ros2_foxy/install/ament_cmake_export_definitions:/home/ubuntu/ros2_foxy/install/ament_cmake_core:/home/ubuntu/ros2_foxy/install/ament_index_cpp PYTHONPATH=/home/ubuntu/ros2_ws/build/weeding_robot/prefix_override:/home/ubuntu/ros2_ws/install/weeding_robot/lib/python3.8/site-packages:${PYTHONPATH} /usr/bin/python3 setup.py develop --editable --build-directory /home/ubuntu/ros2_ws/build/weeding_robot/build --no-deps install_data
[38.889s] Level 1:colcon.colcon_core.shell:create_environment_hook('weeding_robot', 'pythonpath_develop')
[38.891s] DEBUG:colcon.colcon_core.event_handler.log_command:Invoked command in '/home/ubuntu/ros2_ws/build/weeding_robot' returned '0': CMAKE_PREFIX_PATH=/home/ubuntu/ros2_ws/install/pigpio:/home/ubuntu/ros2_ws/install/my_robot_bringup:/home/ubuntu/ros2_ws/install/turtlesim_project_cpp:/home/ubuntu/ros2_ws/install/my_cpp_pkg:/home/ubuntu/ros2_ws/install/my_robot_interfaces:/home/ubuntu/ros2_foxy/install/rosbag2:/home/ubuntu/ros2_foxy/install/rosbag2_transport:/home/ubuntu/ros2_foxy/install/rosbag2_compression:/home/ubuntu/ros2_foxy/install/zstd_vendor:/home/ubuntu/ros2_foxy/install/rviz_visual_testing_framework:/home/ubuntu/ros2_foxy/install/rviz2:/home/ubuntu/ros2_foxy/install/rviz_default_plugins:/home/ubuntu/ros2_foxy/install/rviz_common:/home/ubuntu/ros2_foxy/install/rosbag2_storage_default_plugins:/home/ubuntu/ros2_foxy/install/rosbag2_converter_default_plugins:/home/ubuntu/ros2_foxy/install/bag_recorder_nodes:/home/ubuntu/ros2_foxy/install/rosbag2_cpp:/home/ubuntu/ros2_foxy/install/rosbag2_storage:/home/ubuntu/ros2_foxy/install/yaml_cpp_vendor:/home/ubuntu/ros2_foxy/install/ros1_bridge:/home/ubuntu/ros2_foxy/install/interactive_markers:/home/ubuntu/ros2_foxy/install/common_interfaces:/home/ubuntu/ros2_foxy/install/visualization_msgs:/home/ubuntu/ros2_foxy/install/dummy_robot_bringup:/home/ubuntu/ros2_foxy/install/robot_state_publisher:/home/ubuntu/ros2_foxy/install/kdl_parser:/home/ubuntu/ros2_foxy/install/urdf:/home/ubuntu/ros2_foxy/install/urdfdom:/home/ubuntu/ros2_foxy/install/urdfdom_headers:/home/ubuntu/ros2_foxy/install/turtlesim:/home/ubuntu/ros2_foxy/install/geometry2:/home/ubuntu/ros2_foxy/install/tf2_tools:/home/ubuntu/ros2_foxy/install/tf2_sensor_msgs:/home/ubuntu/ros2_foxy/install/test_tf2:/home/ubuntu/ros2_foxy/install/tf2_kdl:/home/ubuntu/ros2_foxy/install/tf2_geometry_msgs:/home/ubuntu/ros2_foxy/install/tf2_eigen:/home/ubuntu/ros2_foxy/install/tf2_bullet:/home/ubuntu/ros2_foxy/install/tf2_ros:/home/ubuntu/ros2_foxy/install/tf2_py:/home/ubuntu/ros2_foxy/install/tf2_msgs:/home/ubuntu/ros2_foxy/install/test_msgs:/home/ubuntu/ros2_foxy/install/sros2_cmake:/home/ubuntu/ros2_foxy/install/ros2cli_common_extensions:/home/ubuntu/ros2_foxy/install/rqt_py_common:/home/ubuntu/ros2_foxy/install/ros_testing:/home/ubuntu/ros2_foxy/install/quality_of_service_demo_cpp:/home/ubuntu/ros2_foxy/install/demo_nodes_cpp:/home/ubuntu/ros2_foxy/install/composition:/home/ubuntu/ros2_foxy/install/rclpy:/home/ubuntu/ros2_foxy/install/examples_rclcpp_minimal_action_server:/home/ubuntu/ros2_foxy/install/examples_rclcpp_minimal_action_client:/home/ubuntu/ros2_foxy/install/action_tutorials_cpp:/home/ubuntu/ros2_foxy/install/rclcpp_action:/home/ubuntu/ros2_foxy/install/rcl_action:/home/ubuntu/ros2_foxy/install/move_base_msgs:/home/ubuntu/ros2_foxy/install/examples_rclcpp_minimal_service:/home/ubuntu/ros2_foxy/install/examples_rclcpp_minimal_client:/home/ubuntu/ros2_foxy/install/example_interfaces:/home/ubuntu/ros2_foxy/install/action_tutorials_interfaces:/home/ubuntu/ros2_foxy/install/action_msgs:/home/ubuntu/ros2_foxy/install/unique_identifier_msgs:/home/ubuntu/ros2_foxy/install/ament_lint_common:/home/ubuntu/ros2_foxy/install/ament_cmake_uncrustify:/home/ubuntu/ros2_foxy/install/uncrustify_vendor:/home/ubuntu/ros2_foxy/install/trajectory_msgs:/home/ubuntu/ros2_foxy/install/tracetools_test:/home/ubuntu/ros2_foxy/install/pendulum_control:/home/ubuntu/ros2_foxy/install/tlsf_cpp:/home/ubuntu/ros2_foxy/install/rqt_gui_cpp:/home/ubuntu/ros2_foxy/install/rosbag2_test_common:/home/ubuntu/ros2_foxy/install/ros2lifecycle_test_fixtures:/home/ubuntu/ros2_foxy/install/lifecycle:/home/ubuntu/ros2_foxy/install/rclcpp_lifecycle:/home/ubuntu/ros2_foxy/install/logging_demo:/home/ubuntu/ros2_foxy/install/image_tools:/home/ubuntu/ros2_foxy/install/examples_rclcpp_minimal_composition:/home/ubuntu/ros2_foxy/install/demo_nodes_cpp_native:/home/ubuntu/ros2_foxy/install/rclcpp_components:/home/ubuntu/ros2_foxy/install/laser_geometry:/home/ubuntu/ros2_foxy/install/intra_process_demo:/home/ubuntu/ros2_foxy/install/examples_rclcpp_multithreaded_executor:/home/ubuntu/ros2_foxy/install/examples_rclcpp_minimal_timer:/home/ubuntu/ros2_foxy/install/examples_rclcpp_minimal_subscriber:/home/ubuntu/ros2_foxy/install/examples_rclcpp_minimal_publisher:/home/ubuntu/ros2_foxy/install/dummy_sensors:/home/ubuntu/ros2_foxy/install/dummy_map_server:/home/ubuntu/ros2_foxy/install/rclcpp:/home/ubuntu/ros2_foxy/install/rcl_lifecycle:/home/ubuntu/ros2_foxy/install/libstatistics_collector:/home/ubuntu/ros2_foxy/install/rcl:/home/ubuntu/ros2_foxy/install/tracetools:/home/ubuntu/ros2_foxy/install/tlsf:/home/ubuntu/ros2_foxy/install/tinyxml_vendor:/home/ubuntu/ros2_foxy/install/qt_gui_core:/home/ubuntu/ros2_foxy/install/qt_gui_cpp:/home/ubuntu/ros2_foxy/install/pluginlib:/home/ubuntu/ros2_foxy/install/tinyxml2_vendor:/home/ubuntu/ros2_foxy/install/tf2_eigen_kdl:/home/ubuntu/ros2_foxy/install/tf2:/home/ubuntu/ros2_foxy/install/test_security:/home/ubuntu/ros2_foxy/install/test_rmw_implementation:/home/ubuntu/ros2_foxy/install/test_rclcpp:/home/ubuntu/ros2_foxy/install/test_quality_of_service:/home/ubuntu/ros2_foxy/install/test_launch_testing:/home/ubuntu/ros2_foxy/install/test_interface_files:/home/ubuntu/ros2_foxy/install/test_communication:/home/ubuntu/ros2_foxy/install/test_cli_remapping:/home/ubuntu/ros2_foxy/install/test_cli:/home/ubuntu/ros2_foxy/install/qt_gui_app:/home/ubuntu/ros2_foxy/install/qt_gui:/home/ubuntu/ros2_foxy/install/tango_icons_vendor:/home/ubuntu/ros2_foxy/install/stereo_msgs:/home/ubuntu/ros2_foxy/install/std_srvs:/home/ubuntu/ros2_foxy/install/shape_msgs:/home/ubuntu/ros2_foxy/install/map_msgs:/home/ubuntu/ros2_foxy/install/sensor_msgs:/home/ubuntu/ros2_foxy/install/nav_msgs:/home/ubuntu/ros2_foxy/install/diagnostic_msgs:/home/ubuntu/ros2_foxy/install/geometry_msgs:/home/ubuntu/ros2_foxy/install/actionlib_msgs:/home/ubuntu/ros2_foxy/install/std_msgs:/home/ubuntu/ros2_foxy/install/statistics_msgs:/home/ubuntu/ros2_foxy/install/sqlite3_vendor:/home/ubuntu/ros2_foxy/install/rcl_logging_spdlog:/home/ubuntu/ros2_foxy/install/spdlog_vendor:/home/ubuntu/ros2_foxy/install/shared_queues_vendor:/home/ubuntu/ros2_foxy/install/rviz_rendering_tests:/home/ubuntu/ros2_foxy/install/rviz_rendering:/home/ubuntu/ros2_foxy/install/rviz_ogre_vendor:/home/ubuntu/ros2_foxy/install/rviz_assimp_vendor:/home/ubuntu/ros2_foxy/install/rttest:/home/ubuntu/ros2_foxy/install/rosgraph_msgs:/home/ubuntu/ros2_foxy/install/rmw_implementation:/home/ubuntu/ros2_foxy/install/rmw_fastrtps_dynamic_cpp:/home/ubuntu/ros2_foxy/install/rmw_fastrtps_cpp:/home/ubuntu/ros2_foxy/install/rmw_fastrtps_shared_cpp:/home/ubuntu/ros2_foxy/install/rmw_cyclonedds_cpp:/home/ubuntu/ros2_foxy/install/rmw_dds_common:/home/ubuntu/ros2_foxy/install/composition_interfaces:/home/ubuntu/ros2_foxy/install/rcl_interfaces:/home/ubuntu/ros2_foxy/install/pendulum_msgs:/home/ubuntu/ros2_foxy/install/lifecycle_msgs:/home/ubuntu/ros2_foxy/install/builtin_interfaces:/home/ubuntu/ros2_foxy/install/rosidl_default_runtime:/home/ubuntu/ros2_foxy/install/rosidl_default_generators:/home/ubuntu/ros2_foxy/install/rosidl_generator_py:/home/ubuntu/ros2_foxy/install/rosidl_typesupport_cpp:/home/ubuntu/ros2_foxy/install/rosidl_typesupport_introspection_cpp:/home/ubuntu/ros2_foxy/install/rosidl_typesupport_c:/home/ubuntu/ros2_foxy/install/rosidl_typesupport_introspection_c:/home/ubuntu/ros2_foxy/install/rosidl_typesupport_fastrtps_c:/home/ubuntu/ros2_foxy/install/rosidl_typesupport_fastrtps_cpp:/home/ubuntu/ros2_foxy/install/rmw_connext_cpp:/home/ubuntu/ros2_foxy/install/rosidl_typesupport_connext_c:/home/ubuntu/ros2_foxy/install/rosidl_typesupport_connext_cpp:/home/ubuntu/ros2_foxy/install/rmw:/home/ubuntu/ros2_foxy/install/rosidl_runtime_c:/home/ubuntu/ros2_foxy/install/rosidl_generator_cpp:/home/ubuntu/ros2_foxy/install/rosidl_generator_c:/home/ubuntu/ros2_foxy/install/rosidl_typesupport_interface:/home/ubuntu/ros2_foxy/install/rosidl_runtime_cpp:/home/ubuntu/ros2_foxy/install/rosidl_generator_dds_idl:/home/ubuntu/ros2_foxy/install/rosidl_cmake:/home/ubuntu/ros2_foxy/install/rosidl_parser:/home/ubuntu/ros2_foxy/install/rosidl_adapter:/home/ubuntu/ros2_foxy/install/rosbag2_tests:/home/ubuntu/ros2_foxy/install/ros_environment:/home/ubuntu/ros2_foxy/install/rmw_implementation_cmake:/home/ubuntu/ros2_foxy/install/rmw_connext_shared_cpp:/home/ubuntu/ros2_foxy/install/resource_retriever:/home/ubuntu/ros2_foxy/install/class_loader:/home/ubuntu/ros2_foxy/install/rcpputils:/home/ubuntu/ros2_foxy/install/rcl_logging_noop:/home/ubuntu/ros2_foxy/install/rcl_logging_log4cxx:/home/ubuntu/ros2_foxy/install/rcutils:/home/ubuntu/ros2_foxy/install/rcl_yaml_param_parser:/home/ubuntu/ros2_foxy/install/qt_gui_py_common:/home/ubuntu/ros2_foxy/install/qt_dotgraph:/home/ubuntu/ros2_foxy/install/python_qt_binding:/home/ubuntu/ros2_foxy/install/launch_testing_ament_cmake:/home/ubuntu/ros2_foxy/install/python_cmake_module:/home/ubuntu/ros2_foxy/install/performance_test_fixture:/home/ubuntu/ros2_foxy/install/osrf_testing_tools_cpp:/home/ubuntu/ros2_foxy/install/orocos_kdl:/home/ubuntu/ros2_foxy/install/mimick_vendor:/home/ubuntu/ros2_foxy/install/message_filters:/home/ubuntu/ros2_foxy/install/libyaml_vendor:/home/ubuntu/ros2_foxy/install/libcurl_vendor:/home/ubuntu/ros2_foxy/install/ament_cmake_ros:/home/ubuntu/ros2_foxy/install/ament_cmake_gmock:/home/ubuntu/ros2_foxy/install/gmock_vendor:/home/ubuntu/ros2_foxy/install/ament_cmake_gtest:/home/ubuntu/ros2_foxy/install/gtest_vendor:/home/ubuntu/ros2_foxy/install/ament_cmake_google_benchmark:/home/ubuntu/ros2_foxy/install/google_benchmark_vendor:/home/ubuntu/ros2_foxy/install/fastrtps:/home/ubuntu/ros2_foxy/install/foonathan_memory_vendor:/home/ubuntu/ros2_foxy/install/fastrtps_cmake_module:/home/ubuntu/ros2_foxy/install/fastcdr:/home/ubuntu/ros2_foxy/install/eigen3_cmake_module:/home/ubuntu/ros2_foxy/install/cyclonedds:/home/ubuntu/ros2_foxy/install/console_bridge_vendor:/home/ubuntu/ros2_foxy/install/connext_cmake_module:/home/ubuntu/ros2_foxy/install/ament_cmake_xmllint:/home/ubuntu/ros2_foxy/install/ament_cmake_pyflakes:/home/ubuntu/ros2_foxy/install/ament_cmake_pycodestyle:/home/ubuntu/ros2_foxy/install/ament_cmake_pep257:/home/ubuntu/ros2_foxy/install/ament_cmake_pclint:/home/ubuntu/ros2_foxy/install/ament_lint_auto:/home/ubuntu/ros2_foxy/install/ament_cmake_auto:/home/ubuntu/ros2_foxy/install/ament_cmake:/home/ubuntu/ros2_foxy/install/ament_cmake_version:/home/ubuntu/ros2_foxy/install/ament_cmake_pytest:/home/ubuntu/ros2_foxy/install/ament_cmake_nose:/home/ubuntu/ros2_foxy/install/ament_cmake_mypy:/home/ubuntu/ros2_foxy/install/ament_cmake_lint_cmake:/home/ubuntu/ros2_foxy/install/ament_cmake_flake8:/home/ubuntu/ros2_foxy/install/ament_cmake_cpplint:/home/ubuntu/ros2_foxy/install/ament_cmake_cppcheck:/home/ubuntu/ros2_foxy/install/ament_cmake_copyright:/home/ubuntu/ros2_foxy/install/ament_cmake_clang_tidy:/home/ubuntu/ros2_foxy/install/ament_cmake_clang_format:/home/ubuntu/ros2_foxy/install/ament_cmake_test:/home/ubuntu/ros2_foxy/install/ament_cmake_target_dependencies:/home/ubuntu/ros2_foxy/install/ament_cmake_python:/home/ubuntu/ros2_foxy/install/ament_cmake_export_dependencies:/home/ubuntu/ros2_foxy/install/ament_cmake_libraries:/home/ubuntu/ros2_foxy/install/ament_cmake_include_directories:/home/ubuntu/ros2_foxy/install/ament_cmake_export_targets:/home/ubuntu/ros2_foxy/install/ament_cmake_export_link_flags:/home/ubuntu/ros2_foxy/install/ament_cmake_export_interfaces:/home/ubuntu/ros2_foxy/install/ament_cmake_export_libraries:/home/ubuntu/ros2_foxy/install/ament_cmake_export_include_directories:/home/ubuntu/ros2_foxy/install/ament_cmake_export_definitions:/home/ubuntu/ros2_foxy/install/ament_cmake_core:/home/ubuntu/ros2_foxy/install/ament_index_cpp PYTHONPATH=/home/ubuntu/ros2_ws/build/weeding_robot/prefix_override:/home/ubuntu/ros2_ws/install/weeding_robot/lib/python3.8/site-packages:${PYTHONPATH} /usr/bin/python3 setup.py develop --editable --build-directory /home/ubuntu/ros2_ws/build/weeding_robot/build --no-deps install_data
[39.130s] INFO:colcon.colcon_core.shell:Creating environment hook '/home/ubuntu/ros2_ws/build/weeding_robot/share/weeding_robot/hook/pythonpath_develop.ps1'
[39.132s] INFO:colcon.colcon_core.shell:Creating environment descriptor '/home/ubuntu/ros2_ws/build/weeding_robot/share/weeding_robot/hook/pythonpath_develop.dsv'
[39.133s] INFO:colcon.colcon_core.shell:Creating environment hook '/home/ubuntu/ros2_ws/build/weeding_robot/share/weeding_robot/hook/pythonpath_develop.sh'
[39.409s] Level 1:colcon.colcon_core.environment:checking '/home/ubuntu/ros2_ws/install/weeding_robot' for CMake module files
[39.412s] Level 1:colcon.colcon_core.environment:checking '/home/ubuntu/ros2_ws/install/weeding_robot' for CMake config files
[39.416s] Level 1:colcon.colcon_core.environment:checking '/home/ubuntu/ros2_ws/install/weeding_robot/lib'
[39.417s] Level 1:colcon.colcon_core.environment:checking '/home/ubuntu/ros2_ws/install/weeding_robot/bin'
[39.417s] Level 1:colcon.colcon_core.environment:checking '/home/ubuntu/ros2_ws/install/weeding_robot/lib/pkgconfig/weeding_robot.pc'
[39.418s] Level 1:colcon.colcon_core.environment:checking '/home/ubuntu/ros2_ws/install/weeding_robot/lib/python3.8/site-packages'
[39.419s] Level 1:colcon.colcon_core.shell:create_environment_hook('weeding_robot', 'pythonpath')
[39.650s] INFO:colcon.colcon_core.shell:Creating environment hook '/home/ubuntu/ros2_ws/install/weeding_robot/share/weeding_robot/hook/pythonpath.ps1'
[39.652s] INFO:colcon.colcon_core.shell:Creating environment descriptor '/home/ubuntu/ros2_ws/install/weeding_robot/share/weeding_robot/hook/pythonpath.dsv'
[39.654s] INFO:colcon.colcon_core.shell:Creating environment hook '/home/ubuntu/ros2_ws/install/weeding_robot/share/weeding_robot/hook/pythonpath.sh'
[39.656s] Level 1:colcon.colcon_core.environment:checking '/home/ubuntu/ros2_ws/install/weeding_robot/bin'
[39.657s] Level 1:colcon.colcon_core.environment:create_environment_scripts_only(weeding_robot)
[39.889s] INFO:colcon.colcon_core.shell:Creating package script '/home/ubuntu/ros2_ws/install/weeding_robot/share/weeding_robot/package.ps1'
[39.894s] INFO:colcon.colcon_core.shell:Creating package descriptor '/home/ubuntu/ros2_ws/install/weeding_robot/share/weeding_robot/package.dsv'
[39.897s] INFO:colcon.colcon_core.shell:Creating package script '/home/ubuntu/ros2_ws/install/weeding_robot/share/weeding_robot/package.sh'
[39.902s] INFO:colcon.colcon_core.shell:Creating package script '/home/ubuntu/ros2_ws/install/weeding_robot/share/weeding_robot/package.bash'
[39.906s] INFO:colcon.colcon_core.shell:Creating package script '/home/ubuntu/ros2_ws/install/weeding_robot/share/weeding_robot/package.zsh'
[39.910s] Level 1:colcon.colcon_core.environment:create_file_with_runtime_dependencies(/home/ubuntu/ros2_ws/install/weeding_robot/share/colcon-core/packages/weeding_robot)
[39.912s] DEBUG:colcon.colcon_parallel_executor.executor.parallel:closing loop
[39.913s] DEBUG:colcon.colcon_parallel_executor.executor.parallel:loop closed
[39.914s] DEBUG:colcon.colcon_parallel_executor.executor.parallel:run_until_complete finished with '0'
[39.914s] DEBUG:colcon.colcon_core.event_reactor:joining thread
[40.288s] INFO:colcon.colcon_core.plugin_system:Skipping extension 'colcon_notification.desktop_notification.terminal_notifier': Not used on non-Darwin systems
[40.288s] INFO:colcon.colcon_core.plugin_system:Skipping extension 'colcon_notification.desktop_notification.win32': Not used on non-Windows systems
[40.288s] INFO:colcon.colcon_notification.desktop_notification:Sending desktop notification using 'notify2'
[40.426s] DEBUG:colcon.colcon_core.event_reactor:joined thread
[40.747s] INFO:colcon.colcon_core.shell:Creating prefix script '/home/ubuntu/ros2_ws/install/local_setup.ps1'
[40.752s] INFO:colcon.colcon_core.shell:Creating prefix util module '/home/ubuntu/ros2_ws/install/_local_setup_util_ps1.py'
[40.758s] INFO:colcon.colcon_core.shell:Creating prefix chain script '/home/ubuntu/ros2_ws/install/setup.ps1'
[41.051s] INFO:colcon.colcon_core.shell:Creating prefix script '/home/ubuntu/ros2_ws/install/local_setup.sh'
[41.054s] INFO:colcon.colcon_core.shell:Creating prefix util module '/home/ubuntu/ros2_ws/install/_local_setup_util_sh.py'
[41.057s] INFO:colcon.colcon_core.shell:Creating prefix chain script '/home/ubuntu/ros2_ws/install/setup.sh'
[41.391s] INFO:colcon.colcon_core.shell:Creating prefix script '/home/ubuntu/ros2_ws/install/local_setup.bash'
[41.394s] INFO:colcon.colcon_core.shell:Creating prefix chain script '/home/ubuntu/ros2_ws/install/setup.bash'
[41.738s] INFO:colcon.colcon_core.shell:Creating prefix script '/home/ubuntu/ros2_ws/install/local_setup.zsh'
[41.743s] INFO:colcon.colcon_core.shell:Creating prefix chain script '/home/ubuntu/ros2_ws/install/setup.zsh'
