[16.795s] DEBUG:colcon:Command line arguments: ['/usr/bin/colcon', 'build', '--packages-select', 'my_robot_interfaces']
[16.796s] DEBUG:colcon:Parsed command line arguments: Namespace(allow_overriding=[], ament_cmake_args=None, base_paths=['.'], build_base='build', catkin_cmake_args=None, catkin_skip_building_tests=False, cmake_args=None, cmake_clean_cache=False, cmake_clean_first=False, cmake_force_configure=False, cmake_target=None, cmake_target_skip_unavailable=False, continue_on_error=False, event_handlers=None, executor='parallel', ignore_user_meta=False, install_base='install', log_base=None, log_level=None, main=<bound method BuildVerb.main of <colcon_core.verb.build.BuildVerb object at 0xffff9866f0d0>>, merge_install=False, metas=['./colcon.meta'], packages_above=None, packages_above_and_dependencies=None, packages_above_depth=None, packages_end=None, packages_ignore=None, packages_ignore_regex=None, packages_select=['my_robot_interfaces'], packages_select_build_failed=False, packages_select_by_dep=None, packages_select_regex=None, packages_select_test_failures=False, packages_skip=None, packages_skip_build_finished=False, packages_skip_by_dep=None, packages_skip_regex=None, packages_skip_test_passed=False, packages_skip_up_to=None, packages_start=None, packages_up_to=None, packages_up_to_regex=None, parallel_workers=4, paths=None, symlink_install=False, test_result_base=None, verb_extension=<colcon_core.verb.build.BuildVerb object at 0xffff9866f0d0>, verb_name='build', verb_parser=<colcon_defaults.argument_parser.defaults.DefaultArgumentsDecorator object at 0xffff986c0cd0>)
[17.450s] Level 1:colcon.colcon_core.package_discovery:discover_packages(colcon_meta) check parameters
[17.451s] Level 1:colcon.colcon_core.package_discovery:discover_packages(recursive) check parameters
[17.451s] Level 1:colcon.colcon_core.package_discovery:discover_packages(ignore) check parameters
[17.451s] Level 1:colcon.colcon_core.package_discovery:discover_packages(path) check parameters
[17.451s] Level 1:colcon.colcon_core.package_discovery:discover_packages(colcon_meta) discover
[17.451s] Level 1:colcon.colcon_core.package_discovery:discover_packages(recursive) discover
[17.452s] INFO:colcon.colcon_core.package_discovery:Crawling recursively for packages in '/home/ubuntu/ros2_ws'
[17.452s] Level 1:colcon.colcon_core.package_identification:_identify(.) by extensions ['ignore', 'ignore_ament_install']
[17.453s] Level 1:colcon.colcon_core.package_identification:_identify(.) by extension 'ignore'
[17.453s] Level 1:colcon.colcon_core.package_identification:_identify(.) by extension 'ignore_ament_install'
[17.453s] Level 1:colcon.colcon_core.package_identification:_identify(.) by extensions ['colcon_pkg']
[17.453s] Level 1:colcon.colcon_core.package_identification:_identify(.) by extension 'colcon_pkg'
[17.454s] Level 1:colcon.colcon_core.package_identification:_identify(.) by extensions ['colcon_meta']
[17.454s] Level 1:colcon.colcon_core.package_identification:_identify(.) by extension 'colcon_meta'
[17.454s] Level 1:colcon.colcon_core.package_identification:_identify(.) by extensions ['ros']
[17.454s] Level 1:colcon.colcon_core.package_identification:_identify(.) by extension 'ros'
[17.513s] Level 1:colcon.colcon_core.package_identification:_identify(.) by extensions ['cmake', 'python']
[17.514s] Level 1:colcon.colcon_core.package_identification:_identify(.) by extension 'cmake'
[17.514s] Level 1:colcon.colcon_core.package_identification:_identify(.) by extension 'python'
[17.514s] Level 1:colcon.colcon_core.package_identification:_identify(.) by extensions ['python_setup_py']
[17.514s] Level 1:colcon.colcon_core.package_identification:_identify(.) by extension 'python_setup_py'
[17.515s] Level 1:colcon.colcon_core.package_identification:_identify(__pycache__) by extensions ['ignore', 'ignore_ament_install']
[17.515s] Level 1:colcon.colcon_core.package_identification:_identify(__pycache__) by extension 'ignore'
[17.515s] Level 1:colcon.colcon_core.package_identification:_identify(__pycache__) by extension 'ignore_ament_install'
[17.515s] Level 1:colcon.colcon_core.package_identification:_identify(__pycache__) by extensions ['colcon_pkg']
[17.516s] Level 1:colcon.colcon_core.package_identification:_identify(__pycache__) by extension 'colcon_pkg'
[17.516s] Level 1:colcon.colcon_core.package_identification:_identify(__pycache__) by extensions ['colcon_meta']
[17.516s] Level 1:colcon.colcon_core.package_identification:_identify(__pycache__) by extension 'colcon_meta'
[17.516s] Level 1:colcon.colcon_core.package_identification:_identify(__pycache__) by extensions ['ros']
[17.516s] Level 1:colcon.colcon_core.package_identification:_identify(__pycache__) by extension 'ros'
[17.517s] Level 1:colcon.colcon_core.package_identification:_identify(__pycache__) by extensions ['cmake', 'python']
[17.517s] Level 1:colcon.colcon_core.package_identification:_identify(__pycache__) by extension 'cmake'
[17.517s] Level 1:colcon.colcon_core.package_identification:_identify(__pycache__) by extension 'python'
[17.517s] Level 1:colcon.colcon_core.package_identification:_identify(__pycache__) by extensions ['python_setup_py']
[17.517s] Level 1:colcon.colcon_core.package_identification:_identify(__pycache__) by extension 'python_setup_py'
[17.518s] Level 1:colcon.colcon_core.package_identification:_identify(build) by extensions ['ignore', 'ignore_ament_install']
[17.518s] Level 1:colcon.colcon_core.package_identification:_identify(build) by extension 'ignore'
[17.518s] Level 1:colcon.colcon_core.package_identification:_identify(build) ignored
[17.519s] Level 1:colcon.colcon_core.package_identification:_identify(install) by extensions ['ignore', 'ignore_ament_install']
[17.519s] Level 1:colcon.colcon_core.package_identification:_identify(install) by extension 'ignore'
[17.519s] Level 1:colcon.colcon_core.package_identification:_identify(install) ignored
[17.520s] Level 1:colcon.colcon_core.package_identification:_identify(log) by extensions ['ignore', 'ignore_ament_install']
[17.520s] Level 1:colcon.colcon_core.package_identification:_identify(log) by extension 'ignore'
[17.520s] Level 1:colcon.colcon_core.package_identification:_identify(log) ignored
[17.522s] Level 1:colcon.colcon_core.package_identification:_identify(pigpio-master) by extensions ['ignore', 'ignore_ament_install']
[17.522s] Level 1:colcon.colcon_core.package_identification:_identify(pigpio-master) by extension 'ignore'
[17.522s] Level 1:colcon.colcon_core.package_identification:_identify(pigpio-master) by extension 'ignore_ament_install'
[17.522s] Level 1:colcon.colcon_core.package_identification:_identify(pigpio-master) by extensions ['colcon_pkg']
[17.523s] Level 1:colcon.colcon_core.package_identification:_identify(pigpio-master) by extension 'colcon_pkg'
[17.523s] Level 1:colcon.colcon_core.package_identification:_identify(pigpio-master) by extensions ['colcon_meta']
[17.523s] Level 1:colcon.colcon_core.package_identification:_identify(pigpio-master) by extension 'colcon_meta'
[17.523s] Level 1:colcon.colcon_core.package_identification:_identify(pigpio-master) by extensions ['ros']
[17.523s] Level 1:colcon.colcon_core.package_identification:_identify(pigpio-master) by extension 'ros'
[17.524s] Level 1:colcon.colcon_core.package_identification:_identify(pigpio-master) by extensions ['cmake', 'python']
[17.524s] Level 1:colcon.colcon_core.package_identification:_identify(pigpio-master) by extension 'cmake'
[17.538s] Level 1:colcon.colcon_core.package_identification:_identify(pigpio-master) by extension 'python'
[17.538s] DEBUG:colcon.colcon_core.package_identification:Package 'pigpio-master' with type 'cmake' and name 'pigpio'
[17.539s] Level 1:colcon.colcon_core.package_identification:_identify(src) by extensions ['ignore', 'ignore_ament_install']
[17.539s] Level 1:colcon.colcon_core.package_identification:_identify(src) by extension 'ignore'
[17.539s] Level 1:colcon.colcon_core.package_identification:_identify(src) by extension 'ignore_ament_install'
[17.539s] Level 1:colcon.colcon_core.package_identification:_identify(src) by extensions ['colcon_pkg']
[17.539s] Level 1:colcon.colcon_core.package_identification:_identify(src) by extension 'colcon_pkg'
[17.540s] Level 1:colcon.colcon_core.package_identification:_identify(src) by extensions ['colcon_meta']
[17.540s] Level 1:colcon.colcon_core.package_identification:_identify(src) by extension 'colcon_meta'
[17.540s] Level 1:colcon.colcon_core.package_identification:_identify(src) by extensions ['ros']
[17.540s] Level 1:colcon.colcon_core.package_identification:_identify(src) by extension 'ros'
[17.541s] Level 1:colcon.colcon_core.package_identification:_identify(src) by extensions ['cmake', 'python']
[17.541s] Level 1:colcon.colcon_core.package_identification:_identify(src) by extension 'cmake'
[17.541s] Level 1:colcon.colcon_core.package_identification:_identify(src) by extension 'python'
[17.541s] Level 1:colcon.colcon_core.package_identification:_identify(src) by extensions ['python_setup_py']
[17.541s] Level 1:colcon.colcon_core.package_identification:_identify(src) by extension 'python_setup_py'
[17.542s] Level 1:colcon.colcon_core.package_identification:_identify(src/my_cpp_pkg) by extensions ['ignore', 'ignore_ament_install']
[17.542s] Level 1:colcon.colcon_core.package_identification:_identify(src/my_cpp_pkg) by extension 'ignore'
[17.542s] Level 1:colcon.colcon_core.package_identification:_identify(src/my_cpp_pkg) by extension 'ignore_ament_install'
[17.543s] Level 1:colcon.colcon_core.package_identification:_identify(src/my_cpp_pkg) by extensions ['colcon_pkg']
[17.543s] Level 1:colcon.colcon_core.package_identification:_identify(src/my_cpp_pkg) by extension 'colcon_pkg'
[17.543s] Level 1:colcon.colcon_core.package_identification:_identify(src/my_cpp_pkg) by extensions ['colcon_meta']
[17.543s] Level 1:colcon.colcon_core.package_identification:_identify(src/my_cpp_pkg) by extension 'colcon_meta'
[17.543s] Level 1:colcon.colcon_core.package_identification:_identify(src/my_cpp_pkg) by extensions ['ros']
[17.543s] Level 1:colcon.colcon_core.package_identification:_identify(src/my_cpp_pkg) by extension 'ros'
[17.553s] DEBUG:colcon.colcon_core.package_identification:Package 'src/my_cpp_pkg' with type 'ros.ament_cmake' and name 'my_cpp_pkg'
[17.554s] Level 1:colcon.colcon_core.package_identification:_identify(src/my_py_pkg) by extensions ['ignore', 'ignore_ament_install']
[17.554s] Level 1:colcon.colcon_core.package_identification:_identify(src/my_py_pkg) by extension 'ignore'
[17.554s] Level 1:colcon.colcon_core.package_identification:_identify(src/my_py_pkg) by extension 'ignore_ament_install'
[17.555s] Level 1:colcon.colcon_core.package_identification:_identify(src/my_py_pkg) by extensions ['colcon_pkg']
[17.555s] Level 1:colcon.colcon_core.package_identification:_identify(src/my_py_pkg) by extension 'colcon_pkg'
[17.555s] Level 1:colcon.colcon_core.package_identification:_identify(src/my_py_pkg) by extensions ['colcon_meta']
[17.555s] Level 1:colcon.colcon_core.package_identification:_identify(src/my_py_pkg) by extension 'colcon_meta'
[17.555s] Level 1:colcon.colcon_core.package_identification:_identify(src/my_py_pkg) by extensions ['ros']
[17.556s] Level 1:colcon.colcon_core.package_identification:_identify(src/my_py_pkg) by extension 'ros'
[17.558s] DEBUG:colcon.colcon_core.package_identification:Package 'src/my_py_pkg' with type 'ros.ament_python' and name 'my_py_pkg'
[17.559s] Level 1:colcon.colcon_core.package_identification:_identify(src/my_robot_bringup) by extensions ['ignore', 'ignore_ament_install']
[17.559s] Level 1:colcon.colcon_core.package_identification:_identify(src/my_robot_bringup) by extension 'ignore'
[17.559s] Level 1:colcon.colcon_core.package_identification:_identify(src/my_robot_bringup) by extension 'ignore_ament_install'
[17.560s] Level 1:colcon.colcon_core.package_identification:_identify(src/my_robot_bringup) by extensions ['colcon_pkg']
[17.560s] Level 1:colcon.colcon_core.package_identification:_identify(src/my_robot_bringup) by extension 'colcon_pkg'
[17.560s] Level 1:colcon.colcon_core.package_identification:_identify(src/my_robot_bringup) by extensions ['colcon_meta']
[17.560s] Level 1:colcon.colcon_core.package_identification:_identify(src/my_robot_bringup) by extension 'colcon_meta'
[17.560s] Level 1:colcon.colcon_core.package_identification:_identify(src/my_robot_bringup) by extensions ['ros']
[17.561s] Level 1:colcon.colcon_core.package_identification:_identify(src/my_robot_bringup) by extension 'ros'
[17.563s] DEBUG:colcon.colcon_core.package_identification:Package 'src/my_robot_bringup' with type 'ros.ament_cmake' and name 'my_robot_bringup'
[17.563s] Level 1:colcon.colcon_core.package_identification:_identify(src/my_robot_interfaces) by extensions ['ignore', 'ignore_ament_install']
[17.564s] Level 1:colcon.colcon_core.package_identification:_identify(src/my_robot_interfaces) by extension 'ignore'
[17.564s] Level 1:colcon.colcon_core.package_identification:_identify(src/my_robot_interfaces) by extension 'ignore_ament_install'
[17.564s] Level 1:colcon.colcon_core.package_identification:_identify(src/my_robot_interfaces) by extensions ['colcon_pkg']
[17.564s] Level 1:colcon.colcon_core.package_identification:_identify(src/my_robot_interfaces) by extension 'colcon_pkg'
[17.564s] Level 1:colcon.colcon_core.package_identification:_identify(src/my_robot_interfaces) by extensions ['colcon_meta']
[17.564s] Level 1:colcon.colcon_core.package_identification:_identify(src/my_robot_interfaces) by extension 'colcon_meta'
[17.565s] Level 1:colcon.colcon_core.package_identification:_identify(src/my_robot_interfaces) by extensions ['ros']
[17.565s] Level 1:colcon.colcon_core.package_identification:_identify(src/my_robot_interfaces) by extension 'ros'
[17.567s] DEBUG:colcon.colcon_core.package_identification:Package 'src/my_robot_interfaces' with type 'ros.ament_cmake' and name 'my_robot_interfaces'
[17.568s] Level 1:colcon.colcon_core.package_identification:_identify(src/py_pubsub) by extensions ['ignore', 'ignore_ament_install']
[17.568s] Level 1:colcon.colcon_core.package_identification:_identify(src/py_pubsub) by extension 'ignore'
[17.568s] Level 1:colcon.colcon_core.package_identification:_identify(src/py_pubsub) by extension 'ignore_ament_install'
[17.568s] Level 1:colcon.colcon_core.package_identification:_identify(src/py_pubsub) by extensions ['colcon_pkg']
[17.568s] Level 1:colcon.colcon_core.package_identification:_identify(src/py_pubsub) by extension 'colcon_pkg'
[17.569s] Level 1:colcon.colcon_core.package_identification:_identify(src/py_pubsub) by extensions ['colcon_meta']
[17.569s] Level 1:colcon.colcon_core.package_identification:_identify(src/py_pubsub) by extension 'colcon_meta'
[17.569s] Level 1:colcon.colcon_core.package_identification:_identify(src/py_pubsub) by extensions ['ros']
[17.569s] Level 1:colcon.colcon_core.package_identification:_identify(src/py_pubsub) by extension 'ros'
[17.571s] DEBUG:colcon.colcon_core.package_identification:Package 'src/py_pubsub' with type 'ros.ament_python' and name 'py_pubsub'
[17.572s] Level 1:colcon.colcon_core.package_identification:_identify(src/turtlesim_catch_them_all) by extensions ['ignore', 'ignore_ament_install']
[17.572s] Level 1:colcon.colcon_core.package_identification:_identify(src/turtlesim_catch_them_all) by extension 'ignore'
[17.572s] Level 1:colcon.colcon_core.package_identification:_identify(src/turtlesim_catch_them_all) by extension 'ignore_ament_install'
[17.573s] Level 1:colcon.colcon_core.package_identification:_identify(src/turtlesim_catch_them_all) by extensions ['colcon_pkg']
[17.573s] Level 1:colcon.colcon_core.package_identification:_identify(src/turtlesim_catch_them_all) by extension 'colcon_pkg'
[17.573s] Level 1:colcon.colcon_core.package_identification:_identify(src/turtlesim_catch_them_all) by extensions ['colcon_meta']
[17.573s] Level 1:colcon.colcon_core.package_identification:_identify(src/turtlesim_catch_them_all) by extension 'colcon_meta'
[17.573s] Level 1:colcon.colcon_core.package_identification:_identify(src/turtlesim_catch_them_all) by extensions ['ros']
[17.573s] Level 1:colcon.colcon_core.package_identification:_identify(src/turtlesim_catch_them_all) by extension 'ros'
[17.576s] DEBUG:colcon.colcon_core.package_identification:Package 'src/turtlesim_catch_them_all' with type 'ros.ament_python' and name 'turtlesim_catch_them_all'
[17.577s] Level 1:colcon.colcon_core.package_identification:_identify(src/turtlesim_project_cpp) by extensions ['ignore', 'ignore_ament_install']
[17.577s] Level 1:colcon.colcon_core.package_identification:_identify(src/turtlesim_project_cpp) by extension 'ignore'
[17.578s] Level 1:colcon.colcon_core.package_identification:_identify(src/turtlesim_project_cpp) by extension 'ignore_ament_install'
[17.578s] Level 1:colcon.colcon_core.package_identification:_identify(src/turtlesim_project_cpp) by extensions ['colcon_pkg']
[17.578s] Level 1:colcon.colcon_core.package_identification:_identify(src/turtlesim_project_cpp) by extension 'colcon_pkg'
[17.578s] Level 1:colcon.colcon_core.package_identification:_identify(src/turtlesim_project_cpp) by extensions ['colcon_meta']
[17.578s] Level 1:colcon.colcon_core.package_identification:_identify(src/turtlesim_project_cpp) by extension 'colcon_meta'
[17.578s] Level 1:colcon.colcon_core.package_identification:_identify(src/turtlesim_project_cpp) by extensions ['ros']
[17.579s] Level 1:colcon.colcon_core.package_identification:_identify(src/turtlesim_project_cpp) by extension 'ros'
[17.582s] DEBUG:colcon.colcon_core.package_identification:Package 'src/turtlesim_project_cpp' with type 'ros.ament_cmake' and name 'turtlesim_project_cpp'
[17.582s] Level 1:colcon.colcon_core.package_discovery:discover_packages(recursive) using defaults
[17.582s] Level 1:colcon.colcon_core.package_discovery:discover_packages(ignore) discover
[17.583s] Level 1:colcon.colcon_core.package_discovery:discover_packages(ignore) using defaults
[17.583s] Level 1:colcon.colcon_core.package_discovery:discover_packages(path) discover
[17.583s] Level 1:colcon.colcon_core.package_discovery:discover_packages(path) using defaults
[18.434s] INFO:colcon.colcon_core.package_selection:Skipping not selected package 'pigpio' in 'pigpio-master'
[18.434s] INFO:colcon.colcon_core.package_selection:Skipping not selected package 'py_pubsub' in 'src/py_pubsub'
[18.434s] INFO:colcon.colcon_core.package_selection:Skipping not selected package 'my_cpp_pkg' in 'src/my_cpp_pkg'
[18.434s] INFO:colcon.colcon_core.package_selection:Skipping not selected package 'my_py_pkg' in 'src/my_py_pkg'
[18.434s] INFO:colcon.colcon_core.package_selection:Skipping not selected package 'turtlesim_catch_them_all' in 'src/turtlesim_catch_them_all'
[18.435s] INFO:colcon.colcon_core.package_selection:Skipping not selected package 'turtlesim_project_cpp' in 'src/turtlesim_project_cpp'
[18.435s] INFO:colcon.colcon_core.package_selection:Skipping not selected package 'my_robot_bringup' in 'src/my_robot_bringup'
[18.888s] Level 1:colcon.colcon_core.package_discovery:discover_packages(prefix_path) check parameters
[18.888s] Level 1:colcon.colcon_core.package_discovery:discover_packages(prefix_path) discover
[19.458s] DEBUG:colcon.colcon_installed_package_information.package_discovery:Found 1 installed packages in /home/ubuntu/ros2_ws/install
[19.729s] DEBUG:colcon.colcon_installed_package_information.package_discovery:Found 311 installed packages in /home/ubuntu/ros2_foxy/install
[19.738s] Level 1:colcon.colcon_core.package_discovery:discover_packages(prefix_path) using defaults
[20.323s] Level 5:colcon.colcon_core.verb:set package 'my_robot_interfaces' build argument 'cmake_args' from command line to 'None'
[20.323s] Level 5:colcon.colcon_core.verb:set package 'my_robot_interfaces' build argument 'cmake_target' from command line to 'None'
[20.323s] Level 5:colcon.colcon_core.verb:set package 'my_robot_interfaces' build argument 'cmake_target_skip_unavailable' from command line to 'False'
[20.323s] Level 5:colcon.colcon_core.verb:set package 'my_robot_interfaces' build argument 'cmake_clean_cache' from command line to 'False'
[20.323s] Level 5:colcon.colcon_core.verb:set package 'my_robot_interfaces' build argument 'cmake_clean_first' from command line to 'False'
[20.323s] Level 5:colcon.colcon_core.verb:set package 'my_robot_interfaces' build argument 'cmake_force_configure' from command line to 'False'
[20.323s] Level 5:colcon.colcon_core.verb:set package 'my_robot_interfaces' build argument 'ament_cmake_args' from command line to 'None'
[20.324s] Level 5:colcon.colcon_core.verb:set package 'my_robot_interfaces' build argument 'catkin_cmake_args' from command line to 'None'
[20.324s] Level 5:colcon.colcon_core.verb:set package 'my_robot_interfaces' build argument 'catkin_skip_building_tests' from command line to 'False'
[20.324s] DEBUG:colcon.colcon_core.verb:Building package 'my_robot_interfaces' with the following arguments: {'ament_cmake_args': None, 'build_base': '/home/ubuntu/ros2_ws/build/my_robot_interfaces', 'catkin_cmake_args': None, 'catkin_skip_building_tests': False, 'cmake_args': None, 'cmake_clean_cache': False, 'cmake_clean_first': False, 'cmake_force_configure': False, 'cmake_target': None, 'cmake_target_skip_unavailable': False, 'install_base': '/home/ubuntu/ros2_ws/install/my_robot_interfaces', 'merge_install': False, 'path': '/home/ubuntu/ros2_ws/src/my_robot_interfaces', 'symlink_install': False, 'test_result_base': None}
[20.559s] INFO:colcon.colcon_core.executor:Executing jobs using 'parallel' executor
[20.787s] DEBUG:colcon.colcon_parallel_executor.executor.parallel:run_until_complete
[20.788s] INFO:colcon.colcon_ros.task.ament_cmake.build:Building ROS package in '/home/ubuntu/ros2_ws/src/my_robot_interfaces' with build type 'ament_cmake'
[20.789s] INFO:colcon.colcon_cmake.task.cmake.build:Building CMake package in '/home/ubuntu/ros2_ws/src/my_robot_interfaces'
[21.081s] INFO:colcon.colcon_core.plugin_system:Skipping extension 'colcon_core.shell.bat': Not used on non-Windows systems
[21.081s] INFO:colcon.colcon_core.shell:Skip shell extension 'powershell' for command environment: Not usable outside of PowerShell
[21.081s] DEBUG:colcon.colcon_core.shell:Skip shell extension 'dsv' for command environment
[22.039s] DEBUG:colcon.colcon_core.event_handler.log_command:Invoking command in '/home/ubuntu/ros2_ws/build/my_robot_interfaces': CMAKE_PREFIX_PATH=${CMAKE_PREFIX_PATH}:/home/ubuntu/ros2_ws/install/py_pubsub:/home/ubuntu/ros2_foxy/install/ros2bag:/home/ubuntu/ros2_foxy/install/tracetools_launch:/home/ubuntu/ros2_foxy/install/topic_monitor:/home/ubuntu/ros2_foxy/install/examples_tf2_py:/home/ubuntu/ros2_foxy/install/sros2:/home/ubuntu/ros2_foxy/install/rqt_topic:/home/ubuntu/ros2_foxy/install/rqt_top:/home/ubuntu/ros2_foxy/install/rqt_srv:/home/ubuntu/ros2_foxy/install/rqt_shell:/home/ubuntu/ros2_foxy/install/rqt_service_caller:/home/ubuntu/ros2_foxy/install/rqt_reconfigure:/home/ubuntu/ros2_foxy/install/rqt_py_console:/home/ubuntu/ros2_foxy/install/rqt_publisher:/home/ubuntu/ros2_foxy/install/rqt_plot:/home/ubuntu/ros2_foxy/install/rqt_action:/home/ubuntu/ros2_foxy/install/rqt_msg:/home/ubuntu/ros2_foxy/install/rqt_console:/home/ubuntu/ros2_foxy/install/rqt:/home/ubuntu/ros2_foxy/install/rqt_graph:/home/ubuntu/ros2_foxy/install/rqt_gui_py:/home/ubuntu/ros2_foxy/install/rqt_gui:/home/ubuntu/ros2_foxy/install/ros2trace:/home/ubuntu/ros2_foxy/install/ros2topic:/home/ubuntu/ros2_foxy/install/ros2test:/home/ubuntu/ros2_foxy/install/ros2component:/home/ubuntu/ros2_foxy/install/ros2param:/home/ubuntu/ros2_foxy/install/ros2lifecycle:/home/ubuntu/ros2_foxy/install/ros2service:/home/ubuntu/ros2_foxy/install/ros2run:/home/ubuntu/ros2_foxy/install/ros2launch:/home/ubuntu/ros2_foxy/install/ros2pkg:/home/ubuntu/ros2_foxy/install/ros2node:/home/ubuntu/ros2_foxy/install/ros2multicast:/home/ubuntu/ros2_foxy/install/ros2interface:/home/ubuntu/ros2_foxy/install/ros2doctor:/home/ubuntu/ros2_foxy/install/ros2action:/home/ubuntu/ros2_foxy/install/ros2cli:/home/ubuntu/ros2_foxy/install/quality_of_service_demo_py:/home/ubuntu/ros2_foxy/install/launch_testing_ros:/home/ubuntu/ros2_foxy/install/launch_ros:/home/ubuntu/ros2_foxy/install/examples_rclpy_minimal_subscriber:/home/ubuntu/ros2_foxy/install/examples_rclpy_minimal_service:/home/ubuntu/ros2_foxy/install/examples_rclpy_minimal_publisher:/home/ubuntu/ros2_foxy/install/examples_rclpy_minimal_client:/home/ubuntu/ros2_foxy/install/examples_rclpy_minimal_action_server:/home/ubuntu/ros2_foxy/install/examples_rclpy_minimal_action_client:/home/ubuntu/ros2_foxy/install/examples_rclpy_executors:/home/ubuntu/ros2_foxy/install/demo_nodes_py:/home/ubuntu/ros2_foxy/install/action_tutorials_py:/home/ubuntu/ros2_foxy/install/ament_uncrustify:/home/ubuntu/ros2_foxy/install/tracetools_trace:/home/ubuntu/ros2_foxy/install/tracetools_read:/home/ubuntu/ros2_foxy/install/test_launch_ros:/home/ubuntu/ros2_foxy/install/sensor_msgs_py:/home/ubuntu/ros2_foxy/install/rpyutils:/home/ubuntu/ros2_foxy/install/rosidl_runtime_py:/home/ubuntu/ros2_foxy/install/launch_yaml:/home/ubuntu/ros2_foxy/install/launch_xml:/home/ubuntu/ros2_foxy/install/launch_testing:/home/ubuntu/ros2_foxy/install/launch:/home/ubuntu/ros2_foxy/install/osrf_pycommon:/home/ubuntu/ros2_foxy/install/domain_coordinator:/home/ubuntu/ros2_foxy/install/ament_xmllint:/home/ubuntu/ros2_foxy/install/ament_pyflakes:/home/ubuntu/ros2_foxy/install/ament_pycodestyle:/home/ubuntu/ros2_foxy/install/ament_pep257:/home/ubuntu/ros2_foxy/install/ament_pclint:/home/ubuntu/ros2_foxy/install/ament_package:/home/ubuntu/ros2_foxy/install/ament_mypy:/home/ubuntu/ros2_foxy/install/ament_lint_cmake:/home/ubuntu/ros2_foxy/install/ament_flake8:/home/ubuntu/ros2_foxy/install/ament_copyright:/home/ubuntu/ros2_foxy/install/ament_lint:/home/ubuntu/ros2_foxy/install/ament_index_python:/home/ubuntu/ros2_foxy/install/ament_cpplint:/home/ubuntu/ros2_foxy/install/ament_cppcheck:/home/ubuntu/ros2_foxy/install/ament_clang_tidy:/home/ubuntu/ros2_foxy/install/ament_clang_format /usr/bin/cmake /home/ubuntu/ros2_ws/src/my_robot_interfaces -DCMAKE_INSTALL_PREFIX=/home/ubuntu/ros2_ws/install/my_robot_interfaces
[74.704s] DEBUG:colcon.colcon_core.event_handler.log_command:Invoked command in '/home/ubuntu/ros2_ws/build/my_robot_interfaces' returned '0': CMAKE_PREFIX_PATH=${CMAKE_PREFIX_PATH}:/home/ubuntu/ros2_ws/install/py_pubsub:/home/ubuntu/ros2_foxy/install/ros2bag:/home/ubuntu/ros2_foxy/install/tracetools_launch:/home/ubuntu/ros2_foxy/install/topic_monitor:/home/ubuntu/ros2_foxy/install/examples_tf2_py:/home/ubuntu/ros2_foxy/install/sros2:/home/ubuntu/ros2_foxy/install/rqt_topic:/home/ubuntu/ros2_foxy/install/rqt_top:/home/ubuntu/ros2_foxy/install/rqt_srv:/home/ubuntu/ros2_foxy/install/rqt_shell:/home/ubuntu/ros2_foxy/install/rqt_service_caller:/home/ubuntu/ros2_foxy/install/rqt_reconfigure:/home/ubuntu/ros2_foxy/install/rqt_py_console:/home/ubuntu/ros2_foxy/install/rqt_publisher:/home/ubuntu/ros2_foxy/install/rqt_plot:/home/ubuntu/ros2_foxy/install/rqt_action:/home/ubuntu/ros2_foxy/install/rqt_msg:/home/ubuntu/ros2_foxy/install/rqt_console:/home/ubuntu/ros2_foxy/install/rqt:/home/ubuntu/ros2_foxy/install/rqt_graph:/home/ubuntu/ros2_foxy/install/rqt_gui_py:/home/ubuntu/ros2_foxy/install/rqt_gui:/home/ubuntu/ros2_foxy/install/ros2trace:/home/ubuntu/ros2_foxy/install/ros2topic:/home/ubuntu/ros2_foxy/install/ros2test:/home/ubuntu/ros2_foxy/install/ros2component:/home/ubuntu/ros2_foxy/install/ros2param:/home/ubuntu/ros2_foxy/install/ros2lifecycle:/home/ubuntu/ros2_foxy/install/ros2service:/home/ubuntu/ros2_foxy/install/ros2run:/home/ubuntu/ros2_foxy/install/ros2launch:/home/ubuntu/ros2_foxy/install/ros2pkg:/home/ubuntu/ros2_foxy/install/ros2node:/home/ubuntu/ros2_foxy/install/ros2multicast:/home/ubuntu/ros2_foxy/install/ros2interface:/home/ubuntu/ros2_foxy/install/ros2doctor:/home/ubuntu/ros2_foxy/install/ros2action:/home/ubuntu/ros2_foxy/install/ros2cli:/home/ubuntu/ros2_foxy/install/quality_of_service_demo_py:/home/ubuntu/ros2_foxy/install/launch_testing_ros:/home/ubuntu/ros2_foxy/install/launch_ros:/home/ubuntu/ros2_foxy/install/examples_rclpy_minimal_subscriber:/home/ubuntu/ros2_foxy/install/examples_rclpy_minimal_service:/home/ubuntu/ros2_foxy/install/examples_rclpy_minimal_publisher:/home/ubuntu/ros2_foxy/install/examples_rclpy_minimal_client:/home/ubuntu/ros2_foxy/install/examples_rclpy_minimal_action_server:/home/ubuntu/ros2_foxy/install/examples_rclpy_minimal_action_client:/home/ubuntu/ros2_foxy/install/examples_rclpy_executors:/home/ubuntu/ros2_foxy/install/demo_nodes_py:/home/ubuntu/ros2_foxy/install/action_tutorials_py:/home/ubuntu/ros2_foxy/install/ament_uncrustify:/home/ubuntu/ros2_foxy/install/tracetools_trace:/home/ubuntu/ros2_foxy/install/tracetools_read:/home/ubuntu/ros2_foxy/install/test_launch_ros:/home/ubuntu/ros2_foxy/install/sensor_msgs_py:/home/ubuntu/ros2_foxy/install/rpyutils:/home/ubuntu/ros2_foxy/install/rosidl_runtime_py:/home/ubuntu/ros2_foxy/install/launch_yaml:/home/ubuntu/ros2_foxy/install/launch_xml:/home/ubuntu/ros2_foxy/install/launch_testing:/home/ubuntu/ros2_foxy/install/launch:/home/ubuntu/ros2_foxy/install/osrf_pycommon:/home/ubuntu/ros2_foxy/install/domain_coordinator:/home/ubuntu/ros2_foxy/install/ament_xmllint:/home/ubuntu/ros2_foxy/install/ament_pyflakes:/home/ubuntu/ros2_foxy/install/ament_pycodestyle:/home/ubuntu/ros2_foxy/install/ament_pep257:/home/ubuntu/ros2_foxy/install/ament_pclint:/home/ubuntu/ros2_foxy/install/ament_package:/home/ubuntu/ros2_foxy/install/ament_mypy:/home/ubuntu/ros2_foxy/install/ament_lint_cmake:/home/ubuntu/ros2_foxy/install/ament_flake8:/home/ubuntu/ros2_foxy/install/ament_copyright:/home/ubuntu/ros2_foxy/install/ament_lint:/home/ubuntu/ros2_foxy/install/ament_index_python:/home/ubuntu/ros2_foxy/install/ament_cpplint:/home/ubuntu/ros2_foxy/install/ament_cppcheck:/home/ubuntu/ros2_foxy/install/ament_clang_tidy:/home/ubuntu/ros2_foxy/install/ament_clang_format /usr/bin/cmake /home/ubuntu/ros2_ws/src/my_robot_interfaces -DCMAKE_INSTALL_PREFIX=/home/ubuntu/ros2_ws/install/my_robot_interfaces
[74.719s] DEBUG:colcon.colcon_core.event_handler.log_command:Invoking command in '/home/ubuntu/ros2_ws/build/my_robot_interfaces': CMAKE_PREFIX_PATH=${CMAKE_PREFIX_PATH}:/home/ubuntu/ros2_ws/install/py_pubsub:/home/ubuntu/ros2_foxy/install/ros2bag:/home/ubuntu/ros2_foxy/install/tracetools_launch:/home/ubuntu/ros2_foxy/install/topic_monitor:/home/ubuntu/ros2_foxy/install/examples_tf2_py:/home/ubuntu/ros2_foxy/install/sros2:/home/ubuntu/ros2_foxy/install/rqt_topic:/home/ubuntu/ros2_foxy/install/rqt_top:/home/ubuntu/ros2_foxy/install/rqt_srv:/home/ubuntu/ros2_foxy/install/rqt_shell:/home/ubuntu/ros2_foxy/install/rqt_service_caller:/home/ubuntu/ros2_foxy/install/rqt_reconfigure:/home/ubuntu/ros2_foxy/install/rqt_py_console:/home/ubuntu/ros2_foxy/install/rqt_publisher:/home/ubuntu/ros2_foxy/install/rqt_plot:/home/ubuntu/ros2_foxy/install/rqt_action:/home/ubuntu/ros2_foxy/install/rqt_msg:/home/ubuntu/ros2_foxy/install/rqt_console:/home/ubuntu/ros2_foxy/install/rqt:/home/ubuntu/ros2_foxy/install/rqt_graph:/home/ubuntu/ros2_foxy/install/rqt_gui_py:/home/ubuntu/ros2_foxy/install/rqt_gui:/home/ubuntu/ros2_foxy/install/ros2trace:/home/ubuntu/ros2_foxy/install/ros2topic:/home/ubuntu/ros2_foxy/install/ros2test:/home/ubuntu/ros2_foxy/install/ros2component:/home/ubuntu/ros2_foxy/install/ros2param:/home/ubuntu/ros2_foxy/install/ros2lifecycle:/home/ubuntu/ros2_foxy/install/ros2service:/home/ubuntu/ros2_foxy/install/ros2run:/home/ubuntu/ros2_foxy/install/ros2launch:/home/ubuntu/ros2_foxy/install/ros2pkg:/home/ubuntu/ros2_foxy/install/ros2node:/home/ubuntu/ros2_foxy/install/ros2multicast:/home/ubuntu/ros2_foxy/install/ros2interface:/home/ubuntu/ros2_foxy/install/ros2doctor:/home/ubuntu/ros2_foxy/install/ros2action:/home/ubuntu/ros2_foxy/install/ros2cli:/home/ubuntu/ros2_foxy/install/quality_of_service_demo_py:/home/ubuntu/ros2_foxy/install/launch_testing_ros:/home/ubuntu/ros2_foxy/install/launch_ros:/home/ubuntu/ros2_foxy/install/examples_rclpy_minimal_subscriber:/home/ubuntu/ros2_foxy/install/examples_rclpy_minimal_service:/home/ubuntu/ros2_foxy/install/examples_rclpy_minimal_publisher:/home/ubuntu/ros2_foxy/install/examples_rclpy_minimal_client:/home/ubuntu/ros2_foxy/install/examples_rclpy_minimal_action_server:/home/ubuntu/ros2_foxy/install/examples_rclpy_minimal_action_client:/home/ubuntu/ros2_foxy/install/examples_rclpy_executors:/home/ubuntu/ros2_foxy/install/demo_nodes_py:/home/ubuntu/ros2_foxy/install/action_tutorials_py:/home/ubuntu/ros2_foxy/install/ament_uncrustify:/home/ubuntu/ros2_foxy/install/tracetools_trace:/home/ubuntu/ros2_foxy/install/tracetools_read:/home/ubuntu/ros2_foxy/install/test_launch_ros:/home/ubuntu/ros2_foxy/install/sensor_msgs_py:/home/ubuntu/ros2_foxy/install/rpyutils:/home/ubuntu/ros2_foxy/install/rosidl_runtime_py:/home/ubuntu/ros2_foxy/install/launch_yaml:/home/ubuntu/ros2_foxy/install/launch_xml:/home/ubuntu/ros2_foxy/install/launch_testing:/home/ubuntu/ros2_foxy/install/launch:/home/ubuntu/ros2_foxy/install/osrf_pycommon:/home/ubuntu/ros2_foxy/install/domain_coordinator:/home/ubuntu/ros2_foxy/install/ament_xmllint:/home/ubuntu/ros2_foxy/install/ament_pyflakes:/home/ubuntu/ros2_foxy/install/ament_pycodestyle:/home/ubuntu/ros2_foxy/install/ament_pep257:/home/ubuntu/ros2_foxy/install/ament_pclint:/home/ubuntu/ros2_foxy/install/ament_package:/home/ubuntu/ros2_foxy/install/ament_mypy:/home/ubuntu/ros2_foxy/install/ament_lint_cmake:/home/ubuntu/ros2_foxy/install/ament_flake8:/home/ubuntu/ros2_foxy/install/ament_copyright:/home/ubuntu/ros2_foxy/install/ament_lint:/home/ubuntu/ros2_foxy/install/ament_index_python:/home/ubuntu/ros2_foxy/install/ament_cpplint:/home/ubuntu/ros2_foxy/install/ament_cppcheck:/home/ubuntu/ros2_foxy/install/ament_clang_tidy:/home/ubuntu/ros2_foxy/install/ament_clang_format /usr/bin/cmake --build /home/ubuntu/ros2_ws/build/my_robot_interfaces -- -j4 -l4
[141.907s] DEBUG:colcon.colcon_core.event_handler.log_command:Invoked command in '/home/ubuntu/ros2_ws/build/my_robot_interfaces' returned '0': CMAKE_PREFIX_PATH=${CMAKE_PREFIX_PATH}:/home/ubuntu/ros2_ws/install/py_pubsub:/home/ubuntu/ros2_foxy/install/ros2bag:/home/ubuntu/ros2_foxy/install/tracetools_launch:/home/ubuntu/ros2_foxy/install/topic_monitor:/home/ubuntu/ros2_foxy/install/examples_tf2_py:/home/ubuntu/ros2_foxy/install/sros2:/home/ubuntu/ros2_foxy/install/rqt_topic:/home/ubuntu/ros2_foxy/install/rqt_top:/home/ubuntu/ros2_foxy/install/rqt_srv:/home/ubuntu/ros2_foxy/install/rqt_shell:/home/ubuntu/ros2_foxy/install/rqt_service_caller:/home/ubuntu/ros2_foxy/install/rqt_reconfigure:/home/ubuntu/ros2_foxy/install/rqt_py_console:/home/ubuntu/ros2_foxy/install/rqt_publisher:/home/ubuntu/ros2_foxy/install/rqt_plot:/home/ubuntu/ros2_foxy/install/rqt_action:/home/ubuntu/ros2_foxy/install/rqt_msg:/home/ubuntu/ros2_foxy/install/rqt_console:/home/ubuntu/ros2_foxy/install/rqt:/home/ubuntu/ros2_foxy/install/rqt_graph:/home/ubuntu/ros2_foxy/install/rqt_gui_py:/home/ubuntu/ros2_foxy/install/rqt_gui:/home/ubuntu/ros2_foxy/install/ros2trace:/home/ubuntu/ros2_foxy/install/ros2topic:/home/ubuntu/ros2_foxy/install/ros2test:/home/ubuntu/ros2_foxy/install/ros2component:/home/ubuntu/ros2_foxy/install/ros2param:/home/ubuntu/ros2_foxy/install/ros2lifecycle:/home/ubuntu/ros2_foxy/install/ros2service:/home/ubuntu/ros2_foxy/install/ros2run:/home/ubuntu/ros2_foxy/install/ros2launch:/home/ubuntu/ros2_foxy/install/ros2pkg:/home/ubuntu/ros2_foxy/install/ros2node:/home/ubuntu/ros2_foxy/install/ros2multicast:/home/ubuntu/ros2_foxy/install/ros2interface:/home/ubuntu/ros2_foxy/install/ros2doctor:/home/ubuntu/ros2_foxy/install/ros2action:/home/ubuntu/ros2_foxy/install/ros2cli:/home/ubuntu/ros2_foxy/install/quality_of_service_demo_py:/home/ubuntu/ros2_foxy/install/launch_testing_ros:/home/ubuntu/ros2_foxy/install/launch_ros:/home/ubuntu/ros2_foxy/install/examples_rclpy_minimal_subscriber:/home/ubuntu/ros2_foxy/install/examples_rclpy_minimal_service:/home/ubuntu/ros2_foxy/install/examples_rclpy_minimal_publisher:/home/ubuntu/ros2_foxy/install/examples_rclpy_minimal_client:/home/ubuntu/ros2_foxy/install/examples_rclpy_minimal_action_server:/home/ubuntu/ros2_foxy/install/examples_rclpy_minimal_action_client:/home/ubuntu/ros2_foxy/install/examples_rclpy_executors:/home/ubuntu/ros2_foxy/install/demo_nodes_py:/home/ubuntu/ros2_foxy/install/action_tutorials_py:/home/ubuntu/ros2_foxy/install/ament_uncrustify:/home/ubuntu/ros2_foxy/install/tracetools_trace:/home/ubuntu/ros2_foxy/install/tracetools_read:/home/ubuntu/ros2_foxy/install/test_launch_ros:/home/ubuntu/ros2_foxy/install/sensor_msgs_py:/home/ubuntu/ros2_foxy/install/rpyutils:/home/ubuntu/ros2_foxy/install/rosidl_runtime_py:/home/ubuntu/ros2_foxy/install/launch_yaml:/home/ubuntu/ros2_foxy/install/launch_xml:/home/ubuntu/ros2_foxy/install/launch_testing:/home/ubuntu/ros2_foxy/install/launch:/home/ubuntu/ros2_foxy/install/osrf_pycommon:/home/ubuntu/ros2_foxy/install/domain_coordinator:/home/ubuntu/ros2_foxy/install/ament_xmllint:/home/ubuntu/ros2_foxy/install/ament_pyflakes:/home/ubuntu/ros2_foxy/install/ament_pycodestyle:/home/ubuntu/ros2_foxy/install/ament_pep257:/home/ubuntu/ros2_foxy/install/ament_pclint:/home/ubuntu/ros2_foxy/install/ament_package:/home/ubuntu/ros2_foxy/install/ament_mypy:/home/ubuntu/ros2_foxy/install/ament_lint_cmake:/home/ubuntu/ros2_foxy/install/ament_flake8:/home/ubuntu/ros2_foxy/install/ament_copyright:/home/ubuntu/ros2_foxy/install/ament_lint:/home/ubuntu/ros2_foxy/install/ament_index_python:/home/ubuntu/ros2_foxy/install/ament_cpplint:/home/ubuntu/ros2_foxy/install/ament_cppcheck:/home/ubuntu/ros2_foxy/install/ament_clang_tidy:/home/ubuntu/ros2_foxy/install/ament_clang_format /usr/bin/cmake --build /home/ubuntu/ros2_ws/build/my_robot_interfaces -- -j4 -l4
[148.124s] DEBUG:colcon.colcon_core.event_handler.log_command:Invoking command in '/home/ubuntu/ros2_ws/build/my_robot_interfaces': CMAKE_PREFIX_PATH=${CMAKE_PREFIX_PATH}:/home/ubuntu/ros2_ws/install/py_pubsub:/home/ubuntu/ros2_foxy/install/ros2bag:/home/ubuntu/ros2_foxy/install/tracetools_launch:/home/ubuntu/ros2_foxy/install/topic_monitor:/home/ubuntu/ros2_foxy/install/examples_tf2_py:/home/ubuntu/ros2_foxy/install/sros2:/home/ubuntu/ros2_foxy/install/rqt_topic:/home/ubuntu/ros2_foxy/install/rqt_top:/home/ubuntu/ros2_foxy/install/rqt_srv:/home/ubuntu/ros2_foxy/install/rqt_shell:/home/ubuntu/ros2_foxy/install/rqt_service_caller:/home/ubuntu/ros2_foxy/install/rqt_reconfigure:/home/ubuntu/ros2_foxy/install/rqt_py_console:/home/ubuntu/ros2_foxy/install/rqt_publisher:/home/ubuntu/ros2_foxy/install/rqt_plot:/home/ubuntu/ros2_foxy/install/rqt_action:/home/ubuntu/ros2_foxy/install/rqt_msg:/home/ubuntu/ros2_foxy/install/rqt_console:/home/ubuntu/ros2_foxy/install/rqt:/home/ubuntu/ros2_foxy/install/rqt_graph:/home/ubuntu/ros2_foxy/install/rqt_gui_py:/home/ubuntu/ros2_foxy/install/rqt_gui:/home/ubuntu/ros2_foxy/install/ros2trace:/home/ubuntu/ros2_foxy/install/ros2topic:/home/ubuntu/ros2_foxy/install/ros2test:/home/ubuntu/ros2_foxy/install/ros2component:/home/ubuntu/ros2_foxy/install/ros2param:/home/ubuntu/ros2_foxy/install/ros2lifecycle:/home/ubuntu/ros2_foxy/install/ros2service:/home/ubuntu/ros2_foxy/install/ros2run:/home/ubuntu/ros2_foxy/install/ros2launch:/home/ubuntu/ros2_foxy/install/ros2pkg:/home/ubuntu/ros2_foxy/install/ros2node:/home/ubuntu/ros2_foxy/install/ros2multicast:/home/ubuntu/ros2_foxy/install/ros2interface:/home/ubuntu/ros2_foxy/install/ros2doctor:/home/ubuntu/ros2_foxy/install/ros2action:/home/ubuntu/ros2_foxy/install/ros2cli:/home/ubuntu/ros2_foxy/install/quality_of_service_demo_py:/home/ubuntu/ros2_foxy/install/launch_testing_ros:/home/ubuntu/ros2_foxy/install/launch_ros:/home/ubuntu/ros2_foxy/install/examples_rclpy_minimal_subscriber:/home/ubuntu/ros2_foxy/install/examples_rclpy_minimal_service:/home/ubuntu/ros2_foxy/install/examples_rclpy_minimal_publisher:/home/ubuntu/ros2_foxy/install/examples_rclpy_minimal_client:/home/ubuntu/ros2_foxy/install/examples_rclpy_minimal_action_server:/home/ubuntu/ros2_foxy/install/examples_rclpy_minimal_action_client:/home/ubuntu/ros2_foxy/install/examples_rclpy_executors:/home/ubuntu/ros2_foxy/install/demo_nodes_py:/home/ubuntu/ros2_foxy/install/action_tutorials_py:/home/ubuntu/ros2_foxy/install/ament_uncrustify:/home/ubuntu/ros2_foxy/install/tracetools_trace:/home/ubuntu/ros2_foxy/install/tracetools_read:/home/ubuntu/ros2_foxy/install/test_launch_ros:/home/ubuntu/ros2_foxy/install/sensor_msgs_py:/home/ubuntu/ros2_foxy/install/rpyutils:/home/ubuntu/ros2_foxy/install/rosidl_runtime_py:/home/ubuntu/ros2_foxy/install/launch_yaml:/home/ubuntu/ros2_foxy/install/launch_xml:/home/ubuntu/ros2_foxy/install/launch_testing:/home/ubuntu/ros2_foxy/install/launch:/home/ubuntu/ros2_foxy/install/osrf_pycommon:/home/ubuntu/ros2_foxy/install/domain_coordinator:/home/ubuntu/ros2_foxy/install/ament_xmllint:/home/ubuntu/ros2_foxy/install/ament_pyflakes:/home/ubuntu/ros2_foxy/install/ament_pycodestyle:/home/ubuntu/ros2_foxy/install/ament_pep257:/home/ubuntu/ros2_foxy/install/ament_pclint:/home/ubuntu/ros2_foxy/install/ament_package:/home/ubuntu/ros2_foxy/install/ament_mypy:/home/ubuntu/ros2_foxy/install/ament_lint_cmake:/home/ubuntu/ros2_foxy/install/ament_flake8:/home/ubuntu/ros2_foxy/install/ament_copyright:/home/ubuntu/ros2_foxy/install/ament_lint:/home/ubuntu/ros2_foxy/install/ament_index_python:/home/ubuntu/ros2_foxy/install/ament_cpplint:/home/ubuntu/ros2_foxy/install/ament_cppcheck:/home/ubuntu/ros2_foxy/install/ament_clang_tidy:/home/ubuntu/ros2_foxy/install/ament_clang_format /usr/bin/cmake --install /home/ubuntu/ros2_ws/build/my_robot_interfaces
[151.340s] Level 1:colcon.colcon_core.environment:create_environment_scripts_only(my_robot_interfaces)
[151.342s] DEBUG:colcon.colcon_core.event_handler.log_command:Invoked command in '/home/ubuntu/ros2_ws/build/my_robot_interfaces' returned '0': CMAKE_PREFIX_PATH=${CMAKE_PREFIX_PATH}:/home/ubuntu/ros2_ws/install/py_pubsub:/home/ubuntu/ros2_foxy/install/ros2bag:/home/ubuntu/ros2_foxy/install/tracetools_launch:/home/ubuntu/ros2_foxy/install/topic_monitor:/home/ubuntu/ros2_foxy/install/examples_tf2_py:/home/ubuntu/ros2_foxy/install/sros2:/home/ubuntu/ros2_foxy/install/rqt_topic:/home/ubuntu/ros2_foxy/install/rqt_top:/home/ubuntu/ros2_foxy/install/rqt_srv:/home/ubuntu/ros2_foxy/install/rqt_shell:/home/ubuntu/ros2_foxy/install/rqt_service_caller:/home/ubuntu/ros2_foxy/install/rqt_reconfigure:/home/ubuntu/ros2_foxy/install/rqt_py_console:/home/ubuntu/ros2_foxy/install/rqt_publisher:/home/ubuntu/ros2_foxy/install/rqt_plot:/home/ubuntu/ros2_foxy/install/rqt_action:/home/ubuntu/ros2_foxy/install/rqt_msg:/home/ubuntu/ros2_foxy/install/rqt_console:/home/ubuntu/ros2_foxy/install/rqt:/home/ubuntu/ros2_foxy/install/rqt_graph:/home/ubuntu/ros2_foxy/install/rqt_gui_py:/home/ubuntu/ros2_foxy/install/rqt_gui:/home/ubuntu/ros2_foxy/install/ros2trace:/home/ubuntu/ros2_foxy/install/ros2topic:/home/ubuntu/ros2_foxy/install/ros2test:/home/ubuntu/ros2_foxy/install/ros2component:/home/ubuntu/ros2_foxy/install/ros2param:/home/ubuntu/ros2_foxy/install/ros2lifecycle:/home/ubuntu/ros2_foxy/install/ros2service:/home/ubuntu/ros2_foxy/install/ros2run:/home/ubuntu/ros2_foxy/install/ros2launch:/home/ubuntu/ros2_foxy/install/ros2pkg:/home/ubuntu/ros2_foxy/install/ros2node:/home/ubuntu/ros2_foxy/install/ros2multicast:/home/ubuntu/ros2_foxy/install/ros2interface:/home/ubuntu/ros2_foxy/install/ros2doctor:/home/ubuntu/ros2_foxy/install/ros2action:/home/ubuntu/ros2_foxy/install/ros2cli:/home/ubuntu/ros2_foxy/install/quality_of_service_demo_py:/home/ubuntu/ros2_foxy/install/launch_testing_ros:/home/ubuntu/ros2_foxy/install/launch_ros:/home/ubuntu/ros2_foxy/install/examples_rclpy_minimal_subscriber:/home/ubuntu/ros2_foxy/install/examples_rclpy_minimal_service:/home/ubuntu/ros2_foxy/install/examples_rclpy_minimal_publisher:/home/ubuntu/ros2_foxy/install/examples_rclpy_minimal_client:/home/ubuntu/ros2_foxy/install/examples_rclpy_minimal_action_server:/home/ubuntu/ros2_foxy/install/examples_rclpy_minimal_action_client:/home/ubuntu/ros2_foxy/install/examples_rclpy_executors:/home/ubuntu/ros2_foxy/install/demo_nodes_py:/home/ubuntu/ros2_foxy/install/action_tutorials_py:/home/ubuntu/ros2_foxy/install/ament_uncrustify:/home/ubuntu/ros2_foxy/install/tracetools_trace:/home/ubuntu/ros2_foxy/install/tracetools_read:/home/ubuntu/ros2_foxy/install/test_launch_ros:/home/ubuntu/ros2_foxy/install/sensor_msgs_py:/home/ubuntu/ros2_foxy/install/rpyutils:/home/ubuntu/ros2_foxy/install/rosidl_runtime_py:/home/ubuntu/ros2_foxy/install/launch_yaml:/home/ubuntu/ros2_foxy/install/launch_xml:/home/ubuntu/ros2_foxy/install/launch_testing:/home/ubuntu/ros2_foxy/install/launch:/home/ubuntu/ros2_foxy/install/osrf_pycommon:/home/ubuntu/ros2_foxy/install/domain_coordinator:/home/ubuntu/ros2_foxy/install/ament_xmllint:/home/ubuntu/ros2_foxy/install/ament_pyflakes:/home/ubuntu/ros2_foxy/install/ament_pycodestyle:/home/ubuntu/ros2_foxy/install/ament_pep257:/home/ubuntu/ros2_foxy/install/ament_pclint:/home/ubuntu/ros2_foxy/install/ament_package:/home/ubuntu/ros2_foxy/install/ament_mypy:/home/ubuntu/ros2_foxy/install/ament_lint_cmake:/home/ubuntu/ros2_foxy/install/ament_flake8:/home/ubuntu/ros2_foxy/install/ament_copyright:/home/ubuntu/ros2_foxy/install/ament_lint:/home/ubuntu/ros2_foxy/install/ament_index_python:/home/ubuntu/ros2_foxy/install/ament_cpplint:/home/ubuntu/ros2_foxy/install/ament_cppcheck:/home/ubuntu/ros2_foxy/install/ament_clang_tidy:/home/ubuntu/ros2_foxy/install/ament_clang_format /usr/bin/cmake --install /home/ubuntu/ros2_ws/build/my_robot_interfaces
[151.698s] Level 1:colcon.colcon_core.environment:checking '/home/ubuntu/ros2_ws/install/my_robot_interfaces' for CMake module files
[151.703s] Level 1:colcon.colcon_core.environment:checking '/home/ubuntu/ros2_ws/install/my_robot_interfaces' for CMake config files
[151.708s] Level 1:colcon.colcon_core.shell:create_environment_hook('my_robot_interfaces', 'cmake_prefix_path')
[152.007s] INFO:colcon.colcon_core.shell:Creating environment hook '/home/ubuntu/ros2_ws/install/my_robot_interfaces/share/my_robot_interfaces/hook/cmake_prefix_path.ps1'
[152.010s] INFO:colcon.colcon_core.shell:Creating environment descriptor '/home/ubuntu/ros2_ws/install/my_robot_interfaces/share/my_robot_interfaces/hook/cmake_prefix_path.dsv'
[152.012s] INFO:colcon.colcon_core.shell:Creating environment hook '/home/ubuntu/ros2_ws/install/my_robot_interfaces/share/my_robot_interfaces/hook/cmake_prefix_path.sh'
[152.016s] Level 1:colcon.colcon_core.environment:checking '/home/ubuntu/ros2_ws/install/my_robot_interfaces/lib'
[152.016s] Level 1:colcon.colcon_core.shell:create_environment_hook('my_robot_interfaces', 'ld_library_path_lib')
[152.317s] INFO:colcon.colcon_core.shell:Creating environment hook '/home/ubuntu/ros2_ws/install/my_robot_interfaces/share/my_robot_interfaces/hook/ld_library_path_lib.ps1'
[152.319s] INFO:colcon.colcon_core.shell:Creating environment descriptor '/home/ubuntu/ros2_ws/install/my_robot_interfaces/share/my_robot_interfaces/hook/ld_library_path_lib.dsv'
[152.320s] INFO:colcon.colcon_core.shell:Creating environment hook '/home/ubuntu/ros2_ws/install/my_robot_interfaces/share/my_robot_interfaces/hook/ld_library_path_lib.sh'
[152.322s] Level 1:colcon.colcon_core.environment:checking '/home/ubuntu/ros2_ws/install/my_robot_interfaces/bin'
[152.323s] Level 1:colcon.colcon_core.environment:checking '/home/ubuntu/ros2_ws/install/my_robot_interfaces/lib/pkgconfig/my_robot_interfaces.pc'
[152.337s] Level 1:colcon.colcon_core.environment:checking '/home/ubuntu/ros2_ws/install/my_robot_interfaces/lib/python3.8/site-packages'
[152.338s] Level 1:colcon.colcon_core.shell:create_environment_hook('my_robot_interfaces', 'pythonpath')
[152.650s] INFO:colcon.colcon_core.shell:Creating environment hook '/home/ubuntu/ros2_ws/install/my_robot_interfaces/share/my_robot_interfaces/hook/pythonpath.ps1'
[152.651s] INFO:colcon.colcon_core.shell:Creating environment descriptor '/home/ubuntu/ros2_ws/install/my_robot_interfaces/share/my_robot_interfaces/hook/pythonpath.dsv'
[152.653s] INFO:colcon.colcon_core.shell:Creating environment hook '/home/ubuntu/ros2_ws/install/my_robot_interfaces/share/my_robot_interfaces/hook/pythonpath.sh'
[152.656s] Level 1:colcon.colcon_core.environment:checking '/home/ubuntu/ros2_ws/install/my_robot_interfaces/bin'
[153.007s] INFO:colcon.colcon_core.shell:Creating package script '/home/ubuntu/ros2_ws/install/my_robot_interfaces/share/my_robot_interfaces/package.ps1'
[153.012s] INFO:colcon.colcon_core.shell:Creating package descriptor '/home/ubuntu/ros2_ws/install/my_robot_interfaces/share/my_robot_interfaces/package.dsv'
[153.019s] INFO:colcon.colcon_core.shell:Creating package script '/home/ubuntu/ros2_ws/install/my_robot_interfaces/share/my_robot_interfaces/package.sh'
[153.120s] INFO:colcon.colcon_core.shell:Creating package script '/home/ubuntu/ros2_ws/install/my_robot_interfaces/share/my_robot_interfaces/package.bash'
[153.124s] INFO:colcon.colcon_core.shell:Creating package script '/home/ubuntu/ros2_ws/install/my_robot_interfaces/share/my_robot_interfaces/package.zsh'
[153.128s] Level 1:colcon.colcon_core.environment:create_file_with_runtime_dependencies(/home/ubuntu/ros2_ws/install/my_robot_interfaces/share/colcon-core/packages/my_robot_interfaces)
[159.382s] Level 1:colcon.colcon_core.environment:create_environment_scripts_only(my_robot_interfaces)
[159.631s] Level 1:colcon.colcon_core.environment:checking '/home/ubuntu/ros2_ws/install/my_robot_interfaces' for CMake module files
[159.635s] Level 1:colcon.colcon_core.environment:checking '/home/ubuntu/ros2_ws/install/my_robot_interfaces' for CMake config files
[159.640s] Level 1:colcon.colcon_core.shell:create_environment_hook('my_robot_interfaces', 'cmake_prefix_path')
[159.892s] INFO:colcon.colcon_core.shell:Creating environment hook '/home/ubuntu/ros2_ws/install/my_robot_interfaces/share/my_robot_interfaces/hook/cmake_prefix_path.ps1'
[163.400s] INFO:colcon.colcon_core.shell:Creating environment descriptor '/home/ubuntu/ros2_ws/install/my_robot_interfaces/share/my_robot_interfaces/hook/cmake_prefix_path.dsv'
[163.402s] INFO:colcon.colcon_core.shell:Creating environment hook '/home/ubuntu/ros2_ws/install/my_robot_interfaces/share/my_robot_interfaces/hook/cmake_prefix_path.sh'
[163.406s] Level 1:colcon.colcon_core.environment:checking '/home/ubuntu/ros2_ws/install/my_robot_interfaces/lib'
[163.407s] Level 1:colcon.colcon_core.shell:create_environment_hook('my_robot_interfaces', 'ld_library_path_lib')
[163.654s] INFO:colcon.colcon_core.shell:Creating environment hook '/home/ubuntu/ros2_ws/install/my_robot_interfaces/share/my_robot_interfaces/hook/ld_library_path_lib.ps1'
[163.656s] INFO:colcon.colcon_core.shell:Creating environment descriptor '/home/ubuntu/ros2_ws/install/my_robot_interfaces/share/my_robot_interfaces/hook/ld_library_path_lib.dsv'
[163.657s] INFO:colcon.colcon_core.shell:Creating environment hook '/home/ubuntu/ros2_ws/install/my_robot_interfaces/share/my_robot_interfaces/hook/ld_library_path_lib.sh'
[163.659s] Level 1:colcon.colcon_core.environment:checking '/home/ubuntu/ros2_ws/install/my_robot_interfaces/bin'
[163.659s] Level 1:colcon.colcon_core.environment:checking '/home/ubuntu/ros2_ws/install/my_robot_interfaces/lib/pkgconfig/my_robot_interfaces.pc'
[163.660s] Level 1:colcon.colcon_core.environment:checking '/home/ubuntu/ros2_ws/install/my_robot_interfaces/lib/python3.8/site-packages'
[163.661s] Level 1:colcon.colcon_core.shell:create_environment_hook('my_robot_interfaces', 'pythonpath')
[163.910s] INFO:colcon.colcon_core.shell:Creating environment hook '/home/ubuntu/ros2_ws/install/my_robot_interfaces/share/my_robot_interfaces/hook/pythonpath.ps1'
[163.911s] INFO:colcon.colcon_core.shell:Creating environment descriptor '/home/ubuntu/ros2_ws/install/my_robot_interfaces/share/my_robot_interfaces/hook/pythonpath.dsv'
[163.913s] INFO:colcon.colcon_core.shell:Creating environment hook '/home/ubuntu/ros2_ws/install/my_robot_interfaces/share/my_robot_interfaces/hook/pythonpath.sh'
[164.104s] Level 1:colcon.colcon_core.environment:checking '/home/ubuntu/ros2_ws/install/my_robot_interfaces/bin'
[164.353s] INFO:colcon.colcon_core.shell:Creating package script '/home/ubuntu/ros2_ws/install/my_robot_interfaces/share/my_robot_interfaces/package.ps1'
[164.356s] INFO:colcon.colcon_core.shell:Creating package descriptor '/home/ubuntu/ros2_ws/install/my_robot_interfaces/share/my_robot_interfaces/package.dsv'
[164.359s] INFO:colcon.colcon_core.shell:Creating package script '/home/ubuntu/ros2_ws/install/my_robot_interfaces/share/my_robot_interfaces/package.sh'
[164.361s] INFO:colcon.colcon_core.shell:Creating package script '/home/ubuntu/ros2_ws/install/my_robot_interfaces/share/my_robot_interfaces/package.bash'
[164.363s] INFO:colcon.colcon_core.shell:Creating package script '/home/ubuntu/ros2_ws/install/my_robot_interfaces/share/my_robot_interfaces/package.zsh'
[164.365s] Level 1:colcon.colcon_core.environment:create_file_with_runtime_dependencies(/home/ubuntu/ros2_ws/install/my_robot_interfaces/share/colcon-core/packages/my_robot_interfaces)
[164.366s] DEBUG:colcon.colcon_parallel_executor.executor.parallel:closing loop
[164.367s] DEBUG:colcon.colcon_parallel_executor.executor.parallel:loop closed
[164.367s] DEBUG:colcon.colcon_parallel_executor.executor.parallel:run_until_complete finished with '0'
[164.368s] DEBUG:colcon.colcon_core.event_reactor:joining thread
[165.257s] INFO:colcon.colcon_core.plugin_system:Skipping extension 'colcon_notification.desktop_notification.terminal_notifier': Not used on non-Darwin systems
[165.316s] INFO:colcon.colcon_core.plugin_system:Skipping extension 'colcon_notification.desktop_notification.win32': Not used on non-Windows systems
[165.316s] INFO:colcon.colcon_notification.desktop_notification:Sending desktop notification using 'notify2'
[165.381s] DEBUG:colcon.colcon_core.event_reactor:joined thread
[165.678s] INFO:colcon.colcon_core.shell:Creating prefix script '/home/ubuntu/ros2_ws/install/local_setup.ps1'
[165.682s] INFO:colcon.colcon_core.shell:Creating prefix util module '/home/ubuntu/ros2_ws/install/_local_setup_util_ps1.py'
[165.687s] INFO:colcon.colcon_core.shell:Creating prefix chain script '/home/ubuntu/ros2_ws/install/setup.ps1'
[165.985s] INFO:colcon.colcon_core.shell:Creating prefix script '/home/ubuntu/ros2_ws/install/local_setup.sh'
[165.987s] INFO:colcon.colcon_core.shell:Creating prefix util module '/home/ubuntu/ros2_ws/install/_local_setup_util_sh.py'
[165.990s] INFO:colcon.colcon_core.shell:Creating prefix chain script '/home/ubuntu/ros2_ws/install/setup.sh'
[166.293s] INFO:colcon.colcon_core.shell:Creating prefix script '/home/ubuntu/ros2_ws/install/local_setup.bash'
[166.295s] INFO:colcon.colcon_core.shell:Creating prefix chain script '/home/ubuntu/ros2_ws/install/setup.bash'
[166.592s] INFO:colcon.colcon_core.shell:Creating prefix script '/home/ubuntu/ros2_ws/install/local_setup.zsh'
[166.594s] INFO:colcon.colcon_core.shell:Creating prefix chain script '/home/ubuntu/ros2_ws/install/setup.zsh'
