[9.343s] Invoking command in '/home/ubuntu/ros2_ws/src/py_pubsub': PYTHONPATH=/home/ubuntu/ros2_ws/build/py_pubsub/prefix_override:/home/ubuntu/ros2_ws/install/py_pubsub/lib/python3.8/site-packages:${PYTHONPATH} /usr/bin/python3 setup.py egg_info --egg-base ../../build/py_pubsub build --build-base /home/ubuntu/ros2_ws/build/py_pubsub/build install --record /home/ubuntu/ros2_ws/build/py_pubsub/install.log --install-scripts $base/lib/py_pubsub --single-version-externally-managed
[13.123s] running egg_info
[13.126s] writing ../../build/py_pubsub/py_pubsub.egg-info/PKG-INFO
[13.128s] writing dependency_links to ../../build/py_pubsub/py_pubsub.egg-info/dependency_links.txt
[13.129s] writing entry points to ../../build/py_pubsub/py_pubsub.egg-info/entry_points.txt
[13.130s] writing requirements to ../../build/py_pubsub/py_pubsub.egg-info/requires.txt
[13.130s] writing top-level names to ../../build/py_pubsub/py_pubsub.egg-info/top_level.txt
[13.322s] reading manifest file '../../build/py_pubsub/py_pubsub.egg-info/SOURCES.txt'
[13.326s] writing manifest file '../../build/py_pubsub/py_pubsub.egg-info/SOURCES.txt'
[13.327s] running build
[13.327s] running build_py
[13.331s] running install
[13.345s] running install_lib
[13.362s] running install_data
[13.366s] running install_egg_info
[13.382s] removing '/home/ubuntu/ros2_ws/install/py_pubsub/lib/python3.8/site-packages/py_pubsub-0.0.0-py3.8.egg-info' (and everything under it)
[13.383s] Copying ../../build/py_pubsub/py_pubsub.egg-info to /home/ubuntu/ros2_ws/install/py_pubsub/lib/python3.8/site-packages/py_pubsub-0.0.0-py3.8.egg-info
[13.389s] running install_scripts
[13.519s] Installing listener script to /home/ubuntu/ros2_ws/install/py_pubsub/lib/py_pubsub
[13.521s] writing list of installed files to '/home/ubuntu/ros2_ws/build/py_pubsub/install.log'
[13.615s] Invoked command in '/home/ubuntu/ros2_ws/src/py_pubsub' returned '0': PYTHONPATH=/home/ubuntu/ros2_ws/build/py_pubsub/prefix_override:/home/ubuntu/ros2_ws/install/py_pubsub/lib/python3.8/site-packages:${PYTHONPATH} /usr/bin/python3 setup.py egg_info --egg-base ../../build/py_pubsub build --build-base /home/ubuntu/ros2_ws/build/py_pubsub/build install --record /home/ubuntu/ros2_ws/build/py_pubsub/install.log --install-scripts $base/lib/py_pubsub --single-version-externally-managed
