[14.513s] DEBUG:colcon:Command line arguments: ['/usr/bin/colcon', 'build', '--packages-select', 'my_py_pkg']
[14.514s] DEBUG:colcon:Parsed command line arguments: Namespace(allow_overriding=[], ament_cmake_args=None, base_paths=['.'], build_base='build', catkin_cmake_args=None, catkin_skip_building_tests=False, cmake_args=None, cmake_clean_cache=False, cmake_clean_first=False, cmake_force_configure=False, cmake_target=None, cmake_target_skip_unavailable=False, continue_on_error=False, event_handlers=None, executor='parallel', ignore_user_meta=False, install_base='install', log_base=None, log_level=None, main=<bound method BuildVerb.main of <colcon_core.verb.build.BuildVerb object at 0xffffaef63340>>, merge_install=False, metas=['./colcon.meta'], packages_above=None, packages_above_and_dependencies=None, packages_above_depth=None, packages_end=None, packages_ignore=None, packages_ignore_regex=None, packages_select=['my_py_pkg'], packages_select_build_failed=False, packages_select_by_dep=None, packages_select_regex=None, packages_select_test_failures=False, packages_skip=None, packages_skip_build_finished=False, packages_skip_by_dep=None, packages_skip_regex=None, packages_skip_test_passed=False, packages_skip_up_to=None, packages_start=None, packages_up_to=None, packages_up_to_regex=None, parallel_workers=4, paths=None, symlink_install=False, test_result_base=None, verb_extension=<colcon_core.verb.build.BuildVerb object at 0xffffaef63340>, verb_name='build', verb_parser=<colcon_defaults.argument_parser.defaults.DefaultArgumentsDecorator object at 0xffffaef636a0>)
[15.240s] Level 1:colcon.colcon_core.package_discovery:discover_packages(colcon_meta) check parameters
[15.241s] Level 1:colcon.colcon_core.package_discovery:discover_packages(recursive) check parameters
[15.241s] Level 1:colcon.colcon_core.package_discovery:discover_packages(ignore) check parameters
[15.241s] Level 1:colcon.colcon_core.package_discovery:discover_packages(path) check parameters
[15.241s] Level 1:colcon.colcon_core.package_discovery:discover_packages(colcon_meta) discover
[15.241s] Level 1:colcon.colcon_core.package_discovery:discover_packages(recursive) discover
[15.241s] INFO:colcon.colcon_core.package_discovery:Crawling recursively for packages in '/home/ubuntu/ros2_ws'
[15.242s] Level 1:colcon.colcon_core.package_identification:_identify(.) by extensions ['ignore', 'ignore_ament_install']
[15.242s] Level 1:colcon.colcon_core.package_identification:_identify(.) by extension 'ignore'
[15.243s] Level 1:colcon.colcon_core.package_identification:_identify(.) by extension 'ignore_ament_install'
[15.243s] Level 1:colcon.colcon_core.package_identification:_identify(.) by extensions ['colcon_pkg']
[15.243s] Level 1:colcon.colcon_core.package_identification:_identify(.) by extension 'colcon_pkg'
[15.243s] Level 1:colcon.colcon_core.package_identification:_identify(.) by extensions ['colcon_meta']
[15.243s] Level 1:colcon.colcon_core.package_identification:_identify(.) by extension 'colcon_meta'
[15.243s] Level 1:colcon.colcon_core.package_identification:_identify(.) by extensions ['ros']
[15.244s] Level 1:colcon.colcon_core.package_identification:_identify(.) by extension 'ros'
[15.323s] Level 1:colcon.colcon_core.package_identification:_identify(.) by extensions ['cmake', 'python']
[15.323s] Level 1:colcon.colcon_core.package_identification:_identify(.) by extension 'cmake'
[15.324s] Level 1:colcon.colcon_core.package_identification:_identify(.) by extension 'python'
[15.324s] Level 1:colcon.colcon_core.package_identification:_identify(.) by extensions ['python_setup_py']
[15.324s] Level 1:colcon.colcon_core.package_identification:_identify(.) by extension 'python_setup_py'
[15.324s] Level 1:colcon.colcon_core.package_identification:_identify(__pycache__) by extensions ['ignore', 'ignore_ament_install']
[15.325s] Level 1:colcon.colcon_core.package_identification:_identify(__pycache__) by extension 'ignore'
[15.325s] Level 1:colcon.colcon_core.package_identification:_identify(__pycache__) by extension 'ignore_ament_install'
[15.325s] Level 1:colcon.colcon_core.package_identification:_identify(__pycache__) by extensions ['colcon_pkg']
[15.325s] Level 1:colcon.colcon_core.package_identification:_identify(__pycache__) by extension 'colcon_pkg'
[15.326s] Level 1:colcon.colcon_core.package_identification:_identify(__pycache__) by extensions ['colcon_meta']
[15.326s] Level 1:colcon.colcon_core.package_identification:_identify(__pycache__) by extension 'colcon_meta'
[15.326s] Level 1:colcon.colcon_core.package_identification:_identify(__pycache__) by extensions ['ros']
[15.326s] Level 1:colcon.colcon_core.package_identification:_identify(__pycache__) by extension 'ros'
[15.326s] Level 1:colcon.colcon_core.package_identification:_identify(__pycache__) by extensions ['cmake', 'python']
[15.327s] Level 1:colcon.colcon_core.package_identification:_identify(__pycache__) by extension 'cmake'
[15.327s] Level 1:colcon.colcon_core.package_identification:_identify(__pycache__) by extension 'python'
[15.327s] Level 1:colcon.colcon_core.package_identification:_identify(__pycache__) by extensions ['python_setup_py']
[15.327s] Level 1:colcon.colcon_core.package_identification:_identify(__pycache__) by extension 'python_setup_py'
[15.327s] Level 1:colcon.colcon_core.package_identification:_identify(build) by extensions ['ignore', 'ignore_ament_install']
[15.328s] Level 1:colcon.colcon_core.package_identification:_identify(build) by extension 'ignore'
[15.328s] Level 1:colcon.colcon_core.package_identification:_identify(build) ignored
[15.329s] Level 1:colcon.colcon_core.package_identification:_identify(install) by extensions ['ignore', 'ignore_ament_install']
[15.329s] Level 1:colcon.colcon_core.package_identification:_identify(install) by extension 'ignore'
[15.329s] Level 1:colcon.colcon_core.package_identification:_identify(install) ignored
[15.330s] Level 1:colcon.colcon_core.package_identification:_identify(log) by extensions ['ignore', 'ignore_ament_install']
[15.330s] Level 1:colcon.colcon_core.package_identification:_identify(log) by extension 'ignore'
[15.330s] Level 1:colcon.colcon_core.package_identification:_identify(log) ignored
[15.331s] Level 1:colcon.colcon_core.package_identification:_identify(pigpio-master) by extensions ['ignore', 'ignore_ament_install']
[15.332s] Level 1:colcon.colcon_core.package_identification:_identify(pigpio-master) by extension 'ignore'
[15.332s] Level 1:colcon.colcon_core.package_identification:_identify(pigpio-master) by extension 'ignore_ament_install'
[15.332s] Level 1:colcon.colcon_core.package_identification:_identify(pigpio-master) by extensions ['colcon_pkg']
[15.332s] Level 1:colcon.colcon_core.package_identification:_identify(pigpio-master) by extension 'colcon_pkg'
[15.333s] Level 1:colcon.colcon_core.package_identification:_identify(pigpio-master) by extensions ['colcon_meta']
[15.333s] Level 1:colcon.colcon_core.package_identification:_identify(pigpio-master) by extension 'colcon_meta'
[15.333s] Level 1:colcon.colcon_core.package_identification:_identify(pigpio-master) by extensions ['ros']
[15.333s] Level 1:colcon.colcon_core.package_identification:_identify(pigpio-master) by extension 'ros'
[15.333s] Level 1:colcon.colcon_core.package_identification:_identify(pigpio-master) by extensions ['cmake', 'python']
[15.334s] Level 1:colcon.colcon_core.package_identification:_identify(pigpio-master) by extension 'cmake'
[15.371s] Level 1:colcon.colcon_core.package_identification:_identify(pigpio-master) by extension 'python'
[15.372s] DEBUG:colcon.colcon_core.package_identification:Package 'pigpio-master' with type 'cmake' and name 'pigpio'
[15.373s] Level 1:colcon.colcon_core.package_identification:_identify(src) by extensions ['ignore', 'ignore_ament_install']
[15.373s] Level 1:colcon.colcon_core.package_identification:_identify(src) by extension 'ignore'
[15.374s] Level 1:colcon.colcon_core.package_identification:_identify(src) by extension 'ignore_ament_install'
[15.374s] Level 1:colcon.colcon_core.package_identification:_identify(src) by extensions ['colcon_pkg']
[15.374s] Level 1:colcon.colcon_core.package_identification:_identify(src) by extension 'colcon_pkg'
[15.374s] Level 1:colcon.colcon_core.package_identification:_identify(src) by extensions ['colcon_meta']
[15.375s] Level 1:colcon.colcon_core.package_identification:_identify(src) by extension 'colcon_meta'
[15.375s] Level 1:colcon.colcon_core.package_identification:_identify(src) by extensions ['ros']
[15.375s] Level 1:colcon.colcon_core.package_identification:_identify(src) by extension 'ros'
[15.375s] Level 1:colcon.colcon_core.package_identification:_identify(src) by extensions ['cmake', 'python']
[15.376s] Level 1:colcon.colcon_core.package_identification:_identify(src) by extension 'cmake'
[15.376s] Level 1:colcon.colcon_core.package_identification:_identify(src) by extension 'python'
[15.376s] Level 1:colcon.colcon_core.package_identification:_identify(src) by extensions ['python_setup_py']
[15.376s] Level 1:colcon.colcon_core.package_identification:_identify(src) by extension 'python_setup_py'
[15.377s] Level 1:colcon.colcon_core.package_identification:_identify(src/my_cpp_pkg) by extensions ['ignore', 'ignore_ament_install']
[15.377s] Level 1:colcon.colcon_core.package_identification:_identify(src/my_cpp_pkg) by extension 'ignore'
[15.377s] Level 1:colcon.colcon_core.package_identification:_identify(src/my_cpp_pkg) by extension 'ignore_ament_install'
[15.378s] Level 1:colcon.colcon_core.package_identification:_identify(src/my_cpp_pkg) by extensions ['colcon_pkg']
[15.378s] Level 1:colcon.colcon_core.package_identification:_identify(src/my_cpp_pkg) by extension 'colcon_pkg'
[15.378s] Level 1:colcon.colcon_core.package_identification:_identify(src/my_cpp_pkg) by extensions ['colcon_meta']
[15.378s] Level 1:colcon.colcon_core.package_identification:_identify(src/my_cpp_pkg) by extension 'colcon_meta'
[15.378s] Level 1:colcon.colcon_core.package_identification:_identify(src/my_cpp_pkg) by extensions ['ros']
[15.378s] Level 1:colcon.colcon_core.package_identification:_identify(src/my_cpp_pkg) by extension 'ros'
[15.391s] DEBUG:colcon.colcon_core.package_identification:Package 'src/my_cpp_pkg' with type 'ros.ament_cmake' and name 'my_cpp_pkg'
[15.392s] Level 1:colcon.colcon_core.package_identification:_identify(src/my_py_pkg) by extensions ['ignore', 'ignore_ament_install']
[15.392s] Level 1:colcon.colcon_core.package_identification:_identify(src/my_py_pkg) by extension 'ignore'
[15.393s] Level 1:colcon.colcon_core.package_identification:_identify(src/my_py_pkg) by extension 'ignore_ament_install'
[15.393s] Level 1:colcon.colcon_core.package_identification:_identify(src/my_py_pkg) by extensions ['colcon_pkg']
[15.393s] Level 1:colcon.colcon_core.package_identification:_identify(src/my_py_pkg) by extension 'colcon_pkg'
[15.393s] Level 1:colcon.colcon_core.package_identification:_identify(src/my_py_pkg) by extensions ['colcon_meta']
[15.393s] Level 1:colcon.colcon_core.package_identification:_identify(src/my_py_pkg) by extension 'colcon_meta'
[15.394s] Level 1:colcon.colcon_core.package_identification:_identify(src/my_py_pkg) by extensions ['ros']
[15.394s] Level 1:colcon.colcon_core.package_identification:_identify(src/my_py_pkg) by extension 'ros'
[15.397s] DEBUG:colcon.colcon_core.package_identification:Package 'src/my_py_pkg' with type 'ros.ament_python' and name 'my_py_pkg'
[15.397s] Level 1:colcon.colcon_core.package_identification:_identify(src/my_robot_bringup) by extensions ['ignore', 'ignore_ament_install']
[15.398s] Level 1:colcon.colcon_core.package_identification:_identify(src/my_robot_bringup) by extension 'ignore'
[15.398s] Level 1:colcon.colcon_core.package_identification:_identify(src/my_robot_bringup) by extension 'ignore_ament_install'
[15.398s] Level 1:colcon.colcon_core.package_identification:_identify(src/my_robot_bringup) by extensions ['colcon_pkg']
[15.398s] Level 1:colcon.colcon_core.package_identification:_identify(src/my_robot_bringup) by extension 'colcon_pkg'
[15.399s] Level 1:colcon.colcon_core.package_identification:_identify(src/my_robot_bringup) by extensions ['colcon_meta']
[15.399s] Level 1:colcon.colcon_core.package_identification:_identify(src/my_robot_bringup) by extension 'colcon_meta'
[15.399s] Level 1:colcon.colcon_core.package_identification:_identify(src/my_robot_bringup) by extensions ['ros']
[15.399s] Level 1:colcon.colcon_core.package_identification:_identify(src/my_robot_bringup) by extension 'ros'
[15.402s] DEBUG:colcon.colcon_core.package_identification:Package 'src/my_robot_bringup' with type 'ros.ament_cmake' and name 'my_robot_bringup'
[15.402s] Level 1:colcon.colcon_core.package_identification:_identify(src/my_robot_interfaces) by extensions ['ignore', 'ignore_ament_install']
[15.403s] Level 1:colcon.colcon_core.package_identification:_identify(src/my_robot_interfaces) by extension 'ignore'
[15.403s] Level 1:colcon.colcon_core.package_identification:_identify(src/my_robot_interfaces) by extension 'ignore_ament_install'
[15.403s] Level 1:colcon.colcon_core.package_identification:_identify(src/my_robot_interfaces) by extensions ['colcon_pkg']
[15.404s] Level 1:colcon.colcon_core.package_identification:_identify(src/my_robot_interfaces) by extension 'colcon_pkg'
[15.404s] Level 1:colcon.colcon_core.package_identification:_identify(src/my_robot_interfaces) by extensions ['colcon_meta']
[15.404s] Level 1:colcon.colcon_core.package_identification:_identify(src/my_robot_interfaces) by extension 'colcon_meta'
[15.404s] Level 1:colcon.colcon_core.package_identification:_identify(src/my_robot_interfaces) by extensions ['ros']
[15.404s] Level 1:colcon.colcon_core.package_identification:_identify(src/my_robot_interfaces) by extension 'ros'
[15.406s] DEBUG:colcon.colcon_core.package_identification:Package 'src/my_robot_interfaces' with type 'ros.ament_cmake' and name 'my_robot_interfaces'
[15.407s] Level 1:colcon.colcon_core.package_identification:_identify(src/py_pubsub) by extensions ['ignore', 'ignore_ament_install']
[15.407s] Level 1:colcon.colcon_core.package_identification:_identify(src/py_pubsub) by extension 'ignore'
[15.408s] Level 1:colcon.colcon_core.package_identification:_identify(src/py_pubsub) by extension 'ignore_ament_install'
[15.408s] Level 1:colcon.colcon_core.package_identification:_identify(src/py_pubsub) by extensions ['colcon_pkg']
[15.408s] Level 1:colcon.colcon_core.package_identification:_identify(src/py_pubsub) by extension 'colcon_pkg'
[15.408s] Level 1:colcon.colcon_core.package_identification:_identify(src/py_pubsub) by extensions ['colcon_meta']
[15.408s] Level 1:colcon.colcon_core.package_identification:_identify(src/py_pubsub) by extension 'colcon_meta'
[15.409s] Level 1:colcon.colcon_core.package_identification:_identify(src/py_pubsub) by extensions ['ros']
[15.409s] Level 1:colcon.colcon_core.package_identification:_identify(src/py_pubsub) by extension 'ros'
[15.412s] DEBUG:colcon.colcon_core.package_identification:Package 'src/py_pubsub' with type 'ros.ament_python' and name 'py_pubsub'
[15.413s] Level 1:colcon.colcon_core.package_identification:_identify(src/turtlesim_catch_them_all) by extensions ['ignore', 'ignore_ament_install']
[15.413s] Level 1:colcon.colcon_core.package_identification:_identify(src/turtlesim_catch_them_all) by extension 'ignore'
[15.413s] Level 1:colcon.colcon_core.package_identification:_identify(src/turtlesim_catch_them_all) by extension 'ignore_ament_install'
[15.413s] Level 1:colcon.colcon_core.package_identification:_identify(src/turtlesim_catch_them_all) by extensions ['colcon_pkg']
[15.414s] Level 1:colcon.colcon_core.package_identification:_identify(src/turtlesim_catch_them_all) by extension 'colcon_pkg'
[15.414s] Level 1:colcon.colcon_core.package_identification:_identify(src/turtlesim_catch_them_all) by extensions ['colcon_meta']
[15.414s] Level 1:colcon.colcon_core.package_identification:_identify(src/turtlesim_catch_them_all) by extension 'colcon_meta'
[15.414s] Level 1:colcon.colcon_core.package_identification:_identify(src/turtlesim_catch_them_all) by extensions ['ros']
[15.414s] Level 1:colcon.colcon_core.package_identification:_identify(src/turtlesim_catch_them_all) by extension 'ros'
[15.417s] DEBUG:colcon.colcon_core.package_identification:Package 'src/turtlesim_catch_them_all' with type 'ros.ament_python' and name 'turtlesim_catch_them_all'
[15.418s] Level 1:colcon.colcon_core.package_identification:_identify(src/turtlesim_project_cpp) by extensions ['ignore', 'ignore_ament_install']
[15.418s] Level 1:colcon.colcon_core.package_identification:_identify(src/turtlesim_project_cpp) by extension 'ignore'
[15.419s] Level 1:colcon.colcon_core.package_identification:_identify(src/turtlesim_project_cpp) by extension 'ignore_ament_install'
[15.419s] Level 1:colcon.colcon_core.package_identification:_identify(src/turtlesim_project_cpp) by extensions ['colcon_pkg']
[15.419s] Level 1:colcon.colcon_core.package_identification:_identify(src/turtlesim_project_cpp) by extension 'colcon_pkg'
[15.419s] Level 1:colcon.colcon_core.package_identification:_identify(src/turtlesim_project_cpp) by extensions ['colcon_meta']
[15.420s] Level 1:colcon.colcon_core.package_identification:_identify(src/turtlesim_project_cpp) by extension 'colcon_meta'
[15.420s] Level 1:colcon.colcon_core.package_identification:_identify(src/turtlesim_project_cpp) by extensions ['ros']
[15.420s] Level 1:colcon.colcon_core.package_identification:_identify(src/turtlesim_project_cpp) by extension 'ros'
[15.423s] DEBUG:colcon.colcon_core.package_identification:Package 'src/turtlesim_project_cpp' with type 'ros.ament_cmake' and name 'turtlesim_project_cpp'
[15.424s] Level 1:colcon.colcon_core.package_discovery:discover_packages(recursive) using defaults
[15.424s] Level 1:colcon.colcon_core.package_discovery:discover_packages(ignore) discover
[15.424s] Level 1:colcon.colcon_core.package_discovery:discover_packages(ignore) using defaults
[15.424s] Level 1:colcon.colcon_core.package_discovery:discover_packages(path) discover
[15.424s] Level 1:colcon.colcon_core.package_discovery:discover_packages(path) using defaults
[16.304s] INFO:colcon.colcon_core.package_selection:Skipping not selected package 'my_robot_interfaces' in 'src/my_robot_interfaces'
[16.304s] INFO:colcon.colcon_core.package_selection:Skipping not selected package 'pigpio' in 'pigpio-master'
[16.305s] INFO:colcon.colcon_core.package_selection:Skipping not selected package 'py_pubsub' in 'src/py_pubsub'
[16.305s] INFO:colcon.colcon_core.package_selection:Skipping not selected package 'my_cpp_pkg' in 'src/my_cpp_pkg'
[16.305s] INFO:colcon.colcon_core.package_selection:Skipping not selected package 'turtlesim_catch_them_all' in 'src/turtlesim_catch_them_all'
[16.305s] INFO:colcon.colcon_core.package_selection:Skipping not selected package 'turtlesim_project_cpp' in 'src/turtlesim_project_cpp'
[16.305s] INFO:colcon.colcon_core.package_selection:Skipping not selected package 'my_robot_bringup' in 'src/my_robot_bringup'
[16.935s] Level 1:colcon.colcon_core.package_discovery:discover_packages(prefix_path) check parameters
[16.936s] Level 1:colcon.colcon_core.package_discovery:discover_packages(prefix_path) discover
[17.511s] DEBUG:colcon.colcon_installed_package_information.package_discovery:Found 1 installed packages in /home/ubuntu/ros2_ws/install
[17.780s] DEBUG:colcon.colcon_installed_package_information.package_discovery:Found 311 installed packages in /home/ubuntu/ros2_foxy/install
[17.789s] Level 1:colcon.colcon_core.package_discovery:discover_packages(prefix_path) using defaults
[19.336s] Level 5:colcon.colcon_core.verb:set package 'my_py_pkg' build argument 'cmake_args' from command line to 'None'
[19.336s] Level 5:colcon.colcon_core.verb:set package 'my_py_pkg' build argument 'cmake_target' from command line to 'None'
[19.336s] Level 5:colcon.colcon_core.verb:set package 'my_py_pkg' build argument 'cmake_target_skip_unavailable' from command line to 'False'
[19.336s] Level 5:colcon.colcon_core.verb:set package 'my_py_pkg' build argument 'cmake_clean_cache' from command line to 'False'
[19.336s] Level 5:colcon.colcon_core.verb:set package 'my_py_pkg' build argument 'cmake_clean_first' from command line to 'False'
[19.336s] Level 5:colcon.colcon_core.verb:set package 'my_py_pkg' build argument 'cmake_force_configure' from command line to 'False'
[19.337s] Level 5:colcon.colcon_core.verb:set package 'my_py_pkg' build argument 'ament_cmake_args' from command line to 'None'
[19.337s] Level 5:colcon.colcon_core.verb:set package 'my_py_pkg' build argument 'catkin_cmake_args' from command line to 'None'
[19.337s] Level 5:colcon.colcon_core.verb:set package 'my_py_pkg' build argument 'catkin_skip_building_tests' from command line to 'False'
[19.337s] DEBUG:colcon.colcon_core.verb:Building package 'my_py_pkg' with the following arguments: {'ament_cmake_args': None, 'build_base': '/home/ubuntu/ros2_ws/build/my_py_pkg', 'catkin_cmake_args': None, 'catkin_skip_building_tests': False, 'cmake_args': None, 'cmake_clean_cache': False, 'cmake_clean_first': False, 'cmake_force_configure': False, 'cmake_target': None, 'cmake_target_skip_unavailable': False, 'install_base': '/home/ubuntu/ros2_ws/install/my_py_pkg', 'merge_install': False, 'path': '/home/ubuntu/ros2_ws/src/my_py_pkg', 'symlink_install': False, 'test_result_base': None}
[19.561s] INFO:colcon.colcon_core.executor:Executing jobs using 'parallel' executor
[19.794s] DEBUG:colcon.colcon_parallel_executor.executor.parallel:run_until_complete
[19.796s] INFO:colcon.colcon_ros.task.ament_python.build:Building ROS package in '/home/ubuntu/ros2_ws/src/my_py_pkg' with build type 'ament_python'
[19.796s] Level 1:colcon.colcon_core.shell:create_environment_hook('my_py_pkg', 'ament_prefix_path')
[20.103s] INFO:colcon.colcon_core.plugin_system:Skipping extension 'colcon_core.shell.bat': Not used on non-Windows systems
[20.104s] INFO:colcon.colcon_core.shell:Creating environment hook '/home/ubuntu/ros2_ws/install/my_py_pkg/share/my_py_pkg/hook/ament_prefix_path.ps1'
[20.108s] INFO:colcon.colcon_core.shell:Creating environment descriptor '/home/ubuntu/ros2_ws/install/my_py_pkg/share/my_py_pkg/hook/ament_prefix_path.dsv'
[20.110s] INFO:colcon.colcon_core.shell:Creating environment hook '/home/ubuntu/ros2_ws/install/my_py_pkg/share/my_py_pkg/hook/ament_prefix_path.sh'
[20.360s] INFO:colcon.colcon_core.shell:Skip shell extension 'powershell' for command environment: Not usable outside of PowerShell
[20.361s] DEBUG:colcon.colcon_core.shell:Skip shell extension 'dsv' for command environment
[21.217s] ERROR:colcon.colcon_ros.task.ament_python.build:Failed to find the following files:
- /home/ubuntu/ros2_ws/install/my_robot_interfaces/share/my_robot_interfaces/package.sh
Check that the following packages have been built:
- my_robot_interfaces
[21.219s] DEBUG:colcon.colcon_parallel_executor.executor.parallel:closing loop
[21.220s] DEBUG:colcon.colcon_parallel_executor.executor.parallel:loop closed
[21.220s] DEBUG:colcon.colcon_parallel_executor.executor.parallel:run_until_complete finished with '1'
[21.220s] DEBUG:colcon.colcon_core.event_reactor:joining thread
[21.536s] INFO:colcon.colcon_core.plugin_system:Skipping extension 'colcon_notification.desktop_notification.terminal_notifier': Not used on non-Darwin systems
[21.536s] INFO:colcon.colcon_core.plugin_system:Skipping extension 'colcon_notification.desktop_notification.win32': Not used on non-Windows systems
[21.537s] INFO:colcon.colcon_notification.desktop_notification:Sending desktop notification using 'notify2'
[21.619s] DEBUG:colcon.colcon_core.event_reactor:joined thread
[21.967s] INFO:colcon.colcon_core.shell:Creating prefix script '/home/ubuntu/ros2_ws/install/local_setup.ps1'
[21.972s] INFO:colcon.colcon_core.shell:Creating prefix util module '/home/ubuntu/ros2_ws/install/_local_setup_util_ps1.py'
[21.979s] INFO:colcon.colcon_core.shell:Creating prefix chain script '/home/ubuntu/ros2_ws/install/setup.ps1'
[22.288s] INFO:colcon.colcon_core.shell:Creating prefix script '/home/ubuntu/ros2_ws/install/local_setup.sh'
[22.291s] INFO:colcon.colcon_core.shell:Creating prefix util module '/home/ubuntu/ros2_ws/install/_local_setup_util_sh.py'
[22.293s] INFO:colcon.colcon_core.shell:Creating prefix chain script '/home/ubuntu/ros2_ws/install/setup.sh'
[22.642s] INFO:colcon.colcon_core.shell:Creating prefix script '/home/ubuntu/ros2_ws/install/local_setup.bash'
[22.646s] INFO:colcon.colcon_core.shell:Creating prefix chain script '/home/ubuntu/ros2_ws/install/setup.bash'
[22.962s] INFO:colcon.colcon_core.shell:Creating prefix script '/home/ubuntu/ros2_ws/install/local_setup.zsh'
[22.965s] INFO:colcon.colcon_core.shell:Creating prefix chain script '/home/ubuntu/ros2_ws/install/setup.zsh'
