[9.307s] Invoking command in '/home/ubuntu/ros2_ws/src/py_pubsub': PYTHONPATH=/home/ubuntu/ros2_ws/build/py_pubsub/prefix_override:/home/ubuntu/ros2_ws/install/py_pubsub/lib/python3.8/site-packages:${PYTHONPATH} /usr/bin/python3 setup.py egg_info --egg-base ../../build/py_pubsub build --build-base /home/ubuntu/ros2_ws/build/py_pubsub/build install --record /home/ubuntu/ros2_ws/build/py_pubsub/install.log --install-scripts $base/lib/py_pubsub --single-version-externally-managed
[13.086s] running egg_info
[13.089s] writing ../../build/py_pubsub/py_pubsub.egg-info/PKG-INFO
[13.091s] writing dependency_links to ../../build/py_pubsub/py_pubsub.egg-info/dependency_links.txt
[13.092s] writing entry points to ../../build/py_pubsub/py_pubsub.egg-info/entry_points.txt
[13.092s] writing requirements to ../../build/py_pubsub/py_pubsub.egg-info/requires.txt
[13.093s] writing top-level names to ../../build/py_pubsub/py_pubsub.egg-info/top_level.txt
[13.285s] reading manifest file '../../build/py_pubsub/py_pubsub.egg-info/SOURCES.txt'
[13.288s] writing manifest file '../../build/py_pubsub/py_pubsub.egg-info/SOURCES.txt'
[13.289s] running build
[13.289s] running build_py
[13.293s] running install
[13.307s] running install_lib
[13.324s] running install_data
[13.328s] running install_egg_info
[13.344s] removing '/home/ubuntu/ros2_ws/install/py_pubsub/lib/python3.8/site-packages/py_pubsub-0.0.0-py3.8.egg-info' (and everything under it)
[13.345s] Copying ../../build/py_pubsub/py_pubsub.egg-info to /home/ubuntu/ros2_ws/install/py_pubsub/lib/python3.8/site-packages/py_pubsub-0.0.0-py3.8.egg-info
[13.350s] running install_scripts
[13.480s] Installing listener script to /home/ubuntu/ros2_ws/install/py_pubsub/lib/py_pubsub
[13.482s] writing list of installed files to '/home/ubuntu/ros2_ws/build/py_pubsub/install.log'
[13.576s] Invoked command in '/home/ubuntu/ros2_ws/src/py_pubsub' returned '0': PYTHONPATH=/home/ubuntu/ros2_ws/build/py_pubsub/prefix_override:/home/ubuntu/ros2_ws/install/py_pubsub/lib/python3.8/site-packages:${PYTHONPATH} /usr/bin/python3 setup.py egg_info --egg-base ../../build/py_pubsub build --build-base /home/ubuntu/ros2_ws/build/py_pubsub/build install --record /home/ubuntu/ros2_ws/build/py_pubsub/install.log --install-scripts $base/lib/py_pubsub --single-version-externally-managed
