[13.147s] DEBUG:colcon:Command line arguments: ['/usr/bin/colcon', 'build', '--packages-select', 'my_robot_interfaces']
[13.147s] DEBUG:colcon:Parsed command line arguments: Namespace(allow_overriding=[], ament_cmake_args=None, base_paths=['.'], build_base='build', catkin_cmake_args=None, catkin_skip_building_tests=False, cmake_args=None, cmake_clean_cache=False, cmake_clean_first=False, cmake_force_configure=False, cmake_target=None, cmake_target_skip_unavailable=False, continue_on_error=False, event_handlers=None, executor='parallel', ignore_user_meta=False, install_base='install', log_base=None, log_level=None, main=<bound method BuildVerb.main of <colcon_core.verb.build.BuildVerb object at 0xffffa70ef910>>, merge_install=False, metas=['./colcon.meta'], packages_above=None, packages_above_and_dependencies=None, packages_above_depth=None, packages_end=None, packages_ignore=None, packages_ignore_regex=None, packages_select=['my_robot_interfaces'], packages_select_build_failed=False, packages_select_by_dep=None, packages_select_regex=None, packages_select_test_failures=False, packages_skip=None, packages_skip_build_finished=False, packages_skip_by_dep=None, packages_skip_regex=None, packages_skip_test_passed=False, packages_skip_up_to=None, packages_start=None, packages_up_to=None, packages_up_to_regex=None, parallel_workers=4, paths=None, symlink_install=False, test_result_base=None, verb_extension=<colcon_core.verb.build.BuildVerb object at 0xffffa70ef910>, verb_name='build', verb_parser=<colcon_defaults.argument_parser.defaults.DefaultArgumentsDecorator object at 0xffffa6d16bb0>)
[13.800s] Level 1:colcon.colcon_core.package_discovery:discover_packages(colcon_meta) check parameters
[13.800s] Level 1:colcon.colcon_core.package_discovery:discover_packages(recursive) check parameters
[13.801s] Level 1:colcon.colcon_core.package_discovery:discover_packages(ignore) check parameters
[13.801s] Level 1:colcon.colcon_core.package_discovery:discover_packages(path) check parameters
[13.801s] Level 1:colcon.colcon_core.package_discovery:discover_packages(colcon_meta) discover
[13.801s] Level 1:colcon.colcon_core.package_discovery:discover_packages(recursive) discover
[13.802s] INFO:colcon.colcon_core.package_discovery:Crawling recursively for packages in '/home/ubuntu/ros2_ws'
[13.802s] Level 1:colcon.colcon_core.package_identification:_identify(.) by extensions ['ignore', 'ignore_ament_install']
[13.803s] Level 1:colcon.colcon_core.package_identification:_identify(.) by extension 'ignore'
[13.803s] Level 1:colcon.colcon_core.package_identification:_identify(.) by extension 'ignore_ament_install'
[13.803s] Level 1:colcon.colcon_core.package_identification:_identify(.) by extensions ['colcon_pkg']
[13.803s] Level 1:colcon.colcon_core.package_identification:_identify(.) by extension 'colcon_pkg'
[13.804s] Level 1:colcon.colcon_core.package_identification:_identify(.) by extensions ['colcon_meta']
[13.804s] Level 1:colcon.colcon_core.package_identification:_identify(.) by extension 'colcon_meta'
[13.804s] Level 1:colcon.colcon_core.package_identification:_identify(.) by extensions ['ros']
[13.804s] Level 1:colcon.colcon_core.package_identification:_identify(.) by extension 'ros'
[13.859s] Level 1:colcon.colcon_core.package_identification:_identify(.) by extensions ['cmake', 'python']
[13.859s] Level 1:colcon.colcon_core.package_identification:_identify(.) by extension 'cmake'
[13.859s] Level 1:colcon.colcon_core.package_identification:_identify(.) by extension 'python'
[13.859s] Level 1:colcon.colcon_core.package_identification:_identify(.) by extensions ['python_setup_py']
[13.860s] Level 1:colcon.colcon_core.package_identification:_identify(.) by extension 'python_setup_py'
[13.860s] Level 1:colcon.colcon_core.package_identification:_identify(__pycache__) by extensions ['ignore', 'ignore_ament_install']
[13.861s] Level 1:colcon.colcon_core.package_identification:_identify(__pycache__) by extension 'ignore'
[13.861s] Level 1:colcon.colcon_core.package_identification:_identify(__pycache__) by extension 'ignore_ament_install'
[13.862s] Level 1:colcon.colcon_core.package_identification:_identify(__pycache__) by extensions ['colcon_pkg']
[13.862s] Level 1:colcon.colcon_core.package_identification:_identify(__pycache__) by extension 'colcon_pkg'
[13.862s] Level 1:colcon.colcon_core.package_identification:_identify(__pycache__) by extensions ['colcon_meta']
[13.863s] Level 1:colcon.colcon_core.package_identification:_identify(__pycache__) by extension 'colcon_meta'
[13.863s] Level 1:colcon.colcon_core.package_identification:_identify(__pycache__) by extensions ['ros']
[13.863s] Level 1:colcon.colcon_core.package_identification:_identify(__pycache__) by extension 'ros'
[13.864s] Level 1:colcon.colcon_core.package_identification:_identify(__pycache__) by extensions ['cmake', 'python']
[13.864s] Level 1:colcon.colcon_core.package_identification:_identify(__pycache__) by extension 'cmake'
[13.864s] Level 1:colcon.colcon_core.package_identification:_identify(__pycache__) by extension 'python'
[13.864s] Level 1:colcon.colcon_core.package_identification:_identify(__pycache__) by extensions ['python_setup_py']
[13.864s] Level 1:colcon.colcon_core.package_identification:_identify(__pycache__) by extension 'python_setup_py'
[13.865s] Level 1:colcon.colcon_core.package_identification:_identify(build) by extensions ['ignore', 'ignore_ament_install']
[13.866s] Level 1:colcon.colcon_core.package_identification:_identify(build) by extension 'ignore'
[13.866s] Level 1:colcon.colcon_core.package_identification:_identify(build) ignored
[13.867s] Level 1:colcon.colcon_core.package_identification:_identify(install) by extensions ['ignore', 'ignore_ament_install']
[13.867s] Level 1:colcon.colcon_core.package_identification:_identify(install) by extension 'ignore'
[13.867s] Level 1:colcon.colcon_core.package_identification:_identify(install) ignored
[13.868s] Level 1:colcon.colcon_core.package_identification:_identify(log) by extensions ['ignore', 'ignore_ament_install']
[13.869s] Level 1:colcon.colcon_core.package_identification:_identify(log) by extension 'ignore'
[13.869s] Level 1:colcon.colcon_core.package_identification:_identify(log) ignored
[13.871s] Level 1:colcon.colcon_core.package_identification:_identify(pigpio-master) by extensions ['ignore', 'ignore_ament_install']
[13.871s] Level 1:colcon.colcon_core.package_identification:_identify(pigpio-master) by extension 'ignore'
[13.871s] Level 1:colcon.colcon_core.package_identification:_identify(pigpio-master) by extension 'ignore_ament_install'
[13.872s] Level 1:colcon.colcon_core.package_identification:_identify(pigpio-master) by extensions ['colcon_pkg']
[13.872s] Level 1:colcon.colcon_core.package_identification:_identify(pigpio-master) by extension 'colcon_pkg'
[13.872s] Level 1:colcon.colcon_core.package_identification:_identify(pigpio-master) by extensions ['colcon_meta']
[13.873s] Level 1:colcon.colcon_core.package_identification:_identify(pigpio-master) by extension 'colcon_meta'
[13.873s] Level 1:colcon.colcon_core.package_identification:_identify(pigpio-master) by extensions ['ros']
[13.873s] Level 1:colcon.colcon_core.package_identification:_identify(pigpio-master) by extension 'ros'
[13.873s] Level 1:colcon.colcon_core.package_identification:_identify(pigpio-master) by extensions ['cmake', 'python']
[13.874s] Level 1:colcon.colcon_core.package_identification:_identify(pigpio-master) by extension 'cmake'
[13.887s] Level 1:colcon.colcon_core.package_identification:_identify(pigpio-master) by extension 'python'
[13.888s] DEBUG:colcon.colcon_core.package_identification:Package 'pigpio-master' with type 'cmake' and name 'pigpio'
[13.889s] Level 1:colcon.colcon_core.package_identification:_identify(src) by extensions ['ignore', 'ignore_ament_install']
[13.889s] Level 1:colcon.colcon_core.package_identification:_identify(src) by extension 'ignore'
[13.889s] Level 1:colcon.colcon_core.package_identification:_identify(src) by extension 'ignore_ament_install'
[13.890s] Level 1:colcon.colcon_core.package_identification:_identify(src) by extensions ['colcon_pkg']
[13.890s] Level 1:colcon.colcon_core.package_identification:_identify(src) by extension 'colcon_pkg'
[13.890s] Level 1:colcon.colcon_core.package_identification:_identify(src) by extensions ['colcon_meta']
[13.890s] Level 1:colcon.colcon_core.package_identification:_identify(src) by extension 'colcon_meta'
[13.890s] Level 1:colcon.colcon_core.package_identification:_identify(src) by extensions ['ros']
[13.890s] Level 1:colcon.colcon_core.package_identification:_identify(src) by extension 'ros'
[13.891s] Level 1:colcon.colcon_core.package_identification:_identify(src) by extensions ['cmake', 'python']
[13.891s] Level 1:colcon.colcon_core.package_identification:_identify(src) by extension 'cmake'
[13.891s] Level 1:colcon.colcon_core.package_identification:_identify(src) by extension 'python'
[13.891s] Level 1:colcon.colcon_core.package_identification:_identify(src) by extensions ['python_setup_py']
[13.891s] Level 1:colcon.colcon_core.package_identification:_identify(src) by extension 'python_setup_py'
[13.892s] Level 1:colcon.colcon_core.package_identification:_identify(src/my_cpp_pkg) by extensions ['ignore', 'ignore_ament_install']
[13.892s] Level 1:colcon.colcon_core.package_identification:_identify(src/my_cpp_pkg) by extension 'ignore'
[13.892s] Level 1:colcon.colcon_core.package_identification:_identify(src/my_cpp_pkg) by extension 'ignore_ament_install'
[13.893s] Level 1:colcon.colcon_core.package_identification:_identify(src/my_cpp_pkg) by extensions ['colcon_pkg']
[13.893s] Level 1:colcon.colcon_core.package_identification:_identify(src/my_cpp_pkg) by extension 'colcon_pkg'
[13.893s] Level 1:colcon.colcon_core.package_identification:_identify(src/my_cpp_pkg) by extensions ['colcon_meta']
[13.893s] Level 1:colcon.colcon_core.package_identification:_identify(src/my_cpp_pkg) by extension 'colcon_meta'
[13.893s] Level 1:colcon.colcon_core.package_identification:_identify(src/my_cpp_pkg) by extensions ['ros']
[13.893s] Level 1:colcon.colcon_core.package_identification:_identify(src/my_cpp_pkg) by extension 'ros'
[13.903s] DEBUG:colcon.colcon_core.package_identification:Package 'src/my_cpp_pkg' with type 'ros.ament_cmake' and name 'my_cpp_pkg'
[13.904s] Level 1:colcon.colcon_core.package_identification:_identify(src/my_py_pkg) by extensions ['ignore', 'ignore_ament_install']
[13.904s] Level 1:colcon.colcon_core.package_identification:_identify(src/my_py_pkg) by extension 'ignore'
[13.904s] Level 1:colcon.colcon_core.package_identification:_identify(src/my_py_pkg) by extension 'ignore_ament_install'
[13.905s] Level 1:colcon.colcon_core.package_identification:_identify(src/my_py_pkg) by extensions ['colcon_pkg']
[13.905s] Level 1:colcon.colcon_core.package_identification:_identify(src/my_py_pkg) by extension 'colcon_pkg'
[13.905s] Level 1:colcon.colcon_core.package_identification:_identify(src/my_py_pkg) by extensions ['colcon_meta']
[13.905s] Level 1:colcon.colcon_core.package_identification:_identify(src/my_py_pkg) by extension 'colcon_meta'
[13.905s] Level 1:colcon.colcon_core.package_identification:_identify(src/my_py_pkg) by extensions ['ros']
[13.905s] Level 1:colcon.colcon_core.package_identification:_identify(src/my_py_pkg) by extension 'ros'
[13.908s] DEBUG:colcon.colcon_core.package_identification:Package 'src/my_py_pkg' with type 'ros.ament_python' and name 'my_py_pkg'
[13.909s] Level 1:colcon.colcon_core.package_identification:_identify(src/my_robot_bringup) by extensions ['ignore', 'ignore_ament_install']
[13.909s] Level 1:colcon.colcon_core.package_identification:_identify(src/my_robot_bringup) by extension 'ignore'
[13.909s] Level 1:colcon.colcon_core.package_identification:_identify(src/my_robot_bringup) by extension 'ignore_ament_install'
[13.910s] Level 1:colcon.colcon_core.package_identification:_identify(src/my_robot_bringup) by extensions ['colcon_pkg']
[13.910s] Level 1:colcon.colcon_core.package_identification:_identify(src/my_robot_bringup) by extension 'colcon_pkg'
[13.910s] Level 1:colcon.colcon_core.package_identification:_identify(src/my_robot_bringup) by extensions ['colcon_meta']
[13.910s] Level 1:colcon.colcon_core.package_identification:_identify(src/my_robot_bringup) by extension 'colcon_meta'
[13.910s] Level 1:colcon.colcon_core.package_identification:_identify(src/my_robot_bringup) by extensions ['ros']
[13.910s] Level 1:colcon.colcon_core.package_identification:_identify(src/my_robot_bringup) by extension 'ros'
[13.913s] DEBUG:colcon.colcon_core.package_identification:Package 'src/my_robot_bringup' with type 'ros.ament_cmake' and name 'my_robot_bringup'
[13.913s] Level 1:colcon.colcon_core.package_identification:_identify(src/my_robot_interfaces) by extensions ['ignore', 'ignore_ament_install']
[13.914s] Level 1:colcon.colcon_core.package_identification:_identify(src/my_robot_interfaces) by extension 'ignore'
[13.914s] Level 1:colcon.colcon_core.package_identification:_identify(src/my_robot_interfaces) by extension 'ignore_ament_install'
[13.914s] Level 1:colcon.colcon_core.package_identification:_identify(src/my_robot_interfaces) by extensions ['colcon_pkg']
[13.914s] Level 1:colcon.colcon_core.package_identification:_identify(src/my_robot_interfaces) by extension 'colcon_pkg'
[13.915s] Level 1:colcon.colcon_core.package_identification:_identify(src/my_robot_interfaces) by extensions ['colcon_meta']
[13.915s] Level 1:colcon.colcon_core.package_identification:_identify(src/my_robot_interfaces) by extension 'colcon_meta'
[13.915s] Level 1:colcon.colcon_core.package_identification:_identify(src/my_robot_interfaces) by extensions ['ros']
[13.915s] Level 1:colcon.colcon_core.package_identification:_identify(src/my_robot_interfaces) by extension 'ros'
[13.917s] DEBUG:colcon.colcon_core.package_identification:Package 'src/my_robot_interfaces' with type 'ros.ament_cmake' and name 'my_robot_interfaces'
[13.918s] Level 1:colcon.colcon_core.package_identification:_identify(src/py_pubsub) by extensions ['ignore', 'ignore_ament_install']
[13.918s] Level 1:colcon.colcon_core.package_identification:_identify(src/py_pubsub) by extension 'ignore'
[13.918s] Level 1:colcon.colcon_core.package_identification:_identify(src/py_pubsub) by extension 'ignore_ament_install'
[13.918s] Level 1:colcon.colcon_core.package_identification:_identify(src/py_pubsub) by extensions ['colcon_pkg']
[13.919s] Level 1:colcon.colcon_core.package_identification:_identify(src/py_pubsub) by extension 'colcon_pkg'
[13.919s] Level 1:colcon.colcon_core.package_identification:_identify(src/py_pubsub) by extensions ['colcon_meta']
[13.919s] Level 1:colcon.colcon_core.package_identification:_identify(src/py_pubsub) by extension 'colcon_meta'
[13.919s] Level 1:colcon.colcon_core.package_identification:_identify(src/py_pubsub) by extensions ['ros']
[13.919s] Level 1:colcon.colcon_core.package_identification:_identify(src/py_pubsub) by extension 'ros'
[13.921s] DEBUG:colcon.colcon_core.package_identification:Package 'src/py_pubsub' with type 'ros.ament_python' and name 'py_pubsub'
[13.922s] Level 1:colcon.colcon_core.package_identification:_identify(src/turtlesim_catch_them_all) by extensions ['ignore', 'ignore_ament_install']
[13.923s] Level 1:colcon.colcon_core.package_identification:_identify(src/turtlesim_catch_them_all) by extension 'ignore'
[13.923s] Level 1:colcon.colcon_core.package_identification:_identify(src/turtlesim_catch_them_all) by extension 'ignore_ament_install'
[13.924s] Level 1:colcon.colcon_core.package_identification:_identify(src/turtlesim_catch_them_all) by extensions ['colcon_pkg']
[13.924s] Level 1:colcon.colcon_core.package_identification:_identify(src/turtlesim_catch_them_all) by extension 'colcon_pkg'
[13.924s] Level 1:colcon.colcon_core.package_identification:_identify(src/turtlesim_catch_them_all) by extensions ['colcon_meta']
[13.924s] Level 1:colcon.colcon_core.package_identification:_identify(src/turtlesim_catch_them_all) by extension 'colcon_meta'
[13.924s] Level 1:colcon.colcon_core.package_identification:_identify(src/turtlesim_catch_them_all) by extensions ['ros']
[13.925s] Level 1:colcon.colcon_core.package_identification:_identify(src/turtlesim_catch_them_all) by extension 'ros'
[13.928s] DEBUG:colcon.colcon_core.package_identification:Package 'src/turtlesim_catch_them_all' with type 'ros.ament_python' and name 'turtlesim_catch_them_all'
[13.928s] Level 1:colcon.colcon_core.package_identification:_identify(src/turtlesim_project_cpp) by extensions ['ignore', 'ignore_ament_install']
[13.929s] Level 1:colcon.colcon_core.package_identification:_identify(src/turtlesim_project_cpp) by extension 'ignore'
[13.929s] Level 1:colcon.colcon_core.package_identification:_identify(src/turtlesim_project_cpp) by extension 'ignore_ament_install'
[13.929s] Level 1:colcon.colcon_core.package_identification:_identify(src/turtlesim_project_cpp) by extensions ['colcon_pkg']
[13.930s] Level 1:colcon.colcon_core.package_identification:_identify(src/turtlesim_project_cpp) by extension 'colcon_pkg'
[13.930s] Level 1:colcon.colcon_core.package_identification:_identify(src/turtlesim_project_cpp) by extensions ['colcon_meta']
[13.930s] Level 1:colcon.colcon_core.package_identification:_identify(src/turtlesim_project_cpp) by extension 'colcon_meta'
[13.930s] Level 1:colcon.colcon_core.package_identification:_identify(src/turtlesim_project_cpp) by extensions ['ros']
[13.930s] Level 1:colcon.colcon_core.package_identification:_identify(src/turtlesim_project_cpp) by extension 'ros'
[13.933s] DEBUG:colcon.colcon_core.package_identification:Package 'src/turtlesim_project_cpp' with type 'ros.ament_cmake' and name 'turtlesim_project_cpp'
[13.934s] Level 1:colcon.colcon_core.package_identification:_identify(src/weeding_robot) by extensions ['ignore', 'ignore_ament_install']
[13.934s] Level 1:colcon.colcon_core.package_identification:_identify(src/weeding_robot) by extension 'ignore'
[13.935s] Level 1:colcon.colcon_core.package_identification:_identify(src/weeding_robot) by extension 'ignore_ament_install'
[13.935s] Level 1:colcon.colcon_core.package_identification:_identify(src/weeding_robot) by extensions ['colcon_pkg']
[13.935s] Level 1:colcon.colcon_core.package_identification:_identify(src/weeding_robot) by extension 'colcon_pkg'
[13.935s] Level 1:colcon.colcon_core.package_identification:_identify(src/weeding_robot) by extensions ['colcon_meta']
[13.935s] Level 1:colcon.colcon_core.package_identification:_identify(src/weeding_robot) by extension 'colcon_meta'
[13.936s] Level 1:colcon.colcon_core.package_identification:_identify(src/weeding_robot) by extensions ['ros']
[13.936s] Level 1:colcon.colcon_core.package_identification:_identify(src/weeding_robot) by extension 'ros'
[13.939s] DEBUG:colcon.colcon_core.package_identification:Package 'src/weeding_robot' with type 'ros.ament_python' and name 'weeding_robot'
[13.939s] Level 1:colcon.colcon_core.package_discovery:discover_packages(recursive) using defaults
[13.939s] Level 1:colcon.colcon_core.package_discovery:discover_packages(ignore) discover
[13.939s] Level 1:colcon.colcon_core.package_discovery:discover_packages(ignore) using defaults
[13.940s] Level 1:colcon.colcon_core.package_discovery:discover_packages(path) discover
[13.940s] Level 1:colcon.colcon_core.package_discovery:discover_packages(path) using defaults
[14.742s] INFO:colcon.colcon_core.package_selection:Skipping not selected package 'pigpio' in 'pigpio-master'
[14.742s] INFO:colcon.colcon_core.package_selection:Skipping not selected package 'py_pubsub' in 'src/py_pubsub'
[14.742s] INFO:colcon.colcon_core.package_selection:Skipping not selected package 'my_cpp_pkg' in 'src/my_cpp_pkg'
[14.742s] INFO:colcon.colcon_core.package_selection:Skipping not selected package 'my_py_pkg' in 'src/my_py_pkg'
[14.743s] INFO:colcon.colcon_core.package_selection:Skipping not selected package 'turtlesim_catch_them_all' in 'src/turtlesim_catch_them_all'
[14.743s] INFO:colcon.colcon_core.package_selection:Skipping not selected package 'turtlesim_project_cpp' in 'src/turtlesim_project_cpp'
[14.743s] INFO:colcon.colcon_core.package_selection:Skipping not selected package 'weeding_robot' in 'src/weeding_robot'
[14.743s] INFO:colcon.colcon_core.package_selection:Skipping not selected package 'my_robot_bringup' in 'src/my_robot_bringup'
[15.160s] Level 1:colcon.colcon_core.package_discovery:discover_packages(prefix_path) check parameters
[15.161s] Level 1:colcon.colcon_core.package_discovery:discover_packages(prefix_path) discover
[15.650s] DEBUG:colcon.colcon_installed_package_information.package_discovery:Found 9 installed packages in /home/ubuntu/ros2_ws/install
[15.913s] DEBUG:colcon.colcon_installed_package_information.package_discovery:Found 311 installed packages in /home/ubuntu/ros2_foxy/install
[15.921s] Level 1:colcon.colcon_core.package_discovery:discover_packages(prefix_path) using defaults
[16.289s] WARNING:colcon.colcon_core.package_selection:Some selected packages are already built in one or more underlay workspaces:
	'my_robot_interfaces' is in: /home/ubuntu/ros2_ws/install/my_robot_interfaces
If a package in a merged underlay workspace is overridden and it installs headers, then all packages in the overlay must sort their include directories by workspace order. Failure to do so may result in build failures or undefined behavior at run time.
If the overridden package is used by another package in any underlay, then the overriding package in the overlay must be API and ABI compatible or undefined behavior at run time may occur.

If you understand the risks and want to override a package anyways, add the following to the command line:
	--allow-overriding my_robot_interfaces

This may be promoted to an error in a future release of colcon-override-check.
[16.514s] Level 5:colcon.colcon_core.verb:set package 'my_robot_interfaces' build argument 'cmake_args' from command line to 'None'
[16.514s] Level 5:colcon.colcon_core.verb:set package 'my_robot_interfaces' build argument 'cmake_target' from command line to 'None'
[16.514s] Level 5:colcon.colcon_core.verb:set package 'my_robot_interfaces' build argument 'cmake_target_skip_unavailable' from command line to 'False'
[16.515s] Level 5:colcon.colcon_core.verb:set package 'my_robot_interfaces' build argument 'cmake_clean_cache' from command line to 'False'
[16.515s] Level 5:colcon.colcon_core.verb:set package 'my_robot_interfaces' build argument 'cmake_clean_first' from command line to 'False'
[16.515s] Level 5:colcon.colcon_core.verb:set package 'my_robot_interfaces' build argument 'cmake_force_configure' from command line to 'False'
[16.515s] Level 5:colcon.colcon_core.verb:set package 'my_robot_interfaces' build argument 'ament_cmake_args' from command line to 'None'
[16.515s] Level 5:colcon.colcon_core.verb:set package 'my_robot_interfaces' build argument 'catkin_cmake_args' from command line to 'None'
[16.515s] Level 5:colcon.colcon_core.verb:set package 'my_robot_interfaces' build argument 'catkin_skip_building_tests' from command line to 'False'
[16.515s] DEBUG:colcon.colcon_core.verb:Building package 'my_robot_interfaces' with the following arguments: {'ament_cmake_args': None, 'build_base': '/home/ubuntu/ros2_ws/build/my_robot_interfaces', 'catkin_cmake_args': None, 'catkin_skip_building_tests': False, 'cmake_args': None, 'cmake_clean_cache': False, 'cmake_clean_first': False, 'cmake_force_configure': False, 'cmake_target': None, 'cmake_target_skip_unavailable': False, 'install_base': '/home/ubuntu/ros2_ws/install/my_robot_interfaces', 'merge_install': False, 'path': '/home/ubuntu/ros2_ws/src/my_robot_interfaces', 'symlink_install': False, 'test_result_base': None}
[16.728s] INFO:colcon.colcon_core.executor:Executing jobs using 'parallel' executor
[16.942s] DEBUG:colcon.colcon_parallel_executor.executor.parallel:run_until_complete
[16.943s] INFO:colcon.colcon_ros.task.ament_cmake.build:Building ROS package in '/home/ubuntu/ros2_ws/src/my_robot_interfaces' with build type 'ament_cmake'
[16.944s] INFO:colcon.colcon_cmake.task.cmake.build:Building CMake package in '/home/ubuntu/ros2_ws/src/my_robot_interfaces'
[17.194s] INFO:colcon.colcon_core.plugin_system:Skipping extension 'colcon_core.shell.bat': Not used on non-Windows systems
[17.195s] INFO:colcon.colcon_core.shell:Skip shell extension 'powershell' for command environment: Not usable outside of PowerShell
[17.195s] DEBUG:colcon.colcon_core.shell:Skip shell extension 'dsv' for command environment
[18.103s] DEBUG:colcon.colcon_core.event_handler.log_command:Invoking command in '/home/ubuntu/ros2_ws/build/my_robot_interfaces': CMAKE_PREFIX_PATH=${CMAKE_PREFIX_PATH}:/home/ubuntu/ros2_ws/install/weeding_robot:/home/ubuntu/ros2_ws/install/turtlesim_catch_them_all:/home/ubuntu/ros2_ws/install/py_pubsub:/home/ubuntu/ros2_ws/install/my_py_pkg:/home/ubuntu/ros2_foxy/install/ros2bag:/home/ubuntu/ros2_foxy/install/tracetools_launch:/home/ubuntu/ros2_foxy/install/topic_monitor:/home/ubuntu/ros2_foxy/install/examples_tf2_py:/home/ubuntu/ros2_foxy/install/sros2:/home/ubuntu/ros2_foxy/install/rqt_topic:/home/ubuntu/ros2_foxy/install/rqt_top:/home/ubuntu/ros2_foxy/install/rqt_srv:/home/ubuntu/ros2_foxy/install/rqt_shell:/home/ubuntu/ros2_foxy/install/rqt_service_caller:/home/ubuntu/ros2_foxy/install/rqt_reconfigure:/home/ubuntu/ros2_foxy/install/rqt_py_console:/home/ubuntu/ros2_foxy/install/rqt_publisher:/home/ubuntu/ros2_foxy/install/rqt_plot:/home/ubuntu/ros2_foxy/install/rqt_action:/home/ubuntu/ros2_foxy/install/rqt_msg:/home/ubuntu/ros2_foxy/install/rqt_console:/home/ubuntu/ros2_foxy/install/rqt:/home/ubuntu/ros2_foxy/install/rqt_graph:/home/ubuntu/ros2_foxy/install/rqt_gui_py:/home/ubuntu/ros2_foxy/install/rqt_gui:/home/ubuntu/ros2_foxy/install/ros2trace:/home/ubuntu/ros2_foxy/install/ros2topic:/home/ubuntu/ros2_foxy/install/ros2test:/home/ubuntu/ros2_foxy/install/ros2component:/home/ubuntu/ros2_foxy/install/ros2param:/home/ubuntu/ros2_foxy/install/ros2lifecycle:/home/ubuntu/ros2_foxy/install/ros2service:/home/ubuntu/ros2_foxy/install/ros2run:/home/ubuntu/ros2_foxy/install/ros2launch:/home/ubuntu/ros2_foxy/install/ros2pkg:/home/ubuntu/ros2_foxy/install/ros2node:/home/ubuntu/ros2_foxy/install/ros2multicast:/home/ubuntu/ros2_foxy/install/ros2interface:/home/ubuntu/ros2_foxy/install/ros2doctor:/home/ubuntu/ros2_foxy/install/ros2action:/home/ubuntu/ros2_foxy/install/ros2cli:/home/ubuntu/ros2_foxy/install/quality_of_service_demo_py:/home/ubuntu/ros2_foxy/install/launch_testing_ros:/home/ubuntu/ros2_foxy/install/launch_ros:/home/ubuntu/ros2_foxy/install/examples_rclpy_minimal_subscriber:/home/ubuntu/ros2_foxy/install/examples_rclpy_minimal_service:/home/ubuntu/ros2_foxy/install/examples_rclpy_minimal_publisher:/home/ubuntu/ros2_foxy/install/examples_rclpy_minimal_client:/home/ubuntu/ros2_foxy/install/examples_rclpy_minimal_action_server:/home/ubuntu/ros2_foxy/install/examples_rclpy_minimal_action_client:/home/ubuntu/ros2_foxy/install/examples_rclpy_executors:/home/ubuntu/ros2_foxy/install/demo_nodes_py:/home/ubuntu/ros2_foxy/install/action_tutorials_py:/home/ubuntu/ros2_foxy/install/ament_uncrustify:/home/ubuntu/ros2_foxy/install/tracetools_trace:/home/ubuntu/ros2_foxy/install/tracetools_read:/home/ubuntu/ros2_foxy/install/test_launch_ros:/home/ubuntu/ros2_foxy/install/sensor_msgs_py:/home/ubuntu/ros2_foxy/install/rpyutils:/home/ubuntu/ros2_foxy/install/rosidl_runtime_py:/home/ubuntu/ros2_foxy/install/launch_yaml:/home/ubuntu/ros2_foxy/install/launch_xml:/home/ubuntu/ros2_foxy/install/launch_testing:/home/ubuntu/ros2_foxy/install/launch:/home/ubuntu/ros2_foxy/install/osrf_pycommon:/home/ubuntu/ros2_foxy/install/domain_coordinator:/home/ubuntu/ros2_foxy/install/ament_xmllint:/home/ubuntu/ros2_foxy/install/ament_pyflakes:/home/ubuntu/ros2_foxy/install/ament_pycodestyle:/home/ubuntu/ros2_foxy/install/ament_pep257:/home/ubuntu/ros2_foxy/install/ament_pclint:/home/ubuntu/ros2_foxy/install/ament_package:/home/ubuntu/ros2_foxy/install/ament_mypy:/home/ubuntu/ros2_foxy/install/ament_lint_cmake:/home/ubuntu/ros2_foxy/install/ament_flake8:/home/ubuntu/ros2_foxy/install/ament_copyright:/home/ubuntu/ros2_foxy/install/ament_lint:/home/ubuntu/ros2_foxy/install/ament_index_python:/home/ubuntu/ros2_foxy/install/ament_cpplint:/home/ubuntu/ros2_foxy/install/ament_cppcheck:/home/ubuntu/ros2_foxy/install/ament_clang_tidy:/home/ubuntu/ros2_foxy/install/ament_clang_format /usr/bin/cmake --build /home/ubuntu/ros2_ws/build/my_robot_interfaces -- -j4 -l4
[125.058s] DEBUG:colcon.colcon_core.event_handler.log_command:Invoked command in '/home/ubuntu/ros2_ws/build/my_robot_interfaces' returned '0': CMAKE_PREFIX_PATH=${CMAKE_PREFIX_PATH}:/home/ubuntu/ros2_ws/install/weeding_robot:/home/ubuntu/ros2_ws/install/turtlesim_catch_them_all:/home/ubuntu/ros2_ws/install/py_pubsub:/home/ubuntu/ros2_ws/install/my_py_pkg:/home/ubuntu/ros2_foxy/install/ros2bag:/home/ubuntu/ros2_foxy/install/tracetools_launch:/home/ubuntu/ros2_foxy/install/topic_monitor:/home/ubuntu/ros2_foxy/install/examples_tf2_py:/home/ubuntu/ros2_foxy/install/sros2:/home/ubuntu/ros2_foxy/install/rqt_topic:/home/ubuntu/ros2_foxy/install/rqt_top:/home/ubuntu/ros2_foxy/install/rqt_srv:/home/ubuntu/ros2_foxy/install/rqt_shell:/home/ubuntu/ros2_foxy/install/rqt_service_caller:/home/ubuntu/ros2_foxy/install/rqt_reconfigure:/home/ubuntu/ros2_foxy/install/rqt_py_console:/home/ubuntu/ros2_foxy/install/rqt_publisher:/home/ubuntu/ros2_foxy/install/rqt_plot:/home/ubuntu/ros2_foxy/install/rqt_action:/home/ubuntu/ros2_foxy/install/rqt_msg:/home/ubuntu/ros2_foxy/install/rqt_console:/home/ubuntu/ros2_foxy/install/rqt:/home/ubuntu/ros2_foxy/install/rqt_graph:/home/ubuntu/ros2_foxy/install/rqt_gui_py:/home/ubuntu/ros2_foxy/install/rqt_gui:/home/ubuntu/ros2_foxy/install/ros2trace:/home/ubuntu/ros2_foxy/install/ros2topic:/home/ubuntu/ros2_foxy/install/ros2test:/home/ubuntu/ros2_foxy/install/ros2component:/home/ubuntu/ros2_foxy/install/ros2param:/home/ubuntu/ros2_foxy/install/ros2lifecycle:/home/ubuntu/ros2_foxy/install/ros2service:/home/ubuntu/ros2_foxy/install/ros2run:/home/ubuntu/ros2_foxy/install/ros2launch:/home/ubuntu/ros2_foxy/install/ros2pkg:/home/ubuntu/ros2_foxy/install/ros2node:/home/ubuntu/ros2_foxy/install/ros2multicast:/home/ubuntu/ros2_foxy/install/ros2interface:/home/ubuntu/ros2_foxy/install/ros2doctor:/home/ubuntu/ros2_foxy/install/ros2action:/home/ubuntu/ros2_foxy/install/ros2cli:/home/ubuntu/ros2_foxy/install/quality_of_service_demo_py:/home/ubuntu/ros2_foxy/install/launch_testing_ros:/home/ubuntu/ros2_foxy/install/launch_ros:/home/ubuntu/ros2_foxy/install/examples_rclpy_minimal_subscriber:/home/ubuntu/ros2_foxy/install/examples_rclpy_minimal_service:/home/ubuntu/ros2_foxy/install/examples_rclpy_minimal_publisher:/home/ubuntu/ros2_foxy/install/examples_rclpy_minimal_client:/home/ubuntu/ros2_foxy/install/examples_rclpy_minimal_action_server:/home/ubuntu/ros2_foxy/install/examples_rclpy_minimal_action_client:/home/ubuntu/ros2_foxy/install/examples_rclpy_executors:/home/ubuntu/ros2_foxy/install/demo_nodes_py:/home/ubuntu/ros2_foxy/install/action_tutorials_py:/home/ubuntu/ros2_foxy/install/ament_uncrustify:/home/ubuntu/ros2_foxy/install/tracetools_trace:/home/ubuntu/ros2_foxy/install/tracetools_read:/home/ubuntu/ros2_foxy/install/test_launch_ros:/home/ubuntu/ros2_foxy/install/sensor_msgs_py:/home/ubuntu/ros2_foxy/install/rpyutils:/home/ubuntu/ros2_foxy/install/rosidl_runtime_py:/home/ubuntu/ros2_foxy/install/launch_yaml:/home/ubuntu/ros2_foxy/install/launch_xml:/home/ubuntu/ros2_foxy/install/launch_testing:/home/ubuntu/ros2_foxy/install/launch:/home/ubuntu/ros2_foxy/install/osrf_pycommon:/home/ubuntu/ros2_foxy/install/domain_coordinator:/home/ubuntu/ros2_foxy/install/ament_xmllint:/home/ubuntu/ros2_foxy/install/ament_pyflakes:/home/ubuntu/ros2_foxy/install/ament_pycodestyle:/home/ubuntu/ros2_foxy/install/ament_pep257:/home/ubuntu/ros2_foxy/install/ament_pclint:/home/ubuntu/ros2_foxy/install/ament_package:/home/ubuntu/ros2_foxy/install/ament_mypy:/home/ubuntu/ros2_foxy/install/ament_lint_cmake:/home/ubuntu/ros2_foxy/install/ament_flake8:/home/ubuntu/ros2_foxy/install/ament_copyright:/home/ubuntu/ros2_foxy/install/ament_lint:/home/ubuntu/ros2_foxy/install/ament_index_python:/home/ubuntu/ros2_foxy/install/ament_cpplint:/home/ubuntu/ros2_foxy/install/ament_cppcheck:/home/ubuntu/ros2_foxy/install/ament_clang_tidy:/home/ubuntu/ros2_foxy/install/ament_clang_format /usr/bin/cmake --build /home/ubuntu/ros2_ws/build/my_robot_interfaces -- -j4 -l4
[132.785s] DEBUG:colcon.colcon_core.event_handler.log_command:Invoking command in '/home/ubuntu/ros2_ws/build/my_robot_interfaces': CMAKE_PREFIX_PATH=${CMAKE_PREFIX_PATH}:/home/ubuntu/ros2_ws/install/weeding_robot:/home/ubuntu/ros2_ws/install/turtlesim_catch_them_all:/home/ubuntu/ros2_ws/install/py_pubsub:/home/ubuntu/ros2_ws/install/my_py_pkg:/home/ubuntu/ros2_foxy/install/ros2bag:/home/ubuntu/ros2_foxy/install/tracetools_launch:/home/ubuntu/ros2_foxy/install/topic_monitor:/home/ubuntu/ros2_foxy/install/examples_tf2_py:/home/ubuntu/ros2_foxy/install/sros2:/home/ubuntu/ros2_foxy/install/rqt_topic:/home/ubuntu/ros2_foxy/install/rqt_top:/home/ubuntu/ros2_foxy/install/rqt_srv:/home/ubuntu/ros2_foxy/install/rqt_shell:/home/ubuntu/ros2_foxy/install/rqt_service_caller:/home/ubuntu/ros2_foxy/install/rqt_reconfigure:/home/ubuntu/ros2_foxy/install/rqt_py_console:/home/ubuntu/ros2_foxy/install/rqt_publisher:/home/ubuntu/ros2_foxy/install/rqt_plot:/home/ubuntu/ros2_foxy/install/rqt_action:/home/ubuntu/ros2_foxy/install/rqt_msg:/home/ubuntu/ros2_foxy/install/rqt_console:/home/ubuntu/ros2_foxy/install/rqt:/home/ubuntu/ros2_foxy/install/rqt_graph:/home/ubuntu/ros2_foxy/install/rqt_gui_py:/home/ubuntu/ros2_foxy/install/rqt_gui:/home/ubuntu/ros2_foxy/install/ros2trace:/home/ubuntu/ros2_foxy/install/ros2topic:/home/ubuntu/ros2_foxy/install/ros2test:/home/ubuntu/ros2_foxy/install/ros2component:/home/ubuntu/ros2_foxy/install/ros2param:/home/ubuntu/ros2_foxy/install/ros2lifecycle:/home/ubuntu/ros2_foxy/install/ros2service:/home/ubuntu/ros2_foxy/install/ros2run:/home/ubuntu/ros2_foxy/install/ros2launch:/home/ubuntu/ros2_foxy/install/ros2pkg:/home/ubuntu/ros2_foxy/install/ros2node:/home/ubuntu/ros2_foxy/install/ros2multicast:/home/ubuntu/ros2_foxy/install/ros2interface:/home/ubuntu/ros2_foxy/install/ros2doctor:/home/ubuntu/ros2_foxy/install/ros2action:/home/ubuntu/ros2_foxy/install/ros2cli:/home/ubuntu/ros2_foxy/install/quality_of_service_demo_py:/home/ubuntu/ros2_foxy/install/launch_testing_ros:/home/ubuntu/ros2_foxy/install/launch_ros:/home/ubuntu/ros2_foxy/install/examples_rclpy_minimal_subscriber:/home/ubuntu/ros2_foxy/install/examples_rclpy_minimal_service:/home/ubuntu/ros2_foxy/install/examples_rclpy_minimal_publisher:/home/ubuntu/ros2_foxy/install/examples_rclpy_minimal_client:/home/ubuntu/ros2_foxy/install/examples_rclpy_minimal_action_server:/home/ubuntu/ros2_foxy/install/examples_rclpy_minimal_action_client:/home/ubuntu/ros2_foxy/install/examples_rclpy_executors:/home/ubuntu/ros2_foxy/install/demo_nodes_py:/home/ubuntu/ros2_foxy/install/action_tutorials_py:/home/ubuntu/ros2_foxy/install/ament_uncrustify:/home/ubuntu/ros2_foxy/install/tracetools_trace:/home/ubuntu/ros2_foxy/install/tracetools_read:/home/ubuntu/ros2_foxy/install/test_launch_ros:/home/ubuntu/ros2_foxy/install/sensor_msgs_py:/home/ubuntu/ros2_foxy/install/rpyutils:/home/ubuntu/ros2_foxy/install/rosidl_runtime_py:/home/ubuntu/ros2_foxy/install/launch_yaml:/home/ubuntu/ros2_foxy/install/launch_xml:/home/ubuntu/ros2_foxy/install/launch_testing:/home/ubuntu/ros2_foxy/install/launch:/home/ubuntu/ros2_foxy/install/osrf_pycommon:/home/ubuntu/ros2_foxy/install/domain_coordinator:/home/ubuntu/ros2_foxy/install/ament_xmllint:/home/ubuntu/ros2_foxy/install/ament_pyflakes:/home/ubuntu/ros2_foxy/install/ament_pycodestyle:/home/ubuntu/ros2_foxy/install/ament_pep257:/home/ubuntu/ros2_foxy/install/ament_pclint:/home/ubuntu/ros2_foxy/install/ament_package:/home/ubuntu/ros2_foxy/install/ament_mypy:/home/ubuntu/ros2_foxy/install/ament_lint_cmake:/home/ubuntu/ros2_foxy/install/ament_flake8:/home/ubuntu/ros2_foxy/install/ament_copyright:/home/ubuntu/ros2_foxy/install/ament_lint:/home/ubuntu/ros2_foxy/install/ament_index_python:/home/ubuntu/ros2_foxy/install/ament_cpplint:/home/ubuntu/ros2_foxy/install/ament_cppcheck:/home/ubuntu/ros2_foxy/install/ament_clang_tidy:/home/ubuntu/ros2_foxy/install/ament_clang_format /usr/bin/cmake --install /home/ubuntu/ros2_ws/build/my_robot_interfaces
[135.914s] Level 1:colcon.colcon_core.environment:create_environment_scripts_only(my_robot_interfaces)
[135.916s] DEBUG:colcon.colcon_core.event_handler.log_command:Invoked command in '/home/ubuntu/ros2_ws/build/my_robot_interfaces' returned '0': CMAKE_PREFIX_PATH=${CMAKE_PREFIX_PATH}:/home/ubuntu/ros2_ws/install/weeding_robot:/home/ubuntu/ros2_ws/install/turtlesim_catch_them_all:/home/ubuntu/ros2_ws/install/py_pubsub:/home/ubuntu/ros2_ws/install/my_py_pkg:/home/ubuntu/ros2_foxy/install/ros2bag:/home/ubuntu/ros2_foxy/install/tracetools_launch:/home/ubuntu/ros2_foxy/install/topic_monitor:/home/ubuntu/ros2_foxy/install/examples_tf2_py:/home/ubuntu/ros2_foxy/install/sros2:/home/ubuntu/ros2_foxy/install/rqt_topic:/home/ubuntu/ros2_foxy/install/rqt_top:/home/ubuntu/ros2_foxy/install/rqt_srv:/home/ubuntu/ros2_foxy/install/rqt_shell:/home/ubuntu/ros2_foxy/install/rqt_service_caller:/home/ubuntu/ros2_foxy/install/rqt_reconfigure:/home/ubuntu/ros2_foxy/install/rqt_py_console:/home/ubuntu/ros2_foxy/install/rqt_publisher:/home/ubuntu/ros2_foxy/install/rqt_plot:/home/ubuntu/ros2_foxy/install/rqt_action:/home/ubuntu/ros2_foxy/install/rqt_msg:/home/ubuntu/ros2_foxy/install/rqt_console:/home/ubuntu/ros2_foxy/install/rqt:/home/ubuntu/ros2_foxy/install/rqt_graph:/home/ubuntu/ros2_foxy/install/rqt_gui_py:/home/ubuntu/ros2_foxy/install/rqt_gui:/home/ubuntu/ros2_foxy/install/ros2trace:/home/ubuntu/ros2_foxy/install/ros2topic:/home/ubuntu/ros2_foxy/install/ros2test:/home/ubuntu/ros2_foxy/install/ros2component:/home/ubuntu/ros2_foxy/install/ros2param:/home/ubuntu/ros2_foxy/install/ros2lifecycle:/home/ubuntu/ros2_foxy/install/ros2service:/home/ubuntu/ros2_foxy/install/ros2run:/home/ubuntu/ros2_foxy/install/ros2launch:/home/ubuntu/ros2_foxy/install/ros2pkg:/home/ubuntu/ros2_foxy/install/ros2node:/home/ubuntu/ros2_foxy/install/ros2multicast:/home/ubuntu/ros2_foxy/install/ros2interface:/home/ubuntu/ros2_foxy/install/ros2doctor:/home/ubuntu/ros2_foxy/install/ros2action:/home/ubuntu/ros2_foxy/install/ros2cli:/home/ubuntu/ros2_foxy/install/quality_of_service_demo_py:/home/ubuntu/ros2_foxy/install/launch_testing_ros:/home/ubuntu/ros2_foxy/install/launch_ros:/home/ubuntu/ros2_foxy/install/examples_rclpy_minimal_subscriber:/home/ubuntu/ros2_foxy/install/examples_rclpy_minimal_service:/home/ubuntu/ros2_foxy/install/examples_rclpy_minimal_publisher:/home/ubuntu/ros2_foxy/install/examples_rclpy_minimal_client:/home/ubuntu/ros2_foxy/install/examples_rclpy_minimal_action_server:/home/ubuntu/ros2_foxy/install/examples_rclpy_minimal_action_client:/home/ubuntu/ros2_foxy/install/examples_rclpy_executors:/home/ubuntu/ros2_foxy/install/demo_nodes_py:/home/ubuntu/ros2_foxy/install/action_tutorials_py:/home/ubuntu/ros2_foxy/install/ament_uncrustify:/home/ubuntu/ros2_foxy/install/tracetools_trace:/home/ubuntu/ros2_foxy/install/tracetools_read:/home/ubuntu/ros2_foxy/install/test_launch_ros:/home/ubuntu/ros2_foxy/install/sensor_msgs_py:/home/ubuntu/ros2_foxy/install/rpyutils:/home/ubuntu/ros2_foxy/install/rosidl_runtime_py:/home/ubuntu/ros2_foxy/install/launch_yaml:/home/ubuntu/ros2_foxy/install/launch_xml:/home/ubuntu/ros2_foxy/install/launch_testing:/home/ubuntu/ros2_foxy/install/launch:/home/ubuntu/ros2_foxy/install/osrf_pycommon:/home/ubuntu/ros2_foxy/install/domain_coordinator:/home/ubuntu/ros2_foxy/install/ament_xmllint:/home/ubuntu/ros2_foxy/install/ament_pyflakes:/home/ubuntu/ros2_foxy/install/ament_pycodestyle:/home/ubuntu/ros2_foxy/install/ament_pep257:/home/ubuntu/ros2_foxy/install/ament_pclint:/home/ubuntu/ros2_foxy/install/ament_package:/home/ubuntu/ros2_foxy/install/ament_mypy:/home/ubuntu/ros2_foxy/install/ament_lint_cmake:/home/ubuntu/ros2_foxy/install/ament_flake8:/home/ubuntu/ros2_foxy/install/ament_copyright:/home/ubuntu/ros2_foxy/install/ament_lint:/home/ubuntu/ros2_foxy/install/ament_index_python:/home/ubuntu/ros2_foxy/install/ament_cpplint:/home/ubuntu/ros2_foxy/install/ament_cppcheck:/home/ubuntu/ros2_foxy/install/ament_clang_tidy:/home/ubuntu/ros2_foxy/install/ament_clang_format /usr/bin/cmake --install /home/ubuntu/ros2_ws/build/my_robot_interfaces
[136.171s] Level 1:colcon.colcon_core.environment:checking '/home/ubuntu/ros2_ws/install/my_robot_interfaces' for CMake module files
[136.176s] Level 1:colcon.colcon_core.environment:checking '/home/ubuntu/ros2_ws/install/my_robot_interfaces' for CMake config files
[136.182s] Level 1:colcon.colcon_core.shell:create_environment_hook('my_robot_interfaces', 'cmake_prefix_path')
[136.401s] INFO:colcon.colcon_core.shell:Creating environment hook '/home/ubuntu/ros2_ws/install/my_robot_interfaces/share/my_robot_interfaces/hook/cmake_prefix_path.ps1'
[136.405s] INFO:colcon.colcon_core.shell:Creating environment descriptor '/home/ubuntu/ros2_ws/install/my_robot_interfaces/share/my_robot_interfaces/hook/cmake_prefix_path.dsv'
[136.407s] INFO:colcon.colcon_core.shell:Creating environment hook '/home/ubuntu/ros2_ws/install/my_robot_interfaces/share/my_robot_interfaces/hook/cmake_prefix_path.sh'
[136.411s] Level 1:colcon.colcon_core.environment:checking '/home/ubuntu/ros2_ws/install/my_robot_interfaces/lib'
[136.411s] Level 1:colcon.colcon_core.shell:create_environment_hook('my_robot_interfaces', 'ld_library_path_lib')
[136.629s] INFO:colcon.colcon_core.shell:Creating environment hook '/home/ubuntu/ros2_ws/install/my_robot_interfaces/share/my_robot_interfaces/hook/ld_library_path_lib.ps1'
[136.631s] INFO:colcon.colcon_core.shell:Creating environment descriptor '/home/ubuntu/ros2_ws/install/my_robot_interfaces/share/my_robot_interfaces/hook/ld_library_path_lib.dsv'
[136.633s] INFO:colcon.colcon_core.shell:Creating environment hook '/home/ubuntu/ros2_ws/install/my_robot_interfaces/share/my_robot_interfaces/hook/ld_library_path_lib.sh'
[136.634s] Level 1:colcon.colcon_core.environment:checking '/home/ubuntu/ros2_ws/install/my_robot_interfaces/bin'
[136.635s] Level 1:colcon.colcon_core.environment:checking '/home/ubuntu/ros2_ws/install/my_robot_interfaces/lib/pkgconfig/my_robot_interfaces.pc'
[136.651s] Level 1:colcon.colcon_core.environment:checking '/home/ubuntu/ros2_ws/install/my_robot_interfaces/lib/python3.8/site-packages'
[136.652s] Level 1:colcon.colcon_core.shell:create_environment_hook('my_robot_interfaces', 'pythonpath')
[136.909s] INFO:colcon.colcon_core.shell:Creating environment hook '/home/ubuntu/ros2_ws/install/my_robot_interfaces/share/my_robot_interfaces/hook/pythonpath.ps1'
[136.912s] INFO:colcon.colcon_core.shell:Creating environment descriptor '/home/ubuntu/ros2_ws/install/my_robot_interfaces/share/my_robot_interfaces/hook/pythonpath.dsv'
[136.914s] INFO:colcon.colcon_core.shell:Creating environment hook '/home/ubuntu/ros2_ws/install/my_robot_interfaces/share/my_robot_interfaces/hook/pythonpath.sh'
[136.917s] Level 1:colcon.colcon_core.environment:checking '/home/ubuntu/ros2_ws/install/my_robot_interfaces/bin'
[137.235s] INFO:colcon.colcon_core.shell:Creating package script '/home/ubuntu/ros2_ws/install/my_robot_interfaces/share/my_robot_interfaces/package.ps1'
[137.239s] INFO:colcon.colcon_core.shell:Creating package descriptor '/home/ubuntu/ros2_ws/install/my_robot_interfaces/share/my_robot_interfaces/package.dsv'
[137.242s] INFO:colcon.colcon_core.shell:Creating package script '/home/ubuntu/ros2_ws/install/my_robot_interfaces/share/my_robot_interfaces/package.sh'
[137.246s] INFO:colcon.colcon_core.shell:Creating package script '/home/ubuntu/ros2_ws/install/my_robot_interfaces/share/my_robot_interfaces/package.bash'
[137.250s] INFO:colcon.colcon_core.shell:Creating package script '/home/ubuntu/ros2_ws/install/my_robot_interfaces/share/my_robot_interfaces/package.zsh'
[137.253s] Level 1:colcon.colcon_core.environment:create_file_with_runtime_dependencies(/home/ubuntu/ros2_ws/install/my_robot_interfaces/share/colcon-core/packages/my_robot_interfaces)
[145.264s] Level 1:colcon.colcon_core.environment:create_environment_scripts_only(my_robot_interfaces)
[145.486s] Level 1:colcon.colcon_core.environment:checking '/home/ubuntu/ros2_ws/install/my_robot_interfaces' for CMake module files
[145.489s] Level 1:colcon.colcon_core.environment:checking '/home/ubuntu/ros2_ws/install/my_robot_interfaces' for CMake config files
[145.495s] Level 1:colcon.colcon_core.shell:create_environment_hook('my_robot_interfaces', 'cmake_prefix_path')
[145.718s] INFO:colcon.colcon_core.shell:Creating environment hook '/home/ubuntu/ros2_ws/install/my_robot_interfaces/share/my_robot_interfaces/hook/cmake_prefix_path.ps1'
[145.720s] INFO:colcon.colcon_core.shell:Creating environment descriptor '/home/ubuntu/ros2_ws/install/my_robot_interfaces/share/my_robot_interfaces/hook/cmake_prefix_path.dsv'
[145.722s] INFO:colcon.colcon_core.shell:Creating environment hook '/home/ubuntu/ros2_ws/install/my_robot_interfaces/share/my_robot_interfaces/hook/cmake_prefix_path.sh'
[145.724s] Level 1:colcon.colcon_core.environment:checking '/home/ubuntu/ros2_ws/install/my_robot_interfaces/lib'
[145.725s] Level 1:colcon.colcon_core.shell:create_environment_hook('my_robot_interfaces', 'ld_library_path_lib')
[145.948s] INFO:colcon.colcon_core.shell:Creating environment hook '/home/ubuntu/ros2_ws/install/my_robot_interfaces/share/my_robot_interfaces/hook/ld_library_path_lib.ps1'
[145.950s] INFO:colcon.colcon_core.shell:Creating environment descriptor '/home/ubuntu/ros2_ws/install/my_robot_interfaces/share/my_robot_interfaces/hook/ld_library_path_lib.dsv'
[145.952s] INFO:colcon.colcon_core.shell:Creating environment hook '/home/ubuntu/ros2_ws/install/my_robot_interfaces/share/my_robot_interfaces/hook/ld_library_path_lib.sh'
[145.954s] Level 1:colcon.colcon_core.environment:checking '/home/ubuntu/ros2_ws/install/my_robot_interfaces/bin'
[145.954s] Level 1:colcon.colcon_core.environment:checking '/home/ubuntu/ros2_ws/install/my_robot_interfaces/lib/pkgconfig/my_robot_interfaces.pc'
[145.955s] Level 1:colcon.colcon_core.environment:checking '/home/ubuntu/ros2_ws/install/my_robot_interfaces/lib/python3.8/site-packages'
[145.955s] Level 1:colcon.colcon_core.shell:create_environment_hook('my_robot_interfaces', 'pythonpath')
[146.176s] INFO:colcon.colcon_core.shell:Creating environment hook '/home/ubuntu/ros2_ws/install/my_robot_interfaces/share/my_robot_interfaces/hook/pythonpath.ps1'
[146.178s] INFO:colcon.colcon_core.shell:Creating environment descriptor '/home/ubuntu/ros2_ws/install/my_robot_interfaces/share/my_robot_interfaces/hook/pythonpath.dsv'
[146.180s] INFO:colcon.colcon_core.shell:Creating environment hook '/home/ubuntu/ros2_ws/install/my_robot_interfaces/share/my_robot_interfaces/hook/pythonpath.sh'
[146.182s] Level 1:colcon.colcon_core.environment:checking '/home/ubuntu/ros2_ws/install/my_robot_interfaces/bin'
[146.403s] INFO:colcon.colcon_core.shell:Creating package script '/home/ubuntu/ros2_ws/install/my_robot_interfaces/share/my_robot_interfaces/package.ps1'
[146.406s] INFO:colcon.colcon_core.shell:Creating package descriptor '/home/ubuntu/ros2_ws/install/my_robot_interfaces/share/my_robot_interfaces/package.dsv'
[146.408s] INFO:colcon.colcon_core.shell:Creating package script '/home/ubuntu/ros2_ws/install/my_robot_interfaces/share/my_robot_interfaces/package.sh'
[146.411s] INFO:colcon.colcon_core.shell:Creating package script '/home/ubuntu/ros2_ws/install/my_robot_interfaces/share/my_robot_interfaces/package.bash'
[146.413s] INFO:colcon.colcon_core.shell:Creating package script '/home/ubuntu/ros2_ws/install/my_robot_interfaces/share/my_robot_interfaces/package.zsh'
[146.415s] Level 1:colcon.colcon_core.environment:create_file_with_runtime_dependencies(/home/ubuntu/ros2_ws/install/my_robot_interfaces/share/colcon-core/packages/my_robot_interfaces)
[146.417s] DEBUG:colcon.colcon_parallel_executor.executor.parallel:closing loop
[146.418s] DEBUG:colcon.colcon_parallel_executor.executor.parallel:loop closed
[146.419s] DEBUG:colcon.colcon_parallel_executor.executor.parallel:run_until_complete finished with '0'
[146.419s] DEBUG:colcon.colcon_core.event_reactor:joining thread
[146.700s] INFO:colcon.colcon_core.plugin_system:Skipping extension 'colcon_notification.desktop_notification.terminal_notifier': Not used on non-Darwin systems
[146.700s] INFO:colcon.colcon_core.plugin_system:Skipping extension 'colcon_notification.desktop_notification.win32': Not used on non-Windows systems
[146.700s] INFO:colcon.colcon_notification.desktop_notification:Sending desktop notification using 'notify2'
[146.760s] DEBUG:colcon.colcon_core.event_reactor:joined thread
[147.087s] INFO:colcon.colcon_core.shell:Creating prefix script '/home/ubuntu/ros2_ws/install/local_setup.ps1'
[147.090s] INFO:colcon.colcon_core.shell:Creating prefix util module '/home/ubuntu/ros2_ws/install/_local_setup_util_ps1.py'
[147.096s] INFO:colcon.colcon_core.shell:Creating prefix chain script '/home/ubuntu/ros2_ws/install/setup.ps1'
[147.408s] INFO:colcon.colcon_core.shell:Creating prefix script '/home/ubuntu/ros2_ws/install/local_setup.sh'
[147.411s] INFO:colcon.colcon_core.shell:Creating prefix util module '/home/ubuntu/ros2_ws/install/_local_setup_util_sh.py'
[147.413s] INFO:colcon.colcon_core.shell:Creating prefix chain script '/home/ubuntu/ros2_ws/install/setup.sh'
[147.720s] INFO:colcon.colcon_core.shell:Creating prefix script '/home/ubuntu/ros2_ws/install/local_setup.bash'
[147.722s] INFO:colcon.colcon_core.shell:Creating prefix chain script '/home/ubuntu/ros2_ws/install/setup.bash'
[148.029s] INFO:colcon.colcon_core.shell:Creating prefix script '/home/ubuntu/ros2_ws/install/local_setup.zsh'
[148.032s] INFO:colcon.colcon_core.shell:Creating prefix chain script '/home/ubuntu/ros2_ws/install/setup.zsh'
