Performing C SOURCE FILE Test CMAKE_HAVE_LIBC_PTHREAD failed with the following output:
Change Dir: /home/ubuntu/ros2_ws/build/pigpio/CMakeFiles/CMakeTmp

Run Build Command(s):/usr/bin/make cmTC_d3fd4/fast && /usr/bin/make -f CMakeFiles/cmTC_d3fd4.dir/build.make CMakeFiles/cmTC_d3fd4.dir/build
make[1]: Entering directory '/home/ubuntu/ros2_ws/build/pigpio/CMakeFiles/CMakeTmp'
Building C object CMakeFiles/cmTC_d3fd4.dir/src.c.o
/usr/bin/cc   -DCMAKE_HAVE_LIBC_PTHREAD   -o CMakeFiles/cmTC_d3fd4.dir/src.c.o   -c /home/ubuntu/ros2_ws/build/pigpio/CMakeFiles/CMakeTmp/src.c
Linking C executable cmTC_d3fd4
/usr/bin/cmake -E cmake_link_script CMakeFiles/cmTC_d3fd4.dir/link.txt --verbose=1
/usr/bin/cc  -DCMAKE_HAVE_LIBC_PTHREAD    -rdynamic CMakeFiles/cmTC_d3fd4.dir/src.c.o  -o cmTC_d3fd4 
/usr/bin/ld: CMakeFiles/cmTC_d3fd4.dir/src.c.o: in function `main':
src.c:(.text+0x48): undefined reference to `pthread_create'
/usr/bin/ld: src.c:(.text+0x50): undefined reference to `pthread_detach'
/usr/bin/ld: src.c:(.text+0x5c): undefined reference to `pthread_join'
collect2: error: ld returned 1 exit status
make[1]: *** [CMakeFiles/cmTC_d3fd4.dir/build.make:87: cmTC_d3fd4] Error 1
make[1]: Leaving directory '/home/ubuntu/ros2_ws/build/pigpio/CMakeFiles/CMakeTmp'
make: *** [Makefile:121: cmTC_d3fd4/fast] Error 2


Source file was:
#include <pthread.h>

void* test_func(void* data)
{
  return data;
}

int main(void)
{
  pthread_t thread;
  pthread_create(&thread, NULL, test_func, NULL);
  pthread_detach(thread);
  pthread_join(thread, NULL);
  pthread_atfork(NULL, NULL, NULL);
  pthread_exit(NULL);

  return 0;
}

Determining if the function pthread_create exists in the pthreads failed with the following output:
Change Dir: /home/ubuntu/ros2_ws/build/pigpio/CMakeFiles/CMakeTmp

Run Build Command(s):/usr/bin/make cmTC_5dbfc/fast && /usr/bin/make -f CMakeFiles/cmTC_5dbfc.dir/build.make CMakeFiles/cmTC_5dbfc.dir/build
make[1]: Entering directory '/home/ubuntu/ros2_ws/build/pigpio/CMakeFiles/CMakeTmp'
Building C object CMakeFiles/cmTC_5dbfc.dir/CheckFunctionExists.c.o
/usr/bin/cc   -DCHECK_FUNCTION_EXISTS=pthread_create   -o CMakeFiles/cmTC_5dbfc.dir/CheckFunctionExists.c.o   -c /usr/share/cmake-3.16/Modules/CheckFunctionExists.c
Linking C executable cmTC_5dbfc
/usr/bin/cmake -E cmake_link_script CMakeFiles/cmTC_5dbfc.dir/link.txt --verbose=1
/usr/bin/cc  -DCHECK_FUNCTION_EXISTS=pthread_create    -rdynamic CMakeFiles/cmTC_5dbfc.dir/CheckFunctionExists.c.o  -o cmTC_5dbfc  -lpthreads 
/usr/bin/ld: cannot find -lpthreads
collect2: error: ld returned 1 exit status
make[1]: *** [CMakeFiles/cmTC_5dbfc.dir/build.make:87: cmTC_5dbfc] Error 1
make[1]: Leaving directory '/home/ubuntu/ros2_ws/build/pigpio/CMakeFiles/CMakeTmp'
make: *** [Makefile:121: cmTC_5dbfc/fast] Error 2



Performing C SOURCE FILE Test COMPILER_HAS_HIDDEN_INLINE_VISIBILITY failed with the following output:
Change Dir: /home/ubuntu/ros2_ws/build/pigpio/CMakeFiles/CMakeTmp

Run Build Command(s):/usr/bin/make cmTC_bbbb2/fast && /usr/bin/make -f CMakeFiles/cmTC_bbbb2.dir/build.make CMakeFiles/cmTC_bbbb2.dir/build
make[1]: Entering directory '/home/ubuntu/ros2_ws/build/pigpio/CMakeFiles/CMakeTmp'
Building C object CMakeFiles/cmTC_bbbb2.dir/src.c.o
/usr/bin/cc   -DCOMPILER_HAS_HIDDEN_INLINE_VISIBILITY   -fvisibility-inlines-hidden -o CMakeFiles/cmTC_bbbb2.dir/src.c.o   -c /home/ubuntu/ros2_ws/build/pigpio/CMakeFiles/CMakeTmp/src.c
cc1: warning: command line option '-fvisibility-inlines-hidden' is valid for C++/ObjC++ but not for C
Linking C executable cmTC_bbbb2
/usr/bin/cmake -E cmake_link_script CMakeFiles/cmTC_bbbb2.dir/link.txt --verbose=1
/usr/bin/cc  -DCOMPILER_HAS_HIDDEN_INLINE_VISIBILITY    -rdynamic CMakeFiles/cmTC_bbbb2.dir/src.c.o  -o cmTC_bbbb2 
make[1]: Leaving directory '/home/ubuntu/ros2_ws/build/pigpio/CMakeFiles/CMakeTmp'


Source file was:
int main(void) { return 0; }
