[3.981s] Invoking command in '/home/ubuntu/ros2_ws/build/pigpio': /usr/bin/cmake /home/ubuntu/ros2_ws/pigpio-master -DCMAKE_INSTALL_PREFIX=/home/ubuntu/ros2_ws/install/pigpio
[5.228s] -- The C compiler identification is GNU 9.4.0
[5.527s] -- Check for working C compiler: /usr/bin/cc
[7.507s] -- Check for working C compiler: /usr/bin/cc -- works
[7.512s] -- Detecting C compiler ABI info
[8.685s] -- Detecting C compiler ABI info - done
[8.765s] -- Detecting C compile features
[8.769s] -- Detecting C compile features - done
[8.782s] -- Looking for pthread.h
[10.313s] -- Looking for pthread.h - found
[10.319s] -- Performing Test CMAKE_HAVE_LIBC_PTHREAD
[11.505s] -- Performing Test CMAKE_HAVE_LIBC_PTHREAD - Failed
[11.508s] -- Looking for pthread_create in pthreads
[12.562s] -- Looking for pthread_create in pthreads - not found
[12.563s] -- Looking for pthread_create in pthread
[13.773s] -- Looking for pthread_create in pthread - found
[13.781s] -- Found Threads: TRUE  
[13.985s] -- Found rt: /usr/lib/aarch64-linux-gnu/librt.so  
[14.025s] -- Performing Test COMPILER_HAS_HIDDEN_VISIBILITY
[15.216s] -- Performing Test COMPILER_HAS_HIDDEN_VISIBILITY - Success
[15.223s] -- Performing Test COMPILER_HAS_HIDDEN_INLINE_VISIBILITY
[16.349s] -- Performing Test COMPILER_HAS_HIDDEN_INLINE_VISIBILITY - Failed
[16.350s] -- Performing Test COMPILER_HAS_DEPRECATED_ATTR
[17.771s] -- Performing Test COMPILER_HAS_DEPRECATED_ATTR - Success
[35.187s] -- Configuring done
[35.287s] -- Generating done
[35.296s] -- Build files have been written to: /home/ubuntu/ros2_ws/build/pigpio
[41.597s] Invoked command in '/home/ubuntu/ros2_ws/build/pigpio' returned '0': /usr/bin/cmake /home/ubuntu/ros2_ws/pigpio-master -DCMAKE_INSTALL_PREFIX=/home/ubuntu/ros2_ws/install/pigpio
[41.606s] Invoking command in '/home/ubuntu/ros2_ws/build/pigpio': /usr/bin/cmake --build /home/ubuntu/ros2_ws/build/pigpio -- -j4 -l4
[42.876s] [35m[1mScanning dependencies of target pigpio[0m
[42.901s] [35m[1mScanning dependencies of target pigpiod_if2[0m
[43.102s] [35m[1mScanning dependencies of target pigpiod_if[0m
[43.329s] [35m[1mScanning dependencies of target pigs[0m
[43.508s] [  4%] [32mBuilding C object CMakeFiles/pigpiod_if2.dir/pigpiod_if2.c.o[0m
[43.671s] [  8%] [32mBuilding C object CMakeFiles/pigpio.dir/pigpio.c.o[0m
[43.694s] [ 13%] [32mBuilding C object CMakeFiles/pigpiod_if.dir/pigpiod_if.c.o[0m
[43.748s] [ 17%] [32mBuilding C object CMakeFiles/pigs.dir/pigs.c.o[0m
[45.462s] [ 21%] [32mBuilding C object CMakeFiles/pigpiod_if.dir/command.c.o[0m
[45.586s] [ 26%] [32mBuilding C object CMakeFiles/pigs.dir/command.c.o[0m
[46.120s] [ 30%] [32mBuilding C object CMakeFiles/pigpiod_if2.dir/command.c.o[0m
[47.154s] [ 34%] [32m[1mLinking C shared library libpigpiod_if.so[0m
[47.287s] [ 39%] [32m[1mLinking C shared library libpigpiod_if2.so[0m
[47.401s] [ 43%] [32m[1mLinking C executable pigs[0m
[48.395s] [ 43%] Built target pigpiod_if2
[48.640s] [ 43%] Built target pigpiod_if
[48.967s] [ 43%] Built target pigs
[52.404s] [ 47%] [32mBuilding C object CMakeFiles/pigpio.dir/command.c.o[0m
[53.092s] [ 52%] [32m[1mLinking C shared library libpigpio.so[0m
[53.693s] [ 52%] Built target pigpio
[53.974s] [35m[1mScanning dependencies of target x_pigpiod_if2[0m
[54.280s] [ 56%] [32mBuilding C object CMakeFiles/x_pigpiod_if2.dir/x_pigpiod_if2.c.o[0m
[54.991s] [ 60%] [32m[1mLinking C executable x_pigpiod_if2[0m
[55.736s] [ 60%] Built target x_pigpiod_if2
[55.991s] [35m[1mScanning dependencies of target x_pigpio[0m
[56.231s] [ 65%] [32mBuilding C object CMakeFiles/x_pigpio.dir/x_pigpio.c.o[0m
[56.903s] [ 69%] [32m[1mLinking C executable x_pigpio[0m
[57.466s] [ 69%] Built target x_pigpio
[57.698s] [35m[1mScanning dependencies of target pigpiod[0m
[57.950s] [ 73%] [32mBuilding C object CMakeFiles/pigpiod.dir/pigpiod.c.o[0m
[58.536s] [ 78%] [32m[1mLinking C executable pigpiod[0m
[59.161s] [ 78%] Built target pigpiod
[59.405s] [35m[1mScanning dependencies of target x_pigpiod_if[0m
[59.686s] [ 82%] [32mBuilding C object CMakeFiles/x_pigpiod_if.dir/x_pigpiod_if.c.o[0m
[60.400s] [ 86%] [32m[1mLinking C executable x_pigpiod_if[0m
[61.437s] [ 86%] Built target x_pigpiod_if
[61.966s] [35m[1mScanning dependencies of target pig2vcd[0m
[62.497s] [ 91%] [32mBuilding C object CMakeFiles/pig2vcd.dir/pig2vcd.c.o[0m
[63.157s] [ 95%] [32mBuilding C object CMakeFiles/pig2vcd.dir/command.c.o[0m
[63.875s] [100%] [32m[1mLinking C executable pig2vcd[0m
[65.029s] [100%] Built target pig2vcd
[65.276s] Invoked command in '/home/ubuntu/ros2_ws/build/pigpio' returned '0': /usr/bin/cmake --build /home/ubuntu/ros2_ws/build/pigpio -- -j4 -l4
[71.129s] Invoking command in '/home/ubuntu/ros2_ws/build/pigpio': /usr/bin/cmake --install /home/ubuntu/ros2_ws/build/pigpio
[71.327s] -- Install configuration: ""
[71.330s] -- Installing: /home/ubuntu/ros2_ws/install/pigpio/lib/libpigpio.so
[71.332s] -- Installing: /home/ubuntu/ros2_ws/install/pigpio/lib/libpigpiod_if.so
[71.337s] -- Installing: /home/ubuntu/ros2_ws/install/pigpio/lib/libpigpiod_if2.so
[71.339s] -- Installing: /home/ubuntu/ros2_ws/install/pigpio/bin/pig2vcd
[71.340s] -- Installing: /home/ubuntu/ros2_ws/install/pigpio/bin/pigpiod
[71.341s] -- Set runtime path of "/home/ubuntu/ros2_ws/install/pigpio/bin/pigpiod" to ""
[71.342s] -- Installing: /home/ubuntu/ros2_ws/install/pigpio/bin/pigs
[71.342s] -- Installing: /home/ubuntu/ros2_ws/install/pigpio/lib/cmake/pigpio/pigpioTargets.cmake
[71.343s] -- Installing: /home/ubuntu/ros2_ws/install/pigpio/lib/cmake/pigpio/pigpioTargets-noconfig.cmake
[71.344s] -- Installing: /home/ubuntu/ros2_ws/install/pigpio/lib/cmake/pigpio/pigpioConfig.cmake
[71.344s] -- Installing: /home/ubuntu/ros2_ws/install/pigpio/lib/cmake/pigpio/pigpioConfigVersion.cmake
[71.346s] -- Installing: /home/ubuntu/ros2_ws/install/pigpio/include/pigpio.h
[71.347s] -- Installing: /home/ubuntu/ros2_ws/install/pigpio/include/pigpiod_if.h
[71.348s] -- Installing: /home/ubuntu/ros2_ws/install/pigpio/include/pigpiod_if2.h
[71.348s] -- Installing: /home/ubuntu/ros2_ws/install/pigpio/man/man1/libpigpio.so.1
[71.376s] -- Installing: /home/ubuntu/ros2_ws/install/pigpio/man/man1/libpigpiod_if.so.1
[71.385s] -- Installing: /home/ubuntu/ros2_ws/install/pigpio/man/man1/libpigpiod_if2.so.1
[71.394s] -- Installing: /home/ubuntu/ros2_ws/install/pigpio/man/man1/pig2vcd.1
[71.397s] -- Installing: /home/ubuntu/ros2_ws/install/pigpio/man/man1/pigpiod.1
[71.401s] -- Installing: /home/ubuntu/ros2_ws/install/pigpio/man/man1/pigs.1
[71.418s] -- Installing: /home/ubuntu/ros2_ws/install/pigpio/man/man3/pigpio.3
[71.434s] -- Installing: /home/ubuntu/ros2_ws/install/pigpio/man/man3/pigpiod_if.3
[71.458s] -- Installing: /home/ubuntu/ros2_ws/install/pigpio/man/man3/pigpiod_if2.3
[75.158s] running install
[75.174s] running build
[75.175s] running build_py
[75.190s] creating build
[75.191s] creating build/lib
[75.192s] copying /home/ubuntu/ros2_ws/pigpio-master/pigpio.py -> build/lib
[75.200s] running install_lib
[75.339s] running install_egg_info
[75.343s] Writing /usr/local/lib/python3.8/dist-packages/pigpio-1.44.egg-info
[75.367s] error: [Errno 13] Permission denied: '/usr/local/lib/python3.8/dist-packages/pigpio-1.44.egg-info'
[75.408s] Invoked command in '/home/ubuntu/ros2_ws/build/pigpio' returned '0': /usr/bin/cmake --install /home/ubuntu/ros2_ws/build/pigpio
