[13.484s] DEBUG:colcon:Command line arguments: ['/usr/bin/colcon', 'build', '--packages-select', 'weeding_robot', '--symlink-install']
[13.484s] DEBUG:colcon:Parsed command line arguments: Namespace(allow_overriding=[], ament_cmake_args=None, base_paths=['.'], build_base='build', catkin_cmake_args=None, catkin_skip_building_tests=False, cmake_args=None, cmake_clean_cache=False, cmake_clean_first=False, cmake_force_configure=False, cmake_target=None, cmake_target_skip_unavailable=False, continue_on_error=False, event_handlers=None, executor='parallel', ignore_user_meta=False, install_base='install', log_base=None, log_level=None, main=<bound method BuildVerb.main of <colcon_core.verb.build.BuildVerb object at 0xffffbc2b5a30>>, merge_install=False, metas=['./colcon.meta'], packages_above=None, packages_above_and_dependencies=None, packages_above_depth=None, packages_end=None, packages_ignore=None, packages_ignore_regex=None, packages_select=['weeding_robot'], packages_select_build_failed=False, packages_select_by_dep=None, packages_select_regex=None, packages_select_test_failures=False, packages_skip=None, packages_skip_build_finished=False, packages_skip_by_dep=None, packages_skip_regex=None, packages_skip_test_passed=False, packages_skip_up_to=None, packages_start=None, packages_up_to=None, packages_up_to_regex=None, parallel_workers=4, paths=None, symlink_install=True, test_result_base=None, verb_extension=<colcon_core.verb.build.BuildVerb object at 0xffffbc2b5a30>, verb_name='build', verb_parser=<colcon_defaults.argument_parser.defaults.DefaultArgumentsDecorator object at 0xffffbbef8340>)
[14.224s] Level 1:colcon.colcon_core.package_discovery:discover_packages(colcon_meta) check parameters
[14.224s] Level 1:colcon.colcon_core.package_discovery:discover_packages(recursive) check parameters
[14.224s] Level 1:colcon.colcon_core.package_discovery:discover_packages(ignore) check parameters
[14.224s] Level 1:colcon.colcon_core.package_discovery:discover_packages(path) check parameters
[14.224s] Level 1:colcon.colcon_core.package_discovery:discover_packages(colcon_meta) discover
[14.225s] Level 1:colcon.colcon_core.package_discovery:discover_packages(recursive) discover
[14.225s] INFO:colcon.colcon_core.package_discovery:Crawling recursively for packages in '/home/ubuntu/ros2_ws'
[14.225s] Level 1:colcon.colcon_core.package_identification:_identify(.) by extensions ['ignore', 'ignore_ament_install']
[14.226s] Level 1:colcon.colcon_core.package_identification:_identify(.) by extension 'ignore'
[14.226s] Level 1:colcon.colcon_core.package_identification:_identify(.) by extension 'ignore_ament_install'
[14.226s] Level 1:colcon.colcon_core.package_identification:_identify(.) by extensions ['colcon_pkg']
[14.226s] Level 1:colcon.colcon_core.package_identification:_identify(.) by extension 'colcon_pkg'
[14.227s] Level 1:colcon.colcon_core.package_identification:_identify(.) by extensions ['colcon_meta']
[14.227s] Level 1:colcon.colcon_core.package_identification:_identify(.) by extension 'colcon_meta'
[14.227s] Level 1:colcon.colcon_core.package_identification:_identify(.) by extensions ['ros']
[14.227s] Level 1:colcon.colcon_core.package_identification:_identify(.) by extension 'ros'
[14.306s] Level 1:colcon.colcon_core.package_identification:_identify(.) by extensions ['cmake', 'python']
[14.306s] Level 1:colcon.colcon_core.package_identification:_identify(.) by extension 'cmake'
[14.306s] Level 1:colcon.colcon_core.package_identification:_identify(.) by extension 'python'
[14.307s] Level 1:colcon.colcon_core.package_identification:_identify(.) by extensions ['python_setup_py']
[14.307s] Level 1:colcon.colcon_core.package_identification:_identify(.) by extension 'python_setup_py'
[14.307s] Level 1:colcon.colcon_core.package_identification:_identify(__pycache__) by extensions ['ignore', 'ignore_ament_install']
[14.308s] Level 1:colcon.colcon_core.package_identification:_identify(__pycache__) by extension 'ignore'
[14.308s] Level 1:colcon.colcon_core.package_identification:_identify(__pycache__) by extension 'ignore_ament_install'
[14.308s] Level 1:colcon.colcon_core.package_identification:_identify(__pycache__) by extensions ['colcon_pkg']
[14.308s] Level 1:colcon.colcon_core.package_identification:_identify(__pycache__) by extension 'colcon_pkg'
[14.308s] Level 1:colcon.colcon_core.package_identification:_identify(__pycache__) by extensions ['colcon_meta']
[14.308s] Level 1:colcon.colcon_core.package_identification:_identify(__pycache__) by extension 'colcon_meta'
[14.309s] Level 1:colcon.colcon_core.package_identification:_identify(__pycache__) by extensions ['ros']
[14.309s] Level 1:colcon.colcon_core.package_identification:_identify(__pycache__) by extension 'ros'
[14.309s] Level 1:colcon.colcon_core.package_identification:_identify(__pycache__) by extensions ['cmake', 'python']
[14.309s] Level 1:colcon.colcon_core.package_identification:_identify(__pycache__) by extension 'cmake'
[14.309s] Level 1:colcon.colcon_core.package_identification:_identify(__pycache__) by extension 'python'
[14.309s] Level 1:colcon.colcon_core.package_identification:_identify(__pycache__) by extensions ['python_setup_py']
[14.310s] Level 1:colcon.colcon_core.package_identification:_identify(__pycache__) by extension 'python_setup_py'
[14.310s] Level 1:colcon.colcon_core.package_identification:_identify(build) by extensions ['ignore', 'ignore_ament_install']
[14.311s] Level 1:colcon.colcon_core.package_identification:_identify(build) by extension 'ignore'
[14.311s] Level 1:colcon.colcon_core.package_identification:_identify(build) ignored
[14.311s] Level 1:colcon.colcon_core.package_identification:_identify(install) by extensions ['ignore', 'ignore_ament_install']
[14.312s] Level 1:colcon.colcon_core.package_identification:_identify(install) by extension 'ignore'
[14.312s] Level 1:colcon.colcon_core.package_identification:_identify(install) ignored
[14.312s] Level 1:colcon.colcon_core.package_identification:_identify(log) by extensions ['ignore', 'ignore_ament_install']
[14.313s] Level 1:colcon.colcon_core.package_identification:_identify(log) by extension 'ignore'
[14.313s] Level 1:colcon.colcon_core.package_identification:_identify(log) ignored
[14.314s] Level 1:colcon.colcon_core.package_identification:_identify(pigpio-master) by extensions ['ignore', 'ignore_ament_install']
[14.314s] Level 1:colcon.colcon_core.package_identification:_identify(pigpio-master) by extension 'ignore'
[14.314s] Level 1:colcon.colcon_core.package_identification:_identify(pigpio-master) by extension 'ignore_ament_install'
[14.315s] Level 1:colcon.colcon_core.package_identification:_identify(pigpio-master) by extensions ['colcon_pkg']
[14.315s] Level 1:colcon.colcon_core.package_identification:_identify(pigpio-master) by extension 'colcon_pkg'
[14.315s] Level 1:colcon.colcon_core.package_identification:_identify(pigpio-master) by extensions ['colcon_meta']
[14.315s] Level 1:colcon.colcon_core.package_identification:_identify(pigpio-master) by extension 'colcon_meta'
[14.315s] Level 1:colcon.colcon_core.package_identification:_identify(pigpio-master) by extensions ['ros']
[14.315s] Level 1:colcon.colcon_core.package_identification:_identify(pigpio-master) by extension 'ros'
[14.316s] Level 1:colcon.colcon_core.package_identification:_identify(pigpio-master) by extensions ['cmake', 'python']
[14.316s] Level 1:colcon.colcon_core.package_identification:_identify(pigpio-master) by extension 'cmake'
[14.351s] Level 1:colcon.colcon_core.package_identification:_identify(pigpio-master) by extension 'python'
[14.352s] DEBUG:colcon.colcon_core.package_identification:Package 'pigpio-master' with type 'cmake' and name 'pigpio'
[14.352s] Level 1:colcon.colcon_core.package_identification:_identify(src) by extensions ['ignore', 'ignore_ament_install']
[14.353s] Level 1:colcon.colcon_core.package_identification:_identify(src) by extension 'ignore'
[14.353s] Level 1:colcon.colcon_core.package_identification:_identify(src) by extension 'ignore_ament_install'
[14.353s] Level 1:colcon.colcon_core.package_identification:_identify(src) by extensions ['colcon_pkg']
[14.353s] Level 1:colcon.colcon_core.package_identification:_identify(src) by extension 'colcon_pkg'
[14.354s] Level 1:colcon.colcon_core.package_identification:_identify(src) by extensions ['colcon_meta']
[14.354s] Level 1:colcon.colcon_core.package_identification:_identify(src) by extension 'colcon_meta'
[14.354s] Level 1:colcon.colcon_core.package_identification:_identify(src) by extensions ['ros']
[14.354s] Level 1:colcon.colcon_core.package_identification:_identify(src) by extension 'ros'
[14.355s] Level 1:colcon.colcon_core.package_identification:_identify(src) by extensions ['cmake', 'python']
[14.355s] Level 1:colcon.colcon_core.package_identification:_identify(src) by extension 'cmake'
[14.355s] Level 1:colcon.colcon_core.package_identification:_identify(src) by extension 'python'
[14.355s] Level 1:colcon.colcon_core.package_identification:_identify(src) by extensions ['python_setup_py']
[14.355s] Level 1:colcon.colcon_core.package_identification:_identify(src) by extension 'python_setup_py'
[14.356s] Level 1:colcon.colcon_core.package_identification:_identify(src/my_cpp_pkg) by extensions ['ignore', 'ignore_ament_install']
[14.356s] Level 1:colcon.colcon_core.package_identification:_identify(src/my_cpp_pkg) by extension 'ignore'
[14.357s] Level 1:colcon.colcon_core.package_identification:_identify(src/my_cpp_pkg) by extension 'ignore_ament_install'
[14.357s] Level 1:colcon.colcon_core.package_identification:_identify(src/my_cpp_pkg) by extensions ['colcon_pkg']
[14.357s] Level 1:colcon.colcon_core.package_identification:_identify(src/my_cpp_pkg) by extension 'colcon_pkg'
[14.357s] Level 1:colcon.colcon_core.package_identification:_identify(src/my_cpp_pkg) by extensions ['colcon_meta']
[14.357s] Level 1:colcon.colcon_core.package_identification:_identify(src/my_cpp_pkg) by extension 'colcon_meta'
[14.358s] Level 1:colcon.colcon_core.package_identification:_identify(src/my_cpp_pkg) by extensions ['ros']
[14.358s] Level 1:colcon.colcon_core.package_identification:_identify(src/my_cpp_pkg) by extension 'ros'
[14.371s] DEBUG:colcon.colcon_core.package_identification:Package 'src/my_cpp_pkg' with type 'ros.ament_cmake' and name 'my_cpp_pkg'
[14.372s] Level 1:colcon.colcon_core.package_identification:_identify(src/my_py_pkg) by extensions ['ignore', 'ignore_ament_install']
[14.372s] Level 1:colcon.colcon_core.package_identification:_identify(src/my_py_pkg) by extension 'ignore'
[14.373s] Level 1:colcon.colcon_core.package_identification:_identify(src/my_py_pkg) by extension 'ignore_ament_install'
[14.373s] Level 1:colcon.colcon_core.package_identification:_identify(src/my_py_pkg) by extensions ['colcon_pkg']
[14.373s] Level 1:colcon.colcon_core.package_identification:_identify(src/my_py_pkg) by extension 'colcon_pkg'
[14.373s] Level 1:colcon.colcon_core.package_identification:_identify(src/my_py_pkg) by extensions ['colcon_meta']
[14.373s] Level 1:colcon.colcon_core.package_identification:_identify(src/my_py_pkg) by extension 'colcon_meta'
[14.374s] Level 1:colcon.colcon_core.package_identification:_identify(src/my_py_pkg) by extensions ['ros']
[14.374s] Level 1:colcon.colcon_core.package_identification:_identify(src/my_py_pkg) by extension 'ros'
[14.378s] DEBUG:colcon.colcon_core.package_identification:Package 'src/my_py_pkg' with type 'ros.ament_python' and name 'my_py_pkg'
[14.378s] Level 1:colcon.colcon_core.package_identification:_identify(src/my_robot_bringup) by extensions ['ignore', 'ignore_ament_install']
[14.379s] Level 1:colcon.colcon_core.package_identification:_identify(src/my_robot_bringup) by extension 'ignore'
[14.379s] Level 1:colcon.colcon_core.package_identification:_identify(src/my_robot_bringup) by extension 'ignore_ament_install'
[14.379s] Level 1:colcon.colcon_core.package_identification:_identify(src/my_robot_bringup) by extensions ['colcon_pkg']
[14.380s] Level 1:colcon.colcon_core.package_identification:_identify(src/my_robot_bringup) by extension 'colcon_pkg'
[14.380s] Level 1:colcon.colcon_core.package_identification:_identify(src/my_robot_bringup) by extensions ['colcon_meta']
[14.380s] Level 1:colcon.colcon_core.package_identification:_identify(src/my_robot_bringup) by extension 'colcon_meta'
[14.380s] Level 1:colcon.colcon_core.package_identification:_identify(src/my_robot_bringup) by extensions ['ros']
[14.380s] Level 1:colcon.colcon_core.package_identification:_identify(src/my_robot_bringup) by extension 'ros'
[14.384s] DEBUG:colcon.colcon_core.package_identification:Package 'src/my_robot_bringup' with type 'ros.ament_cmake' and name 'my_robot_bringup'
[14.384s] Level 1:colcon.colcon_core.package_identification:_identify(src/my_robot_interfaces) by extensions ['ignore', 'ignore_ament_install']
[14.385s] Level 1:colcon.colcon_core.package_identification:_identify(src/my_robot_interfaces) by extension 'ignore'
[14.385s] Level 1:colcon.colcon_core.package_identification:_identify(src/my_robot_interfaces) by extension 'ignore_ament_install'
[14.385s] Level 1:colcon.colcon_core.package_identification:_identify(src/my_robot_interfaces) by extensions ['colcon_pkg']
[14.385s] Level 1:colcon.colcon_core.package_identification:_identify(src/my_robot_interfaces) by extension 'colcon_pkg'
[14.386s] Level 1:colcon.colcon_core.package_identification:_identify(src/my_robot_interfaces) by extensions ['colcon_meta']
[14.386s] Level 1:colcon.colcon_core.package_identification:_identify(src/my_robot_interfaces) by extension 'colcon_meta'
[14.386s] Level 1:colcon.colcon_core.package_identification:_identify(src/my_robot_interfaces) by extensions ['ros']
[14.386s] Level 1:colcon.colcon_core.package_identification:_identify(src/my_robot_interfaces) by extension 'ros'
[14.389s] DEBUG:colcon.colcon_core.package_identification:Package 'src/my_robot_interfaces' with type 'ros.ament_cmake' and name 'my_robot_interfaces'
[14.389s] Level 1:colcon.colcon_core.package_identification:_identify(src/py_pubsub) by extensions ['ignore', 'ignore_ament_install']
[14.390s] Level 1:colcon.colcon_core.package_identification:_identify(src/py_pubsub) by extension 'ignore'
[14.390s] Level 1:colcon.colcon_core.package_identification:_identify(src/py_pubsub) by extension 'ignore_ament_install'
[14.390s] Level 1:colcon.colcon_core.package_identification:_identify(src/py_pubsub) by extensions ['colcon_pkg']
[14.390s] Level 1:colcon.colcon_core.package_identification:_identify(src/py_pubsub) by extension 'colcon_pkg'
[14.390s] Level 1:colcon.colcon_core.package_identification:_identify(src/py_pubsub) by extensions ['colcon_meta']
[14.391s] Level 1:colcon.colcon_core.package_identification:_identify(src/py_pubsub) by extension 'colcon_meta'
[14.391s] Level 1:colcon.colcon_core.package_identification:_identify(src/py_pubsub) by extensions ['ros']
[14.391s] Level 1:colcon.colcon_core.package_identification:_identify(src/py_pubsub) by extension 'ros'
[14.393s] DEBUG:colcon.colcon_core.package_identification:Package 'src/py_pubsub' with type 'ros.ament_python' and name 'py_pubsub'
[14.394s] Level 1:colcon.colcon_core.package_identification:_identify(src/turtlesim_catch_them_all) by extensions ['ignore', 'ignore_ament_install']
[14.394s] Level 1:colcon.colcon_core.package_identification:_identify(src/turtlesim_catch_them_all) by extension 'ignore'
[14.395s] Level 1:colcon.colcon_core.package_identification:_identify(src/turtlesim_catch_them_all) by extension 'ignore_ament_install'
[14.395s] Level 1:colcon.colcon_core.package_identification:_identify(src/turtlesim_catch_them_all) by extensions ['colcon_pkg']
[14.395s] Level 1:colcon.colcon_core.package_identification:_identify(src/turtlesim_catch_them_all) by extension 'colcon_pkg'
[14.395s] Level 1:colcon.colcon_core.package_identification:_identify(src/turtlesim_catch_them_all) by extensions ['colcon_meta']
[14.395s] Level 1:colcon.colcon_core.package_identification:_identify(src/turtlesim_catch_them_all) by extension 'colcon_meta'
[14.396s] Level 1:colcon.colcon_core.package_identification:_identify(src/turtlesim_catch_them_all) by extensions ['ros']
[14.396s] Level 1:colcon.colcon_core.package_identification:_identify(src/turtlesim_catch_them_all) by extension 'ros'
[14.399s] DEBUG:colcon.colcon_core.package_identification:Package 'src/turtlesim_catch_them_all' with type 'ros.ament_python' and name 'turtlesim_catch_them_all'
[14.400s] Level 1:colcon.colcon_core.package_identification:_identify(src/turtlesim_project_cpp) by extensions ['ignore', 'ignore_ament_install']
[14.400s] Level 1:colcon.colcon_core.package_identification:_identify(src/turtlesim_project_cpp) by extension 'ignore'
[14.401s] Level 1:colcon.colcon_core.package_identification:_identify(src/turtlesim_project_cpp) by extension 'ignore_ament_install'
[14.401s] Level 1:colcon.colcon_core.package_identification:_identify(src/turtlesim_project_cpp) by extensions ['colcon_pkg']
[14.401s] Level 1:colcon.colcon_core.package_identification:_identify(src/turtlesim_project_cpp) by extension 'colcon_pkg'
[14.401s] Level 1:colcon.colcon_core.package_identification:_identify(src/turtlesim_project_cpp) by extensions ['colcon_meta']
[14.401s] Level 1:colcon.colcon_core.package_identification:_identify(src/turtlesim_project_cpp) by extension 'colcon_meta'
[14.402s] Level 1:colcon.colcon_core.package_identification:_identify(src/turtlesim_project_cpp) by extensions ['ros']
[14.402s] Level 1:colcon.colcon_core.package_identification:_identify(src/turtlesim_project_cpp) by extension 'ros'
[14.406s] DEBUG:colcon.colcon_core.package_identification:Package 'src/turtlesim_project_cpp' with type 'ros.ament_cmake' and name 'turtlesim_project_cpp'
[14.407s] Level 1:colcon.colcon_core.package_identification:_identify(src/weeding_robot) by extensions ['ignore', 'ignore_ament_install']
[14.407s] Level 1:colcon.colcon_core.package_identification:_identify(src/weeding_robot) by extension 'ignore'
[14.408s] Level 1:colcon.colcon_core.package_identification:_identify(src/weeding_robot) by extension 'ignore_ament_install'
[14.408s] Level 1:colcon.colcon_core.package_identification:_identify(src/weeding_robot) by extensions ['colcon_pkg']
[14.408s] Level 1:colcon.colcon_core.package_identification:_identify(src/weeding_robot) by extension 'colcon_pkg'
[14.408s] Level 1:colcon.colcon_core.package_identification:_identify(src/weeding_robot) by extensions ['colcon_meta']
[14.408s] Level 1:colcon.colcon_core.package_identification:_identify(src/weeding_robot) by extension 'colcon_meta'
[14.409s] Level 1:colcon.colcon_core.package_identification:_identify(src/weeding_robot) by extensions ['ros']
[14.409s] Level 1:colcon.colcon_core.package_identification:_identify(src/weeding_robot) by extension 'ros'
[14.412s] DEBUG:colcon.colcon_core.package_identification:Package 'src/weeding_robot' with type 'ros.ament_python' and name 'weeding_robot'
[14.412s] Level 1:colcon.colcon_core.package_discovery:discover_packages(recursive) using defaults
[14.412s] Level 1:colcon.colcon_core.package_discovery:discover_packages(ignore) discover
[14.412s] Level 1:colcon.colcon_core.package_discovery:discover_packages(ignore) using defaults
[14.413s] Level 1:colcon.colcon_core.package_discovery:discover_packages(path) discover
[14.413s] Level 1:colcon.colcon_core.package_discovery:discover_packages(path) using defaults
[15.695s] INFO:colcon.colcon_core.package_selection:Skipping not selected package 'my_robot_interfaces' in 'src/my_robot_interfaces'
[15.695s] INFO:colcon.colcon_core.package_selection:Skipping not selected package 'pigpio' in 'pigpio-master'
[15.696s] INFO:colcon.colcon_core.package_selection:Skipping not selected package 'py_pubsub' in 'src/py_pubsub'
[15.696s] INFO:colcon.colcon_core.package_selection:Skipping not selected package 'my_cpp_pkg' in 'src/my_cpp_pkg'
[15.696s] INFO:colcon.colcon_core.package_selection:Skipping not selected package 'my_py_pkg' in 'src/my_py_pkg'
[15.696s] INFO:colcon.colcon_core.package_selection:Skipping not selected package 'turtlesim_catch_them_all' in 'src/turtlesim_catch_them_all'
[15.696s] INFO:colcon.colcon_core.package_selection:Skipping not selected package 'turtlesim_project_cpp' in 'src/turtlesim_project_cpp'
[15.696s] INFO:colcon.colcon_core.package_selection:Skipping not selected package 'my_robot_bringup' in 'src/my_robot_bringup'
[16.165s] Level 1:colcon.colcon_core.package_discovery:discover_packages(prefix_path) check parameters
[16.165s] Level 1:colcon.colcon_core.package_discovery:discover_packages(prefix_path) discover
[16.763s] DEBUG:colcon.colcon_installed_package_information.package_discovery:Found 9 installed packages in /home/ubuntu/ros2_ws/install
[17.029s] DEBUG:colcon.colcon_installed_package_information.package_discovery:Found 311 installed packages in /home/ubuntu/ros2_foxy/install
[17.037s] Level 1:colcon.colcon_core.package_discovery:discover_packages(prefix_path) using defaults
[18.633s] Level 5:colcon.colcon_core.verb:set package 'weeding_robot' build argument 'cmake_args' from command line to 'None'
[18.634s] Level 5:colcon.colcon_core.verb:set package 'weeding_robot' build argument 'cmake_target' from command line to 'None'
[18.666s] Level 5:colcon.colcon_core.verb:set package 'weeding_robot' build argument 'cmake_target_skip_unavailable' from command line to 'False'
[18.666s] Level 5:colcon.colcon_core.verb:set package 'weeding_robot' build argument 'cmake_clean_cache' from command line to 'False'
[18.667s] Level 5:colcon.colcon_core.verb:set package 'weeding_robot' build argument 'cmake_clean_first' from command line to 'False'
[18.667s] Level 5:colcon.colcon_core.verb:set package 'weeding_robot' build argument 'cmake_force_configure' from command line to 'False'
[18.667s] Level 5:colcon.colcon_core.verb:set package 'weeding_robot' build argument 'ament_cmake_args' from command line to 'None'
[18.667s] Level 5:colcon.colcon_core.verb:set package 'weeding_robot' build argument 'catkin_cmake_args' from command line to 'None'
[18.667s] Level 5:colcon.colcon_core.verb:set package 'weeding_robot' build argument 'catkin_skip_building_tests' from command line to 'False'
[18.668s] DEBUG:colcon.colcon_core.verb:Building package 'weeding_robot' with the following arguments: {'ament_cmake_args': None, 'build_base': '/home/ubuntu/ros2_ws/build/weeding_robot', 'catkin_cmake_args': None, 'catkin_skip_building_tests': False, 'cmake_args': None, 'cmake_clean_cache': False, 'cmake_clean_first': False, 'cmake_force_configure': False, 'cmake_target': None, 'cmake_target_skip_unavailable': False, 'install_base': '/home/ubuntu/ros2_ws/install/weeding_robot', 'merge_install': False, 'path': '/home/ubuntu/ros2_ws/src/weeding_robot', 'symlink_install': True, 'test_result_base': None}
[18.895s] INFO:colcon.colcon_core.executor:Executing jobs using 'parallel' executor
[19.122s] DEBUG:colcon.colcon_parallel_executor.executor.parallel:run_until_complete
[19.123s] INFO:colcon.colcon_ros.task.ament_python.build:Building ROS package in '/home/ubuntu/ros2_ws/src/weeding_robot' with build type 'ament_python'
[19.124s] Level 1:colcon.colcon_core.shell:create_environment_hook('weeding_robot', 'ament_prefix_path')
[19.427s] INFO:colcon.colcon_core.plugin_system:Skipping extension 'colcon_core.shell.bat': Not used on non-Windows systems
[19.428s] INFO:colcon.colcon_core.shell:Creating environment hook '/home/ubuntu/ros2_ws/install/weeding_robot/share/weeding_robot/hook/ament_prefix_path.ps1'
[19.432s] INFO:colcon.colcon_core.shell:Creating environment descriptor '/home/ubuntu/ros2_ws/install/weeding_robot/share/weeding_robot/hook/ament_prefix_path.dsv'
[19.434s] INFO:colcon.colcon_core.shell:Creating environment hook '/home/ubuntu/ros2_ws/install/weeding_robot/share/weeding_robot/hook/ament_prefix_path.sh'
[19.671s] INFO:colcon.colcon_core.shell:Skip shell extension 'powershell' for command environment: Not usable outside of PowerShell
[19.672s] DEBUG:colcon.colcon_core.shell:Skip shell extension 'dsv' for command environment
[25.017s] INFO:colcon.colcon_core.task.python.build:Building Python package in '/home/ubuntu/ros2_ws/src/weeding_robot'
[25.246s] INFO:colcon.colcon_core.shell:Skip shell extension 'powershell' for command environment: Not usable outside of PowerShell
[25.247s] DEBUG:colcon.colcon_core.shell:Skip shell extension 'dsv' for command environment
[31.624s] DEBUG:colcon.colcon_core.event_handler.log_command:Invoking command in '/home/ubuntu/ros2_ws/build/weeding_robot': CMAKE_PREFIX_PATH=/home/ubuntu/ros2_ws/install/pigpio:/home/ubuntu/ros2_ws/install/my_robot_bringup:/home/ubuntu/ros2_ws/install/turtlesim_project_cpp:/home/ubuntu/ros2_ws/install/my_cpp_pkg:/home/ubuntu/ros2_ws/install/my_robot_interfaces:/home/ubuntu/ros2_foxy/install/rosbag2:/home/ubuntu/ros2_foxy/install/rosbag2_transport:/home/ubuntu/ros2_foxy/install/rosbag2_compression:/home/ubuntu/ros2_foxy/install/zstd_vendor:/home/ubuntu/ros2_foxy/install/rviz_visual_testing_framework:/home/ubuntu/ros2_foxy/install/rviz2:/home/ubuntu/ros2_foxy/install/rviz_default_plugins:/home/ubuntu/ros2_foxy/install/rviz_common:/home/ubuntu/ros2_foxy/install/rosbag2_storage_default_plugins:/home/ubuntu/ros2_foxy/install/rosbag2_converter_default_plugins:/home/ubuntu/ros2_foxy/install/bag_recorder_nodes:/home/ubuntu/ros2_foxy/install/rosbag2_cpp:/home/ubuntu/ros2_foxy/install/rosbag2_storage:/home/ubuntu/ros2_foxy/install/yaml_cpp_vendor:/home/ubuntu/ros2_foxy/install/ros1_bridge:/home/ubuntu/ros2_foxy/install/interactive_markers:/home/ubuntu/ros2_foxy/install/common_interfaces:/home/ubuntu/ros2_foxy/install/visualization_msgs:/home/ubuntu/ros2_foxy/install/dummy_robot_bringup:/home/ubuntu/ros2_foxy/install/robot_state_publisher:/home/ubuntu/ros2_foxy/install/kdl_parser:/home/ubuntu/ros2_foxy/install/urdf:/home/ubuntu/ros2_foxy/install/urdfdom:/home/ubuntu/ros2_foxy/install/urdfdom_headers:/home/ubuntu/ros2_foxy/install/turtlesim:/home/ubuntu/ros2_foxy/install/geometry2:/home/ubuntu/ros2_foxy/install/tf2_tools:/home/ubuntu/ros2_foxy/install/tf2_sensor_msgs:/home/ubuntu/ros2_foxy/install/test_tf2:/home/ubuntu/ros2_foxy/install/tf2_kdl:/home/ubuntu/ros2_foxy/install/tf2_geometry_msgs:/home/ubuntu/ros2_foxy/install/tf2_eigen:/home/ubuntu/ros2_foxy/install/tf2_bullet:/home/ubuntu/ros2_foxy/install/tf2_ros:/home/ubuntu/ros2_foxy/install/tf2_py:/home/ubuntu/ros2_foxy/install/tf2_msgs:/home/ubuntu/ros2_foxy/install/test_msgs:/home/ubuntu/ros2_foxy/install/sros2_cmake:/home/ubuntu/ros2_foxy/install/ros2cli_common_extensions:/home/ubuntu/ros2_foxy/install/rqt_py_common:/home/ubuntu/ros2_foxy/install/ros_testing:/home/ubuntu/ros2_foxy/install/quality_of_service_demo_cpp:/home/ubuntu/ros2_foxy/install/demo_nodes_cpp:/home/ubuntu/ros2_foxy/install/composition:/home/ubuntu/ros2_foxy/install/rclpy:/home/ubuntu/ros2_foxy/install/examples_rclcpp_minimal_action_server:/home/ubuntu/ros2_foxy/install/examples_rclcpp_minimal_action_client:/home/ubuntu/ros2_foxy/install/action_tutorials_cpp:/home/ubuntu/ros2_foxy/install/rclcpp_action:/home/ubuntu/ros2_foxy/install/rcl_action:/home/ubuntu/ros2_foxy/install/move_base_msgs:/home/ubuntu/ros2_foxy/install/examples_rclcpp_minimal_service:/home/ubuntu/ros2_foxy/install/examples_rclcpp_minimal_client:/home/ubuntu/ros2_foxy/install/example_interfaces:/home/ubuntu/ros2_foxy/install/action_tutorials_interfaces:/home/ubuntu/ros2_foxy/install/action_msgs:/home/ubuntu/ros2_foxy/install/unique_identifier_msgs:/home/ubuntu/ros2_foxy/install/ament_lint_common:/home/ubuntu/ros2_foxy/install/ament_cmake_uncrustify:/home/ubuntu/ros2_foxy/install/uncrustify_vendor:/home/ubuntu/ros2_foxy/install/trajectory_msgs:/home/ubuntu/ros2_foxy/install/tracetools_test:/home/ubuntu/ros2_foxy/install/pendulum_control:/home/ubuntu/ros2_foxy/install/tlsf_cpp:/home/ubuntu/ros2_foxy/install/rqt_gui_cpp:/home/ubuntu/ros2_foxy/install/rosbag2_test_common:/home/ubuntu/ros2_foxy/install/ros2lifecycle_test_fixtures:/home/ubuntu/ros2_foxy/install/lifecycle:/home/ubuntu/ros2_foxy/install/rclcpp_lifecycle:/home/ubuntu/ros2_foxy/install/logging_demo:/home/ubuntu/ros2_foxy/install/image_tools:/home/ubuntu/ros2_foxy/install/examples_rclcpp_minimal_composition:/home/ubuntu/ros2_foxy/install/demo_nodes_cpp_native:/home/ubuntu/ros2_foxy/install/rclcpp_components:/home/ubuntu/ros2_foxy/install/laser_geometry:/home/ubuntu/ros2_foxy/install/intra_process_demo:/home/ubuntu/ros2_foxy/install/examples_rclcpp_multithreaded_executor:/home/ubuntu/ros2_foxy/install/examples_rclcpp_minimal_timer:/home/ubuntu/ros2_foxy/install/examples_rclcpp_minimal_subscriber:/home/ubuntu/ros2_foxy/install/examples_rclcpp_minimal_publisher:/home/ubuntu/ros2_foxy/install/dummy_sensors:/home/ubuntu/ros2_foxy/install/dummy_map_server:/home/ubuntu/ros2_foxy/install/rclcpp:/home/ubuntu/ros2_foxy/install/rcl_lifecycle:/home/ubuntu/ros2_foxy/install/libstatistics_collector:/home/ubuntu/ros2_foxy/install/rcl:/home/ubuntu/ros2_foxy/install/tracetools:/home/ubuntu/ros2_foxy/install/tlsf:/home/ubuntu/ros2_foxy/install/tinyxml_vendor:/home/ubuntu/ros2_foxy/install/qt_gui_core:/home/ubuntu/ros2_foxy/install/qt_gui_cpp:/home/ubuntu/ros2_foxy/install/pluginlib:/home/ubuntu/ros2_foxy/install/tinyxml2_vendor:/home/ubuntu/ros2_foxy/install/tf2_eigen_kdl:/home/ubuntu/ros2_foxy/install/tf2:/home/ubuntu/ros2_foxy/install/test_security:/home/ubuntu/ros2_foxy/install/test_rmw_implementation:/home/ubuntu/ros2_foxy/install/test_rclcpp:/home/ubuntu/ros2_foxy/install/test_quality_of_service:/home/ubuntu/ros2_foxy/install/test_launch_testing:/home/ubuntu/ros2_foxy/install/test_interface_files:/home/ubuntu/ros2_foxy/install/test_communication:/home/ubuntu/ros2_foxy/install/test_cli_remapping:/home/ubuntu/ros2_foxy/install/test_cli:/home/ubuntu/ros2_foxy/install/qt_gui_app:/home/ubuntu/ros2_foxy/install/qt_gui:/home/ubuntu/ros2_foxy/install/tango_icons_vendor:/home/ubuntu/ros2_foxy/install/stereo_msgs:/home/ubuntu/ros2_foxy/install/std_srvs:/home/ubuntu/ros2_foxy/install/shape_msgs:/home/ubuntu/ros2_foxy/install/map_msgs:/home/ubuntu/ros2_foxy/install/sensor_msgs:/home/ubuntu/ros2_foxy/install/nav_msgs:/home/ubuntu/ros2_foxy/install/diagnostic_msgs:/home/ubuntu/ros2_foxy/install/geometry_msgs:/home/ubuntu/ros2_foxy/install/actionlib_msgs:/home/ubuntu/ros2_foxy/install/std_msgs:/home/ubuntu/ros2_foxy/install/statistics_msgs:/home/ubuntu/ros2_foxy/install/sqlite3_vendor:/home/ubuntu/ros2_foxy/install/rcl_logging_spdlog:/home/ubuntu/ros2_foxy/install/spdlog_vendor:/home/ubuntu/ros2_foxy/install/shared_queues_vendor:/home/ubuntu/ros2_foxy/install/rviz_rendering_tests:/home/ubuntu/ros2_foxy/install/rviz_rendering:/home/ubuntu/ros2_foxy/install/rviz_ogre_vendor:/home/ubuntu/ros2_foxy/install/rviz_assimp_vendor:/home/ubuntu/ros2_foxy/install/rttest:/home/ubuntu/ros2_foxy/install/rosgraph_msgs:/home/ubuntu/ros2_foxy/install/rmw_implementation:/home/ubuntu/ros2_foxy/install/rmw_fastrtps_dynamic_cpp:/home/ubuntu/ros2_foxy/install/rmw_fastrtps_cpp:/home/ubuntu/ros2_foxy/install/rmw_fastrtps_shared_cpp:/home/ubuntu/ros2_foxy/install/rmw_cyclonedds_cpp:/home/ubuntu/ros2_foxy/install/rmw_dds_common:/home/ubuntu/ros2_foxy/install/composition_interfaces:/home/ubuntu/ros2_foxy/install/rcl_interfaces:/home/ubuntu/ros2_foxy/install/pendulum_msgs:/home/ubuntu/ros2_foxy/install/lifecycle_msgs:/home/ubuntu/ros2_foxy/install/builtin_interfaces:/home/ubuntu/ros2_foxy/install/rosidl_default_runtime:/home/ubuntu/ros2_foxy/install/rosidl_default_generators:/home/ubuntu/ros2_foxy/install/rosidl_generator_py:/home/ubuntu/ros2_foxy/install/rosidl_typesupport_cpp:/home/ubuntu/ros2_foxy/install/rosidl_typesupport_introspection_cpp:/home/ubuntu/ros2_foxy/install/rosidl_typesupport_c:/home/ubuntu/ros2_foxy/install/rosidl_typesupport_introspection_c:/home/ubuntu/ros2_foxy/install/rosidl_typesupport_fastrtps_c:/home/ubuntu/ros2_foxy/install/rosidl_typesupport_fastrtps_cpp:/home/ubuntu/ros2_foxy/install/rmw_connext_cpp:/home/ubuntu/ros2_foxy/install/rosidl_typesupport_connext_c:/home/ubuntu/ros2_foxy/install/rosidl_typesupport_connext_cpp:/home/ubuntu/ros2_foxy/install/rmw:/home/ubuntu/ros2_foxy/install/rosidl_runtime_c:/home/ubuntu/ros2_foxy/install/rosidl_generator_cpp:/home/ubuntu/ros2_foxy/install/rosidl_generator_c:/home/ubuntu/ros2_foxy/install/rosidl_typesupport_interface:/home/ubuntu/ros2_foxy/install/rosidl_runtime_cpp:/home/ubuntu/ros2_foxy/install/rosidl_generator_dds_idl:/home/ubuntu/ros2_foxy/install/rosidl_cmake:/home/ubuntu/ros2_foxy/install/rosidl_parser:/home/ubuntu/ros2_foxy/install/rosidl_adapter:/home/ubuntu/ros2_foxy/install/rosbag2_tests:/home/ubuntu/ros2_foxy/install/ros_environment:/home/ubuntu/ros2_foxy/install/rmw_implementation_cmake:/home/ubuntu/ros2_foxy/install/rmw_connext_shared_cpp:/home/ubuntu/ros2_foxy/install/resource_retriever:/home/ubuntu/ros2_foxy/install/class_loader:/home/ubuntu/ros2_foxy/install/rcpputils:/home/ubuntu/ros2_foxy/install/rcl_logging_noop:/home/ubuntu/ros2_foxy/install/rcl_logging_log4cxx:/home/ubuntu/ros2_foxy/install/rcutils:/home/ubuntu/ros2_foxy/install/rcl_yaml_param_parser:/home/ubuntu/ros2_foxy/install/qt_gui_py_common:/home/ubuntu/ros2_foxy/install/qt_dotgraph:/home/ubuntu/ros2_foxy/install/python_qt_binding:/home/ubuntu/ros2_foxy/install/launch_testing_ament_cmake:/home/ubuntu/ros2_foxy/install/python_cmake_module:/home/ubuntu/ros2_foxy/install/performance_test_fixture:/home/ubuntu/ros2_foxy/install/osrf_testing_tools_cpp:/home/ubuntu/ros2_foxy/install/orocos_kdl:/home/ubuntu/ros2_foxy/install/mimick_vendor:/home/ubuntu/ros2_foxy/install/message_filters:/home/ubuntu/ros2_foxy/install/libyaml_vendor:/home/ubuntu/ros2_foxy/install/libcurl_vendor:/home/ubuntu/ros2_foxy/install/ament_cmake_ros:/home/ubuntu/ros2_foxy/install/ament_cmake_gmock:/home/ubuntu/ros2_foxy/install/gmock_vendor:/home/ubuntu/ros2_foxy/install/ament_cmake_gtest:/home/ubuntu/ros2_foxy/install/gtest_vendor:/home/ubuntu/ros2_foxy/install/ament_cmake_google_benchmark:/home/ubuntu/ros2_foxy/install/google_benchmark_vendor:/home/ubuntu/ros2_foxy/install/fastrtps:/home/ubuntu/ros2_foxy/install/foonathan_memory_vendor:/home/ubuntu/ros2_foxy/install/fastrtps_cmake_module:/home/ubuntu/ros2_foxy/install/fastcdr:/home/ubuntu/ros2_foxy/install/eigen3_cmake_module:/home/ubuntu/ros2_foxy/install/cyclonedds:/home/ubuntu/ros2_foxy/install/console_bridge_vendor:/home/ubuntu/ros2_foxy/install/connext_cmake_module:/home/ubuntu/ros2_foxy/install/ament_cmake_xmllint:/home/ubuntu/ros2_foxy/install/ament_cmake_pyflakes:/home/ubuntu/ros2_foxy/install/ament_cmake_pycodestyle:/home/ubuntu/ros2_foxy/install/ament_cmake_pep257:/home/ubuntu/ros2_foxy/install/ament_cmake_pclint:/home/ubuntu/ros2_foxy/install/ament_lint_auto:/home/ubuntu/ros2_foxy/install/ament_cmake_auto:/home/ubuntu/ros2_foxy/install/ament_cmake:/home/ubuntu/ros2_foxy/install/ament_cmake_version:/home/ubuntu/ros2_foxy/install/ament_cmake_pytest:/home/ubuntu/ros2_foxy/install/ament_cmake_nose:/home/ubuntu/ros2_foxy/install/ament_cmake_mypy:/home/ubuntu/ros2_foxy/install/ament_cmake_lint_cmake:/home/ubuntu/ros2_foxy/install/ament_cmake_flake8:/home/ubuntu/ros2_foxy/install/ament_cmake_cpplint:/home/ubuntu/ros2_foxy/install/ament_cmake_cppcheck:/home/ubuntu/ros2_foxy/install/ament_cmake_copyright:/home/ubuntu/ros2_foxy/install/ament_cmake_clang_tidy:/home/ubuntu/ros2_foxy/install/ament_cmake_clang_format:/home/ubuntu/ros2_foxy/install/ament_cmake_test:/home/ubuntu/ros2_foxy/install/ament_cmake_target_dependencies:/home/ubuntu/ros2_foxy/install/ament_cmake_python:/home/ubuntu/ros2_foxy/install/ament_cmake_export_dependencies:/home/ubuntu/ros2_foxy/install/ament_cmake_libraries:/home/ubuntu/ros2_foxy/install/ament_cmake_include_directories:/home/ubuntu/ros2_foxy/install/ament_cmake_export_targets:/home/ubuntu/ros2_foxy/install/ament_cmake_export_link_flags:/home/ubuntu/ros2_foxy/install/ament_cmake_export_interfaces:/home/ubuntu/ros2_foxy/install/ament_cmake_export_libraries:/home/ubuntu/ros2_foxy/install/ament_cmake_export_include_directories:/home/ubuntu/ros2_foxy/install/ament_cmake_export_definitions:/home/ubuntu/ros2_foxy/install/ament_cmake_core:/home/ubuntu/ros2_foxy/install/ament_index_cpp PYTHONPATH=/home/ubuntu/ros2_ws/build/weeding_robot/prefix_override:/home/ubuntu/ros2_ws/install/weeding_robot/lib/python3.8/site-packages:${PYTHONPATH} /usr/bin/python3 setup.py develop --editable --build-directory /home/ubuntu/ros2_ws/build/weeding_robot/build --no-deps install_data
[37.388s] Level 1:colcon.colcon_core.shell:create_environment_hook('weeding_robot', 'pythonpath_develop')
[37.390s] DEBUG:colcon.colcon_core.event_handler.log_command:Invoked command in '/home/ubuntu/ros2_ws/build/weeding_robot' returned '0': CMAKE_PREFIX_PATH=/home/ubuntu/ros2_ws/install/pigpio:/home/ubuntu/ros2_ws/install/my_robot_bringup:/home/ubuntu/ros2_ws/install/turtlesim_project_cpp:/home/ubuntu/ros2_ws/install/my_cpp_pkg:/home/ubuntu/ros2_ws/install/my_robot_interfaces:/home/ubuntu/ros2_foxy/install/rosbag2:/home/ubuntu/ros2_foxy/install/rosbag2_transport:/home/ubuntu/ros2_foxy/install/rosbag2_compression:/home/ubuntu/ros2_foxy/install/zstd_vendor:/home/ubuntu/ros2_foxy/install/rviz_visual_testing_framework:/home/ubuntu/ros2_foxy/install/rviz2:/home/ubuntu/ros2_foxy/install/rviz_default_plugins:/home/ubuntu/ros2_foxy/install/rviz_common:/home/ubuntu/ros2_foxy/install/rosbag2_storage_default_plugins:/home/ubuntu/ros2_foxy/install/rosbag2_converter_default_plugins:/home/ubuntu/ros2_foxy/install/bag_recorder_nodes:/home/ubuntu/ros2_foxy/install/rosbag2_cpp:/home/ubuntu/ros2_foxy/install/rosbag2_storage:/home/ubuntu/ros2_foxy/install/yaml_cpp_vendor:/home/ubuntu/ros2_foxy/install/ros1_bridge:/home/ubuntu/ros2_foxy/install/interactive_markers:/home/ubuntu/ros2_foxy/install/common_interfaces:/home/ubuntu/ros2_foxy/install/visualization_msgs:/home/ubuntu/ros2_foxy/install/dummy_robot_bringup:/home/ubuntu/ros2_foxy/install/robot_state_publisher:/home/ubuntu/ros2_foxy/install/kdl_parser:/home/ubuntu/ros2_foxy/install/urdf:/home/ubuntu/ros2_foxy/install/urdfdom:/home/ubuntu/ros2_foxy/install/urdfdom_headers:/home/ubuntu/ros2_foxy/install/turtlesim:/home/ubuntu/ros2_foxy/install/geometry2:/home/ubuntu/ros2_foxy/install/tf2_tools:/home/ubuntu/ros2_foxy/install/tf2_sensor_msgs:/home/ubuntu/ros2_foxy/install/test_tf2:/home/ubuntu/ros2_foxy/install/tf2_kdl:/home/ubuntu/ros2_foxy/install/tf2_geometry_msgs:/home/ubuntu/ros2_foxy/install/tf2_eigen:/home/ubuntu/ros2_foxy/install/tf2_bullet:/home/ubuntu/ros2_foxy/install/tf2_ros:/home/ubuntu/ros2_foxy/install/tf2_py:/home/ubuntu/ros2_foxy/install/tf2_msgs:/home/ubuntu/ros2_foxy/install/test_msgs:/home/ubuntu/ros2_foxy/install/sros2_cmake:/home/ubuntu/ros2_foxy/install/ros2cli_common_extensions:/home/ubuntu/ros2_foxy/install/rqt_py_common:/home/ubuntu/ros2_foxy/install/ros_testing:/home/ubuntu/ros2_foxy/install/quality_of_service_demo_cpp:/home/ubuntu/ros2_foxy/install/demo_nodes_cpp:/home/ubuntu/ros2_foxy/install/composition:/home/ubuntu/ros2_foxy/install/rclpy:/home/ubuntu/ros2_foxy/install/examples_rclcpp_minimal_action_server:/home/ubuntu/ros2_foxy/install/examples_rclcpp_minimal_action_client:/home/ubuntu/ros2_foxy/install/action_tutorials_cpp:/home/ubuntu/ros2_foxy/install/rclcpp_action:/home/ubuntu/ros2_foxy/install/rcl_action:/home/ubuntu/ros2_foxy/install/move_base_msgs:/home/ubuntu/ros2_foxy/install/examples_rclcpp_minimal_service:/home/ubuntu/ros2_foxy/install/examples_rclcpp_minimal_client:/home/ubuntu/ros2_foxy/install/example_interfaces:/home/ubuntu/ros2_foxy/install/action_tutorials_interfaces:/home/ubuntu/ros2_foxy/install/action_msgs:/home/ubuntu/ros2_foxy/install/unique_identifier_msgs:/home/ubuntu/ros2_foxy/install/ament_lint_common:/home/ubuntu/ros2_foxy/install/ament_cmake_uncrustify:/home/ubuntu/ros2_foxy/install/uncrustify_vendor:/home/ubuntu/ros2_foxy/install/trajectory_msgs:/home/ubuntu/ros2_foxy/install/tracetools_test:/home/ubuntu/ros2_foxy/install/pendulum_control:/home/ubuntu/ros2_foxy/install/tlsf_cpp:/home/ubuntu/ros2_foxy/install/rqt_gui_cpp:/home/ubuntu/ros2_foxy/install/rosbag2_test_common:/home/ubuntu/ros2_foxy/install/ros2lifecycle_test_fixtures:/home/ubuntu/ros2_foxy/install/lifecycle:/home/ubuntu/ros2_foxy/install/rclcpp_lifecycle:/home/ubuntu/ros2_foxy/install/logging_demo:/home/ubuntu/ros2_foxy/install/image_tools:/home/ubuntu/ros2_foxy/install/examples_rclcpp_minimal_composition:/home/ubuntu/ros2_foxy/install/demo_nodes_cpp_native:/home/ubuntu/ros2_foxy/install/rclcpp_components:/home/ubuntu/ros2_foxy/install/laser_geometry:/home/ubuntu/ros2_foxy/install/intra_process_demo:/home/ubuntu/ros2_foxy/install/examples_rclcpp_multithreaded_executor:/home/ubuntu/ros2_foxy/install/examples_rclcpp_minimal_timer:/home/ubuntu/ros2_foxy/install/examples_rclcpp_minimal_subscriber:/home/ubuntu/ros2_foxy/install/examples_rclcpp_minimal_publisher:/home/ubuntu/ros2_foxy/install/dummy_sensors:/home/ubuntu/ros2_foxy/install/dummy_map_server:/home/ubuntu/ros2_foxy/install/rclcpp:/home/ubuntu/ros2_foxy/install/rcl_lifecycle:/home/ubuntu/ros2_foxy/install/libstatistics_collector:/home/ubuntu/ros2_foxy/install/rcl:/home/ubuntu/ros2_foxy/install/tracetools:/home/ubuntu/ros2_foxy/install/tlsf:/home/ubuntu/ros2_foxy/install/tinyxml_vendor:/home/ubuntu/ros2_foxy/install/qt_gui_core:/home/ubuntu/ros2_foxy/install/qt_gui_cpp:/home/ubuntu/ros2_foxy/install/pluginlib:/home/ubuntu/ros2_foxy/install/tinyxml2_vendor:/home/ubuntu/ros2_foxy/install/tf2_eigen_kdl:/home/ubuntu/ros2_foxy/install/tf2:/home/ubuntu/ros2_foxy/install/test_security:/home/ubuntu/ros2_foxy/install/test_rmw_implementation:/home/ubuntu/ros2_foxy/install/test_rclcpp:/home/ubuntu/ros2_foxy/install/test_quality_of_service:/home/ubuntu/ros2_foxy/install/test_launch_testing:/home/ubuntu/ros2_foxy/install/test_interface_files:/home/ubuntu/ros2_foxy/install/test_communication:/home/ubuntu/ros2_foxy/install/test_cli_remapping:/home/ubuntu/ros2_foxy/install/test_cli:/home/ubuntu/ros2_foxy/install/qt_gui_app:/home/ubuntu/ros2_foxy/install/qt_gui:/home/ubuntu/ros2_foxy/install/tango_icons_vendor:/home/ubuntu/ros2_foxy/install/stereo_msgs:/home/ubuntu/ros2_foxy/install/std_srvs:/home/ubuntu/ros2_foxy/install/shape_msgs:/home/ubuntu/ros2_foxy/install/map_msgs:/home/ubuntu/ros2_foxy/install/sensor_msgs:/home/ubuntu/ros2_foxy/install/nav_msgs:/home/ubuntu/ros2_foxy/install/diagnostic_msgs:/home/ubuntu/ros2_foxy/install/geometry_msgs:/home/ubuntu/ros2_foxy/install/actionlib_msgs:/home/ubuntu/ros2_foxy/install/std_msgs:/home/ubuntu/ros2_foxy/install/statistics_msgs:/home/ubuntu/ros2_foxy/install/sqlite3_vendor:/home/ubuntu/ros2_foxy/install/rcl_logging_spdlog:/home/ubuntu/ros2_foxy/install/spdlog_vendor:/home/ubuntu/ros2_foxy/install/shared_queues_vendor:/home/ubuntu/ros2_foxy/install/rviz_rendering_tests:/home/ubuntu/ros2_foxy/install/rviz_rendering:/home/ubuntu/ros2_foxy/install/rviz_ogre_vendor:/home/ubuntu/ros2_foxy/install/rviz_assimp_vendor:/home/ubuntu/ros2_foxy/install/rttest:/home/ubuntu/ros2_foxy/install/rosgraph_msgs:/home/ubuntu/ros2_foxy/install/rmw_implementation:/home/ubuntu/ros2_foxy/install/rmw_fastrtps_dynamic_cpp:/home/ubuntu/ros2_foxy/install/rmw_fastrtps_cpp:/home/ubuntu/ros2_foxy/install/rmw_fastrtps_shared_cpp:/home/ubuntu/ros2_foxy/install/rmw_cyclonedds_cpp:/home/ubuntu/ros2_foxy/install/rmw_dds_common:/home/ubuntu/ros2_foxy/install/composition_interfaces:/home/ubuntu/ros2_foxy/install/rcl_interfaces:/home/ubuntu/ros2_foxy/install/pendulum_msgs:/home/ubuntu/ros2_foxy/install/lifecycle_msgs:/home/ubuntu/ros2_foxy/install/builtin_interfaces:/home/ubuntu/ros2_foxy/install/rosidl_default_runtime:/home/ubuntu/ros2_foxy/install/rosidl_default_generators:/home/ubuntu/ros2_foxy/install/rosidl_generator_py:/home/ubuntu/ros2_foxy/install/rosidl_typesupport_cpp:/home/ubuntu/ros2_foxy/install/rosidl_typesupport_introspection_cpp:/home/ubuntu/ros2_foxy/install/rosidl_typesupport_c:/home/ubuntu/ros2_foxy/install/rosidl_typesupport_introspection_c:/home/ubuntu/ros2_foxy/install/rosidl_typesupport_fastrtps_c:/home/ubuntu/ros2_foxy/install/rosidl_typesupport_fastrtps_cpp:/home/ubuntu/ros2_foxy/install/rmw_connext_cpp:/home/ubuntu/ros2_foxy/install/rosidl_typesupport_connext_c:/home/ubuntu/ros2_foxy/install/rosidl_typesupport_connext_cpp:/home/ubuntu/ros2_foxy/install/rmw:/home/ubuntu/ros2_foxy/install/rosidl_runtime_c:/home/ubuntu/ros2_foxy/install/rosidl_generator_cpp:/home/ubuntu/ros2_foxy/install/rosidl_generator_c:/home/ubuntu/ros2_foxy/install/rosidl_typesupport_interface:/home/ubuntu/ros2_foxy/install/rosidl_runtime_cpp:/home/ubuntu/ros2_foxy/install/rosidl_generator_dds_idl:/home/ubuntu/ros2_foxy/install/rosidl_cmake:/home/ubuntu/ros2_foxy/install/rosidl_parser:/home/ubuntu/ros2_foxy/install/rosidl_adapter:/home/ubuntu/ros2_foxy/install/rosbag2_tests:/home/ubuntu/ros2_foxy/install/ros_environment:/home/ubuntu/ros2_foxy/install/rmw_implementation_cmake:/home/ubuntu/ros2_foxy/install/rmw_connext_shared_cpp:/home/ubuntu/ros2_foxy/install/resource_retriever:/home/ubuntu/ros2_foxy/install/class_loader:/home/ubuntu/ros2_foxy/install/rcpputils:/home/ubuntu/ros2_foxy/install/rcl_logging_noop:/home/ubuntu/ros2_foxy/install/rcl_logging_log4cxx:/home/ubuntu/ros2_foxy/install/rcutils:/home/ubuntu/ros2_foxy/install/rcl_yaml_param_parser:/home/ubuntu/ros2_foxy/install/qt_gui_py_common:/home/ubuntu/ros2_foxy/install/qt_dotgraph:/home/ubuntu/ros2_foxy/install/python_qt_binding:/home/ubuntu/ros2_foxy/install/launch_testing_ament_cmake:/home/ubuntu/ros2_foxy/install/python_cmake_module:/home/ubuntu/ros2_foxy/install/performance_test_fixture:/home/ubuntu/ros2_foxy/install/osrf_testing_tools_cpp:/home/ubuntu/ros2_foxy/install/orocos_kdl:/home/ubuntu/ros2_foxy/install/mimick_vendor:/home/ubuntu/ros2_foxy/install/message_filters:/home/ubuntu/ros2_foxy/install/libyaml_vendor:/home/ubuntu/ros2_foxy/install/libcurl_vendor:/home/ubuntu/ros2_foxy/install/ament_cmake_ros:/home/ubuntu/ros2_foxy/install/ament_cmake_gmock:/home/ubuntu/ros2_foxy/install/gmock_vendor:/home/ubuntu/ros2_foxy/install/ament_cmake_gtest:/home/ubuntu/ros2_foxy/install/gtest_vendor:/home/ubuntu/ros2_foxy/install/ament_cmake_google_benchmark:/home/ubuntu/ros2_foxy/install/google_benchmark_vendor:/home/ubuntu/ros2_foxy/install/fastrtps:/home/ubuntu/ros2_foxy/install/foonathan_memory_vendor:/home/ubuntu/ros2_foxy/install/fastrtps_cmake_module:/home/ubuntu/ros2_foxy/install/fastcdr:/home/ubuntu/ros2_foxy/install/eigen3_cmake_module:/home/ubuntu/ros2_foxy/install/cyclonedds:/home/ubuntu/ros2_foxy/install/console_bridge_vendor:/home/ubuntu/ros2_foxy/install/connext_cmake_module:/home/ubuntu/ros2_foxy/install/ament_cmake_xmllint:/home/ubuntu/ros2_foxy/install/ament_cmake_pyflakes:/home/ubuntu/ros2_foxy/install/ament_cmake_pycodestyle:/home/ubuntu/ros2_foxy/install/ament_cmake_pep257:/home/ubuntu/ros2_foxy/install/ament_cmake_pclint:/home/ubuntu/ros2_foxy/install/ament_lint_auto:/home/ubuntu/ros2_foxy/install/ament_cmake_auto:/home/ubuntu/ros2_foxy/install/ament_cmake:/home/ubuntu/ros2_foxy/install/ament_cmake_version:/home/ubuntu/ros2_foxy/install/ament_cmake_pytest:/home/ubuntu/ros2_foxy/install/ament_cmake_nose:/home/ubuntu/ros2_foxy/install/ament_cmake_mypy:/home/ubuntu/ros2_foxy/install/ament_cmake_lint_cmake:/home/ubuntu/ros2_foxy/install/ament_cmake_flake8:/home/ubuntu/ros2_foxy/install/ament_cmake_cpplint:/home/ubuntu/ros2_foxy/install/ament_cmake_cppcheck:/home/ubuntu/ros2_foxy/install/ament_cmake_copyright:/home/ubuntu/ros2_foxy/install/ament_cmake_clang_tidy:/home/ubuntu/ros2_foxy/install/ament_cmake_clang_format:/home/ubuntu/ros2_foxy/install/ament_cmake_test:/home/ubuntu/ros2_foxy/install/ament_cmake_target_dependencies:/home/ubuntu/ros2_foxy/install/ament_cmake_python:/home/ubuntu/ros2_foxy/install/ament_cmake_export_dependencies:/home/ubuntu/ros2_foxy/install/ament_cmake_libraries:/home/ubuntu/ros2_foxy/install/ament_cmake_include_directories:/home/ubuntu/ros2_foxy/install/ament_cmake_export_targets:/home/ubuntu/ros2_foxy/install/ament_cmake_export_link_flags:/home/ubuntu/ros2_foxy/install/ament_cmake_export_interfaces:/home/ubuntu/ros2_foxy/install/ament_cmake_export_libraries:/home/ubuntu/ros2_foxy/install/ament_cmake_export_include_directories:/home/ubuntu/ros2_foxy/install/ament_cmake_export_definitions:/home/ubuntu/ros2_foxy/install/ament_cmake_core:/home/ubuntu/ros2_foxy/install/ament_index_cpp PYTHONPATH=/home/ubuntu/ros2_ws/build/weeding_robot/prefix_override:/home/ubuntu/ros2_ws/install/weeding_robot/lib/python3.8/site-packages:${PYTHONPATH} /usr/bin/python3 setup.py develop --editable --build-directory /home/ubuntu/ros2_ws/build/weeding_robot/build --no-deps install_data
[37.618s] INFO:colcon.colcon_core.shell:Creating environment hook '/home/ubuntu/ros2_ws/build/weeding_robot/share/weeding_robot/hook/pythonpath_develop.ps1'
[37.621s] INFO:colcon.colcon_core.shell:Creating environment descriptor '/home/ubuntu/ros2_ws/build/weeding_robot/share/weeding_robot/hook/pythonpath_develop.dsv'
[37.625s] INFO:colcon.colcon_core.shell:Creating environment hook '/home/ubuntu/ros2_ws/build/weeding_robot/share/weeding_robot/hook/pythonpath_develop.sh'
[37.899s] Level 1:colcon.colcon_core.environment:checking '/home/ubuntu/ros2_ws/install/weeding_robot' for CMake module files
[37.902s] Level 1:colcon.colcon_core.environment:checking '/home/ubuntu/ros2_ws/install/weeding_robot' for CMake config files
[37.906s] Level 1:colcon.colcon_core.environment:checking '/home/ubuntu/ros2_ws/install/weeding_robot/lib'
[37.907s] Level 1:colcon.colcon_core.environment:checking '/home/ubuntu/ros2_ws/install/weeding_robot/bin'
[37.907s] Level 1:colcon.colcon_core.environment:checking '/home/ubuntu/ros2_ws/install/weeding_robot/lib/pkgconfig/weeding_robot.pc'
[37.908s] Level 1:colcon.colcon_core.environment:checking '/home/ubuntu/ros2_ws/install/weeding_robot/lib/python3.8/site-packages'
[37.908s] Level 1:colcon.colcon_core.shell:create_environment_hook('weeding_robot', 'pythonpath')
[38.178s] INFO:colcon.colcon_core.shell:Creating environment hook '/home/ubuntu/ros2_ws/install/weeding_robot/share/weeding_robot/hook/pythonpath.ps1'
[38.180s] INFO:colcon.colcon_core.shell:Creating environment descriptor '/home/ubuntu/ros2_ws/install/weeding_robot/share/weeding_robot/hook/pythonpath.dsv'
[38.181s] INFO:colcon.colcon_core.shell:Creating environment hook '/home/ubuntu/ros2_ws/install/weeding_robot/share/weeding_robot/hook/pythonpath.sh'
[38.183s] Level 1:colcon.colcon_core.environment:checking '/home/ubuntu/ros2_ws/install/weeding_robot/bin'
[38.184s] Level 1:colcon.colcon_core.environment:create_environment_scripts_only(weeding_robot)
[38.410s] INFO:colcon.colcon_core.shell:Creating package script '/home/ubuntu/ros2_ws/install/weeding_robot/share/weeding_robot/package.ps1'
[38.415s] INFO:colcon.colcon_core.shell:Creating package descriptor '/home/ubuntu/ros2_ws/install/weeding_robot/share/weeding_robot/package.dsv'
[38.418s] INFO:colcon.colcon_core.shell:Creating package script '/home/ubuntu/ros2_ws/install/weeding_robot/share/weeding_robot/package.sh'
[38.422s] INFO:colcon.colcon_core.shell:Creating package script '/home/ubuntu/ros2_ws/install/weeding_robot/share/weeding_robot/package.bash'
[38.426s] INFO:colcon.colcon_core.shell:Creating package script '/home/ubuntu/ros2_ws/install/weeding_robot/share/weeding_robot/package.zsh'
[38.433s] Level 1:colcon.colcon_core.environment:create_file_with_runtime_dependencies(/home/ubuntu/ros2_ws/install/weeding_robot/share/colcon-core/packages/weeding_robot)
[38.434s] DEBUG:colcon.colcon_parallel_executor.executor.parallel:closing loop
[38.435s] DEBUG:colcon.colcon_parallel_executor.executor.parallel:loop closed
[38.436s] DEBUG:colcon.colcon_parallel_executor.executor.parallel:run_until_complete finished with '0'
[38.436s] DEBUG:colcon.colcon_core.event_reactor:joining thread
[38.733s] INFO:colcon.colcon_core.plugin_system:Skipping extension 'colcon_notification.desktop_notification.terminal_notifier': Not used on non-Darwin systems
[38.734s] INFO:colcon.colcon_core.plugin_system:Skipping extension 'colcon_notification.desktop_notification.win32': Not used on non-Windows systems
[38.734s] INFO:colcon.colcon_notification.desktop_notification:Sending desktop notification using 'notify2'
[38.801s] DEBUG:colcon.colcon_core.event_reactor:joined thread
[39.085s] INFO:colcon.colcon_core.shell:Creating prefix script '/home/ubuntu/ros2_ws/install/local_setup.ps1'
[39.123s] INFO:colcon.colcon_core.shell:Creating prefix util module '/home/ubuntu/ros2_ws/install/_local_setup_util_ps1.py'
[39.132s] INFO:colcon.colcon_core.shell:Creating prefix chain script '/home/ubuntu/ros2_ws/install/setup.ps1'
[39.416s] INFO:colcon.colcon_core.shell:Creating prefix script '/home/ubuntu/ros2_ws/install/local_setup.sh'
[39.419s] INFO:colcon.colcon_core.shell:Creating prefix util module '/home/ubuntu/ros2_ws/install/_local_setup_util_sh.py'
[39.421s] INFO:colcon.colcon_core.shell:Creating prefix chain script '/home/ubuntu/ros2_ws/install/setup.sh'
[39.707s] INFO:colcon.colcon_core.shell:Creating prefix script '/home/ubuntu/ros2_ws/install/local_setup.bash'
[39.710s] INFO:colcon.colcon_core.shell:Creating prefix chain script '/home/ubuntu/ros2_ws/install/setup.bash'
[39.993s] INFO:colcon.colcon_core.shell:Creating prefix script '/home/ubuntu/ros2_ws/install/local_setup.zsh'
[39.996s] INFO:colcon.colcon_core.shell:Creating prefix chain script '/home/ubuntu/ros2_ws/install/setup.zsh'
