[5.416s] Invoking command in '/home/ubuntu/ros2_ws/build/my_robot_interfaces': CMAKE_PREFIX_PATH=${CMAKE_PREFIX_PATH}:/home/ubuntu/ros2_ws/install/py_pubsub:/home/ubuntu/ros2_foxy/install/ros2bag:/home/ubuntu/ros2_foxy/install/tracetools_launch:/home/ubuntu/ros2_foxy/install/topic_monitor:/home/ubuntu/ros2_foxy/install/examples_tf2_py:/home/ubuntu/ros2_foxy/install/sros2:/home/ubuntu/ros2_foxy/install/rqt_topic:/home/ubuntu/ros2_foxy/install/rqt_top:/home/ubuntu/ros2_foxy/install/rqt_srv:/home/ubuntu/ros2_foxy/install/rqt_shell:/home/ubuntu/ros2_foxy/install/rqt_service_caller:/home/ubuntu/ros2_foxy/install/rqt_reconfigure:/home/ubuntu/ros2_foxy/install/rqt_py_console:/home/ubuntu/ros2_foxy/install/rqt_publisher:/home/ubuntu/ros2_foxy/install/rqt_plot:/home/ubuntu/ros2_foxy/install/rqt_action:/home/ubuntu/ros2_foxy/install/rqt_msg:/home/ubuntu/ros2_foxy/install/rqt_console:/home/ubuntu/ros2_foxy/install/rqt:/home/ubuntu/ros2_foxy/install/rqt_graph:/home/ubuntu/ros2_foxy/install/rqt_gui_py:/home/ubuntu/ros2_foxy/install/rqt_gui:/home/ubuntu/ros2_foxy/install/ros2trace:/home/ubuntu/ros2_foxy/install/ros2topic:/home/ubuntu/ros2_foxy/install/ros2test:/home/ubuntu/ros2_foxy/install/ros2component:/home/ubuntu/ros2_foxy/install/ros2param:/home/ubuntu/ros2_foxy/install/ros2lifecycle:/home/ubuntu/ros2_foxy/install/ros2service:/home/ubuntu/ros2_foxy/install/ros2run:/home/ubuntu/ros2_foxy/install/ros2launch:/home/ubuntu/ros2_foxy/install/ros2pkg:/home/ubuntu/ros2_foxy/install/ros2node:/home/ubuntu/ros2_foxy/install/ros2multicast:/home/ubuntu/ros2_foxy/install/ros2interface:/home/ubuntu/ros2_foxy/install/ros2doctor:/home/ubuntu/ros2_foxy/install/ros2action:/home/ubuntu/ros2_foxy/install/ros2cli:/home/ubuntu/ros2_foxy/install/quality_of_service_demo_py:/home/ubuntu/ros2_foxy/install/launch_testing_ros:/home/ubuntu/ros2_foxy/install/launch_ros:/home/ubuntu/ros2_foxy/install/examples_rclpy_minimal_subscriber:/home/ubuntu/ros2_foxy/install/examples_rclpy_minimal_service:/home/ubuntu/ros2_foxy/install/examples_rclpy_minimal_publisher:/home/ubuntu/ros2_foxy/install/examples_rclpy_minimal_client:/home/ubuntu/ros2_foxy/install/examples_rclpy_minimal_action_server:/home/ubuntu/ros2_foxy/install/examples_rclpy_minimal_action_client:/home/ubuntu/ros2_foxy/install/examples_rclpy_executors:/home/ubuntu/ros2_foxy/install/demo_nodes_py:/home/ubuntu/ros2_foxy/install/action_tutorials_py:/home/ubuntu/ros2_foxy/install/ament_uncrustify:/home/ubuntu/ros2_foxy/install/tracetools_trace:/home/ubuntu/ros2_foxy/install/tracetools_read:/home/ubuntu/ros2_foxy/install/test_launch_ros:/home/ubuntu/ros2_foxy/install/sensor_msgs_py:/home/ubuntu/ros2_foxy/install/rpyutils:/home/ubuntu/ros2_foxy/install/rosidl_runtime_py:/home/ubuntu/ros2_foxy/install/launch_yaml:/home/ubuntu/ros2_foxy/install/launch_xml:/home/ubuntu/ros2_foxy/install/launch_testing:/home/ubuntu/ros2_foxy/install/launch:/home/ubuntu/ros2_foxy/install/osrf_pycommon:/home/ubuntu/ros2_foxy/install/domain_coordinator:/home/ubuntu/ros2_foxy/install/ament_xmllint:/home/ubuntu/ros2_foxy/install/ament_pyflakes:/home/ubuntu/ros2_foxy/install/ament_pycodestyle:/home/ubuntu/ros2_foxy/install/ament_pep257:/home/ubuntu/ros2_foxy/install/ament_pclint:/home/ubuntu/ros2_foxy/install/ament_package:/home/ubuntu/ros2_foxy/install/ament_mypy:/home/ubuntu/ros2_foxy/install/ament_lint_cmake:/home/ubuntu/ros2_foxy/install/ament_flake8:/home/ubuntu/ros2_foxy/install/ament_copyright:/home/ubuntu/ros2_foxy/install/ament_lint:/home/ubuntu/ros2_foxy/install/ament_index_python:/home/ubuntu/ros2_foxy/install/ament_cpplint:/home/ubuntu/ros2_foxy/install/ament_cppcheck:/home/ubuntu/ros2_foxy/install/ament_clang_tidy:/home/ubuntu/ros2_foxy/install/ament_clang_format /usr/bin/cmake --build /home/ubuntu/ros2_ws/build/my_robot_interfaces -- -j4 -l4
[7.153s] [  1%] Built target my_robot_interfaces__cpp
[7.449s] [ 12%] Built target my_robot_interfaces__rosidl_generator_c
[8.102s] [ 24%] Built target my_robot_interfaces__rosidl_typesupport_introspection_cpp
[8.342s] [ 35%] Built target my_robot_interfaces__rosidl_typesupport_fastrtps_cpp
[8.476s] [ 46%] Built target my_robot_interfaces__rosidl_typesupport_c
[8.491s] [ 58%] Built target my_robot_interfaces__rosidl_typesupport_cpp
[8.955s] [ 69%] Built target my_robot_interfaces__rosidl_typesupport_introspection_c
[9.178s] [ 81%] Built target my_robot_interfaces__rosidl_typesupport_fastrtps_c
[9.757s] [ 81%] Built target my_robot_interfaces
[10.328s] [ 82%] Built target my_robot_interfaces__py
[10.955s] [ 92%] Built target my_robot_interfaces__python
[11.828s] [ 94%] Built target my_robot_interfaces__rosidl_typesupport_c__pyext
[11.932s] [ 97%] Built target my_robot_interfaces__rosidl_typesupport_introspection_c__pyext
[12.118s] [100%] Built target my_robot_interfaces__rosidl_typesupport_fastrtps_c__pyext
[13.579s] Invoked command in '/home/ubuntu/ros2_ws/build/my_robot_interfaces' returned '0': CMAKE_PREFIX_PATH=${CMAKE_PREFIX_PATH}:/home/ubuntu/ros2_ws/install/py_pubsub:/home/ubuntu/ros2_foxy/install/ros2bag:/home/ubuntu/ros2_foxy/install/tracetools_launch:/home/ubuntu/ros2_foxy/install/topic_monitor:/home/ubuntu/ros2_foxy/install/examples_tf2_py:/home/ubuntu/ros2_foxy/install/sros2:/home/ubuntu/ros2_foxy/install/rqt_topic:/home/ubuntu/ros2_foxy/install/rqt_top:/home/ubuntu/ros2_foxy/install/rqt_srv:/home/ubuntu/ros2_foxy/install/rqt_shell:/home/ubuntu/ros2_foxy/install/rqt_service_caller:/home/ubuntu/ros2_foxy/install/rqt_reconfigure:/home/ubuntu/ros2_foxy/install/rqt_py_console:/home/ubuntu/ros2_foxy/install/rqt_publisher:/home/ubuntu/ros2_foxy/install/rqt_plot:/home/ubuntu/ros2_foxy/install/rqt_action:/home/ubuntu/ros2_foxy/install/rqt_msg:/home/ubuntu/ros2_foxy/install/rqt_console:/home/ubuntu/ros2_foxy/install/rqt:/home/ubuntu/ros2_foxy/install/rqt_graph:/home/ubuntu/ros2_foxy/install/rqt_gui_py:/home/ubuntu/ros2_foxy/install/rqt_gui:/home/ubuntu/ros2_foxy/install/ros2trace:/home/ubuntu/ros2_foxy/install/ros2topic:/home/ubuntu/ros2_foxy/install/ros2test:/home/ubuntu/ros2_foxy/install/ros2component:/home/ubuntu/ros2_foxy/install/ros2param:/home/ubuntu/ros2_foxy/install/ros2lifecycle:/home/ubuntu/ros2_foxy/install/ros2service:/home/ubuntu/ros2_foxy/install/ros2run:/home/ubuntu/ros2_foxy/install/ros2launch:/home/ubuntu/ros2_foxy/install/ros2pkg:/home/ubuntu/ros2_foxy/install/ros2node:/home/ubuntu/ros2_foxy/install/ros2multicast:/home/ubuntu/ros2_foxy/install/ros2interface:/home/ubuntu/ros2_foxy/install/ros2doctor:/home/ubuntu/ros2_foxy/install/ros2action:/home/ubuntu/ros2_foxy/install/ros2cli:/home/ubuntu/ros2_foxy/install/quality_of_service_demo_py:/home/ubuntu/ros2_foxy/install/launch_testing_ros:/home/ubuntu/ros2_foxy/install/launch_ros:/home/ubuntu/ros2_foxy/install/examples_rclpy_minimal_subscriber:/home/ubuntu/ros2_foxy/install/examples_rclpy_minimal_service:/home/ubuntu/ros2_foxy/install/examples_rclpy_minimal_publisher:/home/ubuntu/ros2_foxy/install/examples_rclpy_minimal_client:/home/ubuntu/ros2_foxy/install/examples_rclpy_minimal_action_server:/home/ubuntu/ros2_foxy/install/examples_rclpy_minimal_action_client:/home/ubuntu/ros2_foxy/install/examples_rclpy_executors:/home/ubuntu/ros2_foxy/install/demo_nodes_py:/home/ubuntu/ros2_foxy/install/action_tutorials_py:/home/ubuntu/ros2_foxy/install/ament_uncrustify:/home/ubuntu/ros2_foxy/install/tracetools_trace:/home/ubuntu/ros2_foxy/install/tracetools_read:/home/ubuntu/ros2_foxy/install/test_launch_ros:/home/ubuntu/ros2_foxy/install/sensor_msgs_py:/home/ubuntu/ros2_foxy/install/rpyutils:/home/ubuntu/ros2_foxy/install/rosidl_runtime_py:/home/ubuntu/ros2_foxy/install/launch_yaml:/home/ubuntu/ros2_foxy/install/launch_xml:/home/ubuntu/ros2_foxy/install/launch_testing:/home/ubuntu/ros2_foxy/install/launch:/home/ubuntu/ros2_foxy/install/osrf_pycommon:/home/ubuntu/ros2_foxy/install/domain_coordinator:/home/ubuntu/ros2_foxy/install/ament_xmllint:/home/ubuntu/ros2_foxy/install/ament_pyflakes:/home/ubuntu/ros2_foxy/install/ament_pycodestyle:/home/ubuntu/ros2_foxy/install/ament_pep257:/home/ubuntu/ros2_foxy/install/ament_pclint:/home/ubuntu/ros2_foxy/install/ament_package:/home/ubuntu/ros2_foxy/install/ament_mypy:/home/ubuntu/ros2_foxy/install/ament_lint_cmake:/home/ubuntu/ros2_foxy/install/ament_flake8:/home/ubuntu/ros2_foxy/install/ament_copyright:/home/ubuntu/ros2_foxy/install/ament_lint:/home/ubuntu/ros2_foxy/install/ament_index_python:/home/ubuntu/ros2_foxy/install/ament_cpplint:/home/ubuntu/ros2_foxy/install/ament_cppcheck:/home/ubuntu/ros2_foxy/install/ament_clang_tidy:/home/ubuntu/ros2_foxy/install/ament_clang_format /usr/bin/cmake --build /home/ubuntu/ros2_ws/build/my_robot_interfaces -- -j4 -l4
[22.039s] Invoking command in '/home/ubuntu/ros2_ws/build/my_robot_interfaces': CMAKE_PREFIX_PATH=${CMAKE_PREFIX_PATH}:/home/ubuntu/ros2_ws/install/py_pubsub:/home/ubuntu/ros2_foxy/install/ros2bag:/home/ubuntu/ros2_foxy/install/tracetools_launch:/home/ubuntu/ros2_foxy/install/topic_monitor:/home/ubuntu/ros2_foxy/install/examples_tf2_py:/home/ubuntu/ros2_foxy/install/sros2:/home/ubuntu/ros2_foxy/install/rqt_topic:/home/ubuntu/ros2_foxy/install/rqt_top:/home/ubuntu/ros2_foxy/install/rqt_srv:/home/ubuntu/ros2_foxy/install/rqt_shell:/home/ubuntu/ros2_foxy/install/rqt_service_caller:/home/ubuntu/ros2_foxy/install/rqt_reconfigure:/home/ubuntu/ros2_foxy/install/rqt_py_console:/home/ubuntu/ros2_foxy/install/rqt_publisher:/home/ubuntu/ros2_foxy/install/rqt_plot:/home/ubuntu/ros2_foxy/install/rqt_action:/home/ubuntu/ros2_foxy/install/rqt_msg:/home/ubuntu/ros2_foxy/install/rqt_console:/home/ubuntu/ros2_foxy/install/rqt:/home/ubuntu/ros2_foxy/install/rqt_graph:/home/ubuntu/ros2_foxy/install/rqt_gui_py:/home/ubuntu/ros2_foxy/install/rqt_gui:/home/ubuntu/ros2_foxy/install/ros2trace:/home/ubuntu/ros2_foxy/install/ros2topic:/home/ubuntu/ros2_foxy/install/ros2test:/home/ubuntu/ros2_foxy/install/ros2component:/home/ubuntu/ros2_foxy/install/ros2param:/home/ubuntu/ros2_foxy/install/ros2lifecycle:/home/ubuntu/ros2_foxy/install/ros2service:/home/ubuntu/ros2_foxy/install/ros2run:/home/ubuntu/ros2_foxy/install/ros2launch:/home/ubuntu/ros2_foxy/install/ros2pkg:/home/ubuntu/ros2_foxy/install/ros2node:/home/ubuntu/ros2_foxy/install/ros2multicast:/home/ubuntu/ros2_foxy/install/ros2interface:/home/ubuntu/ros2_foxy/install/ros2doctor:/home/ubuntu/ros2_foxy/install/ros2action:/home/ubuntu/ros2_foxy/install/ros2cli:/home/ubuntu/ros2_foxy/install/quality_of_service_demo_py:/home/ubuntu/ros2_foxy/install/launch_testing_ros:/home/ubuntu/ros2_foxy/install/launch_ros:/home/ubuntu/ros2_foxy/install/examples_rclpy_minimal_subscriber:/home/ubuntu/ros2_foxy/install/examples_rclpy_minimal_service:/home/ubuntu/ros2_foxy/install/examples_rclpy_minimal_publisher:/home/ubuntu/ros2_foxy/install/examples_rclpy_minimal_client:/home/ubuntu/ros2_foxy/install/examples_rclpy_minimal_action_server:/home/ubuntu/ros2_foxy/install/examples_rclpy_minimal_action_client:/home/ubuntu/ros2_foxy/install/examples_rclpy_executors:/home/ubuntu/ros2_foxy/install/demo_nodes_py:/home/ubuntu/ros2_foxy/install/action_tutorials_py:/home/ubuntu/ros2_foxy/install/ament_uncrustify:/home/ubuntu/ros2_foxy/install/tracetools_trace:/home/ubuntu/ros2_foxy/install/tracetools_read:/home/ubuntu/ros2_foxy/install/test_launch_ros:/home/ubuntu/ros2_foxy/install/sensor_msgs_py:/home/ubuntu/ros2_foxy/install/rpyutils:/home/ubuntu/ros2_foxy/install/rosidl_runtime_py:/home/ubuntu/ros2_foxy/install/launch_yaml:/home/ubuntu/ros2_foxy/install/launch_xml:/home/ubuntu/ros2_foxy/install/launch_testing:/home/ubuntu/ros2_foxy/install/launch:/home/ubuntu/ros2_foxy/install/osrf_pycommon:/home/ubuntu/ros2_foxy/install/domain_coordinator:/home/ubuntu/ros2_foxy/install/ament_xmllint:/home/ubuntu/ros2_foxy/install/ament_pyflakes:/home/ubuntu/ros2_foxy/install/ament_pycodestyle:/home/ubuntu/ros2_foxy/install/ament_pep257:/home/ubuntu/ros2_foxy/install/ament_pclint:/home/ubuntu/ros2_foxy/install/ament_package:/home/ubuntu/ros2_foxy/install/ament_mypy:/home/ubuntu/ros2_foxy/install/ament_lint_cmake:/home/ubuntu/ros2_foxy/install/ament_flake8:/home/ubuntu/ros2_foxy/install/ament_copyright:/home/ubuntu/ros2_foxy/install/ament_lint:/home/ubuntu/ros2_foxy/install/ament_index_python:/home/ubuntu/ros2_foxy/install/ament_cpplint:/home/ubuntu/ros2_foxy/install/ament_cppcheck:/home/ubuntu/ros2_foxy/install/ament_clang_tidy:/home/ubuntu/ros2_foxy/install/ament_clang_format /usr/bin/cmake --install /home/ubuntu/ros2_ws/build/my_robot_interfaces
[22.232s] -- Install configuration: ""
[22.234s] -- Up-to-date: /home/ubuntu/ros2_ws/install/my_robot_interfaces/share/ament_index/resource_index/rosidl_interfaces/my_robot_interfaces
[22.235s] -- Up-to-date: /home/ubuntu/ros2_ws/install/my_robot_interfaces/include/my_robot_interfaces
[22.237s] -- Up-to-date: /home/ubuntu/ros2_ws/install/my_robot_interfaces/include/my_robot_interfaces/msg
[22.238s] -- Up-to-date: /home/ubuntu/ros2_ws/install/my_robot_interfaces/include/my_robot_interfaces/msg/led_state_array.h
[22.240s] -- Up-to-date: /home/ubuntu/ros2_ws/install/my_robot_interfaces/include/my_robot_interfaces/msg/hardware_status.h
[22.241s] -- Up-to-date: /home/ubuntu/ros2_ws/install/my_robot_interfaces/include/my_robot_interfaces/msg/detail
[22.243s] -- Up-to-date: /home/ubuntu/ros2_ws/install/my_robot_interfaces/include/my_robot_interfaces/msg/detail/hardware_status__functions.c
[22.244s] -- Up-to-date: /home/ubuntu/ros2_ws/install/my_robot_interfaces/include/my_robot_interfaces/msg/detail/led_state_array__functions.c
[22.246s] -- Up-to-date: /home/ubuntu/ros2_ws/install/my_robot_interfaces/include/my_robot_interfaces/msg/detail/led_state_array__type_support.h
[22.247s] -- Up-to-date: /home/ubuntu/ros2_ws/install/my_robot_interfaces/include/my_robot_interfaces/msg/detail/turtle_array__functions.c
[22.248s] -- Up-to-date: /home/ubuntu/ros2_ws/install/my_robot_interfaces/include/my_robot_interfaces/msg/detail/led_state_array__struct.h
[22.250s] -- Up-to-date: /home/ubuntu/ros2_ws/install/my_robot_interfaces/include/my_robot_interfaces/msg/detail/turtle_array__type_support.h
[22.252s] -- Up-to-date: /home/ubuntu/ros2_ws/install/my_robot_interfaces/include/my_robot_interfaces/msg/detail/turtle__struct.h
[22.253s] -- Up-to-date: /home/ubuntu/ros2_ws/install/my_robot_interfaces/include/my_robot_interfaces/msg/detail/turtle_array__functions.h
[22.255s] -- Up-to-date: /home/ubuntu/ros2_ws/install/my_robot_interfaces/include/my_robot_interfaces/msg/detail/led_state_array__functions.h
[22.256s] -- Up-to-date: /home/ubuntu/ros2_ws/install/my_robot_interfaces/include/my_robot_interfaces/msg/detail/turtle__functions.c
[22.258s] -- Up-to-date: /home/ubuntu/ros2_ws/install/my_robot_interfaces/include/my_robot_interfaces/msg/detail/turtle_array__struct.h
[22.259s] -- Up-to-date: /home/ubuntu/ros2_ws/install/my_robot_interfaces/include/my_robot_interfaces/msg/detail/hardware_status__functions.h
[22.260s] -- Up-to-date: /home/ubuntu/ros2_ws/install/my_robot_interfaces/include/my_robot_interfaces/msg/detail/hardware_status__type_support.h
[22.261s] -- Up-to-date: /home/ubuntu/ros2_ws/install/my_robot_interfaces/include/my_robot_interfaces/msg/detail/turtle__type_support.h
[22.263s] -- Up-to-date: /home/ubuntu/ros2_ws/install/my_robot_interfaces/include/my_robot_interfaces/msg/detail/turtle__functions.h
[22.264s] -- Up-to-date: /home/ubuntu/ros2_ws/install/my_robot_interfaces/include/my_robot_interfaces/msg/detail/hardware_status__struct.h
[22.267s] -- Up-to-date: /home/ubuntu/ros2_ws/install/my_robot_interfaces/include/my_robot_interfaces/msg/rosidl_generator_c__visibility_control.h
[22.268s] -- Up-to-date: /home/ubuntu/ros2_ws/install/my_robot_interfaces/include/my_robot_interfaces/msg/turtle_array.h
[22.269s] -- Up-to-date: /home/ubuntu/ros2_ws/install/my_robot_interfaces/include/my_robot_interfaces/msg/turtle.h
[22.270s] -- Up-to-date: /home/ubuntu/ros2_ws/install/my_robot_interfaces/include/my_robot_interfaces/srv
[22.274s] -- Up-to-date: /home/ubuntu/ros2_ws/install/my_robot_interfaces/include/my_robot_interfaces/srv/catch_turtle.h
[22.275s] -- Up-to-date: /home/ubuntu/ros2_ws/install/my_robot_interfaces/include/my_robot_interfaces/srv/detail
[22.276s] -- Up-to-date: /home/ubuntu/ros2_ws/install/my_robot_interfaces/include/my_robot_interfaces/srv/detail/set_led__type_support.h
[22.277s] -- Up-to-date: /home/ubuntu/ros2_ws/install/my_robot_interfaces/include/my_robot_interfaces/srv/detail/catch_turtle__functions.h
[22.278s] -- Up-to-date: /home/ubuntu/ros2_ws/install/my_robot_interfaces/include/my_robot_interfaces/srv/detail/set_led__struct.h
[22.280s] -- Up-to-date: /home/ubuntu/ros2_ws/install/my_robot_interfaces/include/my_robot_interfaces/srv/detail/catch_turtle__type_support.h
[22.283s] -- Up-to-date: /home/ubuntu/ros2_ws/install/my_robot_interfaces/include/my_robot_interfaces/srv/detail/set_led__functions.c
[22.285s] -- Up-to-date: /home/ubuntu/ros2_ws/install/my_robot_interfaces/include/my_robot_interfaces/srv/detail/catch_turtle__struct.h
[22.286s] -- Up-to-date: /home/ubuntu/ros2_ws/install/my_robot_interfaces/include/my_robot_interfaces/srv/detail/compute_rectangle_area__functions.c
[22.288s] -- Up-to-date: /home/ubuntu/ros2_ws/install/my_robot_interfaces/include/my_robot_interfaces/srv/detail/catch_turtle__functions.c
[22.291s] -- Up-to-date: /home/ubuntu/ros2_ws/install/my_robot_interfaces/include/my_robot_interfaces/srv/detail/compute_rectangle_area__functions.h
[22.292s] -- Up-to-date: /home/ubuntu/ros2_ws/install/my_robot_interfaces/include/my_robot_interfaces/srv/detail/compute_rectangle_area__struct.h
[22.293s] -- Up-to-date: /home/ubuntu/ros2_ws/install/my_robot_interfaces/include/my_robot_interfaces/srv/detail/set_led__functions.h
[22.294s] -- Up-to-date: /home/ubuntu/ros2_ws/install/my_robot_interfaces/include/my_robot_interfaces/srv/detail/compute_rectangle_area__type_support.h
[22.294s] -- Up-to-date: /home/ubuntu/ros2_ws/install/my_robot_interfaces/include/my_robot_interfaces/srv/compute_rectangle_area.h
[22.295s] -- Up-to-date: /home/ubuntu/ros2_ws/install/my_robot_interfaces/include/my_robot_interfaces/srv/set_led.h
[22.296s] -- Up-to-date: /home/ubuntu/ros2_ws/install/my_robot_interfaces/share/my_robot_interfaces/environment/library_path.sh
[22.297s] -- Up-to-date: /home/ubuntu/ros2_ws/install/my_robot_interfaces/share/my_robot_interfaces/environment/library_path.dsv
[22.304s] -- Up-to-date: /home/ubuntu/ros2_ws/install/my_robot_interfaces/lib/libmy_robot_interfaces__rosidl_generator_c.so
[22.307s] -- Up-to-date: /home/ubuntu/ros2_ws/install/my_robot_interfaces/include/my_robot_interfaces
[22.308s] -- Up-to-date: /home/ubuntu/ros2_ws/install/my_robot_interfaces/include/my_robot_interfaces/msg
[22.309s] -- Up-to-date: /home/ubuntu/ros2_ws/install/my_robot_interfaces/include/my_robot_interfaces/msg/detail
[22.310s] -- Up-to-date: /home/ubuntu/ros2_ws/install/my_robot_interfaces/include/my_robot_interfaces/msg/detail/hardware_status__rosidl_typesupport_introspection_c.h
[22.310s] -- Up-to-date: /home/ubuntu/ros2_ws/install/my_robot_interfaces/include/my_robot_interfaces/msg/detail/turtle__type_support.c
[22.312s] -- Up-to-date: /home/ubuntu/ros2_ws/install/my_robot_interfaces/include/my_robot_interfaces/msg/detail/turtle_array__rosidl_typesupport_introspection_c.h
[22.312s] -- Up-to-date: /home/ubuntu/ros2_ws/install/my_robot_interfaces/include/my_robot_interfaces/msg/detail/led_state_array__rosidl_typesupport_introspection_c.h
[22.313s] -- Up-to-date: /home/ubuntu/ros2_ws/install/my_robot_interfaces/include/my_robot_interfaces/msg/detail/led_state_array__type_support.c
[22.314s] -- Up-to-date: /home/ubuntu/ros2_ws/install/my_robot_interfaces/include/my_robot_interfaces/msg/detail/turtle_array__type_support.c
[22.316s] -- Up-to-date: /home/ubuntu/ros2_ws/install/my_robot_interfaces/include/my_robot_interfaces/msg/detail/turtle__rosidl_typesupport_introspection_c.h
[22.317s] -- Up-to-date: /home/ubuntu/ros2_ws/install/my_robot_interfaces/include/my_robot_interfaces/msg/detail/hardware_status__type_support.c
[22.318s] -- Up-to-date: /home/ubuntu/ros2_ws/install/my_robot_interfaces/include/my_robot_interfaces/msg/rosidl_typesupport_introspection_c__visibility_control.h
[22.321s] -- Up-to-date: /home/ubuntu/ros2_ws/install/my_robot_interfaces/include/my_robot_interfaces/srv
[22.322s] -- Up-to-date: /home/ubuntu/ros2_ws/install/my_robot_interfaces/include/my_robot_interfaces/srv/detail
[22.323s] -- Up-to-date: /home/ubuntu/ros2_ws/install/my_robot_interfaces/include/my_robot_interfaces/srv/detail/compute_rectangle_area__rosidl_typesupport_introspection_c.h
[22.324s] -- Up-to-date: /home/ubuntu/ros2_ws/install/my_robot_interfaces/include/my_robot_interfaces/srv/detail/set_led__rosidl_typesupport_introspection_c.h
[22.324s] -- Up-to-date: /home/ubuntu/ros2_ws/install/my_robot_interfaces/include/my_robot_interfaces/srv/detail/catch_turtle__rosidl_typesupport_introspection_c.h
[22.325s] -- Up-to-date: /home/ubuntu/ros2_ws/install/my_robot_interfaces/include/my_robot_interfaces/srv/detail/catch_turtle__type_support.c
[22.326s] -- Up-to-date: /home/ubuntu/ros2_ws/install/my_robot_interfaces/include/my_robot_interfaces/srv/detail/compute_rectangle_area__type_support.c
[22.327s] -- Up-to-date: /home/ubuntu/ros2_ws/install/my_robot_interfaces/include/my_robot_interfaces/srv/detail/set_led__type_support.c
[22.329s] -- Up-to-date: /home/ubuntu/ros2_ws/install/my_robot_interfaces/lib/libmy_robot_interfaces__rosidl_typesupport_introspection_c.so
[22.333s] -- Up-to-date: /home/ubuntu/ros2_ws/install/my_robot_interfaces/include/my_robot_interfaces
[22.334s] -- Up-to-date: /home/ubuntu/ros2_ws/install/my_robot_interfaces/include/my_robot_interfaces/msg
[22.336s] -- Up-to-date: /home/ubuntu/ros2_ws/install/my_robot_interfaces/include/my_robot_interfaces/msg/rosidl_typesupport_fastrtps_c__visibility_control.h
[22.340s] -- Up-to-date: /home/ubuntu/ros2_ws/install/my_robot_interfaces/include/my_robot_interfaces/msg/detail
[22.341s] -- Up-to-date: /home/ubuntu/ros2_ws/install/my_robot_interfaces/include/my_robot_interfaces/msg/detail/hardware_status__rosidl_typesupport_fastrtps_c.h
[22.344s] -- Up-to-date: /home/ubuntu/ros2_ws/install/my_robot_interfaces/include/my_robot_interfaces/msg/detail/led_state_array__rosidl_typesupport_fastrtps_c.h
[22.346s] -- Up-to-date: /home/ubuntu/ros2_ws/install/my_robot_interfaces/include/my_robot_interfaces/msg/detail/turtle_array__rosidl_typesupport_fastrtps_c.h
[22.349s] -- Up-to-date: /home/ubuntu/ros2_ws/install/my_robot_interfaces/include/my_robot_interfaces/msg/detail/turtle__rosidl_typesupport_fastrtps_c.h
[22.350s] -- Up-to-date: /home/ubuntu/ros2_ws/install/my_robot_interfaces/include/my_robot_interfaces/srv
[22.352s] -- Up-to-date: /home/ubuntu/ros2_ws/install/my_robot_interfaces/include/my_robot_interfaces/srv/detail
[22.354s] -- Up-to-date: /home/ubuntu/ros2_ws/install/my_robot_interfaces/include/my_robot_interfaces/srv/detail/catch_turtle__rosidl_typesupport_fastrtps_c.h
[22.355s] -- Up-to-date: /home/ubuntu/ros2_ws/install/my_robot_interfaces/include/my_robot_interfaces/srv/detail/set_led__rosidl_typesupport_fastrtps_c.h
[22.355s] -- Up-to-date: /home/ubuntu/ros2_ws/install/my_robot_interfaces/include/my_robot_interfaces/srv/detail/compute_rectangle_area__rosidl_typesupport_fastrtps_c.h
[22.356s] -- Up-to-date: /home/ubuntu/ros2_ws/install/my_robot_interfaces/lib/libmy_robot_interfaces__rosidl_typesupport_fastrtps_c.so
[22.360s] -- Up-to-date: /home/ubuntu/ros2_ws/install/my_robot_interfaces/include/my_robot_interfaces
[22.361s] -- Up-to-date: /home/ubuntu/ros2_ws/install/my_robot_interfaces/include/my_robot_interfaces/msg
[22.362s] -- Up-to-date: /home/ubuntu/ros2_ws/install/my_robot_interfaces/include/my_robot_interfaces/msg/rosidl_typesupport_fastrtps_cpp__visibility_control.h
[22.363s] -- Up-to-date: /home/ubuntu/ros2_ws/install/my_robot_interfaces/include/my_robot_interfaces/msg/detail
[22.363s] -- Up-to-date: /home/ubuntu/ros2_ws/install/my_robot_interfaces/include/my_robot_interfaces/msg/detail/led_state_array__rosidl_typesupport_fastrtps_cpp.hpp
[22.372s] -- Up-to-date: /home/ubuntu/ros2_ws/install/my_robot_interfaces/include/my_robot_interfaces/msg/detail/dds_fastrtps
[22.374s] -- Up-to-date: /home/ubuntu/ros2_ws/install/my_robot_interfaces/include/my_robot_interfaces/msg/detail/turtle__rosidl_typesupport_fastrtps_cpp.hpp
[22.374s] -- Up-to-date: /home/ubuntu/ros2_ws/install/my_robot_interfaces/include/my_robot_interfaces/msg/detail/hardware_status__rosidl_typesupport_fastrtps_cpp.hpp
[22.375s] -- Up-to-date: /home/ubuntu/ros2_ws/install/my_robot_interfaces/include/my_robot_interfaces/msg/detail/turtle_array__rosidl_typesupport_fastrtps_cpp.hpp
[22.376s] -- Up-to-date: /home/ubuntu/ros2_ws/install/my_robot_interfaces/include/my_robot_interfaces/srv
[22.376s] -- Up-to-date: /home/ubuntu/ros2_ws/install/my_robot_interfaces/include/my_robot_interfaces/srv/detail
[22.377s] -- Up-to-date: /home/ubuntu/ros2_ws/install/my_robot_interfaces/include/my_robot_interfaces/srv/detail/dds_fastrtps
[22.377s] -- Up-to-date: /home/ubuntu/ros2_ws/install/my_robot_interfaces/include/my_robot_interfaces/srv/detail/catch_turtle__rosidl_typesupport_fastrtps_cpp.hpp
[22.377s] -- Up-to-date: /home/ubuntu/ros2_ws/install/my_robot_interfaces/include/my_robot_interfaces/srv/detail/set_led__rosidl_typesupport_fastrtps_cpp.hpp
[22.378s] -- Up-to-date: /home/ubuntu/ros2_ws/install/my_robot_interfaces/include/my_robot_interfaces/srv/detail/compute_rectangle_area__rosidl_typesupport_fastrtps_cpp.hpp
[22.378s] -- Up-to-date: /home/ubuntu/ros2_ws/install/my_robot_interfaces/lib/libmy_robot_interfaces__rosidl_typesupport_fastrtps_cpp.so
[22.387s] -- Up-to-date: /home/ubuntu/ros2_ws/install/my_robot_interfaces/lib/libmy_robot_interfaces__rosidl_typesupport_c.so
[22.388s] -- Up-to-date: /home/ubuntu/ros2_ws/install/my_robot_interfaces/include/my_robot_interfaces
[22.390s] -- Up-to-date: /home/ubuntu/ros2_ws/install/my_robot_interfaces/include/my_robot_interfaces/msg
[22.391s] -- Up-to-date: /home/ubuntu/ros2_ws/install/my_robot_interfaces/include/my_robot_interfaces/msg/turtle_array.hpp
[22.393s] -- Up-to-date: /home/ubuntu/ros2_ws/install/my_robot_interfaces/include/my_robot_interfaces/msg/detail
[22.395s] -- Up-to-date: /home/ubuntu/ros2_ws/install/my_robot_interfaces/include/my_robot_interfaces/msg/detail/hardware_status__builder.hpp
[22.395s] -- Up-to-date: /home/ubuntu/ros2_ws/install/my_robot_interfaces/include/my_robot_interfaces/msg/detail/hardware_status__struct.hpp
[22.407s] -- Up-to-date: /home/ubuntu/ros2_ws/install/my_robot_interfaces/include/my_robot_interfaces/msg/detail/led_state_array__traits.hpp
[22.408s] -- Up-to-date: /home/ubuntu/ros2_ws/install/my_robot_interfaces/include/my_robot_interfaces/msg/detail/turtle__traits.hpp
[22.409s] -- Up-to-date: /home/ubuntu/ros2_ws/install/my_robot_interfaces/include/my_robot_interfaces/msg/detail/turtle_array__traits.hpp
[22.410s] -- Up-to-date: /home/ubuntu/ros2_ws/install/my_robot_interfaces/include/my_robot_interfaces/msg/detail/turtle__struct.hpp
[22.412s] -- Up-to-date: /home/ubuntu/ros2_ws/install/my_robot_interfaces/include/my_robot_interfaces/msg/detail/turtle__builder.hpp
[22.413s] -- Up-to-date: /home/ubuntu/ros2_ws/install/my_robot_interfaces/include/my_robot_interfaces/msg/detail/hardware_status__traits.hpp
[22.413s] -- Up-to-date: /home/ubuntu/ros2_ws/install/my_robot_interfaces/include/my_robot_interfaces/msg/detail/turtle_array__builder.hpp
[22.414s] -- Up-to-date: /home/ubuntu/ros2_ws/install/my_robot_interfaces/include/my_robot_interfaces/msg/detail/hardware_status__type_support.hpp
[22.427s] -- Up-to-date: /home/ubuntu/ros2_ws/install/my_robot_interfaces/include/my_robot_interfaces/msg/detail/led_state_array__builder.hpp
[22.428s] -- Up-to-date: /home/ubuntu/ros2_ws/install/my_robot_interfaces/include/my_robot_interfaces/msg/detail/led_state_array__struct.hpp
[22.429s] -- Up-to-date: /home/ubuntu/ros2_ws/install/my_robot_interfaces/include/my_robot_interfaces/msg/detail/led_state_array__type_support.hpp
[22.429s] -- Up-to-date: /home/ubuntu/ros2_ws/install/my_robot_interfaces/include/my_robot_interfaces/msg/detail/turtle_array__struct.hpp
[22.431s] -- Up-to-date: /home/ubuntu/ros2_ws/install/my_robot_interfaces/include/my_robot_interfaces/msg/detail/turtle_array__type_support.hpp
[22.431s] -- Up-to-date: /home/ubuntu/ros2_ws/install/my_robot_interfaces/include/my_robot_interfaces/msg/detail/turtle__type_support.hpp
[22.432s] -- Up-to-date: /home/ubuntu/ros2_ws/install/my_robot_interfaces/include/my_robot_interfaces/msg/turtle.hpp
[22.433s] -- Up-to-date: /home/ubuntu/ros2_ws/install/my_robot_interfaces/include/my_robot_interfaces/msg/hardware_status.hpp
[22.433s] -- Up-to-date: /home/ubuntu/ros2_ws/install/my_robot_interfaces/include/my_robot_interfaces/msg/rosidl_generator_cpp__visibility_control.hpp
[22.434s] -- Up-to-date: /home/ubuntu/ros2_ws/install/my_robot_interfaces/include/my_robot_interfaces/msg/led_state_array.hpp
[22.435s] -- Up-to-date: /home/ubuntu/ros2_ws/install/my_robot_interfaces/include/my_robot_interfaces/srv
[22.436s] -- Up-to-date: /home/ubuntu/ros2_ws/install/my_robot_interfaces/include/my_robot_interfaces/srv/set_led.hpp
[22.436s] -- Up-to-date: /home/ubuntu/ros2_ws/install/my_robot_interfaces/include/my_robot_interfaces/srv/detail
[22.437s] -- Up-to-date: /home/ubuntu/ros2_ws/install/my_robot_interfaces/include/my_robot_interfaces/srv/detail/set_led__struct.hpp
[22.439s] -- Up-to-date: /home/ubuntu/ros2_ws/install/my_robot_interfaces/include/my_robot_interfaces/srv/detail/set_led__type_support.hpp
[22.440s] -- Up-to-date: /home/ubuntu/ros2_ws/install/my_robot_interfaces/include/my_robot_interfaces/srv/detail/compute_rectangle_area__type_support.hpp
[22.441s] -- Up-to-date: /home/ubuntu/ros2_ws/install/my_robot_interfaces/include/my_robot_interfaces/srv/detail/catch_turtle__struct.hpp
[22.442s] -- Up-to-date: /home/ubuntu/ros2_ws/install/my_robot_interfaces/include/my_robot_interfaces/srv/detail/set_led__builder.hpp
[22.443s] -- Up-to-date: /home/ubuntu/ros2_ws/install/my_robot_interfaces/include/my_robot_interfaces/srv/detail/compute_rectangle_area__traits.hpp
[22.444s] -- Up-to-date: /home/ubuntu/ros2_ws/install/my_robot_interfaces/include/my_robot_interfaces/srv/detail/compute_rectangle_area__builder.hpp
[22.445s] -- Up-to-date: /home/ubuntu/ros2_ws/install/my_robot_interfaces/include/my_robot_interfaces/srv/detail/compute_rectangle_area__struct.hpp
[22.446s] -- Up-to-date: /home/ubuntu/ros2_ws/install/my_robot_interfaces/include/my_robot_interfaces/srv/detail/set_led__traits.hpp
[22.446s] -- Up-to-date: /home/ubuntu/ros2_ws/install/my_robot_interfaces/include/my_robot_interfaces/srv/detail/catch_turtle__traits.hpp
[22.447s] -- Up-to-date: /home/ubuntu/ros2_ws/install/my_robot_interfaces/include/my_robot_interfaces/srv/detail/catch_turtle__builder.hpp
[22.447s] -- Up-to-date: /home/ubuntu/ros2_ws/install/my_robot_interfaces/include/my_robot_interfaces/srv/detail/catch_turtle__type_support.hpp
[22.448s] -- Up-to-date: /home/ubuntu/ros2_ws/install/my_robot_interfaces/include/my_robot_interfaces/srv/compute_rectangle_area.hpp
[22.449s] -- Up-to-date: /home/ubuntu/ros2_ws/install/my_robot_interfaces/include/my_robot_interfaces/srv/catch_turtle.hpp
[22.449s] -- Up-to-date: /home/ubuntu/ros2_ws/install/my_robot_interfaces/include/my_robot_interfaces
[22.450s] -- Up-to-date: /home/ubuntu/ros2_ws/install/my_robot_interfaces/include/my_robot_interfaces/msg
[22.451s] -- Up-to-date: /home/ubuntu/ros2_ws/install/my_robot_interfaces/include/my_robot_interfaces/msg/detail
[22.452s] -- Up-to-date: /home/ubuntu/ros2_ws/install/my_robot_interfaces/include/my_robot_interfaces/msg/detail/led_state_array__rosidl_typesupport_introspection_cpp.hpp
[22.453s] -- Up-to-date: /home/ubuntu/ros2_ws/install/my_robot_interfaces/include/my_robot_interfaces/msg/detail/turtle_array__type_support.cpp
[22.455s] -- Up-to-date: /home/ubuntu/ros2_ws/install/my_robot_interfaces/include/my_robot_interfaces/msg/detail/hardware_status__type_support.cpp
[22.456s] -- Up-to-date: /home/ubuntu/ros2_ws/install/my_robot_interfaces/include/my_robot_interfaces/msg/detail/turtle__type_support.cpp
[22.457s] -- Up-to-date: /home/ubuntu/ros2_ws/install/my_robot_interfaces/include/my_robot_interfaces/msg/detail/turtle_array__rosidl_typesupport_introspection_cpp.hpp
[22.457s] -- Up-to-date: /home/ubuntu/ros2_ws/install/my_robot_interfaces/include/my_robot_interfaces/msg/detail/hardware_status__rosidl_typesupport_introspection_cpp.hpp
[22.458s] -- Up-to-date: /home/ubuntu/ros2_ws/install/my_robot_interfaces/include/my_robot_interfaces/msg/detail/led_state_array__type_support.cpp
[22.458s] -- Up-to-date: /home/ubuntu/ros2_ws/install/my_robot_interfaces/include/my_robot_interfaces/msg/detail/turtle__rosidl_typesupport_introspection_cpp.hpp
[22.459s] -- Up-to-date: /home/ubuntu/ros2_ws/install/my_robot_interfaces/include/my_robot_interfaces/srv
[22.459s] -- Up-to-date: /home/ubuntu/ros2_ws/install/my_robot_interfaces/include/my_robot_interfaces/srv/detail
[22.460s] -- Up-to-date: /home/ubuntu/ros2_ws/install/my_robot_interfaces/include/my_robot_interfaces/srv/detail/set_led__type_support.cpp
[22.460s] -- Up-to-date: /home/ubuntu/ros2_ws/install/my_robot_interfaces/include/my_robot_interfaces/srv/detail/compute_rectangle_area__rosidl_typesupport_introspection_cpp.hpp
[22.461s] -- Up-to-date: /home/ubuntu/ros2_ws/install/my_robot_interfaces/include/my_robot_interfaces/srv/detail/compute_rectangle_area__type_support.cpp
[22.461s] -- Up-to-date: /home/ubuntu/ros2_ws/install/my_robot_interfaces/include/my_robot_interfaces/srv/detail/set_led__rosidl_typesupport_introspection_cpp.hpp
[22.462s] -- Up-to-date: /home/ubuntu/ros2_ws/install/my_robot_interfaces/include/my_robot_interfaces/srv/detail/catch_turtle__rosidl_typesupport_introspection_cpp.hpp
[22.463s] -- Up-to-date: /home/ubuntu/ros2_ws/install/my_robot_interfaces/include/my_robot_interfaces/srv/detail/catch_turtle__type_support.cpp
[22.464s] -- Up-to-date: /home/ubuntu/ros2_ws/install/my_robot_interfaces/lib/libmy_robot_interfaces__rosidl_typesupport_introspection_cpp.so
[22.464s] -- Up-to-date: /home/ubuntu/ros2_ws/install/my_robot_interfaces/lib/libmy_robot_interfaces__rosidl_typesupport_cpp.so
[22.465s] -- Up-to-date: /home/ubuntu/ros2_ws/install/my_robot_interfaces/share/my_robot_interfaces/environment/pythonpath.sh
[22.465s] -- Up-to-date: /home/ubuntu/ros2_ws/install/my_robot_interfaces/share/my_robot_interfaces/environment/pythonpath.dsv
[22.466s] -- Up-to-date: /home/ubuntu/ros2_ws/install/my_robot_interfaces/lib/python3.8/site-packages/my_robot_interfaces/__init__.py
[25.565s] -- Up-to-date: /home/ubuntu/ros2_ws/install/my_robot_interfaces/lib/python3.8/site-packages/my_robot_interfaces/msg
[25.571s] -- Up-to-date: /home/ubuntu/ros2_ws/install/my_robot_interfaces/lib/python3.8/site-packages/my_robot_interfaces/msg/_turtle_array.py
[25.572s] -- Up-to-date: /home/ubuntu/ros2_ws/install/my_robot_interfaces/lib/python3.8/site-packages/my_robot_interfaces/msg/_hardware_status_s.c
[25.574s] -- Up-to-date: /home/ubuntu/ros2_ws/install/my_robot_interfaces/lib/python3.8/site-packages/my_robot_interfaces/msg/_turtle.py
[25.574s] -- Up-to-date: /home/ubuntu/ros2_ws/install/my_robot_interfaces/lib/python3.8/site-packages/my_robot_interfaces/msg/_hardware_status.py
[25.575s] -- Up-to-date: /home/ubuntu/ros2_ws/install/my_robot_interfaces/lib/python3.8/site-packages/my_robot_interfaces/msg/_led_state_array.py
[25.576s] -- Up-to-date: /home/ubuntu/ros2_ws/install/my_robot_interfaces/lib/python3.8/site-packages/my_robot_interfaces/msg/_turtle_array_s.c
[25.577s] -- Up-to-date: /home/ubuntu/ros2_ws/install/my_robot_interfaces/lib/python3.8/site-packages/my_robot_interfaces/msg/_led_state_array_s.c
[25.578s] -- Up-to-date: /home/ubuntu/ros2_ws/install/my_robot_interfaces/lib/python3.8/site-packages/my_robot_interfaces/msg/__init__.py
[25.579s] -- Up-to-date: /home/ubuntu/ros2_ws/install/my_robot_interfaces/lib/python3.8/site-packages/my_robot_interfaces/msg/_turtle_s.c
[25.581s] -- Up-to-date: /home/ubuntu/ros2_ws/install/my_robot_interfaces/lib/python3.8/site-packages/my_robot_interfaces/srv
[25.582s] -- Up-to-date: /home/ubuntu/ros2_ws/install/my_robot_interfaces/lib/python3.8/site-packages/my_robot_interfaces/srv/_catch_turtle_s.c
[25.586s] -- Up-to-date: /home/ubuntu/ros2_ws/install/my_robot_interfaces/lib/python3.8/site-packages/my_robot_interfaces/srv/_compute_rectangle_area_s.c
[25.588s] -- Up-to-date: /home/ubuntu/ros2_ws/install/my_robot_interfaces/lib/python3.8/site-packages/my_robot_interfaces/srv/_set_led_s.c
[25.593s] -- Up-to-date: /home/ubuntu/ros2_ws/install/my_robot_interfaces/lib/python3.8/site-packages/my_robot_interfaces/srv/_compute_rectangle_area.py
[25.595s] -- Up-to-date: /home/ubuntu/ros2_ws/install/my_robot_interfaces/lib/python3.8/site-packages/my_robot_interfaces/srv/_catch_turtle.py
[25.596s] -- Up-to-date: /home/ubuntu/ros2_ws/install/my_robot_interfaces/lib/python3.8/site-packages/my_robot_interfaces/srv/__init__.py
[25.598s] -- Up-to-date: /home/ubuntu/ros2_ws/install/my_robot_interfaces/lib/python3.8/site-packages/my_robot_interfaces/srv/_set_led.py
[25.599s] -- Up-to-date: /home/ubuntu/ros2_ws/install/my_robot_interfaces/lib/python3.8/site-packages/my_robot_interfaces/my_robot_interfaces_s__rosidl_typesupport_introspection_c.cpython-38-aarch64-linux-gnu.so
[25.600s] -- Up-to-date: /home/ubuntu/ros2_ws/install/my_robot_interfaces/lib/python3.8/site-packages/my_robot_interfaces/my_robot_interfaces_s__rosidl_typesupport_fastrtps_c.cpython-38-aarch64-linux-gnu.so
[25.603s] -- Up-to-date: /home/ubuntu/ros2_ws/install/my_robot_interfaces/lib/python3.8/site-packages/my_robot_interfaces/my_robot_interfaces_s__rosidl_typesupport_c.cpython-38-aarch64-linux-gnu.so
[25.604s] -- Up-to-date: /home/ubuntu/ros2_ws/install/my_robot_interfaces/lib/libmy_robot_interfaces__python.so
[25.606s] -- Up-to-date: /home/ubuntu/ros2_ws/install/my_robot_interfaces/share/my_robot_interfaces/msg/HardwareStatus.idl
[25.607s] -- Up-to-date: /home/ubuntu/ros2_ws/install/my_robot_interfaces/share/my_robot_interfaces/msg/LedStateArray.idl
[25.608s] -- Up-to-date: /home/ubuntu/ros2_ws/install/my_robot_interfaces/share/my_robot_interfaces/msg/Turtle.idl
[25.609s] -- Up-to-date: /home/ubuntu/ros2_ws/install/my_robot_interfaces/share/my_robot_interfaces/msg/TurtleArray.idl
[25.610s] -- Up-to-date: /home/ubuntu/ros2_ws/install/my_robot_interfaces/share/my_robot_interfaces/srv/ComputeRectangleArea.idl
[25.611s] -- Up-to-date: /home/ubuntu/ros2_ws/install/my_robot_interfaces/share/my_robot_interfaces/srv/SetLed.idl
[25.612s] -- Up-to-date: /home/ubuntu/ros2_ws/install/my_robot_interfaces/share/my_robot_interfaces/srv/CatchTurtle.idl
[25.613s] -- Up-to-date: /home/ubuntu/ros2_ws/install/my_robot_interfaces/share/my_robot_interfaces/msg/HardwareStatus.msg
[25.614s] -- Up-to-date: /home/ubuntu/ros2_ws/install/my_robot_interfaces/share/my_robot_interfaces/msg/LedStateArray.msg
[25.614s] -- Up-to-date: /home/ubuntu/ros2_ws/install/my_robot_interfaces/share/my_robot_interfaces/msg/Turtle.msg
[25.615s] -- Up-to-date: /home/ubuntu/ros2_ws/install/my_robot_interfaces/share/my_robot_interfaces/msg/TurtleArray.msg
[25.616s] -- Up-to-date: /home/ubuntu/ros2_ws/install/my_robot_interfaces/share/my_robot_interfaces/srv/ComputeRectangleArea.srv
[25.617s] -- Up-to-date: /home/ubuntu/ros2_ws/install/my_robot_interfaces/share/my_robot_interfaces/srv/ComputeRectangleArea_Request.msg
[25.618s] -- Up-to-date: /home/ubuntu/ros2_ws/install/my_robot_interfaces/share/my_robot_interfaces/srv/ComputeRectangleArea_Response.msg
[25.619s] -- Up-to-date: /home/ubuntu/ros2_ws/install/my_robot_interfaces/share/my_robot_interfaces/srv/SetLed.srv
[25.621s] -- Up-to-date: /home/ubuntu/ros2_ws/install/my_robot_interfaces/share/my_robot_interfaces/srv/SetLed_Request.msg
[25.622s] -- Up-to-date: /home/ubuntu/ros2_ws/install/my_robot_interfaces/share/my_robot_interfaces/srv/SetLed_Response.msg
[25.623s] -- Up-to-date: /home/ubuntu/ros2_ws/install/my_robot_interfaces/share/my_robot_interfaces/srv/CatchTurtle.srv
[25.624s] -- Up-to-date: /home/ubuntu/ros2_ws/install/my_robot_interfaces/share/my_robot_interfaces/srv/CatchTurtle_Request.msg
[25.625s] -- Up-to-date: /home/ubuntu/ros2_ws/install/my_robot_interfaces/share/my_robot_interfaces/srv/CatchTurtle_Response.msg
[25.627s] -- Up-to-date: /home/ubuntu/ros2_ws/install/my_robot_interfaces/share/ament_index/resource_index/package_run_dependencies/my_robot_interfaces
[25.627s] -- Up-to-date: /home/ubuntu/ros2_ws/install/my_robot_interfaces/share/ament_index/resource_index/parent_prefix_path/my_robot_interfaces
[25.628s] -- Up-to-date: /home/ubuntu/ros2_ws/install/my_robot_interfaces/share/my_robot_interfaces/environment/ament_prefix_path.dsv
[25.628s] -- Up-to-date: /home/ubuntu/ros2_ws/install/my_robot_interfaces/share/my_robot_interfaces/environment/path.dsv
[25.629s] -- Up-to-date: /home/ubuntu/ros2_ws/install/my_robot_interfaces/share/my_robot_interfaces/local_setup.bash
[25.629s] -- Up-to-date: /home/ubuntu/ros2_ws/install/my_robot_interfaces/share/my_robot_interfaces/local_setup.sh
[25.630s] -- Up-to-date: /home/ubuntu/ros2_ws/install/my_robot_interfaces/share/my_robot_interfaces/local_setup.zsh
[25.630s] -- Up-to-date: /home/ubuntu/ros2_ws/install/my_robot_interfaces/share/my_robot_interfaces/local_setup.dsv
[25.631s] -- Installing: /home/ubuntu/ros2_ws/install/my_robot_interfaces/share/my_robot_interfaces/package.dsv
[25.631s] -- Up-to-date: /home/ubuntu/ros2_ws/install/my_robot_interfaces/share/ament_index/resource_index/packages/my_robot_interfaces
[25.632s] -- Up-to-date: /home/ubuntu/ros2_ws/install/my_robot_interfaces/share/my_robot_interfaces/cmake/my_robot_interfaces__rosidl_generator_cExport.cmake
[25.632s] -- Up-to-date: /home/ubuntu/ros2_ws/install/my_robot_interfaces/share/my_robot_interfaces/cmake/my_robot_interfaces__rosidl_generator_cExport-noconfig.cmake
[25.634s] -- Up-to-date: /home/ubuntu/ros2_ws/install/my_robot_interfaces/share/my_robot_interfaces/cmake/my_robot_interfaces__rosidl_typesupport_introspection_cExport.cmake
[25.636s] -- Up-to-date: /home/ubuntu/ros2_ws/install/my_robot_interfaces/share/my_robot_interfaces/cmake/my_robot_interfaces__rosidl_typesupport_introspection_cExport-noconfig.cmake
[25.644s] -- Up-to-date: /home/ubuntu/ros2_ws/install/my_robot_interfaces/share/my_robot_interfaces/cmake/my_robot_interfaces__rosidl_typesupport_cExport.cmake
[25.647s] -- Up-to-date: /home/ubuntu/ros2_ws/install/my_robot_interfaces/share/my_robot_interfaces/cmake/my_robot_interfaces__rosidl_typesupport_cExport-noconfig.cmake
[25.650s] -- Up-to-date: /home/ubuntu/ros2_ws/install/my_robot_interfaces/share/my_robot_interfaces/cmake/my_robot_interfaces__rosidl_generator_cppExport.cmake
[25.652s] -- Up-to-date: /home/ubuntu/ros2_ws/install/my_robot_interfaces/share/my_robot_interfaces/cmake/my_robot_interfaces__rosidl_typesupport_introspection_cppExport.cmake
[25.665s] -- Up-to-date: /home/ubuntu/ros2_ws/install/my_robot_interfaces/share/my_robot_interfaces/cmake/my_robot_interfaces__rosidl_typesupport_introspection_cppExport-noconfig.cmake
[25.669s] -- Up-to-date: /home/ubuntu/ros2_ws/install/my_robot_interfaces/share/my_robot_interfaces/cmake/my_robot_interfaces__rosidl_typesupport_cppExport.cmake
[25.672s] -- Up-to-date: /home/ubuntu/ros2_ws/install/my_robot_interfaces/share/my_robot_interfaces/cmake/my_robot_interfaces__rosidl_typesupport_cppExport-noconfig.cmake
[25.676s] -- Up-to-date: /home/ubuntu/ros2_ws/install/my_robot_interfaces/share/my_robot_interfaces/cmake/rosidl_cmake-extras.cmake
[25.678s] -- Up-to-date: /home/ubuntu/ros2_ws/install/my_robot_interfaces/share/my_robot_interfaces/cmake/ament_cmake_export_dependencies-extras.cmake
[25.681s] -- Up-to-date: /home/ubuntu/ros2_ws/install/my_robot_interfaces/share/my_robot_interfaces/cmake/ament_cmake_export_libraries-extras.cmake
[25.684s] -- Up-to-date: /home/ubuntu/ros2_ws/install/my_robot_interfaces/share/my_robot_interfaces/cmake/ament_cmake_export_targets-extras.cmake
[25.686s] -- Up-to-date: /home/ubuntu/ros2_ws/install/my_robot_interfaces/share/my_robot_interfaces/cmake/ament_cmake_export_include_directories-extras.cmake
[25.689s] -- Up-to-date: /home/ubuntu/ros2_ws/install/my_robot_interfaces/share/my_robot_interfaces/cmake/rosidl_cmake_export_typesupport_targets-extras.cmake
[25.691s] -- Up-to-date: /home/ubuntu/ros2_ws/install/my_robot_interfaces/share/my_robot_interfaces/cmake/rosidl_cmake_export_typesupport_libraries-extras.cmake
[25.699s] -- Up-to-date: /home/ubuntu/ros2_ws/install/my_robot_interfaces/share/my_robot_interfaces/cmake/my_robot_interfacesConfig.cmake
[25.700s] -- Up-to-date: /home/ubuntu/ros2_ws/install/my_robot_interfaces/share/my_robot_interfaces/cmake/my_robot_interfacesConfig-version.cmake
[25.701s] -- Up-to-date: /home/ubuntu/ros2_ws/install/my_robot_interfaces/share/my_robot_interfaces/package.xml
[25.704s] Invoked command in '/home/ubuntu/ros2_ws/build/my_robot_interfaces' returned '0': CMAKE_PREFIX_PATH=${CMAKE_PREFIX_PATH}:/home/ubuntu/ros2_ws/install/py_pubsub:/home/ubuntu/ros2_foxy/install/ros2bag:/home/ubuntu/ros2_foxy/install/tracetools_launch:/home/ubuntu/ros2_foxy/install/topic_monitor:/home/ubuntu/ros2_foxy/install/examples_tf2_py:/home/ubuntu/ros2_foxy/install/sros2:/home/ubuntu/ros2_foxy/install/rqt_topic:/home/ubuntu/ros2_foxy/install/rqt_top:/home/ubuntu/ros2_foxy/install/rqt_srv:/home/ubuntu/ros2_foxy/install/rqt_shell:/home/ubuntu/ros2_foxy/install/rqt_service_caller:/home/ubuntu/ros2_foxy/install/rqt_reconfigure:/home/ubuntu/ros2_foxy/install/rqt_py_console:/home/ubuntu/ros2_foxy/install/rqt_publisher:/home/ubuntu/ros2_foxy/install/rqt_plot:/home/ubuntu/ros2_foxy/install/rqt_action:/home/ubuntu/ros2_foxy/install/rqt_msg:/home/ubuntu/ros2_foxy/install/rqt_console:/home/ubuntu/ros2_foxy/install/rqt:/home/ubuntu/ros2_foxy/install/rqt_graph:/home/ubuntu/ros2_foxy/install/rqt_gui_py:/home/ubuntu/ros2_foxy/install/rqt_gui:/home/ubuntu/ros2_foxy/install/ros2trace:/home/ubuntu/ros2_foxy/install/ros2topic:/home/ubuntu/ros2_foxy/install/ros2test:/home/ubuntu/ros2_foxy/install/ros2component:/home/ubuntu/ros2_foxy/install/ros2param:/home/ubuntu/ros2_foxy/install/ros2lifecycle:/home/ubuntu/ros2_foxy/install/ros2service:/home/ubuntu/ros2_foxy/install/ros2run:/home/ubuntu/ros2_foxy/install/ros2launch:/home/ubuntu/ros2_foxy/install/ros2pkg:/home/ubuntu/ros2_foxy/install/ros2node:/home/ubuntu/ros2_foxy/install/ros2multicast:/home/ubuntu/ros2_foxy/install/ros2interface:/home/ubuntu/ros2_foxy/install/ros2doctor:/home/ubuntu/ros2_foxy/install/ros2action:/home/ubuntu/ros2_foxy/install/ros2cli:/home/ubuntu/ros2_foxy/install/quality_of_service_demo_py:/home/ubuntu/ros2_foxy/install/launch_testing_ros:/home/ubuntu/ros2_foxy/install/launch_ros:/home/ubuntu/ros2_foxy/install/examples_rclpy_minimal_subscriber:/home/ubuntu/ros2_foxy/install/examples_rclpy_minimal_service:/home/ubuntu/ros2_foxy/install/examples_rclpy_minimal_publisher:/home/ubuntu/ros2_foxy/install/examples_rclpy_minimal_client:/home/ubuntu/ros2_foxy/install/examples_rclpy_minimal_action_server:/home/ubuntu/ros2_foxy/install/examples_rclpy_minimal_action_client:/home/ubuntu/ros2_foxy/install/examples_rclpy_executors:/home/ubuntu/ros2_foxy/install/demo_nodes_py:/home/ubuntu/ros2_foxy/install/action_tutorials_py:/home/ubuntu/ros2_foxy/install/ament_uncrustify:/home/ubuntu/ros2_foxy/install/tracetools_trace:/home/ubuntu/ros2_foxy/install/tracetools_read:/home/ubuntu/ros2_foxy/install/test_launch_ros:/home/ubuntu/ros2_foxy/install/sensor_msgs_py:/home/ubuntu/ros2_foxy/install/rpyutils:/home/ubuntu/ros2_foxy/install/rosidl_runtime_py:/home/ubuntu/ros2_foxy/install/launch_yaml:/home/ubuntu/ros2_foxy/install/launch_xml:/home/ubuntu/ros2_foxy/install/launch_testing:/home/ubuntu/ros2_foxy/install/launch:/home/ubuntu/ros2_foxy/install/osrf_pycommon:/home/ubuntu/ros2_foxy/install/domain_coordinator:/home/ubuntu/ros2_foxy/install/ament_xmllint:/home/ubuntu/ros2_foxy/install/ament_pyflakes:/home/ubuntu/ros2_foxy/install/ament_pycodestyle:/home/ubuntu/ros2_foxy/install/ament_pep257:/home/ubuntu/ros2_foxy/install/ament_pclint:/home/ubuntu/ros2_foxy/install/ament_package:/home/ubuntu/ros2_foxy/install/ament_mypy:/home/ubuntu/ros2_foxy/install/ament_lint_cmake:/home/ubuntu/ros2_foxy/install/ament_flake8:/home/ubuntu/ros2_foxy/install/ament_copyright:/home/ubuntu/ros2_foxy/install/ament_lint:/home/ubuntu/ros2_foxy/install/ament_index_python:/home/ubuntu/ros2_foxy/install/ament_cpplint:/home/ubuntu/ros2_foxy/install/ament_cppcheck:/home/ubuntu/ros2_foxy/install/ament_clang_tidy:/home/ubuntu/ros2_foxy/install/ament_clang_format /usr/bin/cmake --install /home/ubuntu/ros2_ws/build/my_robot_interfaces
